EVRP-TW solving pipeline
  status=solved
  instance=c101_21
  source=E:\WorkSpace\FURP-2026-Ziru-Huang-EVRP-TW\src\data\evrptw_instances\c101_21.txt
  vehicles=12
  runtime=83.34s
  station_insertions=6
  split_count=0
Benchmark metrics:
  solver=EVRPTWRepairPipeline
  feasible=True
  total_distance=1055
  total_duration=12608
  makespan=1200
  served_customers=100
  missing_customers=0
  duplicate_customers=0
  time_window_violations=0
  capacity_violations=0
  energy_violations=0
  charging_count=6
  charging_time=613
  synchronization_violations=0
  vehicle_limit_violations=0
Solution JSON: E:\WorkSpace\FURP-2026-Ziru-Huang-EVRP-TW\src\log\week5\stability-three-groups\runs\C\100\c101_21\pyvrp_repair\seed-0001\result.json


[validator]
C-c101_21-pyvrp_repair-seed-0001: validation=valid strict_feasible=True failure=success

