VNS/TS progress phase=feasibility iteration=0 event=initial vehicles=1 feasible=False distance=295 violations=(0.0,394.0,217.2) moves=0
VNS/TS progress phase=feasibility iteration=1 event=accepted vehicles=1 feasible=False distance=371 violations=(0.0,375.0,0.2) moves=1850
VNS/TS progress phase=feasibility iteration=2 event=accepted vehicles=1 feasible=False distance=371 violations=(0.0,375.0,0.2) moves=3729
VNS/TS progress phase=feasibility iteration=3 event=accepted vehicles=1 feasible=False distance=371 violations=(0.0,375.0,0.2) moves=5694
VNS/TS progress phase=feasibility iteration=4 event=accepted vehicles=1 feasible=False distance=371 violations=(0.0,375.0,0.2) moves=8342
VNS/TS progress phase=feasibility iteration=5 event=accepted vehicles=1 feasible=False distance=371 violations=(0.0,375.0,0.2) moves=10893
VNS/TS progress phase=feasibility iteration=6 event=accepted vehicles=1 feasible=False distance=371 violations=(0.0,375.0,0.2) moves=13115
VNS/TS progress phase=feasibility iteration=7 event=accepted vehicles=1 feasible=False distance=371 violations=(0.0,375.0,0.2) moves=15277
VNS/TS progress phase=feasibility iteration=8 event=accepted vehicles=1 feasible=False distance=371 violations=(0.0,375.0,0.2) moves=17671
VNS/TS progress phase=feasibility iteration=9 event=accepted vehicles=1 feasible=False distance=371 violations=(0.0,375.0,0.2) moves=20369
VNS/TS progress phase=feasibility iteration=10 event=accepted vehicles=1 feasible=False distance=371 violations=(0.0,375.0,0.2) moves=23003
VNS/TS progress phase=feasibility iteration=11 event=accepted vehicles=1 feasible=False distance=371 violations=(0.0,375.0,0.2) moves=25405
VNS/TS progress phase=feasibility iteration=12 event=accepted vehicles=1 feasible=False distance=371 violations=(0.0,375.0,0.2) moves=27870
VNS/TS progress phase=feasibility iteration=13 event=accepted vehicles=1 feasible=False distance=371 violations=(0.0,375.0,0.2) moves=30441
VNS/TS progress phase=feasibility iteration=14 event=accepted vehicles=1 feasible=False distance=371 violations=(0.0,375.0,0.2) moves=33046
VNS/TS progress phase=feasibility iteration=15 event=accepted vehicles=1 feasible=False distance=371 violations=(0.0,375.0,0.2) moves=35543
VNS/TS progress phase=feasibility iteration=16 event=accepted vehicles=1 feasible=False distance=371 violations=(0.0,375.0,0.2) moves=37952
VNS/TS progress phase=feasibility iteration=17 event=accepted vehicles=1 feasible=False distance=371 violations=(0.0,375.0,0.2) moves=40584
VNS/TS progress phase=feasibility iteration=18 event=accepted vehicles=1 feasible=False distance=371 violations=(0.0,375.0,0.2) moves=43226
VNS/TS progress phase=feasibility iteration=19 event=accepted vehicles=1 feasible=False distance=371 violations=(0.0,375.0,0.2) moves=45702
VNS/TS progress phase=feasibility iteration=20 event=accepted vehicles=1 feasible=False distance=371 violations=(0.0,375.0,0.2) moves=48191
VNS/TS progress phase=feasibility iteration=21 event=accepted vehicles=1 feasible=False distance=371 violations=(0.0,375.0,0.2) moves=50718
VNS/TS progress phase=feasibility iteration=22 event=accepted vehicles=1 feasible=False distance=371 violations=(0.0,375.0,0.2) moves=53346
VNS/TS progress phase=feasibility iteration=23 event=accepted vehicles=1 feasible=False distance=371 violations=(0.0,375.0,0.2) moves=55859
VNS/TS progress phase=feasibility iteration=24 event=accepted vehicles=1 feasible=False distance=371 violations=(0.0,375.0,0.2) moves=58334
VNS/TS progress phase=feasibility iteration=25 event=accepted vehicles=1 feasible=False distance=371 violations=(0.0,375.0,0.2) moves=61206
VNS/TS progress phase=feasibility iteration=26 event=accepted vehicles=1 feasible=False distance=371 violations=(0.0,375.0,0.2) moves=63736
VNS/TS progress phase=feasibility iteration=27 event=accepted vehicles=1 feasible=False distance=371 violations=(0.0,375.0,0.2) moves=66477
VNS/TS progress phase=feasibility iteration=28 event=accepted vehicles=1 feasible=False distance=371 violations=(0.0,375.0,0.2) moves=68796
VNS/TS progress phase=feasibility iteration=29 event=accepted vehicles=1 feasible=False distance=371 violations=(0.0,375.0,0.2) moves=71082
VNS/TS progress phase=feasibility iteration=30 event=accepted vehicles=1 feasible=False distance=371 violations=(0.0,375.0,0.2) moves=73329
VNS/TS progress phase=feasibility iteration=31 event=accepted vehicles=1 feasible=False distance=371 violations=(0.0,375.0,0.2) moves=75878
VNS/TS progress phase=feasibility iteration=32 event=accepted vehicles=1 feasible=False distance=371 violations=(0.0,375.0,0.2) moves=78447
VNS/TS progress phase=feasibility iteration=33 event=accepted vehicles=1 feasible=False distance=371 violations=(0.0,375.0,0.2) moves=81111
VNS/TS progress phase=feasibility iteration=34 event=accepted vehicles=1 feasible=False distance=371 violations=(0.0,375.0,0.2) moves=83593
VNS/TS progress phase=feasibility iteration=35 event=accepted vehicles=1 feasible=False distance=371 violations=(0.0,375.0,0.2) moves=86075
VNS/TS progress phase=feasibility iteration=36 event=accepted vehicles=1 feasible=False distance=371 violations=(0.0,375.0,0.2) moves=88748
VNS/TS progress phase=feasibility iteration=37 event=accepted vehicles=1 feasible=False distance=371 violations=(0.0,375.0,0.2) moves=91176
VNS/TS progress phase=feasibility iteration=38 event=accepted vehicles=1 feasible=False distance=371 violations=(0.0,375.0,0.2) moves=93759
VNS/TS progress phase=feasibility iteration=39 event=accepted vehicles=1 feasible=False distance=371 violations=(0.0,375.0,0.2) moves=96101
VNS/TS progress phase=feasibility iteration=40 event=accepted vehicles=1 feasible=False distance=371 violations=(0.0,375.0,0.2) moves=98560
VNS/TS progress phase=feasibility iteration=41 event=accepted vehicles=1 feasible=False distance=371 violations=(0.0,375.0,0.2) moves=101223
VNS/TS progress phase=feasibility iteration=42 event=accepted vehicles=1 feasible=False distance=371 violations=(0.0,375.0,0.2) moves=103564
VNS/TS progress phase=feasibility iteration=43 event=accepted vehicles=1 feasible=False distance=371 violations=(0.0,375.0,0.2) moves=105797
VNS/TS progress phase=feasibility iteration=44 event=accepted vehicles=1 feasible=False distance=371 violations=(0.0,375.0,0.2) moves=108216
VNS/TS progress phase=feasibility iteration=45 event=accepted vehicles=1 feasible=False distance=371 violations=(0.0,375.0,0.2) moves=110703
VNS/TS progress phase=feasibility iteration=46 event=accepted vehicles=1 feasible=False distance=371 violations=(0.0,375.0,0.2) moves=113330
VNS/TS progress phase=feasibility iteration=47 event=accepted vehicles=1 feasible=False distance=371 violations=(0.0,375.0,0.2) moves=115903
VNS/TS progress phase=feasibility iteration=48 event=accepted vehicles=1 feasible=False distance=371 violations=(0.0,375.0,0.2) moves=118381
VNS/TS progress phase=feasibility iteration=49 event=accepted vehicles=1 feasible=False distance=371 violations=(0.0,375.0,0.2) moves=120947
VNS/TS progress phase=feasibility iteration=50 event=accepted vehicles=1 feasible=False distance=371 violations=(0.0,375.0,0.2) moves=123409
VNS/TS progress phase=feasibility iteration=51 event=accepted vehicles=1 feasible=False distance=371 violations=(0.0,375.0,0.2) moves=126100
VNS/TS progress phase=feasibility iteration=52 event=accepted vehicles=1 feasible=False distance=371 violations=(0.0,375.0,0.2) moves=128617
VNS/TS progress phase=feasibility iteration=53 event=accepted vehicles=1 feasible=False distance=371 violations=(0.0,375.0,0.2) moves=130867
VNS/TS progress phase=feasibility iteration=54 event=accepted vehicles=1 feasible=False distance=371 violations=(0.0,375.0,0.2) moves=133420
VNS/TS progress phase=feasibility iteration=55 event=accepted vehicles=1 feasible=False distance=371 violations=(0.0,375.0,0.2) moves=135933
VNS/TS progress phase=feasibility iteration=56 event=accepted vehicles=1 feasible=False distance=371 violations=(0.0,375.0,0.2) moves=138364
VNS/TS progress phase=feasibility iteration=57 event=accepted vehicles=1 feasible=False distance=371 violations=(0.0,375.0,0.2) moves=140856
VNS/TS progress phase=feasibility iteration=58 event=accepted vehicles=1 feasible=False distance=371 violations=(0.0,375.0,0.2) moves=143465
VNS/TS progress phase=feasibility iteration=59 event=accepted vehicles=1 feasible=False distance=371 violations=(0.0,375.0,0.2) moves=145877
VNS/TS progress phase=feasibility iteration=60 event=accepted vehicles=1 feasible=False distance=371 violations=(0.0,375.0,0.2) moves=148465
VNS/TS progress phase=feasibility iteration=61 event=accepted vehicles=1 feasible=False distance=371 violations=(0.0,375.0,0.2) moves=151009
VNS/TS progress phase=feasibility iteration=62 event=accepted vehicles=1 feasible=False distance=371 violations=(0.0,375.0,0.2) moves=153400
VNS/TS progress phase=feasibility iteration=63 event=accepted vehicles=1 feasible=False distance=371 violations=(0.0,375.0,0.2) moves=155920
VNS/TS progress phase=feasibility iteration=64 event=accepted vehicles=1 feasible=False distance=371 violations=(0.0,375.0,0.2) moves=158478
VNS/TS progress phase=feasibility iteration=65 event=accepted vehicles=1 feasible=False distance=371 violations=(0.0,375.0,0.2) moves=160993
VNS/TS progress phase=feasibility iteration=66 event=accepted vehicles=1 feasible=False distance=371 violations=(0.0,375.0,0.2) moves=163598
VNS/TS progress phase=feasibility iteration=67 event=accepted vehicles=1 feasible=False distance=371 violations=(0.0,375.0,0.2) moves=166093
VNS/TS progress phase=feasibility iteration=68 event=accepted vehicles=1 feasible=False distance=371 violations=(0.0,375.0,0.2) moves=168633
VNS/TS progress phase=feasibility iteration=69 event=accepted vehicles=1 feasible=False distance=371 violations=(0.0,375.0,0.2) moves=171370
VNS/TS progress phase=feasibility iteration=70 event=accepted vehicles=1 feasible=False distance=371 violations=(0.0,375.0,0.2) moves=173878
VNS/TS progress phase=feasibility iteration=71 event=accepted vehicles=1 feasible=False distance=371 violations=(0.0,375.0,0.2) moves=176348
VNS/TS progress phase=feasibility iteration=72 event=accepted vehicles=1 feasible=False distance=371 violations=(0.0,375.0,0.2) moves=178905
VNS/TS progress phase=feasibility iteration=73 event=accepted vehicles=1 feasible=False distance=371 violations=(0.0,375.0,0.2) moves=181128
VNS/TS progress phase=feasibility iteration=74 event=accepted vehicles=1 feasible=False distance=371 violations=(0.0,375.0,0.2) moves=183619
VNS/TS progress phase=feasibility iteration=75 event=accepted vehicles=1 feasible=False distance=371 violations=(0.0,375.0,0.2) moves=186527
VNS/TS progress phase=feasibility iteration=76 event=accepted vehicles=1 feasible=False distance=371 violations=(0.0,375.0,0.2) moves=188989
VNS/TS progress phase=feasibility iteration=77 event=accepted vehicles=1 feasible=False distance=371 violations=(0.0,375.0,0.2) moves=191445
VNS/TS progress phase=feasibility iteration=78 event=accepted vehicles=1 feasible=False distance=371 violations=(0.0,375.0,0.2) moves=193906
VNS/TS progress phase=feasibility iteration=79 event=accepted vehicles=1 feasible=False distance=371 violations=(0.0,375.0,0.2) moves=196411
VNS/TS progress phase=feasibility iteration=80 event=accepted vehicles=1 feasible=False distance=371 violations=(0.0,375.0,0.2) moves=199059
VNS/TS progress phase=feasibility iteration=80 event=add_vehicle vehicles=2 feasible=False distance=375 violations=(0.0,158.0,219.5) moves=199059
VNS/TS progress phase=feasibility iteration=81 event=accepted vehicles=2 feasible=False distance=387 violations=(0.0,208.0,0.2) moves=202050
VNS/TS progress phase=feasibility iteration=82 event=rejected vehicles=2 feasible=False distance=387 violations=(0.0,208.0,0.2) moves=205799
VNS/TS progress phase=feasibility iteration=83 event=rejected vehicles=2 feasible=False distance=387 violations=(0.0,208.0,0.2) moves=208640
VNS/TS progress phase=feasibility iteration=84 event=accepted vehicles=2 feasible=False distance=395 violations=(0.0,176.0,0.2) moves=212814
VNS/TS progress phase=feasibility iteration=85 event=rejected vehicles=2 feasible=False distance=395 violations=(0.0,176.0,0.2) moves=216760
VNS/TS progress phase=feasibility iteration=86 event=rejected vehicles=2 feasible=False distance=395 violations=(0.0,176.0,0.2) moves=221088
VNS/TS progress phase=feasibility iteration=87 event=rejected vehicles=2 feasible=False distance=395 violations=(0.0,176.0,0.2) moves=224546
VNS/TS progress phase=feasibility iteration=88 event=accepted vehicles=2 feasible=False distance=400 violations=(0.0,176.0,0.2) moves=228836
VNS/TS progress phase=feasibility iteration=89 event=accepted vehicles=2 feasible=False distance=400 violations=(0.0,176.0,0.2) moves=232867
VNS/TS progress phase=feasibility iteration=90 event=accepted vehicles=2 feasible=False distance=400 violations=(0.0,176.0,0.2) moves=236784
VNS/TS progress phase=feasibility iteration=91 event=rejected vehicles=2 feasible=False distance=400 violations=(0.0,176.0,0.2) moves=240106
VNS/TS progress phase=feasibility iteration=92 event=rejected vehicles=2 feasible=False distance=400 violations=(0.0,176.0,0.2) moves=244045
VNS/TS progress phase=feasibility iteration=93 event=rejected vehicles=2 feasible=False distance=400 violations=(0.0,176.0,0.2) moves=248397
VNS/TS progress phase=feasibility iteration=94 event=rejected vehicles=2 feasible=False distance=400 violations=(0.0,176.0,0.2) moves=252508
VNS/TS progress phase=feasibility iteration=95 event=rejected vehicles=2 feasible=False distance=400 violations=(0.0,176.0,0.2) moves=257066
VNS/TS progress phase=feasibility iteration=96 event=rejected vehicles=2 feasible=False distance=400 violations=(0.0,176.0,0.2) moves=260800
VNS/TS progress phase=feasibility iteration=97 event=rejected vehicles=2 feasible=False distance=400 violations=(0.0,176.0,0.2) moves=264534
VNS/TS progress phase=feasibility iteration=98 event=rejected vehicles=2 feasible=False distance=400 violations=(0.0,176.0,0.2) moves=268973
VNS/TS progress phase=feasibility iteration=99 event=accepted vehicles=2 feasible=False distance=400 violations=(0.0,176.0,0.2) moves=273121
VNS/TS progress phase=feasibility iteration=100 event=accepted vehicles=2 feasible=False distance=400 violations=(0.0,176.0,0.2) moves=277428
VNS/TS progress phase=feasibility iteration=101 event=rejected vehicles=2 feasible=False distance=400 violations=(0.0,176.0,0.2) moves=281124
VNS/TS progress phase=feasibility iteration=102 event=accepted vehicles=2 feasible=False distance=400 violations=(0.0,176.0,0.2) moves=285235
VNS/TS progress phase=feasibility iteration=103 event=accepted vehicles=2 feasible=False distance=395 violations=(0.0,176.0,0.2) moves=289459
VNS/TS progress phase=feasibility iteration=104 event=rejected vehicles=2 feasible=False distance=395 violations=(0.0,176.0,0.2) moves=293799
VNS/TS progress phase=feasibility iteration=105 event=accepted vehicles=2 feasible=False distance=395 violations=(0.0,176.0,0.2) moves=297894
VNS/TS progress phase=feasibility iteration=106 event=rejected vehicles=2 feasible=False distance=395 violations=(0.0,176.0,0.2) moves=301776
VNS/TS progress phase=feasibility iteration=107 event=rejected vehicles=2 feasible=False distance=395 violations=(0.0,176.0,0.2) moves=305836
VNS/TS progress phase=feasibility iteration=108 event=rejected vehicles=2 feasible=False distance=395 violations=(0.0,176.0,0.2) moves=310021
VNS/TS progress phase=feasibility iteration=109 event=accepted vehicles=2 feasible=False distance=395 violations=(0.0,176.0,0.2) moves=314187
VNS/TS progress phase=feasibility iteration=110 event=rejected vehicles=2 feasible=False distance=395 violations=(0.0,176.0,0.2) moves=318188
VNS/TS progress phase=feasibility iteration=111 event=rejected vehicles=2 feasible=False distance=395 violations=(0.0,176.0,0.2) moves=322313
VNS/TS progress phase=feasibility iteration=112 event=accepted vehicles=2 feasible=False distance=395 violations=(0.0,176.0,0.2) moves=326381
VNS/TS progress phase=feasibility iteration=113 event=rejected vehicles=2 feasible=False distance=395 violations=(0.0,176.0,0.2) moves=330446
VNS/TS progress phase=feasibility iteration=114 event=rejected vehicles=2 feasible=False distance=395 violations=(0.0,176.0,0.2) moves=334452
VNS/TS progress phase=feasibility iteration=115 event=rejected vehicles=2 feasible=False distance=395 violations=(0.0,176.0,0.2) moves=338797
VNS/TS progress phase=feasibility iteration=116 event=accepted vehicles=2 feasible=False distance=395 violations=(0.0,176.0,0.2) moves=343080
VNS/TS progress phase=feasibility iteration=117 event=rejected vehicles=2 feasible=False distance=395 violations=(0.0,176.0,0.2) moves=347719
VNS/TS progress phase=feasibility iteration=118 event=accepted vehicles=2 feasible=False distance=395 violations=(0.0,176.0,0.2) moves=351994
VNS/TS progress phase=feasibility iteration=119 event=accepted vehicles=2 feasible=False distance=395 violations=(0.0,176.0,0.2) moves=356269
VNS/TS progress phase=feasibility iteration=120 event=rejected vehicles=2 feasible=False distance=395 violations=(0.0,176.0,0.2) moves=359928
VNS/TS progress phase=feasibility iteration=121 event=accepted vehicles=2 feasible=False distance=400 violations=(0.0,176.0,0.2) moves=364169
VNS/TS progress phase=feasibility iteration=122 event=accepted vehicles=2 feasible=False distance=400 violations=(0.0,176.0,0.2) moves=368224
VNS/TS progress phase=feasibility iteration=123 event=accepted vehicles=2 feasible=False distance=400 violations=(0.0,176.0,0.2) moves=372162
VNS/TS progress phase=feasibility iteration=124 event=rejected vehicles=2 feasible=False distance=400 violations=(0.0,176.0,0.2) moves=376192
VNS/TS progress phase=feasibility iteration=125 event=rejected vehicles=2 feasible=False distance=400 violations=(0.0,176.0,0.2) moves=379841
VNS/TS progress phase=feasibility iteration=126 event=accepted vehicles=2 feasible=False distance=400 violations=(0.0,176.0,0.2) moves=384095
VNS/TS progress phase=feasibility iteration=127 event=rejected vehicles=2 feasible=False distance=400 violations=(0.0,176.0,0.2) moves=388876
VNS/TS progress phase=feasibility iteration=128 event=rejected vehicles=2 feasible=False distance=400 violations=(0.0,176.0,0.2) moves=392463
VNS/TS progress phase=feasibility iteration=129 event=accepted vehicles=2 feasible=False distance=400 violations=(0.0,176.0,0.2) moves=396761
VNS/TS progress phase=feasibility iteration=130 event=accepted vehicles=2 feasible=False distance=400 violations=(0.0,176.0,0.2) moves=401154
VNS/TS progress phase=feasibility iteration=131 event=rejected vehicles=2 feasible=False distance=400 violations=(0.0,176.0,0.2) moves=405332
VNS/TS progress phase=feasibility iteration=132 event=rejected vehicles=2 feasible=False distance=400 violations=(0.0,176.0,0.2) moves=409507
VNS/TS progress phase=feasibility iteration=133 event=rejected vehicles=2 feasible=False distance=400 violations=(0.0,176.0,0.2) moves=413043
VNS/TS progress phase=feasibility iteration=134 event=accepted vehicles=2 feasible=False distance=395 violations=(0.0,176.0,0.2) moves=417642
VNS/TS progress phase=feasibility iteration=135 event=accepted vehicles=2 feasible=False distance=400 violations=(0.0,176.0,0.2) moves=421721
VNS/TS progress phase=feasibility iteration=136 event=rejected vehicles=2 feasible=False distance=400 violations=(0.0,176.0,0.2) moves=425879
VNS/TS progress phase=feasibility iteration=137 event=accepted vehicles=2 feasible=False distance=395 violations=(0.0,176.0,0.2) moves=429958
VNS/TS progress phase=feasibility iteration=138 event=rejected vehicles=2 feasible=False distance=395 violations=(0.0,176.0,0.2) moves=434102
VNS/TS progress phase=feasibility iteration=139 event=accepted vehicles=2 feasible=False distance=395 violations=(0.0,176.0,0.2) moves=438216
VNS/TS progress phase=feasibility iteration=140 event=rejected vehicles=2 feasible=False distance=395 violations=(0.0,176.0,0.2) moves=442159
VNS/TS progress phase=feasibility iteration=141 event=rejected vehicles=2 feasible=False distance=395 violations=(0.0,176.0,0.2) moves=446351
VNS/TS progress phase=feasibility iteration=142 event=rejected vehicles=2 feasible=False distance=395 violations=(0.0,176.0,0.2) moves=449799
VNS/TS progress phase=feasibility iteration=143 event=rejected vehicles=2 feasible=False distance=395 violations=(0.0,176.0,0.2) moves=453932
VNS/TS progress phase=feasibility iteration=144 event=rejected vehicles=2 feasible=False distance=395 violations=(0.0,176.0,0.2) moves=458074
VNS/TS progress phase=feasibility iteration=145 event=rejected vehicles=2 feasible=False distance=395 violations=(0.0,176.0,0.2) moves=462389
VNS/TS progress phase=feasibility iteration=146 event=accepted vehicles=2 feasible=False distance=395 violations=(0.0,176.0,0.2) moves=466477
VNS/TS progress phase=feasibility iteration=147 event=rejected vehicles=2 feasible=False distance=395 violations=(0.0,176.0,0.2) moves=470589
VNS/TS progress phase=feasibility iteration=148 event=accepted vehicles=2 feasible=False distance=395 violations=(0.0,176.0,0.2) moves=474678
VNS/TS progress phase=feasibility iteration=149 event=accepted vehicles=2 feasible=False distance=395 violations=(0.0,176.0,0.2) moves=478684
VNS/TS progress phase=feasibility iteration=150 event=accepted vehicles=2 feasible=False distance=395 violations=(0.0,176.0,0.2) moves=482855
VNS/TS progress phase=feasibility iteration=151 event=rejected vehicles=2 feasible=False distance=395 violations=(0.0,176.0,0.2) moves=487300
VNS/TS progress phase=feasibility iteration=152 event=rejected vehicles=2 feasible=False distance=395 violations=(0.0,176.0,0.2) moves=491419
VNS/TS progress phase=feasibility iteration=153 event=rejected vehicles=2 feasible=False distance=395 violations=(0.0,176.0,0.2) moves=494421
VNS/TS progress phase=feasibility iteration=154 event=rejected vehicles=2 feasible=False distance=395 violations=(0.0,176.0,0.2) moves=499027
VNS/TS progress phase=feasibility iteration=155 event=accepted vehicles=2 feasible=False distance=395 violations=(0.0,176.0,0.2) moves=503116
VNS/TS progress phase=feasibility iteration=156 event=accepted vehicles=2 feasible=False distance=395 violations=(0.0,176.0,0.2) moves=507399
VNS/TS progress phase=feasibility iteration=157 event=accepted vehicles=2 feasible=False distance=395 violations=(0.0,176.0,0.2) moves=511609
VNS/TS progress phase=feasibility iteration=158 event=accepted vehicles=2 feasible=False distance=395 violations=(0.0,176.0,0.2) moves=515964
VNS/TS progress phase=feasibility iteration=159 event=rejected vehicles=2 feasible=False distance=395 violations=(0.0,176.0,0.2) moves=520595
VNS/TS progress phase=feasibility iteration=160 event=rejected vehicles=2 feasible=False distance=395 violations=(0.0,176.0,0.2) moves=524864
VNS/TS progress phase=feasibility iteration=160 event=add_vehicle vehicles=3 feasible=False distance=405 violations=(0.0,27.0,89.5) moves=524864
VNS/TS progress phase=feasibility iteration=161 event=accepted vehicles=3 feasible=False distance=424 violations=(0.0,62.0,0.2) moves=528305
VNS/TS progress phase=feasibility iteration=162 event=accepted vehicles=3 feasible=False distance=424 violations=(0.0,62.0,0.2) moves=532682
VNS/TS progress phase=feasibility iteration=163 event=accepted vehicles=3 feasible=False distance=424 violations=(0.0,62.0,0.2) moves=537315
VNS/TS progress phase=feasibility iteration=164 event=accepted vehicles=3 feasible=False distance=434 violations=(0.0,49.0,0.2) moves=541819
VNS/TS progress phase=feasibility iteration=165 event=rejected vehicles=3 feasible=False distance=434 violations=(0.0,49.0,0.2) moves=545699
VNS/TS progress phase=feasibility iteration=166 event=accepted vehicles=3 feasible=False distance=434 violations=(0.0,49.0,0.2) moves=550081
VNS/TS progress phase=feasibility iteration=167 event=accepted vehicles=3 feasible=False distance=434 violations=(0.0,49.0,0.2) moves=554605
VNS/TS progress phase=feasibility iteration=168 event=accepted vehicles=3 feasible=False distance=434 violations=(0.0,49.0,0.2) moves=558964
VNS/TS progress phase=feasibility iteration=169 event=rejected vehicles=3 feasible=False distance=434 violations=(0.0,49.0,0.2) moves=563705
VNS/TS progress phase=feasibility iteration=170 event=accepted vehicles=3 feasible=False distance=434 violations=(0.0,49.0,0.2) moves=567966
VNS/TS progress phase=feasibility iteration=171 event=accepted vehicles=3 feasible=False distance=434 violations=(0.0,49.0,0.2) moves=572306
VNS/TS progress phase=feasibility iteration=172 event=rejected vehicles=3 feasible=False distance=434 violations=(0.0,49.0,0.2) moves=576275
VNS/TS progress phase=feasibility iteration=173 event=accepted vehicles=3 feasible=False distance=422 violations=(0.0,38.0,0.2) moves=580910
VNS/TS progress phase=feasibility iteration=174 event=accepted vehicles=3 feasible=False distance=422 violations=(0.0,38.0,0.2) moves=585730
VNS/TS progress phase=feasibility iteration=175 event=accepted vehicles=3 feasible=False distance=422 violations=(0.0,38.0,0.2) moves=590425
VNS/TS progress phase=feasibility iteration=176 event=rejected vehicles=3 feasible=False distance=422 violations=(0.0,38.0,0.2) moves=595337
VNS/TS progress phase=feasibility iteration=177 event=accepted vehicles=3 feasible=False distance=422 violations=(0.0,38.0,0.2) moves=600040
VNS/TS progress phase=feasibility iteration=178 event=accepted vehicles=3 feasible=False distance=422 violations=(0.0,38.0,0.2) moves=604829
VNS/TS progress phase=feasibility iteration=179 event=accepted vehicles=3 feasible=False distance=422 violations=(0.0,38.0,0.2) moves=609644
VNS/TS progress phase=feasibility iteration=180 event=accepted vehicles=3 feasible=False distance=422 violations=(0.0,38.0,0.2) moves=614473
VNS/TS progress phase=feasibility iteration=181 event=rejected vehicles=3 feasible=False distance=422 violations=(0.0,38.0,0.2) moves=618304
VNS/TS progress phase=feasibility iteration=182 event=accepted vehicles=3 feasible=False distance=422 violations=(0.0,38.0,0.2) moves=623214
VNS/TS progress phase=feasibility iteration=183 event=accepted vehicles=3 feasible=False distance=422 violations=(0.0,38.0,0.2) moves=627983
VNS/TS progress phase=feasibility iteration=184 event=accepted vehicles=3 feasible=False distance=422 violations=(0.0,38.0,0.2) moves=632873
VNS/TS progress phase=feasibility iteration=185 event=accepted vehicles=3 feasible=False distance=427 violations=(0.0,38.0,0.2) moves=637560
VNS/TS progress phase=feasibility iteration=186 event=accepted vehicles=3 feasible=False distance=422 violations=(0.0,38.0,0.2) moves=642153
VNS/TS progress phase=feasibility iteration=187 event=rejected vehicles=3 feasible=False distance=422 violations=(0.0,38.0,0.2) moves=646603
VNS/TS progress phase=feasibility iteration=188 event=accepted vehicles=3 feasible=False distance=422 violations=(0.0,38.0,0.2) moves=650747
VNS/TS progress phase=feasibility iteration=189 event=accepted vehicles=3 feasible=False distance=422 violations=(0.0,38.0,0.2) moves=655357
VNS/TS progress phase=feasibility iteration=190 event=accepted vehicles=3 feasible=False distance=422 violations=(0.0,38.0,0.2) moves=660101
VNS/TS progress phase=feasibility iteration=191 event=rejected vehicles=3 feasible=False distance=422 violations=(0.0,38.0,0.2) moves=664502
VNS/TS progress phase=feasibility iteration=192 event=rejected vehicles=3 feasible=False distance=422 violations=(0.0,38.0,0.2) moves=669222
VNS/TS progress phase=feasibility iteration=193 event=accepted vehicles=3 feasible=False distance=422 violations=(0.0,38.0,0.2) moves=673421
VNS/TS progress phase=feasibility iteration=194 event=accepted vehicles=3 feasible=False distance=422 violations=(0.0,38.0,0.2) moves=678241
VNS/TS progress phase=feasibility iteration=195 event=accepted vehicles=3 feasible=False distance=427 violations=(0.0,38.0,0.2) moves=682933
VNS/TS progress phase=feasibility iteration=196 event=accepted vehicles=3 feasible=False distance=422 violations=(0.0,38.0,0.2) moves=687554
VNS/TS progress phase=feasibility iteration=197 event=rejected vehicles=3 feasible=False distance=422 violations=(0.0,38.0,0.2) moves=691940
VNS/TS progress phase=feasibility iteration=198 event=accepted vehicles=3 feasible=False distance=422 violations=(0.0,38.0,0.2) moves=696427
VNS/TS progress phase=feasibility iteration=199 event=accepted vehicles=3 feasible=False distance=422 violations=(0.0,38.0,0.2) moves=701167
VNS/TS progress phase=feasibility iteration=200 event=rejected vehicles=3 feasible=False distance=422 violations=(0.0,38.0,0.2) moves=705486
VNS/TS progress phase=feasibility iteration=201 event=rejected vehicles=3 feasible=False distance=422 violations=(0.0,38.0,0.2) moves=710135
VNS/TS progress phase=feasibility iteration=202 event=accepted vehicles=3 feasible=False distance=422 violations=(0.0,38.0,0.2) moves=714852
VNS/TS progress phase=feasibility iteration=203 event=accepted vehicles=3 feasible=False distance=422 violations=(0.0,38.0,0.2) moves=719633
VNS/TS progress phase=feasibility iteration=204 event=rejected vehicles=3 feasible=False distance=422 violations=(0.0,38.0,0.2) moves=723963
VNS/TS progress phase=feasibility iteration=205 event=rejected vehicles=3 feasible=False distance=422 violations=(0.0,38.0,0.2) moves=728444
VNS/TS progress phase=feasibility iteration=206 event=accepted vehicles=3 feasible=False distance=422 violations=(0.0,38.0,0.2) moves=733063
VNS/TS progress phase=feasibility iteration=207 event=rejected vehicles=3 feasible=False distance=422 violations=(0.0,38.0,0.2) moves=737536
VNS/TS progress phase=feasibility iteration=208 event=accepted vehicles=3 feasible=False distance=422 violations=(0.0,38.0,0.2) moves=741492
VNS/TS progress phase=feasibility iteration=209 event=accepted vehicles=3 feasible=False distance=422 violations=(0.0,38.0,0.2) moves=746230
VNS/TS progress phase=feasibility iteration=210 event=accepted vehicles=3 feasible=False distance=422 violations=(0.0,38.0,0.2) moves=750481
VNS/TS progress phase=feasibility iteration=211 event=accepted vehicles=3 feasible=False distance=422 violations=(0.0,38.0,0.2) moves=755175
VNS/TS progress phase=feasibility iteration=212 event=accepted vehicles=3 feasible=False distance=422 violations=(0.0,38.0,0.2) moves=760038
VNS/TS progress phase=feasibility iteration=213 event=accepted vehicles=3 feasible=False distance=422 violations=(0.0,38.0,0.2) moves=764844
VNS/TS progress phase=feasibility iteration=214 event=accepted vehicles=3 feasible=False distance=422 violations=(0.0,38.0,0.2) moves=769627
VNS/TS progress phase=feasibility iteration=215 event=accepted vehicles=3 feasible=False distance=422 violations=(0.0,38.0,0.2) moves=774527
VNS/TS progress phase=feasibility iteration=216 event=accepted vehicles=3 feasible=False distance=422 violations=(0.0,38.0,0.2) moves=779246
VNS/TS progress phase=feasibility iteration=217 event=rejected vehicles=3 feasible=False distance=422 violations=(0.0,38.0,0.2) moves=783823
VNS/TS progress phase=feasibility iteration=218 event=rejected vehicles=3 feasible=False distance=422 violations=(0.0,38.0,0.2) moves=788450
VNS/TS progress phase=feasibility iteration=219 event=accepted vehicles=3 feasible=False distance=427 violations=(0.0,38.0,0.2) moves=792768
VNS/TS progress phase=feasibility iteration=220 event=accepted vehicles=3 feasible=False distance=422 violations=(0.0,38.0,0.2) moves=797590
VNS/TS progress phase=feasibility iteration=221 event=rejected vehicles=3 feasible=False distance=422 violations=(0.0,38.0,0.2) moves=802210
VNS/TS progress phase=feasibility iteration=222 event=rejected vehicles=3 feasible=False distance=422 violations=(0.0,38.0,0.2) moves=806978
VNS/TS progress phase=feasibility iteration=223 event=accepted vehicles=3 feasible=False distance=422 violations=(0.0,38.0,0.2) moves=811676
VNS/TS progress phase=feasibility iteration=224 event=rejected vehicles=3 feasible=False distance=422 violations=(0.0,38.0,0.2) moves=816272
VNS/TS progress phase=feasibility iteration=225 event=accepted vehicles=3 feasible=False distance=422 violations=(0.0,38.0,0.2) moves=821103
VNS/TS progress phase=feasibility iteration=226 event=rejected vehicles=3 feasible=False distance=422 violations=(0.0,38.0,0.2) moves=825625
VNS/TS progress phase=feasibility iteration=227 event=accepted vehicles=3 feasible=False distance=422 violations=(0.0,38.0,0.2) moves=830549
VNS/TS progress phase=feasibility iteration=228 event=rejected vehicles=3 feasible=False distance=422 violations=(0.0,38.0,0.2) moves=834982
VNS/TS progress phase=feasibility iteration=229 event=rejected vehicles=3 feasible=False distance=422 violations=(0.0,38.0,0.2) moves=839688
VNS/TS progress phase=feasibility iteration=230 event=rejected vehicles=3 feasible=False distance=422 violations=(0.0,38.0,0.2) moves=844479
VNS/TS progress phase=feasibility iteration=231 event=accepted vehicles=3 feasible=False distance=422 violations=(0.0,38.0,0.2) moves=849179
VNS/TS progress phase=feasibility iteration=232 event=accepted vehicles=3 feasible=False distance=422 violations=(0.0,38.0,0.2) moves=853385
VNS/TS progress phase=feasibility iteration=233 event=accepted vehicles=3 feasible=False distance=422 violations=(0.0,38.0,0.2) moves=858211
VNS/TS progress phase=feasibility iteration=234 event=accepted vehicles=3 feasible=False distance=422 violations=(0.0,38.0,0.2) moves=862912
VNS/TS progress phase=feasibility iteration=235 event=accepted vehicles=3 feasible=False distance=422 violations=(0.0,38.0,0.2) moves=867584
VNS/TS progress phase=feasibility iteration=236 event=rejected vehicles=3 feasible=False distance=422 violations=(0.0,38.0,0.2) moves=872255
VNS/TS progress phase=feasibility iteration=237 event=rejected vehicles=3 feasible=False distance=422 violations=(0.0,38.0,0.2) moves=877039
VNS/TS progress phase=feasibility iteration=238 event=accepted vehicles=3 feasible=False distance=422 violations=(0.0,38.0,0.2) moves=881886
VNS/TS progress phase=feasibility iteration=239 event=rejected vehicles=3 feasible=False distance=422 violations=(0.0,38.0,0.2) moves=885908
VNS/TS progress phase=feasibility iteration=240 event=accepted vehicles=3 feasible=False distance=422 violations=(0.0,38.0,0.2) moves=890638
VNS/TS progress phase=feasibility iteration=240 event=add_vehicle vehicles=4 feasible=False distance=422 violations=(0.0,38.0,0.2) moves=890638
VNS/TS progress phase=feasibility iteration=241 event=accepted vehicles=4 feasible=False distance=424 violations=(0.0,0.0,0.2) moves=895243
VNS/TS progress phase=feasibility iteration=242 event=accepted vehicles=4 feasible=False distance=424 violations=(0.0,0.0,0.2) moves=899700
VNS/TS progress phase=feasibility iteration=243 event=rejected vehicles=4 feasible=False distance=424 violations=(0.0,0.0,0.2) moves=903471
VNS/TS progress phase=feasibility iteration=244 event=accepted vehicles=4 feasible=False distance=424 violations=(0.0,0.0,0.2) moves=908015
VNS/TS progress phase=feasibility iteration=245 event=accepted vehicles=4 feasible=False distance=424 violations=(0.0,0.0,0.2) moves=912113
VNS/TS progress phase=feasibility iteration=246 event=rejected vehicles=4 feasible=False distance=424 violations=(0.0,0.0,0.2) moves=915017
VNS/TS progress phase=feasibility iteration=247 event=accepted vehicles=4 feasible=False distance=424 violations=(0.0,0.0,0.2) moves=919099
VNS/TS progress phase=feasibility iteration=248 event=accepted vehicles=4 feasible=False distance=424 violations=(0.0,0.0,0.2) moves=923647
VNS/TS progress phase=feasibility iteration=249 event=accepted vehicles=4 feasible=False distance=424 violations=(0.0,0.0,0.2) moves=927698
VNS/TS progress phase=feasibility iteration=250 event=accepted vehicles=4 feasible=False distance=424 violations=(0.0,0.0,0.2) moves=932068
VNS/TS progress phase=feasibility iteration=251 event=accepted vehicles=4 feasible=False distance=424 violations=(0.0,0.0,0.2) moves=936549
VNS/TS progress phase=feasibility iteration=252 event=rejected vehicles=4 feasible=False distance=424 violations=(0.0,0.0,0.2) moves=940311
VNS/TS progress phase=feasibility iteration=253 event=rejected vehicles=4 feasible=False distance=424 violations=(0.0,0.0,0.2) moves=944567
VNS/TS progress phase=feasibility iteration=254 event=accepted vehicles=4 feasible=False distance=424 violations=(0.0,0.0,0.2) moves=948629
VNS/TS progress phase=feasibility iteration=255 event=accepted vehicles=4 feasible=False distance=429 violations=(0.0,0.0,0.2) moves=952932
VNS/TS progress phase=feasibility iteration=256 event=accepted vehicles=4 feasible=False distance=424 violations=(0.0,0.0,0.2) moves=957281
VNS/TS progress phase=feasibility iteration=257 event=accepted vehicles=4 feasible=False distance=424 violations=(0.0,0.0,0.2) moves=961554
VNS/TS progress phase=feasibility iteration=258 event=accepted vehicles=4 feasible=False distance=424 violations=(0.0,0.0,0.2) moves=965917
VNS/TS progress phase=feasibility iteration=259 event=rejected vehicles=4 feasible=False distance=424 violations=(0.0,0.0,0.2) moves=969623
VNS/TS progress phase=feasibility iteration=260 event=accepted vehicles=4 feasible=False distance=424 violations=(0.0,0.0,0.2) moves=974143
VNS/TS progress phase=feasibility iteration=261 event=accepted vehicles=4 feasible=False distance=462 violations=(0.0,38.0,0.0) moves=978250
VNS/TS progress phase=feasibility iteration=262 event=accepted vehicles=4 feasible=False distance=462 violations=(0.0,38.0,0.0) moves=982038
VNS/TS progress phase=feasibility iteration=263 event=accepted vehicles=4 feasible=False distance=462 violations=(0.0,38.0,0.0) moves=985428
VNS/TS progress phase=feasibility iteration=264 event=accepted vehicles=4 feasible=False distance=462 violations=(0.0,38.0,0.0) moves=989543
VNS/TS progress phase=feasibility iteration=265 event=accepted vehicles=4 feasible=False distance=462 violations=(0.0,38.0,0.0) moves=993276
VNS/TS progress phase=feasibility iteration=266 event=accepted vehicles=4 feasible=False distance=463 violations=(0.0,27.0,16.2) moves=997192
VNS/TS progress phase=feasibility iteration=267 event=accepted vehicles=4 feasible=False distance=424 violations=(0.0,0.0,0.2) moves=1001207
VNS/TS progress phase=feasibility iteration=268 event=accepted vehicles=4 feasible=False distance=424 violations=(0.0,0.0,0.2) moves=1005378
VNS/TS progress phase=feasibility iteration=269 event=accepted vehicles=4 feasible=False distance=424 violations=(0.0,0.0,0.2) moves=1009640
VNS/TS progress phase=feasibility iteration=270 event=accepted vehicles=4 feasible=False distance=424 violations=(0.0,0.0,0.2) moves=1013844
VNS/TS progress phase=feasibility iteration=271 event=rejected vehicles=4 feasible=False distance=424 violations=(0.0,0.0,0.2) moves=1017485
VNS/TS progress phase=feasibility iteration=272 event=accepted vehicles=4 feasible=False distance=424 violations=(0.0,0.0,0.2) moves=1021675
VNS/TS progress phase=feasibility iteration=273 event=rejected vehicles=4 feasible=False distance=424 violations=(0.0,0.0,0.2) moves=1025031
VNS/TS progress phase=feasibility iteration=274 event=accepted vehicles=4 feasible=False distance=424 violations=(0.0,0.0,0.2) moves=1029506
VNS/TS progress phase=feasibility iteration=275 event=rejected vehicles=4 feasible=False distance=424 violations=(0.0,0.0,0.2) moves=1033730
VNS/TS progress phase=feasibility iteration=276 event=rejected vehicles=4 feasible=False distance=424 violations=(0.0,0.0,0.2) moves=1037352
VNS/TS progress phase=feasibility iteration=277 event=accepted vehicles=4 feasible=False distance=424 violations=(0.0,0.0,0.2) moves=1041508
VNS/TS progress phase=feasibility iteration=278 event=accepted vehicles=4 feasible=False distance=424 violations=(0.0,0.0,0.2) moves=1045791
VNS/TS progress phase=feasibility iteration=279 event=accepted vehicles=4 feasible=False distance=424 violations=(0.0,0.0,0.2) moves=1049751
VNS/TS progress phase=feasibility iteration=280 event=accepted vehicles=4 feasible=False distance=424 violations=(0.0,0.0,0.2) moves=1054121
VNS/TS progress phase=feasibility iteration=281 event=rejected vehicles=4 feasible=False distance=424 violations=(0.0,0.0,0.2) moves=1058011
VNS/TS progress phase=feasibility iteration=282 event=rejected vehicles=4 feasible=False distance=424 violations=(0.0,0.0,0.2) moves=1062111
VNS/TS progress phase=feasibility iteration=283 event=rejected vehicles=4 feasible=False distance=424 violations=(0.0,0.0,0.2) moves=1065762
VNS/TS progress phase=feasibility iteration=284 event=rejected vehicles=4 feasible=False distance=424 violations=(0.0,0.0,0.2) moves=1069786
VNS/TS progress phase=feasibility iteration=285 event=accepted vehicles=4 feasible=False distance=424 violations=(0.0,0.0,0.2) moves=1074250
VNS/TS progress phase=feasibility iteration=286 event=rejected vehicles=4 feasible=False distance=424 violations=(0.0,0.0,0.2) moves=1077775
VNS/TS progress phase=feasibility iteration=287 event=accepted vehicles=4 feasible=False distance=424 violations=(0.0,0.0,0.2) moves=1081961
VNS/TS progress phase=feasibility iteration=288 event=rejected vehicles=4 feasible=False distance=424 violations=(0.0,0.0,0.2) moves=1085841
VNS/TS progress phase=feasibility iteration=289 event=accepted vehicles=4 feasible=False distance=424 violations=(0.0,0.0,0.2) moves=1089820
VNS/TS progress phase=feasibility iteration=290 event=rejected vehicles=4 feasible=False distance=424 violations=(0.0,0.0,0.2) moves=1093671
VNS/TS progress phase=feasibility iteration=291 event=accepted vehicles=4 feasible=False distance=424 violations=(0.0,0.0,0.2) moves=1098019
VNS/TS progress phase=feasibility iteration=292 event=rejected vehicles=4 feasible=False distance=424 violations=(0.0,0.0,0.2) moves=1101631
VNS/TS progress phase=feasibility iteration=293 event=rejected vehicles=4 feasible=False distance=424 violations=(0.0,0.0,0.2) moves=1105828
VNS/TS progress phase=feasibility iteration=294 event=accepted vehicles=4 feasible=False distance=424 violations=(0.0,0.0,0.2) moves=1110150
VNS/TS progress phase=feasibility iteration=295 event=accepted vehicles=4 feasible=False distance=424 violations=(0.0,0.0,0.2) moves=1114236
VNS/TS progress phase=feasibility iteration=296 event=accepted vehicles=4 feasible=False distance=424 violations=(0.0,0.0,0.2) moves=1117815
VNS/TS progress phase=feasibility iteration=297 event=accepted vehicles=4 feasible=False distance=424 violations=(0.0,0.0,0.2) moves=1121970
VNS/TS progress phase=feasibility iteration=298 event=accepted vehicles=4 feasible=False distance=424 violations=(0.0,0.0,0.2) moves=1125967
VNS/TS progress phase=feasibility iteration=299 event=rejected vehicles=4 feasible=False distance=424 violations=(0.0,0.0,0.2) moves=1129616
VNS/TS progress phase=feasibility iteration=300 event=accepted vehicles=4 feasible=False distance=424 violations=(0.0,0.0,0.2) moves=1133494
VNS/TS progress phase=feasibility iteration=301 event=accepted vehicles=4 feasible=False distance=424 violations=(0.0,0.0,0.2) moves=1137782
VNS/TS progress phase=feasibility iteration=302 event=rejected vehicles=4 feasible=False distance=424 violations=(0.0,0.0,0.2) moves=1141613
VNS/TS progress phase=feasibility iteration=303 event=rejected vehicles=4 feasible=False distance=424 violations=(0.0,0.0,0.2) moves=1146218
VNS/TS progress phase=feasibility iteration=304 event=accepted vehicles=4 feasible=False distance=424 violations=(0.0,0.0,0.2) moves=1150748
VNS/TS progress phase=feasibility iteration=305 event=accepted vehicles=4 feasible=False distance=424 violations=(0.0,0.0,0.2) moves=1154403
VNS/TS progress phase=feasibility iteration=306 event=rejected vehicles=4 feasible=False distance=424 violations=(0.0,0.0,0.2) moves=1158261
VNS/TS progress phase=feasibility iteration=307 event=accepted vehicles=4 feasible=False distance=424 violations=(0.0,0.0,0.2) moves=1162111
VNS/TS progress phase=feasibility iteration=308 event=accepted vehicles=4 feasible=False distance=424 violations=(0.0,0.0,0.2) moves=1166056
VNS/TS progress phase=feasibility iteration=309 event=rejected vehicles=4 feasible=False distance=424 violations=(0.0,0.0,0.2) moves=1169594
VNS/TS progress phase=feasibility iteration=310 event=accepted vehicles=4 feasible=False distance=424 violations=(0.0,0.0,0.2) moves=1173382
VNS/TS progress phase=feasibility iteration=311 event=accepted vehicles=4 feasible=False distance=424 violations=(0.0,0.0,0.2) moves=1177567
VNS/TS progress phase=feasibility iteration=312 event=rejected vehicles=4 feasible=False distance=424 violations=(0.0,0.0,0.2) moves=1181408
VNS/TS progress phase=feasibility iteration=313 event=rejected vehicles=4 feasible=False distance=424 violations=(0.0,0.0,0.2) moves=1185107
VNS/TS progress phase=feasibility iteration=314 event=accepted vehicles=4 feasible=False distance=424 violations=(0.0,0.0,0.2) moves=1189460
VNS/TS progress phase=feasibility iteration=315 event=accepted vehicles=4 feasible=False distance=462 violations=(0.0,38.0,0.0) moves=1193250
VNS/TS progress phase=feasibility iteration=316 event=accepted vehicles=4 feasible=False distance=462 violations=(0.0,38.0,0.0) moves=1196585
VNS/TS progress phase=feasibility iteration=317 event=accepted vehicles=4 feasible=False distance=462 violations=(0.0,38.0,0.0) moves=1199861
VNS/TS progress phase=feasibility iteration=318 event=accepted vehicles=4 feasible=False distance=424 violations=(0.0,0.0,0.2) moves=1204195
VNS/TS progress phase=feasibility iteration=319 event=accepted vehicles=4 feasible=False distance=424 violations=(0.0,0.0,0.2) moves=1208619
VNS/TS progress phase=feasibility iteration=320 event=rejected vehicles=4 feasible=False distance=424 violations=(0.0,0.0,0.2) moves=1212155
Schneider-2014 hybrid VNS/TS E-VRPTW
  status=unsolved
  instance=rc102C10
  output=E:\WorkSpace\FURP-2026-Ziru-Huang-EVRP-TW\src\log\week5\stability-three-groups\runs\RC\10\rc102C10\vns_ts\seed-0001\result.json
  vehicles=4
  distance=462
  evaluated_moves=1212155
Benchmark metrics:
  solver=Schneider-2014 hybrid VNS/TS E-VRPTW
  seed=1
  runtime=112.25s
  feasible=False
  total_distance=462
  total_duration=749
  makespan=228
  served_customers=10
  missing_customers=0
  duplicate_customers=0
  time_window_violations=1
  capacity_violations=0
  energy_violations=0
  charging_count=4
  charging_time=101
  synchronization_violations=0
  vehicle_limit_violations=0
Violation details:
  route=3 constraint=time_window location=C70 detail=arrival=151, start_service=151, latest=113


[validator]
RC-rc102C10-vns_ts-seed-0001: validation=valid strict_feasible=False failure=checker_infeasible:time_window

