EVRP-TW solving pipeline
  status=solved
  instance=c101C10
  source=E:\WorkSpace\FURP-2026-Ziru-Huang-EVRP-TW\src\data\evrptw_instances\c101C10.txt
  vehicles=3
  runtime=10.092s
  station_insertions=5
  split_count=0
Benchmark metrics:
  solver=EVRPTWRepairPipeline
  feasible=True
  total_distance=387
  total_duration=3314
  makespan=1163
  served_customers=10
  missing_customers=0
  duplicate_customers=0
  time_window_violations=0
  capacity_violations=0
  energy_violations=0
  charging_count=5
  charging_time=536
  synchronization_violations=0
  vehicle_limit_violations=0
Solution JSON: E:\WorkSpace\FURP-2026-Ziru-Huang-EVRP-TW\src\log\week5\stability-three-groups\runs\C\10\c101C10\pyvrp_repair\seed-0001\result.json


[validator]
C-c101C10-pyvrp_repair-seed-0001: validation=valid strict_feasible=True failure=success

