POMO + EVRP-TW repair pipeline
  status=solved
  instance=rc105C5
  source=E:\WorkSpace\FURP-2026-Ziru-Huang-EVRP-TW\src\data\evrptw_instances\rc105C5.txt
  vehicles=3
  runtime=0.652s
  selected_candidate=1/5
  selected_variant=pomo_routes
  candidate_routes=[['C22', 'C11', 'C82'], ['C55', 'C36']]
  station_insertions=1
  split_count=1
Benchmark metrics:
  solver=POMO+EVRPTWRepair
  feasible=True
  total_distance=239
  total_duration=409
  makespan=141
  served_customers=5
  missing_customers=0
  duplicate_customers=0
  time_window_violations=0
  capacity_violations=0
  energy_violations=0
  charging_count=1
  charging_time=10
  synchronization_violations=0
  vehicle_limit_violations=0
Solution JSON: E:\WorkSpace\FURP-2026-Ziru-Huang-EVRP-TW\src\log\week5\stability-three-groups\runs\RC\5\rc105C5\pomo_repair\seed-0001\result.json


[validator]
RC-rc105C5-pomo_repair-seed-0001: validation=valid strict_feasible=True failure=success

