EVRP-TW solving pipeline
  status=solved
  instance=r102C15
  source=E:\WorkSpace\FURP-2026-Ziru-Huang-EVRP-TW\src\data\evrptw_instances\r102C15.txt
  vehicles=6
  runtime=10.562s
  station_insertions=7
  split_count=1
Benchmark metrics:
  solver=EVRPTWRepairPipeline
  feasible=True
  total_distance=470
  total_duration=958
  makespan=198
  served_customers=15
  missing_customers=0
  duplicate_customers=0
  time_window_violations=0
  capacity_violations=0
  energy_violations=0
  charging_count=7
  charging_time=67
  synchronization_violations=0
  vehicle_limit_violations=0
Solution JSON: E:\WorkSpace\FURP-2026-Ziru-Huang-EVRP-TW\src\log\week5\stability-three-groups\runs\R\15\r102C15\pyvrp_repair\seed-0001\result.json


[validator]
R-r102C15-pyvrp_repair-seed-0001: validation=valid strict_feasible=True failure=success

