File: E:\WorkSpace\FURP-2026-Ziru-Huang-EVRP-TW\py-ga-VRPTW\data\json_customize\c101C5.json exists.
Start of evolution
  Evaluated 80 individuals
-- Generation 0 --
  Evaluated 60 individuals
  Min 0.00020017251513316744
  Max 0.00026548420677802913
  Avg 0.00022664768179244283
  Std 1.2928557373916992e-05
-- Generation 1 --
  Evaluated 68 individuals
  Min 0.00020017251513316744
  Max 0.0002570863470099819
  Avg 0.00022819686439633555
  Std 1.3523471800141184e-05
-- Generation 2 --
  Evaluated 74 individuals
  Min 0.00020017251513316744
  Max 0.0002570863470099819
  Avg 0.00023004107033602078
  Std 1.5085551762546934e-05
-- Generation 3 --
  Evaluated 74 individuals
  Min 0.00021053322476436136
  Max 0.000257364959171911
  Avg 0.00023009958432458868
  Std 1.3872962292408342e-05
-- Generation 4 --
  Evaluated 70 individuals
  Min 0.00021053322476436136
  Max 0.000257364959171911
  Avg 0.00022965991146359555
  Std 1.3870860288748814e-05
-- Generation 5 --
  Evaluated 68 individuals
  Min 0.00021053322476436136
  Max 0.0002570863470099819
  Avg 0.00023210955618701025
  Std 1.3992753781675976e-05
-- Generation 6 --
  Evaluated 68 individuals
  Min 0.00021053322476436136
  Max 0.0002570863470099819
  Avg 0.0002332984354648036
  Std 1.4124882108136529e-05
-- Generation 7 --
  Evaluated 68 individuals
  Min 0.00021053322476436136
  Max 0.0002570863470099819
  Avg 0.0002332297410162094
  Std 1.4222787568925537e-05
-- Generation 8 --
  Evaluated 67 individuals
  Min 0.00021053322476436136
  Max 0.0002570863470099819
  Avg 0.00023816089493588444
  Std 1.4354126952817535e-05
-- Generation 9 --
  Evaluated 66 individuals
  Min 0.00021053322476436136
  Max 0.0002570863470099819
  Avg 0.0002408952147992415
  Std 1.1401588023468854e-05
-- Generation 10 --
  Evaluated 70 individuals
  Min 0.00021053322476436136
  Max 0.0002570863470099819
  Avg 0.00024047140252889837
  Std 1.1140596702854533e-05
-- Generation 11 --
  Evaluated 70 individuals
  Min 0.00021053322476436136
  Max 0.00026548420677802913
  Avg 0.0002398873563623272
  Std 1.1720732956363558e-05
-- Generation 12 --
  Evaluated 64 individuals
  Min 0.00021053322476436136
  Max 0.00026548420677802913
  Avg 0.0002406903940180589
  Std 1.1414164621424507e-05
-- Generation 13 --
  Evaluated 65 individuals
  Min 0.00021053322476436136
  Max 0.00026548420677802913
  Avg 0.00024186216215087036
  Std 1.246704090190848e-05
-- Generation 14 --
  Evaluated 66 individuals
  Min 0.00021126558956775782
  Max 0.00026548420677802913
  Avg 0.0002443066931649403
  Std 1.067753555752617e-05
-- Generation 15 --
  Evaluated 58 individuals
  Min 0.00021126558956775782
  Max 0.00026548420677802913
  Avg 0.00024384742432761002
  Std 1.0645711326442577e-05
-- Generation 16 --
  Evaluated 73 individuals
  Min 0.00021126558956775782
  Max 0.00026548420677802913
  Avg 0.00024412450123892016
  Std 1.1775997055627787e-05
-- Generation 17 --
  Evaluated 70 individuals
  Min 0.00021126558956775782
  Max 0.00026548420677802913
  Avg 0.00024507891025145085
  Std 1.13859999092465e-05
-- Generation 18 --
  Evaluated 78 individuals
  Min 0.00021126558956775782
  Max 0.00026548420677802913
  Avg 0.0002445692493838525
  Std 1.1613957912005258e-05
-- Generation 19 --
  Evaluated 74 individuals
  Min 0.00021126558956775782
  Max 0.00026548420677802913
  Avg 0.0002456068039912685
  Std 1.1791477027969254e-05
-- Generation 20 --
  Evaluated 76 individuals
  Min 0.0002147725484682805
  Max 0.00026548420677802913
  Avg 0.00024792564140041
  Std 9.832313600382075e-06
-- Generation 21 --
  Evaluated 70 individuals
  Min 0.0002147725484682805
  Max 0.00026548420677802913
  Avg 0.0002491061778704752
  Std 9.765866424611865e-06
-- Generation 22 --
  Evaluated 68 individuals
  Min 0.00023344721653785646
  Max 0.00026548420677802913
  Avg 0.00025021219438132764
  Std 9.666619895404433e-06
-- Generation 23 --
  Evaluated 68 individuals
  Min 0.00023054153158371359
  Max 0.00026548420677802913
  Avg 0.0002499132598982266
  Std 1.0097464452513694e-05
-- Generation 24 --
  Evaluated 67 individuals
  Min 0.00023344721653785646
  Max 0.00026548420677802913
  Avg 0.00024955797887095957
  Std 9.454382021974413e-06
-- Generation 25 --
  Evaluated 70 individuals
  Min 0.00022694113583327741
  Max 0.00026548420677802913
  Avg 0.0002499878918514356
  Std 9.38253398577372e-06
-- Generation 26 --
  Evaluated 69 individuals
  Min 0.000230591102163964
  Max 0.00026548420677802913
  Avg 0.0002495959381512403
  Std 8.984129132449985e-06
-- Generation 27 --
  Evaluated 68 individuals
  Min 0.000230591102163964
  Max 0.00026548420677802913
  Avg 0.0002496322997260944
  Std 9.006249885686352e-06
-- Generation 28 --
  Evaluated 62 individuals
  Min 0.00023344721653785646
  Max 0.00026548420677802913
  Avg 0.00024919827639939025
  Std 8.983421840184147e-06
-- Generation 29 --
  Evaluated 71 individuals
  Min 0.00023344721653785646
  Max 0.00026548420677802913
  Avg 0.00025038848574553466
  Std 9.701767784523848e-06
-- Generation 30 --
  Evaluated 73 individuals
  Min 0.00023037658080886028
  Max 0.00026548420677802913
  Avg 0.00024982428471121115
  Std 1.0409517326894708e-05
-- Generation 31 --
  Evaluated 70 individuals
  Min 0.00023037658080886028
  Max 0.00026548420677802913
  Avg 0.0002497387420745108
  Std 1.0763666143928887e-05
-- Generation 32 --
  Evaluated 68 individuals
  Min 0.00023344721653785646
  Max 0.0002677604267099692
  Avg 0.0002499028247276654
  Std 1.126610175184765e-05
-- Generation 33 --
  Evaluated 68 individuals
  Min 0.00023344721653785646
  Max 0.0002677604267099692
  Avg 0.00025172679322469976
  Std 1.1597779034855404e-05
-- Generation 34 --
  Evaluated 68 individuals
  Min 0.00021724814114506988
  Max 0.0002677604267099692
  Avg 0.00025340655780205343
  Std 1.3116118943689658e-05
-- Generation 35 --
  Evaluated 64 individuals
  Min 0.00021724814114506988
  Max 0.0002677604267099692
  Avg 0.0002560897200348582
  Std 1.2615088224517153e-05
-- Generation 36 --
  Evaluated 70 individuals
  Min 0.00021724814114506988
  Max 0.0002677604267099692
  Avg 0.00025615065718058796
  Std 1.3207747268588705e-05
-- Generation 37 --
  Evaluated 78 individuals
  Min 0.00021724814114506988
  Max 0.0002677604267099692
  Avg 0.0002514988477389352
  Std 1.5702782908224666e-05
-- Generation 38 --
  Evaluated 72 individuals
  Min 0.00021724814114506988
  Max 0.0002677604267099692
  Avg 0.0002535012717245461
  Std 1.4530302696982993e-05
-- Generation 39 --
  Evaluated 62 individuals
  Min 0.00021724814114506988
  Max 0.0002677604267099692
  Avg 0.00025341192802964113
  Std 1.4343894347415363e-05
-- Generation 40 --
  Evaluated 72 individuals
  Min 0.00021724814114506988
  Max 0.0002677604267099692
  Avg 0.00025400984574441274
  Std 1.4558904656717019e-05
-- Generation 41 --
  Evaluated 65 individuals
  Min 0.00021724814114506988
  Max 0.0002677604267099692
  Avg 0.0002528572953647816
  Std 1.5267252246035523e-05
-- Generation 42 --
  Evaluated 67 individuals
  Min 0.00021724814114506988
  Max 0.0002677604267099692
  Avg 0.0002517003842926397
  Std 1.560574352417053e-05
-- Generation 43 --
  Evaluated 72 individuals
  Min 0.00021724814114506988
  Max 0.0002677604267099692
  Avg 0.0002522107281850795
  Std 1.5183008746346141e-05
-- Generation 44 --
  Evaluated 71 individuals
  Min 0.0002147725484682805
  Max 0.0002677604267099692
  Avg 0.0002495978387594106
  Std 1.6174608545156132e-05
-- Generation 45 --
  Evaluated 71 individuals
  Min 0.0002138450522123099
  Max 0.0002677604267099692
  Avg 0.00025222709450766444
  Std 1.5532684006084116e-05
-- Generation 46 --
  Evaluated 77 individuals
  Min 0.0002147725484682805
  Max 0.0002677604267099692
  Avg 0.0002534682860796235
  Std 1.4583233826578297e-05
-- Generation 47 --
  Evaluated 74 individuals
  Min 0.00021724814114506988
  Max 0.0002677604267099692
  Avg 0.0002557246062010319
  Std 1.2604765169914827e-05
-- Generation 48 --
  Evaluated 74 individuals
  Min 0.00021724814114506988
  Max 0.0002677604267099692
  Avg 0.00025487186802063686
  Std 1.4703047271170102e-05
-- Generation 49 --
  Evaluated 70 individuals
  Min 0.00021724814114506988
  Max 0.0002677604267099692
  Avg 0.0002593166763657076
  Std 1.1763831573221845e-05
-- End of (successful) evolution --
Best individual: [2, 1, 3, 5, 4]
Fitness: 0.0002677604267099692
  Vehicle 1's route: 0 - 2 - 1 - 3 - 0
  Vehicle 2's route: 0 - 5 - 4 - 0
Total cost: 3734.681828406155
Write to file: E:\WorkSpace\FURP-2026-Ziru-Huang-EVRP-TW\py-ga-VRPTW\results\c101C5_uC8.0_iC100.0_wC1.0_dC1.5_iS5_pS80_cP0.85_mP0.02_nG50.csv
Path: E:\WorkSpace\FURP-2026-Ziru-Huang-EVRP-TW\py-ga-VRPTW\results\c101C5_uC8.0_iC100.0_wC1.0_dC1.5_iS5_pS80_cP0.85_mP0.02_nG50.csv does not exist.
