File: E:\WorkSpace\FURP-2026-Ziru-Huang-EVRP-TW\py-ga-VRPTW\data\json_customize\rc105C5.json exists.
Start of evolution
  Evaluated 80 individuals
-- Generation 0 --
  Evaluated 60 individuals
  Min 0.0003566238104054549
  Max 0.00047424968607944217
  Avg 0.00040518243918555964
  Std 2.5465466126039752e-05
-- Generation 1 --
  Evaluated 68 individuals
  Min 0.0003566238104054549
  Max 0.00047424968607944217
  Avg 0.0004085909784668467
  Std 2.65710901755181e-05
-- Generation 2 --
  Evaluated 74 individuals
  Min 0.0003566238104054549
  Max 0.00047424968607944217
  Avg 0.0004135479440401312
  Std 2.8285029435235514e-05
-- Generation 3 --
  Evaluated 74 individuals
  Min 0.00036236000277041914
  Max 0.00047424968607944217
  Avg 0.0004121028235915442
  Std 2.5736264612088716e-05
-- Generation 4 --
  Evaluated 70 individuals
  Min 0.00036236000277041914
  Max 0.00047424968607944217
  Avg 0.0004116595091732384
  Std 2.598702921834469e-05
-- Generation 5 --
  Evaluated 68 individuals
  Min 0.00036236000277041914
  Max 0.00047424968607944217
  Avg 0.00041570157854258443
  Std 2.3626581459419178e-05
-- Generation 6 --
  Evaluated 68 individuals
  Min 0.00036236000277041914
  Max 0.00047424968607944217
  Avg 0.00041810666258519993
  Std 2.5222518224361288e-05
-- Generation 7 --
  Evaluated 68 individuals
  Min 0.00036236000277041914
  Max 0.00047424968607944217
  Avg 0.00041703216299041914
  Std 2.7723860568893244e-05
-- Generation 8 --
  Evaluated 67 individuals
  Min 0.00036236000277041914
  Max 0.00047424968607944217
  Avg 0.0004264443738611126
  Std 3.156332373524074e-05
-- Generation 9 --
  Evaluated 66 individuals
  Min 0.00036236000277041914
  Max 0.00047424968607944217
  Avg 0.00043194264978374763
  Std 2.421943755176816e-05
-- Generation 10 --
  Evaluated 70 individuals
  Min 0.0003677384945019985
  Max 0.00047424968607944217
  Avg 0.00043204761652602356
  Std 2.1983052491374782e-05
-- Generation 11 --
  Evaluated 70 individuals
  Min 0.0003677384945019985
  Max 0.00047424968607944217
  Avg 0.0004308909046546962
  Std 2.2375030053991585e-05
-- Generation 12 --
  Evaluated 64 individuals
  Min 0.0003677384945019985
  Max 0.00047424968607944217
  Avg 0.00043240262153273486
  Std 2.1907970504471243e-05
-- Generation 13 --
  Evaluated 65 individuals
  Min 0.0003677384945019985
  Max 0.00047424968607944217
  Avg 0.00043587278220213685
  Std 2.32036210296715e-05
-- Generation 14 --
  Evaluated 66 individuals
  Min 0.00036059163890935365
  Max 0.00047424968607944217
  Avg 0.00044013195927113954
  Std 2.1858096639800288e-05
-- Generation 15 --
  Evaluated 58 individuals
  Min 0.00039850431286277664
  Max 0.00047424968607944217
  Avg 0.00043993439107027616
  Std 2.099653287053451e-05
-- Generation 16 --
  Evaluated 73 individuals
  Min 0.0003636792825064704
  Max 0.00047424968607944217
  Avg 0.00043911541537304115
  Std 2.3509429674398158e-05
-- Generation 17 --
  Evaluated 70 individuals
  Min 0.0003954329972627234
  Max 0.00047424968607944217
  Avg 0.00044124023515255387
  Std 2.3043670856659323e-05
-- Generation 18 --
  Evaluated 78 individuals
  Min 0.0003954329972627234
  Max 0.00047424968607944217
  Avg 0.00044102383813289053
  Std 2.1314966259040153e-05
-- Generation 19 --
  Evaluated 74 individuals
  Min 0.0003954329972627234
  Max 0.00047424968607944217
  Avg 0.0004441620666824077
  Std 2.129504672147983e-05
-- Generation 20 --
  Evaluated 76 individuals
  Min 0.000417924078868823
  Max 0.00047424968607944217
  Avg 0.00044907532703363775
  Std 2.0622058600555262e-05
-- Generation 21 --
  Evaluated 70 individuals
  Min 0.00041544373608461116
  Max 0.00047424968607944217
  Avg 0.0004497588260846144
  Std 2.013290308808225e-05
-- Generation 22 --
  Evaluated 68 individuals
  Min 0.000417924078868823
  Max 0.00047424968607944217
  Avg 0.00045156511939171496
  Std 1.9223777073336022e-05
-- Generation 23 --
  Evaluated 68 individuals
  Min 0.00039850431286277664
  Max 0.00047424968607944217
  Avg 0.0004508450301296623
  Std 1.9659285820094862e-05
-- Generation 24 --
  Evaluated 67 individuals
  Min 0.0003916307097428341
  Max 0.00047424968607944217
  Avg 0.0004493167313068446
  Std 1.913666966246626e-05
-- Generation 25 --
  Evaluated 70 individuals
  Min 0.0004126035203098519
  Max 0.00047424968607944217
  Avg 0.00045182738020154106
  Std 1.7933396851782795e-05
-- Generation 26 --
  Evaluated 69 individuals
  Min 0.0004206637348900171
  Max 0.0004789716561415939
  Avg 0.0004532635622133332
  Std 1.6979525838049516e-05
-- Generation 27 --
  Evaluated 68 individuals
  Min 0.0004206637348900171
  Max 0.00047424968607944217
  Avg 0.0004541896452993731
  Std 1.7150551572440903e-05
-- Generation 28 --
  Evaluated 62 individuals
  Min 0.0003975606070320411
  Max 0.00047424968607944217
  Avg 0.0004516062448397689
  Std 1.8193827151460962e-05
-- Generation 29 --
  Evaluated 71 individuals
  Min 0.0003975606070320411
  Max 0.00047424968607944217
  Avg 0.0004520323416332066
  Std 2.15003754618638e-05
-- Generation 30 --
  Evaluated 73 individuals
  Min 0.0003916307097428341
  Max 0.0004789716561415939
  Avg 0.000450937757768356
  Std 2.3689169494736673e-05
-- Generation 31 --
  Evaluated 70 individuals
  Min 0.0003916307097428341
  Max 0.0004789716561415939
  Avg 0.000450039346668388
  Std 2.3752005872966588e-05
-- Generation 32 --
  Evaluated 68 individuals
  Min 0.0003975606070320411
  Max 0.0004789716561415939
  Avg 0.00044860798645910153
  Std 2.409803116723183e-05
-- Generation 33 --
  Evaluated 68 individuals
  Min 0.0003975606070320411
  Max 0.0004789716561415939
  Avg 0.0004526173187610162
  Std 2.201608481765297e-05
-- Generation 34 --
  Evaluated 68 individuals
  Min 0.0003916307097428341
  Max 0.0004789716561415939
  Avg 0.00045424740769613745
  Std 2.468698198669798e-05
-- Generation 35 --
  Evaluated 64 individuals
  Min 0.0003916307097428341
  Max 0.0004789716561415939
  Avg 0.0004590210944548913
  Std 2.2754068488385776e-05
-- Generation 36 --
  Evaluated 70 individuals
  Min 0.0003916307097428341
  Max 0.0004789716561415939
  Avg 0.00045894262691206355
  Std 2.4416332971443557e-05
-- Generation 37 --
  Evaluated 78 individuals
  Min 0.0003916307097428341
  Max 0.0004789716561415939
  Avg 0.000451318886317802
  Std 2.8225021753129756e-05
-- Generation 38 --
  Evaluated 72 individuals
  Min 0.0003916307097428341
  Max 0.0004789716561415939
  Avg 0.0004554212705926039
  Std 2.4466197532868283e-05
-- Generation 39 --
  Evaluated 62 individuals
  Min 0.0003916307097428341
  Max 0.0004789716561415939
  Avg 0.0004556001848713438
  Std 2.3531911845438473e-05
-- Generation 40 --
  Evaluated 72 individuals
  Min 0.0003916307097428341
  Max 0.0004789716561415939
  Avg 0.0004570991958010778
  Std 2.3129171855428005e-05
-- Generation 41 --
  Evaluated 65 individuals
  Min 0.0003916307097428341
  Max 0.0004789716561415939
  Avg 0.0004559567715176005
  Std 2.4155016349751754e-05
-- Generation 42 --
  Evaluated 67 individuals
  Min 0.0003916307097428341
  Max 0.0004789716561415939
  Avg 0.00045298913275820357
  Std 2.5889698397920207e-05
-- Generation 43 --
  Evaluated 72 individuals
  Min 0.0003916307097428341
  Max 0.0004789716561415939
  Avg 0.00045406939855640975
  Std 2.4940872184547904e-05
-- Generation 44 --
  Evaluated 71 individuals
  Min 0.0003916307097428341
  Max 0.0004789716561415939
  Avg 0.000449746529918149
  Std 2.6288235317216623e-05
-- Generation 45 --
  Evaluated 71 individuals
  Min 0.0003566238104054549
  Max 0.0004789716561415939
  Avg 0.0004541552008624901
  Std 2.67317863816452e-05
-- Generation 46 --
  Evaluated 77 individuals
  Min 0.00038460187711549307
  Max 0.0004789716561415939
  Avg 0.00045594265608917646
  Std 2.5210876381119405e-05
-- Generation 47 --
  Evaluated 74 individuals
  Min 0.00038460187711549307
  Max 0.0004789716561415939
  Avg 0.0004590379213092963
  Std 2.2795543780978214e-05
-- Generation 48 --
  Evaluated 74 individuals
  Min 0.00038460187711549307
  Max 0.0004789716561415939
  Avg 0.00045731409072729753
  Std 2.685472209519742e-05
-- Generation 49 --
  Evaluated 70 individuals
  Min 0.00038460187711549307
  Max 0.0004789716561415939
  Avg 0.00046381989769652765
  Std 2.2209169992660787e-05
-- End of (successful) evolution --
Best individual: [1, 2, 5, 3, 4]
Fitness: 0.0004789716561415939
  Vehicle 1's route: 0 - 1 - 2 - 0
  Vehicle 2's route: 0 - 5 - 3 - 4 - 0
Total cost: 2087.806213953461
Write to file: E:\WorkSpace\FURP-2026-Ziru-Huang-EVRP-TW\py-ga-VRPTW\results\rc105C5_uC8.0_iC100.0_wC1.0_dC1.5_iS5_pS80_cP0.85_mP0.02_nG50.csv
Path: E:\WorkSpace\FURP-2026-Ziru-Huang-EVRP-TW\py-ga-VRPTW\results\rc105C5_uC8.0_iC100.0_wC1.0_dC1.5_iS5_pS80_cP0.85_mP0.02_nG50.csv does not exist.
