File: /Users/emt/Workspace/FURP-2026-Ziru-Huang-EVRP-TW/py-ga-VRPTW/data/json/C101.json exists.
Start of evolution
  Evaluated 80 individuals
-- Generation 0 --
  Evaluated 72 individuals
  Min 0.0012319446264971762
  Max 0.001883587492352819
  Avg 0.0014808801102390908
  Std 0.00012725167174907107
-- Generation 1 --
  Evaluated 68 individuals
  Min 0.0012742472793853441
  Max 0.001883587492352819
  Avg 0.0015184786537534147
  Std 0.00013803368111813932
-- Generation 2 --
  Evaluated 68 individuals
  Min 0.0012742472793853441
  Max 0.001883587492352819
  Avg 0.00154293301194054
  Std 0.0001665812302750332
-- Generation 3 --
  Evaluated 68 individuals
  Min 0.0012742472793853441
  Max 0.001883587492352819
  Avg 0.0015524635386578362
  Std 0.00017178616406586097
-- Generation 4 --
  Evaluated 64 individuals
  Min 0.0012742472793853441
  Max 0.001883587492352819
  Avg 0.0015656651182238853
  Std 0.0001860156443041086
-- Generation 5 --
  Evaluated 72 individuals
  Min 0.0012742472793853441
  Max 0.001883587492352819
  Avg 0.0015856381087876316
  Std 0.00019440923612731704
-- Generation 6 --
  Evaluated 70 individuals
  Min 0.0012742472793853441
  Max 0.001883587492352819
  Avg 0.0015844261859574895
  Std 0.00018429693321049442
-- Generation 7 --
  Evaluated 68 individuals
  Min 0.0012742472793853441
  Max 0.001883587492352819
  Avg 0.0015684637242724734
  Std 0.00018518689989386426
-- Generation 8 --
  Evaluated 70 individuals
  Min 0.0012742472793853441
  Max 0.001883587492352819
  Avg 0.0015691316681464913
  Std 0.0001744727113526051
-- Generation 9 --
  Evaluated 70 individuals
  Min 0.0014042298257384118
  Max 0.001883587492352819
  Avg 0.0016258500613266376
  Std 0.00018395257164290234
-- Generation 10 --
  Evaluated 65 individuals
  Min 0.0014042298257384118
  Max 0.001887796867522819
  Avg 0.0016713301987641433
  Std 0.00019394611487546975
-- Generation 11 --
  Evaluated 70 individuals
  Min 0.0012332332095459425
  Max 0.001883587492352819
  Avg 0.0016227126289158713
  Std 0.00018330313650042872
-- Generation 12 --
  Evaluated 72 individuals
  Min 0.0012332332095459425
  Max 0.001883587492352819
  Avg 0.0016324629700223265
  Std 0.00018833859852352536
-- Generation 13 --
  Evaluated 68 individuals
  Min 0.0012332332095459425
  Max 0.001883587492352819
  Avg 0.001678692958487565
  Std 0.00020571640988508369
-- Generation 14 --
  Evaluated 54 individuals
  Min 0.001431318900160492
  Max 0.001883587492352819
  Avg 0.0016969208428100565
  Std 0.00018280017166779443
-- Generation 15 --
  Evaluated 78 individuals
  Min 0.0013781992317820585
  Max 0.001883587492352819
  Avg 0.0017300209636027107
  Std 0.00018003766142390338
-- Generation 16 --
  Evaluated 68 individuals
  Min 0.0013781992317820585
  Max 0.001883587492352819
  Avg 0.0017259953781681467
  Std 0.00019014169302983727
-- Generation 17 --
  Evaluated 71 individuals
  Min 0.001283373716048681
  Max 0.001883587492352819
  Avg 0.001762523548475943
  Std 0.0001793294859304706
-- Generation 18 --
  Evaluated 70 individuals
  Min 0.0013781992317820585
  Max 0.001883587492352819
  Avg 0.0017613489044598664
  Std 0.00017753705755093715
-- Generation 19 --
  Evaluated 60 individuals
  Min 0.0013781992317820585
  Max 0.001883587492352819
  Avg 0.0017437970369118584
  Std 0.00017795412737632872
-- Generation 20 --
  Evaluated 78 individuals
  Min 0.0013781992317820585
  Max 0.001883587492352819
  Avg 0.0017691410663214033
  Std 0.0001669933402570367
-- Generation 21 --
  Evaluated 68 individuals
  Min 0.0013582436379201085
  Max 0.001883587492352819
  Avg 0.0017552609254280244
  Std 0.00016787723281650702
-- Generation 22 --
  Evaluated 64 individuals
  Min 0.0012890929925002711
  Max 0.001996547560113303
  Avg 0.001774289067050899
  Std 0.00015648901991569935
-- Generation 23 --
  Evaluated 66 individuals
  Min 0.0014200613461511041
  Max 0.001996547560113303
  Avg 0.0017906823568186864
  Std 0.0001420169097596448
-- Generation 24 --
  Evaluated 74 individuals
  Min 0.0014890481450452078
  Max 0.001996547560113303
  Avg 0.0018034900651389615
  Std 0.0001408159126155491
-- Generation 25 --
  Evaluated 64 individuals
  Min 0.0013969949953944057
  Max 0.00201120671214221
  Avg 0.0017964691781234333
  Std 0.00014911552350955524
-- Generation 26 --
  Evaluated 68 individuals
  Min 0.0013969949953944057
  Max 0.00201120671214221
  Avg 0.0018204790321595325
  Std 0.0001392512829258226
-- Generation 27 --
  Evaluated 70 individuals
  Min 0.0013015999488768344
  Max 0.00201120671214221
  Avg 0.001800859805806862
  Std 0.00017307080056862316
-- Generation 28 --
  Evaluated 70 individuals
  Min 0.0014558577436182664
  Max 0.00201120671214221
  Avg 0.0018328034603473631
  Std 0.00013446149707603932
-- Generation 29 --
  Evaluated 66 individuals
  Min 0.0014558577436182664
  Max 0.00201120671214221
  Avg 0.0018550047633797834
  Std 0.00013267562454142973
-- Generation 30 --
  Evaluated 64 individuals
  Min 0.0012777912911327621
  Max 0.00201120671214221
  Avg 0.0018781703378348527
  Std 0.0001169877356404261
-- Generation 31 --
  Evaluated 66 individuals
  Min 0.0012318528795716899
  Max 0.00201120671214221
  Avg 0.0018791522030931012
  Std 0.00012364577040663638
-- Generation 32 --
  Evaluated 68 individuals
  Min 0.0015233002023030517
  Max 0.00201120671214221
  Avg 0.0018958126451535013
  Std 7.980687598494367e-05
-- Generation 33 --
  Evaluated 74 individuals
  Min 0.0013456951879387178
  Max 0.00201120671214221
  Avg 0.0019071757387876267
  Std 9.13739715449603e-05
-- Generation 34 --
  Evaluated 69 individuals
  Min 0.0015171127576901085
  Max 0.00201120671214221
  Avg 0.001909092696004836
  Std 7.697056705434236e-05
-- Generation 35 --
  Evaluated 72 individuals
  Min 0.0017463818698039847
  Max 0.00201120671214221
  Avg 0.0019027013224861757
  Std 6.860778875909828e-05
-- Generation 36 --
  Evaluated 69 individuals
  Min 0.0013356399802788674
  Max 0.00201120671214221
  Avg 0.0019061979757979634
  Std 0.00011482488729782274
-- Generation 37 --
  Evaluated 66 individuals
  Min 0.0013024553928110076
  Max 0.00201120671214221
  Avg 0.0018935528560151248
  Std 0.00016185198326865193
-- Generation 38 --
  Evaluated 66 individuals
  Min 0.0013024553928110076
  Max 0.00201120671214221
  Avg 0.0018960219187930138
  Std 0.00014852681576383857
-- Generation 39 --
  Evaluated 71 individuals
  Min 0.0013024553928110076
  Max 0.00201120671214221
  Avg 0.0018736153495455237
  Std 0.00016919060908692274
-- Generation 40 --
  Evaluated 58 individuals
  Min 0.0013024553928110076
  Max 0.00201120671214221
  Avg 0.0018656310297460582
  Std 0.0001779710990857417
-- Generation 41 --
  Evaluated 74 individuals
  Min 0.0013024553928110076
  Max 0.00201120671214221
  Avg 0.001884255101970313
  Std 0.0001629084392169491
-- Generation 42 --
  Evaluated 74 individuals
  Min 0.0013024553928110076
  Max 0.00201120671214221
  Avg 0.0019029257145751384
  Std 0.00015521861310357517
-- Generation 43 --
  Evaluated 70 individuals
  Min 0.0013356399802788674
  Max 0.00201120671214221
  Avg 0.001925038010489372
  Std 0.0001051473111600422
-- Generation 44 --
  Evaluated 69 individuals
  Min 0.0013000479607831528
  Max 0.00201120671214221
  Avg 0.0019254439042532792
  Std 0.00011813903831925822
-- Generation 45 --
  Evaluated 67 individuals
  Min 0.0013000479607831528
  Max 0.00201120671214221
  Avg 0.0019122160243751803
  Std 0.00013845277751712296
-- Generation 46 --
  Evaluated 54 individuals
  Min 0.0013000479607831528
  Max 0.00201120671214221
  Avg 0.0019235711977113178
  Std 0.00013593769713144774
-- Generation 47 --
  Evaluated 70 individuals
  Min 0.0012910637742737665
  Max 0.00201120671214221
  Avg 0.0019239442706823567
  Std 9.215394577440524e-05
-- Generation 48 --
  Evaluated 72 individuals
  Min 0.0018451701912118395
  Max 0.00201120671214221
  Avg 0.0019274276399615226
  Std 5.89587278998552e-05
-- Generation 49 --
  Evaluated 66 individuals
  Min 0.0013492507339248078
  Max 0.00201120671214221
  Avg 0.0019093845482115724
  Std 8.341987342092769e-05
-- End of (successful) evolution --
Best individual: [20, 15, 8, 11, 17, 19, 16, 2, 5, 13, 18, 9, 12, 3, 7, 14, 6, 10, 4, 1]
Fitness: 0.00201120671214221
  Vehicle 1's route: 0 - 20 - 15 - 0
  Vehicle 2's route: 0 - 8 - 11 - 0
  Vehicle 3's route: 0 - 17 - 19 - 16 - 2 - 0
  Vehicle 4's route: 0 - 5 - 0
  Vehicle 5's route: 0 - 13 - 18 - 9 - 12 - 0
  Vehicle 6's route: 0 - 3 - 7 - 14 - 6 - 0
  Vehicle 7's route: 0 - 10 - 4 - 1 - 0
Total cost: 497.21393328827116
Write to file: /Users/emt/Workspace/FURP-2026-Ziru-Huang-EVRP-TW/py-ga-VRPTW/results/C101_uC1.0_iC0.0_wC0.0_dC0.0_iS20_pS80_cP0.85_mP0.02_nG50.csv
Path: /Users/emt/Workspace/FURP-2026-Ziru-Huang-EVRP-TW/py-ga-VRPTW/results/C101_uC1.0_iC0.0_wC0.0_dC0.0_iS20_pS80_cP0.85_mP0.02_nG50.csv does not exist.
copied_csv: src/results/week3_ind2route_hard_tw/raw/pyga_C101_20_seed114514.csv
run_py_ga_vrptw_ok: True
