File: /Users/emt/Workspace/FURP-2026-Ziru-Huang-EVRP-TW/py-ga-VRPTW/data/json/C101.json exists.
Start of evolution
  Evaluated 80 individuals
-- Generation 0 --
  Evaluated 62 individuals
  Min 0.0012132396829193418
  Max 0.0018418697547060762
  Avg 0.001493640305141855
  Std 0.00016733824235585972
-- Generation 1 --
  Evaluated 78 individuals
  Min 0.0012302849678744537
  Max 0.0018258621496289606
  Avg 0.0015321284855007345
  Std 0.00017218780852645433
-- Generation 2 --
  Evaluated 64 individuals
  Min 0.001231761373053554
  Max 0.0018258621496289606
  Avg 0.0015289587645581691
  Std 0.00017463036345024112
-- Generation 3 --
  Evaluated 70 individuals
  Min 0.001231761373053554
  Max 0.0018258621496289606
  Avg 0.0015316172432016442
  Std 0.00018737849381042658
-- Generation 4 --
  Evaluated 66 individuals
  Min 0.0012737289658485047
  Max 0.0018117068586421465
  Avg 0.0015481582013965496
  Std 0.00018156759308808918
-- Generation 5 --
  Evaluated 70 individuals
  Min 0.0012737289658485047
  Max 0.0018117068586421465
  Avg 0.0015884536452821895
  Std 0.00017962870441034354
-- Generation 6 --
  Evaluated 66 individuals
  Min 0.0012658484183453585
  Max 0.0018117068586421465
  Avg 0.0015972618609594973
  Std 0.00018650502334910832
-- Generation 7 --
  Evaluated 64 individuals
  Min 0.0012658484183453585
  Max 0.0018117068586421465
  Avg 0.0016217981623054916
  Std 0.00018313885280077548
-- Generation 8 --
  Evaluated 62 individuals
  Min 0.0012658484183453585
  Max 0.0018117068586421465
  Avg 0.001681252809458943
  Std 0.00015590705415211318
-- Generation 9 --
  Evaluated 70 individuals
  Min 0.0012658484183453585
  Max 0.0018117068586421465
  Avg 0.0016932742942941399
  Std 0.00013675180095833086
-- Generation 10 --
  Evaluated 78 individuals
  Min 0.0012658484183453585
  Max 0.0018299365093593955
  Avg 0.0016989802979755276
  Std 0.00013783869405233702
-- Generation 11 --
  Evaluated 66 individuals
  Min 0.0012658484183453585
  Max 0.0018299365093593955
  Avg 0.0017340211228144792
  Std 0.00011971510609394089
-- Generation 12 --
  Evaluated 73 individuals
  Min 0.00122334901794806
  Max 0.0018117068586421465
  Avg 0.0017538634102152873
  Std 9.628477502937114e-05
-- Generation 13 --
  Evaluated 63 individuals
  Min 0.0014256086249812066
  Max 0.0018117068586421465
  Avg 0.0017397122853710333
  Std 9.432974498214315e-05
-- Generation 14 --
  Evaluated 60 individuals
  Min 0.0014256086249812066
  Max 0.0018117068586421465
  Avg 0.001735703458690254
  Std 9.294660320056144e-05
-- Generation 15 --
  Evaluated 67 individuals
  Min 0.0014256086249812066
  Max 0.0018117068586421465
  Avg 0.001718370571211697
  Std 0.0001002533424881719
-- Generation 16 --
  Evaluated 68 individuals
  Min 0.0014464484986944552
  Max 0.0018117068586421465
  Avg 0.0017267911655744338
  Std 9.993629063509515e-05
-- Generation 17 --
  Evaluated 64 individuals
  Min 0.0014464484986944552
  Max 0.0018117068586421465
  Avg 0.0017276547148949704
  Std 9.584888280427264e-05
-- Generation 18 --
  Evaluated 64 individuals
  Min 0.0014108004256582743
  Max 0.0018117068586421465
  Avg 0.0017199298318537673
  Std 0.00010287634368951304
-- Generation 19 --
  Evaluated 72 individuals
  Min 0.0014108004256582743
  Max 0.0018117068586421465
  Avg 0.0017208882261365642
  Std 0.00010382987866851341
-- Generation 20 --
  Evaluated 72 individuals
  Min 0.00137676889969636
  Max 0.0018117068586421465
  Avg 0.0017127526194407317
  Std 0.00010514107013276586
-- Generation 21 --
  Evaluated 74 individuals
  Min 0.001312877191404265
  Max 0.0018117068586421465
  Avg 0.0017131207393212794
  Std 0.00010144599640579885
-- Generation 22 --
  Evaluated 70 individuals
  Min 0.001312877191404265
  Max 0.0018117068586421465
  Avg 0.0017243565923477984
  Std 9.755040435367968e-05
-- Generation 23 --
  Evaluated 70 individuals
  Min 0.001312877191404265
  Max 0.0018117068586421465
  Avg 0.001721243770381007
  Std 0.00011007186518260888
-- Generation 24 --
  Evaluated 74 individuals
  Min 0.001304569691059858
  Max 0.0018117068586421465
  Avg 0.001702195321282902
  Std 0.0001285292055516582
-- Generation 25 --
  Evaluated 70 individuals
  Min 0.001312877191404265
  Max 0.0018117068586421465
  Avg 0.0017195141901493456
  Std 0.00011903176367142145
-- Generation 26 --
  Evaluated 72 individuals
  Min 0.001317826701177754
  Max 0.0018117068586421465
  Avg 0.001690204480182391
  Std 0.00014404674917363513
-- Generation 27 --
  Evaluated 64 individuals
  Min 0.001317826701177754
  Max 0.0018117068586421465
  Avg 0.0017058792231489609
  Std 0.00013606817409316841
-- Generation 28 --
  Evaluated 64 individuals
  Min 0.001317826701177754
  Max 0.0018117068586421465
  Avg 0.0017289283209347317
  Std 0.00010437176492442353
-- Generation 29 --
  Evaluated 70 individuals
  Min 0.0014834741377982804
  Max 0.0018117068586421465
  Avg 0.001731312080615362
  Std 8.358805917846648e-05
-- Generation 30 --
  Evaluated 67 individuals
  Min 0.0014834741377982804
  Max 0.0018117068586421465
  Avg 0.0017242067515376974
  Std 9.13163831300888e-05
-- Generation 31 --
  Evaluated 64 individuals
  Min 0.0014834741377982804
  Max 0.0018117068586421465
  Avg 0.0017269832844456958
  Std 8.32156822223765e-05
-- Generation 32 --
  Evaluated 68 individuals
  Min 0.0016365260372935148
  Max 0.0018117068586421465
  Avg 0.0017281638788046003
  Std 7.994316019398986e-05
-- Generation 33 --
  Evaluated 75 individuals
  Min 0.0015410912907680636
  Max 0.0018117068586421465
  Avg 0.001739450651993929
  Std 7.992648197997448e-05
-- Generation 34 --
  Evaluated 66 individuals
  Min 0.0014653790951363332
  Max 0.0018117068586421465
  Avg 0.0017358046361306344
  Std 8.406973954946306e-05
-- Generation 35 --
  Evaluated 60 individuals
  Min 0.0016365260372935148
  Max 0.0018117068586421465
  Avg 0.0017345219870654317
  Std 7.329579226886254e-05
-- Generation 36 --
  Evaluated 65 individuals
  Min 0.0014994240535805886
  Max 0.0018117068586421465
  Avg 0.001746631620727299
  Std 7.457673236566473e-05
-- Generation 37 --
  Evaluated 62 individuals
  Min 0.0014994240535805886
  Max 0.0018117068586421465
  Avg 0.001743857692415243
  Std 7.527944418411163e-05
-- Generation 38 --
  Evaluated 72 individuals
  Min 0.0014670731364811473
  Max 0.0018117068586421465
  Avg 0.0017468849121607354
  Std 8.279913028486709e-05
-- Generation 39 --
  Evaluated 69 individuals
  Min 0.00131045559170717
  Max 0.0018117068586421465
  Avg 0.001751095656819331
  Std 9.375440846482942e-05
-- Generation 40 --
  Evaluated 70 individuals
  Min 0.00131045559170717
  Max 0.0018117068586421465
  Avg 0.0017512097731084933
  Std 0.00011524836744324448
-- Generation 41 --
  Evaluated 70 individuals
  Min 0.00131045559170717
  Max 0.0018117068586421465
  Avg 0.0017590189839709227
  Std 0.00011260168051138624
-- Generation 42 --
  Evaluated 68 individuals
  Min 0.00131045559170717
  Max 0.0018117068586421465
  Avg 0.0017668015543941997
  Std 9.242030793041424e-05
-- Generation 43 --
  Evaluated 60 individuals
  Min 0.0015329655268007823
  Max 0.0018117068586421465
  Avg 0.0017728937617110293
  Std 6.638409787179443e-05
-- Generation 44 --
  Evaluated 66 individuals
  Min 0.0016255086949040374
  Max 0.0018117068586421465
  Avg 0.001767226568732318
  Std 6.69797661868891e-05
-- Generation 45 --
  Evaluated 74 individuals
  Min 0.001540485523868736
  Max 0.0018117068586421465
  Avg 0.0017698608300395393
  Std 6.617410392058135e-05
-- Generation 46 --
  Evaluated 75 individuals
  Min 0.0013453897051830697
  Max 0.0018117068586421465
  Avg 0.0017526101038353946
  Std 8.432347140841932e-05
-- Generation 47 --
  Evaluated 74 individuals
  Min 0.0013453897051830697
  Max 0.0018117068586421465
  Avg 0.001759131446361853
  Std 8.598105237540034e-05
-- Generation 48 --
  Evaluated 72 individuals
  Min 0.0013453897051830697
  Max 0.0018117068586421465
  Avg 0.0017607876879162383
  Std 8.182975970387817e-05
-- Generation 49 --
  Evaluated 66 individuals
  Min 0.0016082668662917006
  Max 0.0018117068586421465
  Avg 0.0017571785839286872
  Std 7.202688640988574e-05
-- End of (successful) evolution --
Best individual: [7, 6, 8, 18, 16, 4, 19, 3, 9, 20, 11, 17, 14, 12, 2, 13, 15, 5, 10, 1]
Fitness: 0.0018117068586421465
  Vehicle 1's route: 0 - 7 - 6 - 0
  Vehicle 2's route: 0 - 8 - 0
  Vehicle 3's route: 0 - 18 - 16 - 4 - 0
  Vehicle 4's route: 0 - 19 - 0
  Vehicle 5's route: 0 - 3 - 9 - 0
  Vehicle 6's route: 0 - 20 - 11 - 0
  Vehicle 7's route: 0 - 17 - 14 - 12 - 2 - 0
  Vehicle 8's route: 0 - 13 - 15 - 0
  Vehicle 9's route: 0 - 5 - 10 - 1 - 0
Total cost: 551.965675478807
Write to file: /Users/emt/Workspace/FURP-2026-Ziru-Huang-EVRP-TW/py-ga-VRPTW/results/C101_uC1.0_iC0.0_wC0.0_dC0.0_iS20_pS80_cP0.85_mP0.02_nG50.csv
Path: /Users/emt/Workspace/FURP-2026-Ziru-Huang-EVRP-TW/py-ga-VRPTW/results/C101_uC1.0_iC0.0_wC0.0_dC0.0_iS20_pS80_cP0.85_mP0.02_nG50.csv does not exist.
copied_csv: src/results/week3_ind2route_hard_tw/raw/pyga_C101_20_seed2026.csv
run_py_ga_vrptw_ok: True
