File: /Users/emt/Workspace/FURP-2026-Ziru-Huang-EVRP-TW/py-ga-VRPTW/data/json/C101.json exists.
Start of evolution
  Evaluated 80 individuals
-- Generation 0 --
  Evaluated 72 individuals
  Min 0.0012211590424072878
  Max 0.0018618273326650209
  Avg 0.0014472577077641903
  Std 0.000128499065462608
-- Generation 1 --
  Evaluated 74 individuals
  Min 0.0012687396641445302
  Max 0.0018618273326650209
  Avg 0.0014649208213024694
  Std 0.00014009257565655552
-- Generation 2 --
  Evaluated 72 individuals
  Min 0.0012687396641445302
  Max 0.001808891600185921
  Avg 0.0014626454109518809
  Std 0.0001129032162589137
-- Generation 3 --
  Evaluated 68 individuals
  Min 0.0012905425174539952
  Max 0.001808891600185921
  Avg 0.001459701344015673
  Std 0.00011922306016470734
-- Generation 4 --
  Evaluated 69 individuals
  Min 0.0012905425174539952
  Max 0.001808891600185921
  Avg 0.001480282923678954
  Std 0.00013670394963800726
-- Generation 5 --
  Evaluated 52 individuals
  Min 0.0012562772782818308
  Max 0.001808891600185921
  Avg 0.0015026795301242761
  Std 0.00014778825324779932
-- Generation 6 --
  Evaluated 64 individuals
  Min 0.0012905425174539952
  Max 0.001808891600185921
  Avg 0.0015339041357126787
  Std 0.00016457696165940463
-- Generation 7 --
  Evaluated 68 individuals
  Min 0.0012905425174539952
  Max 0.001808891600185921
  Avg 0.0015451316561183237
  Std 0.0001684006137079159
-- Generation 8 --
  Evaluated 66 individuals
  Min 0.0012905425174539952
  Max 0.001808891600185921
  Avg 0.001552599639521601
  Std 0.00016934528312882147
-- Generation 9 --
  Evaluated 64 individuals
  Min 0.0012905425174539952
  Max 0.001808891600185921
  Avg 0.0015427917093944088
  Std 0.00016775629660820964
-- Generation 10 --
  Evaluated 68 individuals
  Min 0.0012905425174539952
  Max 0.001808891600185921
  Avg 0.0015210814930922635
  Std 0.00017269844541193224
-- Generation 11 --
  Evaluated 72 individuals
  Min 0.0012905425174539952
  Max 0.001808891600185921
  Avg 0.0015702447474769548
  Std 0.00014961014830558873
-- Generation 12 --
  Evaluated 68 individuals
  Min 0.0012905425174539952
  Max 0.001808891600185921
  Avg 0.0015836508660518993
  Std 0.00013917835564968586
-- Generation 13 --
  Evaluated 68 individuals
  Min 0.0012905425174539952
  Max 0.001808891600185921
  Avg 0.0016092604070048846
  Std 0.0001250484155121075
-- Generation 14 --
  Evaluated 74 individuals
  Min 0.0012905425174539952
  Max 0.001808891600185921
  Avg 0.0016048816482548724
  Std 0.0001256612309238155
-- Generation 15 --
  Evaluated 68 individuals
  Min 0.0012905425174539952
  Max 0.001808891600185921
  Avg 0.0015960065327256152
  Std 0.00013326913128569996
-- Generation 16 --
  Evaluated 68 individuals
  Min 0.0012905425174539952
  Max 0.001808891600185921
  Avg 0.0016108040349498364
  Std 0.00012204911474024948
-- Generation 17 --
  Evaluated 68 individuals
  Min 0.0012905425174539952
  Max 0.001808891600185921
  Avg 0.001635249936144248
  Std 0.00011034926491428376
-- Generation 18 --
  Evaluated 66 individuals
  Min 0.0012905425174539952
  Max 0.001808891600185921
  Avg 0.001657622838597873
  Std 0.00011136740055726831
-- Generation 19 --
  Evaluated 74 individuals
  Min 0.0012905425174539952
  Max 0.001808891600185921
  Avg 0.0016751089306218819
  Std 0.00011838402421961456
-- Generation 20 --
  Evaluated 70 individuals
  Min 0.0013880453234569139
  Max 0.001808891600185921
  Avg 0.0016887680714506067
  Std 0.00010013085424455483
-- Generation 21 --
  Evaluated 65 individuals
  Min 0.0013880453234569139
  Max 0.001808891600185921
  Avg 0.001694498173354846
  Std 9.353355669357546e-05
-- Generation 22 --
  Evaluated 62 individuals
  Min 0.0013117537744325423
  Max 0.0018245408002198107
  Avg 0.001707000781628774
  Std 0.00010122129234414177
-- Generation 23 --
  Evaluated 75 individuals
  Min 0.0015618054418313494
  Max 0.0018245408002198107
  Avg 0.0017226970555633807
  Std 8.717865562617217e-05
-- Generation 24 --
  Evaluated 61 individuals
  Min 0.0015618054418313494
  Max 0.0018245408002198107
  Avg 0.0017135792397664491
  Std 8.468824394275118e-05
-- Generation 25 --
  Evaluated 66 individuals
  Min 0.0015618054418313494
  Max 0.0018245408002198107
  Avg 0.001713919815903271
  Std 8.329775595183523e-05
-- Generation 26 --
  Evaluated 73 individuals
  Min 0.0014810401551618745
  Max 0.0018245408002198107
  Avg 0.0017024519269136704
  Std 8.32159234980326e-05
-- Generation 27 --
  Evaluated 72 individuals
  Min 0.0014000488998983584
  Max 0.0018245408002198107
  Avg 0.0017181991631751547
  Std 8.901380234585272e-05
-- Generation 28 --
  Evaluated 64 individuals
  Min 0.001294315728898258
  Max 0.0018245408002198107
  Avg 0.0017223485504334738
  Std 0.000101209961859185
-- Generation 29 --
  Evaluated 64 individuals
  Min 0.001294315728898258
  Max 0.0018245408002198107
  Avg 0.0017288224300514537
  Std 0.00010935743940406564
-- Generation 30 --
  Evaluated 65 individuals
  Min 0.0014000488998983584
  Max 0.0018245408002198107
  Avg 0.0017301151361599851
  Std 9.204411767150255e-05
-- Generation 31 --
  Evaluated 64 individuals
  Min 0.0016008532503637516
  Max 0.0018245408002198107
  Avg 0.0017279370373988173
  Std 7.467483727415726e-05
-- Generation 32 --
  Evaluated 71 individuals
  Min 0.001484355775934782
  Max 0.0018245408002198107
  Avg 0.0017230388323987073
  Std 8.264471562246347e-05
-- Generation 33 --
  Evaluated 70 individuals
  Min 0.0013667346889726453
  Max 0.0018245408002198107
  Avg 0.001718636230889793
  Std 9.687502243218713e-05
-- Generation 34 --
  Evaluated 74 individuals
  Min 0.0012710360656229662
  Max 0.0018245408002198107
  Avg 0.0017099019444281466
  Std 9.938208844411971e-05
-- Generation 35 --
  Evaluated 72 individuals
  Min 0.001484355775934782
  Max 0.0018245408002198107
  Avg 0.0017126437613195471
  Std 9.39534556638077e-05
-- Generation 36 --
  Evaluated 64 individuals
  Min 0.001484355775934782
  Max 0.0018245408002198107
  Avg 0.001728444558109343
  Std 9.080949819096907e-05
-- Generation 37 --
  Evaluated 72 individuals
  Min 0.001484355775934782
  Max 0.0018245408002198107
  Avg 0.0017388927999592197
  Std 8.253242100626234e-05
-- Generation 38 --
  Evaluated 58 individuals
  Min 0.001484355775934782
  Max 0.0018245408002198107
  Avg 0.001737943772907403
  Std 8.345819338573955e-05
-- Generation 39 --
  Evaluated 71 individuals
  Min 0.0013808710527933323
  Max 0.0018245408002198107
  Avg 0.0017404833101532877
  Std 8.875794176362541e-05
-- Generation 40 --
  Evaluated 74 individuals
  Min 0.0013808710527933325
  Max 0.0018245408002198107
  Avg 0.001752426316298044
  Std 8.165773615072239e-05
-- Generation 41 --
  Evaluated 66 individuals
  Min 0.0015755293874579583
  Max 0.0018245408002198107
  Avg 0.0017490457493205588
  Std 7.463442026859063e-05
-- Generation 42 --
  Evaluated 64 individuals
  Min 0.0016110916349512177
  Max 0.0018245408002198107
  Avg 0.001739684529117172
  Std 7.672065182758645e-05
-- Generation 43 --
  Evaluated 69 individuals
  Min 0.0013146164753751611
  Max 0.0018245408002198107
  Avg 0.0017230103203322248
  Std 0.00011209414033005926
-- Generation 44 --
  Evaluated 62 individuals
  Min 0.0013514699501000638
  Max 0.0018245408002198107
  Avg 0.0017189768606577934
  Std 0.00011633503455644983
-- Generation 45 --
  Evaluated 57 individuals
  Min 0.0013514699501000638
  Max 0.0018245408002198107
  Avg 0.0017270401976666818
  Std 0.00011085377832481885
-- Generation 46 --
  Evaluated 64 individuals
  Min 0.0013623661954966614
  Max 0.0018245408002198107
  Avg 0.0017512844961098686
  Std 0.00010330273392651794
-- Generation 47 --
  Evaluated 63 individuals
  Min 0.0013623661954966614
  Max 0.0018245408002198107
  Avg 0.0017620888587746796
  Std 9.70815631977144e-05
-- Generation 48 --
  Evaluated 66 individuals
  Min 0.0013572088658836132
  Max 0.0018245408002198107
  Avg 0.0017526748138823318
  Std 0.00010089420018395868
-- Generation 49 --
  Evaluated 64 individuals
  Min 0.0013572088658836132
  Max 0.0018245408002198107
  Avg 0.0017506931450285688
  Std 0.0001026664127029322
-- End of (successful) evolution --
Best individual: [6, 1, 10, 13, 19, 14, 12, 2, 8, 18, 9, 5, 3, 4, 11, 15, 16, 20, 17, 7]
Fitness: 0.0018245408002198107
  Vehicle 1's route: 0 - 6 - 1 - 0
  Vehicle 2's route: 0 - 10 - 0
  Vehicle 3's route: 0 - 13 - 19 - 14 - 12 - 2 - 0
  Vehicle 4's route: 0 - 8 - 0
  Vehicle 5's route: 0 - 18 - 9 - 0
  Vehicle 6's route: 0 - 5 - 3 - 4 - 0
  Vehicle 7's route: 0 - 11 - 0
  Vehicle 8's route: 0 - 15 - 16 - 0
  Vehicle 9's route: 0 - 20 - 17 - 0
  Vehicle 10's route: 0 - 7 - 0
Total cost: 548.0831121340369
Write to file: /Users/emt/Workspace/FURP-2026-Ziru-Huang-EVRP-TW/py-ga-VRPTW/results/C101_uC1.0_iC0.0_wC0.0_dC0.0_iS20_pS80_cP0.85_mP0.02_nG50.csv
Path: /Users/emt/Workspace/FURP-2026-Ziru-Huang-EVRP-TW/py-ga-VRPTW/results/C101_uC1.0_iC0.0_wC0.0_dC0.0_iS20_pS80_cP0.85_mP0.02_nG50.csv does not exist.
copied_csv: src/results/week3_ind2route_hard_tw/raw/pyga_C101_20_seed1234.csv
run_py_ga_vrptw_ok: True
