VNS/TS progress phase=feasibility iteration=0 event=initial vehicles=1 feasible=False distance=258 violations=(0.0,357.0,197.4) moves=0
VNS/TS progress phase=feasibility iteration=1 event=accepted vehicles=1 feasible=False distance=294 violations=(0.0,401.0,12.4) moves=3526
VNS/TS progress phase=feasibility iteration=2 event=accepted vehicles=1 feasible=False distance=263 violations=(0.0,336.0,42.7) moves=7423
VNS/TS progress phase=feasibility iteration=3 event=accepted vehicles=1 feasible=False distance=263 violations=(0.0,336.0,42.7) moves=11335
VNS/TS progress phase=feasibility iteration=4 event=accepted vehicles=1 feasible=False distance=263 violations=(0.0,336.0,42.7) moves=15430
VNS/TS progress phase=feasibility iteration=5 event=accepted vehicles=1 feasible=False distance=274 violations=(0.0,353.0,24.7) moves=19415
VNS/TS progress phase=feasibility iteration=6 event=accepted vehicles=1 feasible=False distance=274 violations=(0.0,353.0,24.7) moves=23280
VNS/TS progress phase=feasibility iteration=7 event=accepted vehicles=1 feasible=False distance=274 violations=(0.0,353.0,24.7) moves=27110
VNS/TS progress phase=feasibility iteration=8 event=accepted vehicles=1 feasible=False distance=274 violations=(0.0,353.0,24.7) moves=31161
VNS/TS progress phase=feasibility iteration=9 event=accepted vehicles=1 feasible=False distance=274 violations=(0.0,353.0,24.7) moves=35175
VNS/TS progress phase=feasibility iteration=10 event=accepted vehicles=1 feasible=False distance=274 violations=(0.0,353.0,24.7) moves=39171
VNS/TS progress phase=feasibility iteration=11 event=accepted vehicles=1 feasible=False distance=274 violations=(0.0,353.0,24.7) moves=43038
VNS/TS progress phase=feasibility iteration=12 event=accepted vehicles=1 feasible=False distance=274 violations=(0.0,353.0,24.7) moves=47035
VNS/TS progress phase=feasibility iteration=13 event=accepted vehicles=1 feasible=False distance=274 violations=(0.0,353.0,24.7) moves=51080
VNS/TS progress phase=feasibility iteration=14 event=accepted vehicles=1 feasible=False distance=274 violations=(0.0,353.0,24.7) moves=55259
VNS/TS progress phase=feasibility iteration=15 event=accepted vehicles=1 feasible=False distance=274 violations=(0.0,353.0,24.7) moves=59194
VNS/TS progress phase=feasibility iteration=16 event=accepted vehicles=1 feasible=False distance=274 violations=(0.0,353.0,24.7) moves=63285
VNS/TS progress phase=feasibility iteration=17 event=accepted vehicles=1 feasible=False distance=274 violations=(0.0,353.0,24.7) moves=67451
VNS/TS progress phase=feasibility iteration=18 event=accepted vehicles=1 feasible=False distance=274 violations=(0.0,353.0,24.7) moves=71423
VNS/TS progress phase=feasibility iteration=19 event=accepted vehicles=1 feasible=False distance=274 violations=(0.0,353.0,24.7) moves=75706
VNS/TS progress phase=feasibility iteration=20 event=accepted vehicles=1 feasible=False distance=274 violations=(0.0,353.0,24.7) moves=79677
VNS/TS progress phase=feasibility iteration=21 event=accepted vehicles=1 feasible=False distance=274 violations=(0.0,353.0,24.7) moves=83838
VNS/TS progress phase=feasibility iteration=22 event=accepted vehicles=1 feasible=False distance=274 violations=(0.0,353.0,24.7) moves=87980
VNS/TS progress phase=feasibility iteration=23 event=accepted vehicles=1 feasible=False distance=274 violations=(0.0,353.0,24.7) moves=91806
VNS/TS progress phase=feasibility iteration=24 event=accepted vehicles=1 feasible=False distance=274 violations=(0.0,353.0,24.7) moves=95617
VNS/TS progress phase=feasibility iteration=25 event=accepted vehicles=1 feasible=False distance=274 violations=(0.0,353.0,24.7) moves=99556
VNS/TS progress phase=feasibility iteration=26 event=accepted vehicles=1 feasible=False distance=274 violations=(0.0,353.0,24.7) moves=103783
VNS/TS progress phase=feasibility iteration=27 event=accepted vehicles=1 feasible=False distance=274 violations=(0.0,353.0,24.7) moves=107888
VNS/TS progress phase=feasibility iteration=28 event=accepted vehicles=1 feasible=False distance=274 violations=(0.0,353.0,24.7) moves=111861
VNS/TS progress phase=feasibility iteration=29 event=accepted vehicles=1 feasible=False distance=274 violations=(0.0,353.0,24.7) moves=115797
VNS/TS progress phase=feasibility iteration=30 event=accepted vehicles=1 feasible=False distance=274 violations=(0.0,353.0,24.7) moves=119721
VNS/TS progress phase=feasibility iteration=31 event=accepted vehicles=1 feasible=False distance=274 violations=(0.0,353.0,24.7) moves=123736
VNS/TS progress phase=feasibility iteration=32 event=accepted vehicles=1 feasible=False distance=274 violations=(0.0,353.0,24.7) moves=127758
VNS/TS progress phase=feasibility iteration=33 event=accepted vehicles=1 feasible=False distance=274 violations=(0.0,353.0,24.7) moves=131801
VNS/TS progress phase=feasibility iteration=34 event=accepted vehicles=1 feasible=False distance=274 violations=(0.0,353.0,24.7) moves=135871
VNS/TS progress phase=feasibility iteration=35 event=accepted vehicles=1 feasible=False distance=274 violations=(0.0,353.0,24.7) moves=139713
VNS/TS progress phase=feasibility iteration=36 event=accepted vehicles=1 feasible=False distance=274 violations=(0.0,353.0,24.7) moves=143695
VNS/TS progress phase=feasibility iteration=37 event=accepted vehicles=1 feasible=False distance=274 violations=(0.0,353.0,24.7) moves=147913
VNS/TS progress phase=feasibility iteration=38 event=accepted vehicles=1 feasible=False distance=274 violations=(0.0,353.0,24.7) moves=151875
VNS/TS progress phase=feasibility iteration=39 event=accepted vehicles=1 feasible=False distance=274 violations=(0.0,353.0,24.7) moves=155823
VNS/TS progress phase=feasibility iteration=40 event=accepted vehicles=1 feasible=False distance=274 violations=(0.0,353.0,24.7) moves=160092
VNS/TS progress phase=feasibility iteration=41 event=accepted vehicles=1 feasible=False distance=274 violations=(0.0,353.0,24.7) moves=164052
VNS/TS progress phase=feasibility iteration=42 event=accepted vehicles=1 feasible=False distance=274 violations=(0.0,353.0,24.7) moves=167939
VNS/TS progress phase=feasibility iteration=43 event=accepted vehicles=1 feasible=False distance=274 violations=(0.0,353.0,24.7) moves=172049
VNS/TS progress phase=feasibility iteration=44 event=accepted vehicles=1 feasible=False distance=274 violations=(0.0,353.0,24.7) moves=176154
VNS/TS progress phase=feasibility iteration=45 event=accepted vehicles=1 feasible=False distance=274 violations=(0.0,353.0,24.7) moves=180250
VNS/TS progress phase=feasibility iteration=46 event=accepted vehicles=1 feasible=False distance=274 violations=(0.0,353.0,24.7) moves=184312
VNS/TS progress phase=feasibility iteration=47 event=accepted vehicles=1 feasible=False distance=274 violations=(0.0,353.0,24.7) moves=188271
VNS/TS progress phase=feasibility iteration=48 event=accepted vehicles=1 feasible=False distance=274 violations=(0.0,353.0,24.7) moves=192366
VNS/TS progress phase=feasibility iteration=49 event=accepted vehicles=1 feasible=False distance=274 violations=(0.0,353.0,24.7) moves=196254
VNS/TS progress phase=feasibility iteration=50 event=accepted vehicles=1 feasible=False distance=274 violations=(0.0,353.0,24.7) moves=200390
VNS/TS progress phase=feasibility iteration=51 event=accepted vehicles=1 feasible=False distance=274 violations=(0.0,353.0,24.7) moves=204339
VNS/TS progress phase=feasibility iteration=52 event=accepted vehicles=1 feasible=False distance=274 violations=(0.0,353.0,24.7) moves=208315
VNS/TS progress phase=feasibility iteration=53 event=accepted vehicles=1 feasible=False distance=274 violations=(0.0,353.0,24.7) moves=212287
VNS/TS progress phase=feasibility iteration=54 event=accepted vehicles=1 feasible=False distance=274 violations=(0.0,353.0,24.7) moves=216248
VNS/TS progress phase=feasibility iteration=55 event=accepted vehicles=1 feasible=False distance=274 violations=(0.0,353.0,24.7) moves=220532
VNS/TS progress phase=feasibility iteration=56 event=accepted vehicles=1 feasible=False distance=274 violations=(0.0,353.0,24.7) moves=224595
VNS/TS progress phase=feasibility iteration=57 event=accepted vehicles=1 feasible=False distance=274 violations=(0.0,353.0,24.7) moves=228534
VNS/TS progress phase=feasibility iteration=58 event=accepted vehicles=1 feasible=False distance=274 violations=(0.0,353.0,24.7) moves=232708
VNS/TS progress phase=feasibility iteration=59 event=accepted vehicles=1 feasible=False distance=274 violations=(0.0,353.0,24.7) moves=236784
VNS/TS progress phase=feasibility iteration=60 event=accepted vehicles=1 feasible=False distance=274 violations=(0.0,353.0,24.7) moves=240827
VNS/TS progress phase=feasibility iteration=61 event=accepted vehicles=1 feasible=False distance=274 violations=(0.0,353.0,24.7) moves=244807
VNS/TS progress phase=feasibility iteration=62 event=accepted vehicles=1 feasible=False distance=274 violations=(0.0,353.0,24.7) moves=248712
VNS/TS progress phase=feasibility iteration=63 event=accepted vehicles=1 feasible=False distance=274 violations=(0.0,353.0,24.7) moves=252545
VNS/TS progress phase=feasibility iteration=64 event=accepted vehicles=1 feasible=False distance=274 violations=(0.0,353.0,24.7) moves=256322
VNS/TS progress phase=feasibility iteration=65 event=accepted vehicles=1 feasible=False distance=274 violations=(0.0,353.0,24.7) moves=260384
VNS/TS progress phase=feasibility iteration=66 event=accepted vehicles=1 feasible=False distance=274 violations=(0.0,353.0,24.7) moves=264545
VNS/TS progress phase=feasibility iteration=67 event=accepted vehicles=1 feasible=False distance=274 violations=(0.0,353.0,24.7) moves=268488
VNS/TS progress phase=feasibility iteration=68 event=accepted vehicles=1 feasible=False distance=274 violations=(0.0,353.0,24.7) moves=272518
VNS/TS progress phase=feasibility iteration=69 event=accepted vehicles=1 feasible=False distance=274 violations=(0.0,353.0,24.7) moves=276679
VNS/TS progress phase=feasibility iteration=70 event=accepted vehicles=1 feasible=False distance=274 violations=(0.0,353.0,24.7) moves=280802
VNS/TS progress phase=feasibility iteration=71 event=accepted vehicles=1 feasible=False distance=274 violations=(0.0,353.0,24.7) moves=284755
VNS/TS progress phase=feasibility iteration=72 event=accepted vehicles=1 feasible=False distance=274 violations=(0.0,353.0,24.7) moves=288559
VNS/TS progress phase=feasibility iteration=73 event=accepted vehicles=1 feasible=False distance=274 violations=(0.0,353.0,24.7) moves=292764
VNS/TS progress phase=feasibility iteration=74 event=accepted vehicles=1 feasible=False distance=274 violations=(0.0,353.0,24.7) moves=296606
VNS/TS progress phase=feasibility iteration=75 event=accepted vehicles=1 feasible=False distance=274 violations=(0.0,353.0,24.7) moves=300567
VNS/TS progress phase=feasibility iteration=76 event=accepted vehicles=1 feasible=False distance=274 violations=(0.0,353.0,24.7) moves=304553
VNS/TS progress phase=feasibility iteration=77 event=accepted vehicles=1 feasible=False distance=274 violations=(0.0,353.0,24.7) moves=308412
VNS/TS progress phase=feasibility iteration=78 event=accepted vehicles=1 feasible=False distance=274 violations=(0.0,353.0,24.7) moves=312453
VNS/TS progress phase=feasibility iteration=79 event=accepted vehicles=1 feasible=False distance=274 violations=(0.0,353.0,24.7) moves=316544
VNS/TS progress phase=feasibility iteration=80 event=accepted vehicles=1 feasible=False distance=274 violations=(0.0,353.0,24.7) moves=320445
VNS/TS progress phase=feasibility iteration=80 event=add_vehicle vehicles=2 feasible=False distance=288 violations=(0.0,188.0,166.7) moves=320445
VNS/TS progress phase=feasibility iteration=81 event=accepted vehicles=2 feasible=False distance=361 violations=(0.0,242.0,0.4) moves=324328
VNS/TS progress phase=feasibility iteration=82 event=accepted vehicles=2 feasible=False distance=361 violations=(0.0,242.0,0.4) moves=329307
VNS/TS progress phase=feasibility iteration=83 event=accepted vehicles=2 feasible=False distance=361 violations=(0.0,242.0,0.4) moves=334261
VNS/TS progress phase=feasibility iteration=84 event=rejected vehicles=2 feasible=False distance=361 violations=(0.0,242.0,0.4) moves=339073
VNS/TS progress phase=feasibility iteration=85 event=accepted vehicles=2 feasible=False distance=331 violations=(0.0,239.0,2.7) moves=343995
VNS/TS progress phase=feasibility iteration=86 event=rejected vehicles=2 feasible=False distance=331 violations=(0.0,239.0,2.7) moves=348716
VNS/TS progress phase=feasibility iteration=87 event=accepted vehicles=2 feasible=False distance=331 violations=(0.0,239.0,2.7) moves=353703
VNS/TS progress phase=feasibility iteration=88 event=rejected vehicles=2 feasible=False distance=331 violations=(0.0,239.0,2.7) moves=358501
VNS/TS progress phase=feasibility iteration=89 event=rejected vehicles=2 feasible=False distance=331 violations=(0.0,239.0,2.7) moves=363465
VNS/TS progress phase=feasibility iteration=90 event=rejected vehicles=2 feasible=False distance=331 violations=(0.0,239.0,2.7) moves=368409
VNS/TS progress phase=feasibility iteration=91 event=accepted vehicles=2 feasible=False distance=331 violations=(0.0,239.0,2.7) moves=373406
VNS/TS progress phase=feasibility iteration=92 event=rejected vehicles=2 feasible=False distance=331 violations=(0.0,239.0,2.7) moves=378202
VNS/TS progress phase=feasibility iteration=93 event=rejected vehicles=2 feasible=False distance=331 violations=(0.0,239.0,2.7) moves=383202
VNS/TS progress phase=feasibility iteration=94 event=accepted vehicles=2 feasible=False distance=331 violations=(0.0,239.0,2.7) moves=388194
VNS/TS progress phase=feasibility iteration=95 event=accepted vehicles=2 feasible=False distance=343 violations=(0.0,237.0,2.7) moves=393194
VNS/TS progress phase=feasibility iteration=96 event=rejected vehicles=2 feasible=False distance=343 violations=(0.0,237.0,2.7) moves=398194
VNS/TS progress phase=feasibility iteration=97 event=accepted vehicles=2 feasible=False distance=329 violations=(0.0,235.0,2.7) moves=403194
VNS/TS progress phase=feasibility iteration=98 event=accepted vehicles=2 feasible=False distance=326 violations=(0.0,228.0,2.7) moves=408141
VNS/TS progress phase=feasibility iteration=99 event=accepted vehicles=2 feasible=False distance=326 violations=(0.0,228.0,2.7) moves=413140
VNS/TS progress phase=feasibility iteration=100 event=rejected vehicles=2 feasible=False distance=326 violations=(0.0,228.0,2.7) moves=418101
VNS/TS progress phase=feasibility iteration=101 event=rejected vehicles=2 feasible=False distance=326 violations=(0.0,228.0,2.7) moves=423023
VNS/TS progress phase=feasibility iteration=102 event=rejected vehicles=2 feasible=False distance=326 violations=(0.0,228.0,2.7) moves=428023
VNS/TS progress phase=feasibility iteration=103 event=rejected vehicles=2 feasible=False distance=326 violations=(0.0,228.0,2.7) moves=432867
VNS/TS progress phase=feasibility iteration=104 event=rejected vehicles=2 feasible=False distance=326 violations=(0.0,228.0,2.7) moves=437867
VNS/TS progress phase=feasibility iteration=105 event=rejected vehicles=2 feasible=False distance=326 violations=(0.0,228.0,2.7) moves=442753
VNS/TS progress phase=feasibility iteration=106 event=accepted vehicles=2 feasible=False distance=326 violations=(0.0,228.0,2.7) moves=447718
VNS/TS progress phase=feasibility iteration=107 event=rejected vehicles=2 feasible=False distance=326 violations=(0.0,228.0,2.7) moves=452695
VNS/TS progress phase=feasibility iteration=108 event=rejected vehicles=2 feasible=False distance=326 violations=(0.0,228.0,2.7) moves=457002
VNS/TS progress phase=feasibility iteration=109 event=rejected vehicles=2 feasible=False distance=326 violations=(0.0,228.0,2.7) moves=461981
VNS/TS progress phase=feasibility iteration=110 event=accepted vehicles=2 feasible=False distance=326 violations=(0.0,228.0,2.7) moves=466916
VNS/TS progress phase=feasibility iteration=111 event=rejected vehicles=2 feasible=False distance=326 violations=(0.0,228.0,2.7) moves=471711
VNS/TS progress phase=feasibility iteration=112 event=accepted vehicles=2 feasible=False distance=326 violations=(0.0,228.0,2.7) moves=476548
VNS/TS progress phase=feasibility iteration=113 event=rejected vehicles=2 feasible=False distance=326 violations=(0.0,228.0,2.7) moves=481423
VNS/TS progress phase=feasibility iteration=114 event=rejected vehicles=2 feasible=False distance=326 violations=(0.0,228.0,2.7) moves=485895
VNS/TS progress phase=feasibility iteration=115 event=accepted vehicles=2 feasible=False distance=326 violations=(0.0,228.0,2.7) moves=490809
VNS/TS progress phase=feasibility iteration=116 event=accepted vehicles=2 feasible=False distance=326 violations=(0.0,228.0,2.7) moves=495635
VNS/TS progress phase=feasibility iteration=117 event=rejected vehicles=2 feasible=False distance=326 violations=(0.0,228.0,2.7) moves=500385
VNS/TS progress phase=feasibility iteration=118 event=rejected vehicles=2 feasible=False distance=326 violations=(0.0,228.0,2.7) moves=505351
VNS/TS progress phase=feasibility iteration=119 event=rejected vehicles=2 feasible=False distance=326 violations=(0.0,228.0,2.7) moves=509326
VNS/TS progress phase=feasibility iteration=120 event=rejected vehicles=2 feasible=False distance=326 violations=(0.0,228.0,2.7) moves=514079
VNS/TS progress phase=feasibility iteration=121 event=rejected vehicles=2 feasible=False distance=326 violations=(0.0,228.0,2.7) moves=518912
VNS/TS progress phase=feasibility iteration=122 event=rejected vehicles=2 feasible=False distance=326 violations=(0.0,228.0,2.7) moves=523686
VNS/TS progress phase=feasibility iteration=123 event=rejected vehicles=2 feasible=False distance=326 violations=(0.0,228.0,2.7) moves=528476
VNS/TS progress phase=feasibility iteration=124 event=rejected vehicles=2 feasible=False distance=326 violations=(0.0,228.0,2.7) moves=533017
VNS/TS progress phase=feasibility iteration=125 event=rejected vehicles=2 feasible=False distance=326 violations=(0.0,228.0,2.7) moves=537811
VNS/TS progress phase=feasibility iteration=126 event=rejected vehicles=2 feasible=False distance=326 violations=(0.0,228.0,2.7) moves=542725
VNS/TS progress phase=feasibility iteration=127 event=rejected vehicles=2 feasible=False distance=326 violations=(0.0,228.0,2.7) moves=547543
VNS/TS progress phase=feasibility iteration=128 event=rejected vehicles=2 feasible=False distance=326 violations=(0.0,228.0,2.7) moves=552527
VNS/TS progress phase=feasibility iteration=129 event=rejected vehicles=2 feasible=False distance=326 violations=(0.0,228.0,2.7) moves=557321
VNS/TS progress phase=feasibility iteration=130 event=rejected vehicles=2 feasible=False distance=326 violations=(0.0,228.0,2.7) moves=562310
VNS/TS progress phase=feasibility iteration=131 event=rejected vehicles=2 feasible=False distance=326 violations=(0.0,228.0,2.7) moves=567171
VNS/TS progress phase=feasibility iteration=132 event=accepted vehicles=2 feasible=False distance=326 violations=(0.0,228.0,2.7) moves=572042
VNS/TS progress phase=feasibility iteration=133 event=rejected vehicles=2 feasible=False distance=326 violations=(0.0,228.0,2.7) moves=576892
VNS/TS progress phase=feasibility iteration=134 event=rejected vehicles=2 feasible=False distance=326 violations=(0.0,228.0,2.7) moves=581841
VNS/TS progress phase=feasibility iteration=135 event=accepted vehicles=2 feasible=False distance=326 violations=(0.0,228.0,2.7) moves=586691
VNS/TS progress phase=feasibility iteration=136 event=rejected vehicles=2 feasible=False distance=326 violations=(0.0,228.0,2.7) moves=591665
VNS/TS progress phase=feasibility iteration=137 event=rejected vehicles=2 feasible=False distance=326 violations=(0.0,228.0,2.7) moves=596378
VNS/TS progress phase=feasibility iteration=138 event=rejected vehicles=2 feasible=False distance=326 violations=(0.0,228.0,2.7) moves=601348
VNS/TS progress phase=feasibility iteration=139 event=rejected vehicles=2 feasible=False distance=326 violations=(0.0,228.0,2.7) moves=606321
VNS/TS progress phase=feasibility iteration=140 event=rejected vehicles=2 feasible=False distance=326 violations=(0.0,228.0,2.7) moves=611237
VNS/TS progress phase=feasibility iteration=141 event=rejected vehicles=2 feasible=False distance=326 violations=(0.0,228.0,2.7) moves=616087
VNS/TS progress phase=feasibility iteration=142 event=accepted vehicles=2 feasible=False distance=326 violations=(0.0,228.0,2.7) moves=620965
VNS/TS progress phase=feasibility iteration=143 event=rejected vehicles=2 feasible=False distance=326 violations=(0.0,228.0,2.7) moves=625896
VNS/TS progress phase=feasibility iteration=144 event=rejected vehicles=2 feasible=False distance=326 violations=(0.0,228.0,2.7) moves=630773
VNS/TS progress phase=feasibility iteration=145 event=accepted vehicles=2 feasible=False distance=326 violations=(0.0,228.0,2.7) moves=635722
VNS/TS progress phase=feasibility iteration=146 event=accepted vehicles=2 feasible=False distance=326 violations=(0.0,228.0,2.7) moves=640568
VNS/TS progress phase=feasibility iteration=147 event=accepted vehicles=2 feasible=False distance=326 violations=(0.0,228.0,2.7) moves=645512
VNS/TS progress phase=feasibility iteration=148 event=accepted vehicles=2 feasible=False distance=326 violations=(0.0,228.0,2.7) moves=650424
VNS/TS progress phase=feasibility iteration=149 event=accepted vehicles=2 feasible=False distance=326 violations=(0.0,228.0,2.7) moves=655357
VNS/TS progress phase=feasibility iteration=150 event=rejected vehicles=2 feasible=False distance=326 violations=(0.0,228.0,2.7) moves=660340
VNS/TS progress phase=feasibility iteration=151 event=rejected vehicles=2 feasible=False distance=326 violations=(0.0,228.0,2.7) moves=665340
VNS/TS progress phase=feasibility iteration=152 event=rejected vehicles=2 feasible=False distance=326 violations=(0.0,228.0,2.7) moves=670332
VNS/TS progress phase=feasibility iteration=153 event=rejected vehicles=2 feasible=False distance=326 violations=(0.0,228.0,2.7) moves=675239
VNS/TS progress phase=feasibility iteration=154 event=rejected vehicles=2 feasible=False distance=326 violations=(0.0,228.0,2.7) moves=680200
VNS/TS progress phase=feasibility iteration=155 event=rejected vehicles=2 feasible=False distance=326 violations=(0.0,228.0,2.7) moves=684676
VNS/TS progress phase=feasibility iteration=156 event=accepted vehicles=2 feasible=False distance=326 violations=(0.0,228.0,2.7) moves=689588
VNS/TS progress phase=feasibility iteration=157 event=accepted vehicles=2 feasible=False distance=326 violations=(0.0,228.0,2.7) moves=694506
VNS/TS progress phase=feasibility iteration=158 event=accepted vehicles=2 feasible=False distance=326 violations=(0.0,228.0,2.7) moves=699460
VNS/TS progress phase=feasibility iteration=159 event=rejected vehicles=2 feasible=False distance=326 violations=(0.0,228.0,2.7) moves=704336
VNS/TS progress phase=feasibility iteration=160 event=accepted vehicles=2 feasible=False distance=326 violations=(0.0,228.0,2.7) moves=709293
VNS/TS progress phase=feasibility iteration=160 event=add_vehicle vehicles=3 feasible=False distance=372 violations=(0.0,167.0,132.1) moves=709293
VNS/TS progress phase=feasibility iteration=161 event=accepted vehicles=3 feasible=False distance=358 violations=(0.0,87.0,12.4) moves=714038
VNS/TS progress phase=feasibility iteration=162 event=rejected vehicles=3 feasible=False distance=358 violations=(0.0,87.0,12.4) moves=719032
VNS/TS progress phase=feasibility iteration=163 event=rejected vehicles=3 feasible=False distance=358 violations=(0.0,87.0,12.4) moves=723989
VNS/TS progress phase=feasibility iteration=164 event=rejected vehicles=3 feasible=False distance=358 violations=(0.0,87.0,12.4) moves=728989
VNS/TS progress phase=feasibility iteration=165 event=rejected vehicles=3 feasible=False distance=358 violations=(0.0,87.0,12.4) moves=733989
VNS/TS progress phase=feasibility iteration=166 event=rejected vehicles=3 feasible=False distance=358 violations=(0.0,87.0,12.4) moves=738989
VNS/TS progress phase=feasibility iteration=167 event=rejected vehicles=3 feasible=False distance=358 violations=(0.0,87.0,12.4) moves=743989
VNS/TS progress phase=feasibility iteration=168 event=rejected vehicles=3 feasible=False distance=358 violations=(0.0,87.0,12.4) moves=748989
VNS/TS progress phase=feasibility iteration=169 event=rejected vehicles=3 feasible=False distance=358 violations=(0.0,87.0,12.4) moves=753989
VNS/TS progress phase=feasibility iteration=170 event=rejected vehicles=3 feasible=False distance=358 violations=(0.0,87.0,12.4) moves=758989
VNS/TS progress phase=feasibility iteration=171 event=rejected vehicles=3 feasible=False distance=358 violations=(0.0,87.0,12.4) moves=763989
VNS/TS progress phase=feasibility iteration=172 event=accepted vehicles=3 feasible=False distance=358 violations=(0.0,87.0,12.4) moves=768989
VNS/TS progress phase=feasibility iteration=173 event=rejected vehicles=3 feasible=False distance=358 violations=(0.0,87.0,12.4) moves=773980
VNS/TS progress phase=feasibility iteration=174 event=accepted vehicles=3 feasible=False distance=358 violations=(0.0,87.0,12.4) moves=778980
VNS/TS progress phase=feasibility iteration=175 event=accepted vehicles=3 feasible=False distance=358 violations=(0.0,87.0,12.4) moves=783980
VNS/TS progress phase=feasibility iteration=176 event=accepted vehicles=3 feasible=False distance=358 violations=(0.0,87.0,12.4) moves=788980
VNS/TS progress phase=feasibility iteration=177 event=rejected vehicles=3 feasible=False distance=358 violations=(0.0,87.0,12.4) moves=793980
VNS/TS progress phase=feasibility iteration=178 event=rejected vehicles=3 feasible=False distance=358 violations=(0.0,87.0,12.4) moves=798980
VNS/TS progress phase=feasibility iteration=179 event=rejected vehicles=3 feasible=False distance=358 violations=(0.0,87.0,12.4) moves=803980
VNS/TS progress phase=feasibility iteration=180 event=rejected vehicles=3 feasible=False distance=358 violations=(0.0,87.0,12.4) moves=808980
VNS/TS progress phase=feasibility iteration=181 event=rejected vehicles=3 feasible=False distance=358 violations=(0.0,87.0,12.4) moves=813980
VNS/TS progress phase=feasibility iteration=182 event=accepted vehicles=3 feasible=False distance=358 violations=(0.0,87.0,12.4) moves=818980
VNS/TS progress phase=feasibility iteration=183 event=accepted vehicles=3 feasible=False distance=386 violations=(0.0,94.0,0.0) moves=823888
VNS/TS progress phase=feasibility iteration=184 event=rejected vehicles=3 feasible=False distance=386 violations=(0.0,94.0,0.0) moves=828875
VNS/TS progress phase=feasibility iteration=185 event=rejected vehicles=3 feasible=False distance=386 violations=(0.0,94.0,0.0) moves=833855
VNS/TS progress phase=feasibility iteration=186 event=rejected vehicles=3 feasible=False distance=386 violations=(0.0,94.0,0.0) moves=838800
VNS/TS progress phase=feasibility iteration=187 event=rejected vehicles=3 feasible=False distance=386 violations=(0.0,94.0,0.0) moves=843755
VNS/TS progress phase=feasibility iteration=188 event=accepted vehicles=3 feasible=False distance=391 violations=(0.0,94.0,0.0) moves=848736
VNS/TS progress phase=feasibility iteration=189 event=rejected vehicles=3 feasible=False distance=391 violations=(0.0,94.0,0.0) moves=853577
VNS/TS progress phase=feasibility iteration=190 event=rejected vehicles=3 feasible=False distance=391 violations=(0.0,94.0,0.0) moves=858577
VNS/TS progress phase=feasibility iteration=191 event=accepted vehicles=3 feasible=False distance=383 violations=(0.0,94.0,0.0) moves=863566
VNS/TS progress phase=feasibility iteration=192 event=rejected vehicles=3 feasible=False distance=383 violations=(0.0,94.0,0.0) moves=868454
VNS/TS progress phase=feasibility iteration=193 event=rejected vehicles=3 feasible=False distance=383 violations=(0.0,94.0,0.0) moves=873385
VNS/TS progress phase=feasibility iteration=194 event=accepted vehicles=3 feasible=False distance=383 violations=(0.0,94.0,0.0) moves=878362
VNS/TS progress phase=feasibility iteration=195 event=rejected vehicles=3 feasible=False distance=383 violations=(0.0,94.0,0.0) moves=883278
VNS/TS progress phase=feasibility iteration=196 event=accepted vehicles=3 feasible=False distance=391 violations=(0.0,94.0,0.0) moves=888185
VNS/TS progress phase=feasibility iteration=197 event=accepted vehicles=3 feasible=False distance=383 violations=(0.0,94.0,0.0) moves=893144
VNS/TS progress phase=feasibility iteration=198 event=rejected vehicles=3 feasible=False distance=383 violations=(0.0,94.0,0.0) moves=898118
VNS/TS progress phase=feasibility iteration=199 event=rejected vehicles=3 feasible=False distance=383 violations=(0.0,94.0,0.0) moves=903112
VNS/TS progress phase=feasibility iteration=200 event=accepted vehicles=3 feasible=False distance=383 violations=(0.0,94.0,0.0) moves=908026
VNS/TS progress phase=feasibility iteration=201 event=accepted vehicles=3 feasible=False distance=383 violations=(0.0,94.0,0.0) moves=912958
VNS/TS progress phase=feasibility iteration=202 event=accepted vehicles=3 feasible=False distance=383 violations=(0.0,94.0,0.0) moves=917909
VNS/TS progress phase=feasibility iteration=203 event=accepted vehicles=3 feasible=False distance=383 violations=(0.0,94.0,0.0) moves=922748
VNS/TS progress phase=feasibility iteration=204 event=rejected vehicles=3 feasible=False distance=383 violations=(0.0,94.0,0.0) moves=927715
VNS/TS progress phase=feasibility iteration=205 event=rejected vehicles=3 feasible=False distance=383 violations=(0.0,94.0,0.0) moves=932644
VNS/TS progress phase=feasibility iteration=206 event=rejected vehicles=3 feasible=False distance=383 violations=(0.0,94.0,0.0) moves=937630
VNS/TS progress phase=feasibility iteration=207 event=rejected vehicles=3 feasible=False distance=383 violations=(0.0,94.0,0.0) moves=942624
VNS/TS progress phase=feasibility iteration=208 event=accepted vehicles=3 feasible=False distance=383 violations=(0.0,94.0,0.0) moves=947532
VNS/TS progress phase=feasibility iteration=209 event=rejected vehicles=3 feasible=False distance=383 violations=(0.0,94.0,0.0) moves=952326
VNS/TS progress phase=feasibility iteration=210 event=rejected vehicles=3 feasible=False distance=383 violations=(0.0,94.0,0.0) moves=957243
VNS/TS progress phase=feasibility iteration=211 event=accepted vehicles=3 feasible=False distance=383 violations=(0.0,94.0,0.0) moves=962090
VNS/TS progress phase=feasibility iteration=212 event=rejected vehicles=3 feasible=False distance=383 violations=(0.0,94.0,0.0) moves=967055
VNS/TS progress phase=feasibility iteration=213 event=rejected vehicles=3 feasible=False distance=383 violations=(0.0,94.0,0.0) moves=972022
VNS/TS progress phase=feasibility iteration=214 event=rejected vehicles=3 feasible=False distance=383 violations=(0.0,94.0,0.0) moves=977022
VNS/TS progress phase=feasibility iteration=215 event=accepted vehicles=3 feasible=False distance=383 violations=(0.0,94.0,0.0) moves=981973
VNS/TS progress phase=feasibility iteration=216 event=rejected vehicles=3 feasible=False distance=383 violations=(0.0,94.0,0.0) moves=986965
VNS/TS progress phase=feasibility iteration=217 event=accepted vehicles=3 feasible=False distance=383 violations=(0.0,94.0,0.0) moves=991954
VNS/TS progress phase=feasibility iteration=218 event=rejected vehicles=3 feasible=False distance=383 violations=(0.0,94.0,0.0) moves=996937
VNS/TS progress phase=feasibility iteration=219 event=rejected vehicles=3 feasible=False distance=383 violations=(0.0,94.0,0.0) moves=1001877
VNS/TS progress phase=feasibility iteration=220 event=rejected vehicles=3 feasible=False distance=383 violations=(0.0,94.0,0.0) moves=1006791
VNS/TS progress phase=feasibility iteration=221 event=rejected vehicles=3 feasible=False distance=383 violations=(0.0,94.0,0.0) moves=1011753
VNS/TS progress phase=feasibility iteration=222 event=accepted vehicles=3 feasible=False distance=383 violations=(0.0,94.0,0.0) moves=1016728
VNS/TS progress phase=feasibility iteration=223 event=accepted vehicles=3 feasible=False distance=383 violations=(0.0,94.0,0.0) moves=1021668
VNS/TS progress phase=feasibility iteration=224 event=accepted vehicles=3 feasible=False distance=396 violations=(0.0,92.0,9.4) moves=1026668
VNS/TS progress phase=feasibility iteration=225 event=accepted vehicles=3 feasible=False distance=390 violations=(0.0,92.0,9.4) moves=1031663
VNS/TS progress phase=feasibility iteration=226 event=rejected vehicles=3 feasible=False distance=390 violations=(0.0,92.0,9.4) moves=1036635
VNS/TS progress phase=feasibility iteration=227 event=accepted vehicles=3 feasible=False distance=383 violations=(0.0,94.0,0.0) moves=1041483
VNS/TS progress phase=feasibility iteration=228 event=rejected vehicles=3 feasible=False distance=383 violations=(0.0,94.0,0.0) moves=1046483
VNS/TS progress phase=feasibility iteration=229 event=rejected vehicles=3 feasible=False distance=383 violations=(0.0,94.0,0.0) moves=1051383
VNS/TS progress phase=feasibility iteration=230 event=rejected vehicles=3 feasible=False distance=383 violations=(0.0,94.0,0.0) moves=1056342
VNS/TS progress phase=feasibility iteration=231 event=rejected vehicles=3 feasible=False distance=383 violations=(0.0,94.0,0.0) moves=1061245
VNS/TS progress phase=feasibility iteration=232 event=rejected vehicles=3 feasible=False distance=383 violations=(0.0,94.0,0.0) moves=1066050
VNS/TS progress phase=feasibility iteration=233 event=accepted vehicles=3 feasible=False distance=383 violations=(0.0,94.0,0.0) moves=1070960
VNS/TS progress phase=feasibility iteration=234 event=accepted vehicles=3 feasible=False distance=383 violations=(0.0,94.0,0.0) moves=1075884
VNS/TS progress phase=feasibility iteration=235 event=accepted vehicles=3 feasible=False distance=390 violations=(0.0,92.0,9.4) moves=1080861
VNS/TS progress phase=feasibility iteration=236 event=accepted vehicles=3 feasible=False distance=383 violations=(0.0,94.0,0.0) moves=1085811
VNS/TS progress phase=feasibility iteration=237 event=rejected vehicles=3 feasible=False distance=383 violations=(0.0,94.0,0.0) moves=1090671
VNS/TS progress phase=feasibility iteration=238 event=rejected vehicles=3 feasible=False distance=383 violations=(0.0,94.0,0.0) moves=1095657
VNS/TS progress phase=feasibility iteration=239 event=accepted vehicles=3 feasible=False distance=383 violations=(0.0,94.0,0.0) moves=1100518
VNS/TS progress phase=feasibility iteration=240 event=rejected vehicles=3 feasible=False distance=383 violations=(0.0,94.0,0.0) moves=1105513
VNS/TS progress phase=feasibility iteration=240 event=add_vehicle vehicles=4 feasible=False distance=426 violations=(0.0,5.0,95.7) moves=1105513
VNS/TS progress phase=feasibility iteration=241 event=accepted vehicles=4 feasible=False distance=439 violations=(0.0,5.0,0.0) moves=1110513
VNS/TS progress phase=feasibility iteration=242 event=accepted vehicles=4 feasible=False distance=439 violations=(0.0,5.0,0.0) moves=1115513
VNS/TS progress phase=feasibility iteration=243 event=accepted vehicles=4 feasible=False distance=439 violations=(0.0,5.0,0.0) moves=1120513
VNS/TS progress phase=feasibility iteration=244 event=accepted vehicles=4 feasible=False distance=442 violations=(0.0,5.0,0.0) moves=1125513
VNS/TS progress phase=feasibility iteration=245 event=accepted vehicles=4 feasible=False distance=456 violations=(0.0,5.0,0.0) moves=1130513
VNS/TS progress phase=feasibility iteration=246 event=accepted vehicles=4 feasible=False distance=439 violations=(0.0,5.0,0.0) moves=1135513
VNS/TS progress phase=feasibility iteration=247 event=rejected vehicles=4 feasible=False distance=439 violations=(0.0,5.0,0.0) moves=1140513
VNS/TS progress phase=feasibility iteration=248 event=accepted vehicles=4 feasible=False distance=439 violations=(0.0,5.0,0.0) moves=1145513
VNS/TS progress phase=feasibility iteration=249 event=accepted vehicles=4 feasible=False distance=444 violations=(0.0,5.0,0.0) moves=1150513
VNS/TS progress phase=feasibility iteration=250 event=rejected vehicles=4 feasible=False distance=444 violations=(0.0,5.0,0.0) moves=1155513
VNS/TS progress phase=feasibility iteration=251 event=accepted vehicles=4 feasible=False distance=444 violations=(0.0,5.0,0.0) moves=1160513
VNS/TS progress phase=feasibility iteration=252 event=accepted vehicles=4 feasible=False distance=444 violations=(0.0,5.0,0.0) moves=1165513
VNS/TS progress phase=feasibility iteration=253 event=rejected vehicles=4 feasible=False distance=444 violations=(0.0,5.0,0.0) moves=1170495
VNS/TS progress phase=feasibility iteration=254 event=accepted vehicles=4 feasible=False distance=444 violations=(0.0,5.0,0.0) moves=1175495
VNS/TS progress phase=feasibility iteration=255 event=accepted vehicles=4 feasible=False distance=446 violations=(0.0,5.0,0.0) moves=1180495
VNS/TS progress phase=feasibility iteration=256 event=accepted vehicles=4 feasible=False distance=436 violations=(0.0,5.0,0.0) moves=1185495
VNS/TS progress phase=feasibility iteration=257 event=accepted vehicles=4 feasible=False distance=444 violations=(0.0,5.0,0.0) moves=1190495
VNS/TS progress phase=feasibility iteration=258 event=accepted vehicles=4 feasible=False distance=441 violations=(0.0,5.0,0.0) moves=1195495
VNS/TS progress phase=feasibility iteration=259 event=accepted vehicles=4 feasible=False distance=444 violations=(0.0,5.0,0.0) moves=1200495
VNS/TS progress phase=feasibility iteration=260 event=accepted vehicles=4 feasible=False distance=439 violations=(0.0,5.0,0.0) moves=1205495
VNS/TS progress phase=feasibility iteration=261 event=rejected vehicles=4 feasible=False distance=439 violations=(0.0,5.0,0.0) moves=1210495
VNS/TS progress phase=feasibility iteration=262 event=rejected vehicles=4 feasible=False distance=439 violations=(0.0,5.0,0.0) moves=1215495
VNS/TS progress phase=feasibility iteration=263 event=accepted vehicles=4 feasible=False distance=454 violations=(0.0,5.0,0.0) moves=1220495
VNS/TS progress phase=feasibility iteration=264 event=accepted vehicles=4 feasible=False distance=439 violations=(0.0,5.0,0.0) moves=1225495
VNS/TS progress phase=feasibility iteration=265 event=accepted vehicles=4 feasible=False distance=444 violations=(0.0,5.0,0.0) moves=1230495
VNS/TS progress phase=feasibility iteration=266 event=rejected vehicles=4 feasible=False distance=444 violations=(0.0,5.0,0.0) moves=1235495
VNS/TS progress phase=feasibility iteration=267 event=accepted vehicles=4 feasible=False distance=444 violations=(0.0,5.0,0.0) moves=1240495
VNS/TS progress phase=feasibility iteration=268 event=accepted vehicles=4 feasible=False distance=444 violations=(0.0,5.0,0.0) moves=1245495
VNS/TS progress phase=feasibility iteration=269 event=rejected vehicles=4 feasible=False distance=444 violations=(0.0,5.0,0.0) moves=1250495
VNS/TS progress phase=feasibility iteration=270 event=accepted vehicles=4 feasible=False distance=441 violations=(0.0,5.0,0.0) moves=1255472
VNS/TS progress phase=feasibility iteration=271 event=rejected vehicles=4 feasible=False distance=441 violations=(0.0,5.0,0.0) moves=1260472
VNS/TS progress phase=feasibility iteration=272 event=rejected vehicles=4 feasible=False distance=441 violations=(0.0,5.0,0.0) moves=1265472
VNS/TS progress phase=feasibility iteration=273 event=rejected vehicles=4 feasible=False distance=441 violations=(0.0,5.0,0.0) moves=1270472
VNS/TS progress phase=feasibility iteration=274 event=accepted vehicles=4 feasible=False distance=441 violations=(0.0,5.0,0.0) moves=1275472
VNS/TS progress phase=feasibility iteration=275 event=accepted vehicles=4 feasible=False distance=441 violations=(0.0,5.0,0.0) moves=1280375
VNS/TS progress phase=feasibility iteration=276 event=accepted vehicles=4 feasible=False distance=441 violations=(0.0,5.0,0.0) moves=1285375
VNS/TS progress phase=feasibility iteration=277 event=accepted vehicles=4 feasible=False distance=441 violations=(0.0,5.0,0.0) moves=1290375
VNS/TS progress phase=feasibility iteration=278 event=accepted vehicles=4 feasible=False distance=441 violations=(0.0,5.0,0.0) moves=1295375
VNS/TS progress phase=feasibility iteration=279 event=rejected vehicles=4 feasible=False distance=441 violations=(0.0,5.0,0.0) moves=1300375
VNS/TS progress phase=feasibility iteration=280 event=accepted vehicles=4 feasible=False distance=441 violations=(0.0,5.0,0.0) moves=1305375
VNS/TS progress phase=feasibility iteration=281 event=accepted vehicles=4 feasible=False distance=441 violations=(0.0,5.0,0.0) moves=1310375
VNS/TS progress phase=feasibility iteration=282 event=accepted vehicles=4 feasible=False distance=444 violations=(0.0,5.0,0.0) moves=1315373
VNS/TS progress phase=feasibility iteration=283 event=accepted vehicles=4 feasible=False distance=439 violations=(0.0,5.0,0.0) moves=1320373
VNS/TS progress phase=feasibility iteration=284 event=accepted vehicles=4 feasible=False distance=436 violations=(0.0,5.0,0.0) moves=1325373
VNS/TS progress phase=feasibility iteration=285 event=accepted vehicles=4 feasible=False distance=436 violations=(0.0,5.0,0.0) moves=1330373
VNS/TS progress phase=feasibility iteration=286 event=rejected vehicles=4 feasible=False distance=436 violations=(0.0,5.0,0.0) moves=1335373
VNS/TS progress phase=feasibility iteration=287 event=rejected vehicles=4 feasible=False distance=436 violations=(0.0,5.0,0.0) moves=1340225
VNS/TS progress phase=feasibility iteration=288 event=rejected vehicles=4 feasible=False distance=436 violations=(0.0,5.0,0.0) moves=1345225
VNS/TS progress phase=feasibility iteration=289 event=accepted vehicles=4 feasible=False distance=436 violations=(0.0,5.0,0.0) moves=1350225
VNS/TS progress phase=feasibility iteration=290 event=rejected vehicles=4 feasible=False distance=436 violations=(0.0,5.0,0.0) moves=1355222
VNS/TS progress phase=feasibility iteration=291 event=accepted vehicles=4 feasible=False distance=441 violations=(0.0,5.0,0.0) moves=1360222
VNS/TS progress phase=feasibility iteration=292 event=rejected vehicles=4 feasible=False distance=441 violations=(0.0,5.0,0.0) moves=1365222
VNS/TS progress phase=feasibility iteration=293 event=rejected vehicles=4 feasible=False distance=441 violations=(0.0,5.0,0.0) moves=1370222
VNS/TS progress phase=feasibility iteration=294 event=accepted vehicles=4 feasible=False distance=441 violations=(0.0,5.0,0.0) moves=1375222
VNS/TS progress phase=feasibility iteration=295 event=rejected vehicles=4 feasible=False distance=441 violations=(0.0,5.0,0.0) moves=1380222
VNS/TS progress phase=feasibility iteration=296 event=rejected vehicles=4 feasible=False distance=441 violations=(0.0,5.0,0.0) moves=1385203
VNS/TS progress phase=feasibility iteration=297 event=rejected vehicles=4 feasible=False distance=441 violations=(0.0,5.0,0.0) moves=1390203
VNS/TS progress phase=feasibility iteration=298 event=rejected vehicles=4 feasible=False distance=441 violations=(0.0,5.0,0.0) moves=1395203
VNS/TS progress phase=feasibility iteration=299 event=accepted vehicles=4 feasible=False distance=441 violations=(0.0,5.0,0.0) moves=1400203
VNS/TS progress phase=feasibility iteration=300 event=accepted vehicles=4 feasible=False distance=439 violations=(0.0,5.0,0.0) moves=1405198
VNS/TS progress phase=feasibility iteration=301 event=rejected vehicles=4 feasible=False distance=439 violations=(0.0,5.0,0.0) moves=1410198
VNS/TS progress phase=feasibility iteration=302 event=rejected vehicles=4 feasible=False distance=439 violations=(0.0,5.0,0.0) moves=1415198
VNS/TS progress phase=feasibility iteration=303 event=rejected vehicles=4 feasible=False distance=439 violations=(0.0,5.0,0.0) moves=1420198
VNS/TS progress phase=feasibility iteration=304 event=rejected vehicles=4 feasible=False distance=439 violations=(0.0,5.0,0.0) moves=1425198
VNS/TS progress phase=feasibility iteration=305 event=accepted vehicles=4 feasible=False distance=439 violations=(0.0,5.0,0.0) moves=1430198
VNS/TS progress phase=feasibility iteration=306 event=accepted vehicles=4 feasible=False distance=439 violations=(0.0,5.0,0.0) moves=1435168
VNS/TS progress phase=feasibility iteration=307 event=accepted vehicles=4 feasible=False distance=439 violations=(0.0,5.0,0.0) moves=1440168
VNS/TS progress phase=feasibility iteration=308 event=rejected vehicles=4 feasible=False distance=439 violations=(0.0,5.0,0.0) moves=1445168
VNS/TS progress phase=feasibility iteration=309 event=rejected vehicles=4 feasible=False distance=439 violations=(0.0,5.0,0.0) moves=1450168
VNS/TS progress phase=feasibility iteration=310 event=accepted vehicles=4 feasible=False distance=439 violations=(0.0,5.0,0.0) moves=1455168
VNS/TS progress phase=feasibility iteration=311 event=rejected vehicles=4 feasible=False distance=439 violations=(0.0,5.0,0.0) moves=1460168
VNS/TS progress phase=feasibility iteration=312 event=rejected vehicles=4 feasible=False distance=439 violations=(0.0,5.0,0.0) moves=1465168
VNS/TS progress phase=feasibility iteration=313 event=rejected vehicles=4 feasible=False distance=439 violations=(0.0,5.0,0.0) moves=1470168
VNS/TS progress phase=feasibility iteration=314 event=rejected vehicles=4 feasible=False distance=439 violations=(0.0,5.0,0.0) moves=1475152
VNS/TS progress phase=feasibility iteration=315 event=rejected vehicles=4 feasible=False distance=439 violations=(0.0,5.0,0.0) moves=1480152
VNS/TS progress phase=feasibility iteration=316 event=accepted vehicles=4 feasible=False distance=439 violations=(0.0,5.0,0.0) moves=1485152
VNS/TS progress phase=feasibility iteration=317 event=rejected vehicles=4 feasible=False distance=439 violations=(0.0,5.0,0.0) moves=1490152
VNS/TS progress phase=feasibility iteration=318 event=accepted vehicles=4 feasible=False distance=439 violations=(0.0,5.0,0.0) moves=1495152
VNS/TS progress phase=feasibility iteration=319 event=rejected vehicles=4 feasible=False distance=439 violations=(0.0,5.0,0.0) moves=1500152
VNS/TS progress phase=feasibility iteration=320 event=rejected vehicles=4 feasible=False distance=439 violations=(0.0,5.0,0.0) moves=1505103
VNS/TS progress phase=feasibility iteration=320 event=add_vehicle vehicles=5 feasible=False distance=455 violations=(0.0,0.0,12.4) moves=1505103
VNS/TS progress phase=feasibility iteration=321 event=rejected vehicles=5 feasible=False distance=455 violations=(0.0,0.0,12.4) moves=1510103
VNS/TS progress phase=feasibility iteration=322 event=accepted vehicles=5 feasible=True distance=424 violations=(0.0,0.0,0.0) moves=1515102
VNS/TS progress phase=distance iteration=323 event=accepted vehicles=5 feasible=True distance=423 violations=(0.0,0.0,0.0) moves=1520102
VNS/TS progress phase=distance iteration=324 event=accepted vehicles=5 feasible=True distance=423 violations=(0.0,0.0,0.0) moves=1525102
VNS/TS progress phase=distance iteration=325 event=rejected vehicles=5 feasible=True distance=423 violations=(0.0,0.0,0.0) moves=1530102
VNS/TS progress phase=distance iteration=326 event=accepted vehicles=5 feasible=False distance=418 violations=(0.0,0.0,0.4) moves=1535098
VNS/TS progress phase=distance iteration=327 event=accepted vehicles=5 feasible=False distance=418 violations=(0.0,0.0,0.4) moves=1540098
VNS/TS progress phase=distance iteration=328 event=rejected vehicles=5 feasible=False distance=418 violations=(0.0,0.0,0.4) moves=1545098
VNS/TS progress phase=distance iteration=329 event=accepted vehicles=5 feasible=True distance=428 violations=(0.0,0.0,0.0) moves=1550098
VNS/TS progress phase=distance iteration=330 event=accepted vehicles=5 feasible=True distance=428 violations=(0.0,0.0,0.0) moves=1555098
VNS/TS progress phase=distance iteration=331 event=accepted vehicles=5 feasible=True distance=428 violations=(0.0,0.0,0.0) moves=1560068
VNS/TS progress phase=distance iteration=332 event=accepted vehicles=5 feasible=True distance=429 violations=(0.0,0.0,0.0) moves=1565062
VNS/TS progress phase=distance iteration=333 event=accepted vehicles=5 feasible=True distance=429 violations=(0.0,0.0,0.0) moves=1570055
VNS/TS progress phase=distance iteration=334 event=accepted vehicles=5 feasible=True distance=424 violations=(0.0,0.0,0.0) moves=1575055
VNS/TS progress phase=distance iteration=335 event=rejected vehicles=5 feasible=True distance=424 violations=(0.0,0.0,0.0) moves=1580055
VNS/TS progress phase=distance iteration=336 event=accepted vehicles=5 feasible=True distance=419 violations=(0.0,0.0,0.0) moves=1585055
VNS/TS progress phase=distance iteration=337 event=rejected vehicles=5 feasible=True distance=419 violations=(0.0,0.0,0.0) moves=1590055
VNS/TS progress phase=distance iteration=338 event=accepted vehicles=5 feasible=True distance=419 violations=(0.0,0.0,0.0) moves=1594899
VNS/TS progress phase=distance iteration=339 event=accepted vehicles=5 feasible=True distance=419 violations=(0.0,0.0,0.0) moves=1599895
VNS/TS progress phase=distance iteration=340 event=rejected vehicles=5 feasible=True distance=419 violations=(0.0,0.0,0.0) moves=1604895
VNS/TS progress phase=distance iteration=341 event=rejected vehicles=5 feasible=True distance=419 violations=(0.0,0.0,0.0) moves=1609895
VNS/TS progress phase=distance iteration=342 event=accepted vehicles=5 feasible=True distance=419 violations=(0.0,0.0,0.0) moves=1614889
VNS/TS progress phase=distance iteration=343 event=rejected vehicles=5 feasible=True distance=419 violations=(0.0,0.0,0.0) moves=1619867
VNS/TS progress phase=distance iteration=344 event=rejected vehicles=5 feasible=True distance=419 violations=(0.0,0.0,0.0) moves=1624867
VNS/TS progress phase=distance iteration=345 event=rejected vehicles=5 feasible=True distance=419 violations=(0.0,0.0,0.0) moves=1629865
VNS/TS progress phase=distance iteration=346 event=accepted vehicles=5 feasible=True distance=419 violations=(0.0,0.0,0.0) moves=1634865
VNS/TS progress phase=distance iteration=347 event=accepted vehicles=5 feasible=True distance=419 violations=(0.0,0.0,0.0) moves=1639865
VNS/TS progress phase=distance iteration=348 event=accepted vehicles=5 feasible=True distance=419 violations=(0.0,0.0,0.0) moves=1644865
VNS/TS progress phase=distance iteration=349 event=accepted vehicles=5 feasible=True distance=424 violations=(0.0,0.0,0.0) moves=1649865
VNS/TS progress phase=distance iteration=350 event=rejected vehicles=5 feasible=True distance=424 violations=(0.0,0.0,0.0) moves=1654865
VNS/TS progress phase=distance iteration=351 event=rejected vehicles=5 feasible=True distance=424 violations=(0.0,0.0,0.0) moves=1659865
VNS/TS progress phase=distance iteration=352 event=accepted vehicles=5 feasible=True distance=422 violations=(0.0,0.0,0.0) moves=1664865
VNS/TS progress phase=distance iteration=353 event=accepted vehicles=5 feasible=True distance=422 violations=(0.0,0.0,0.0) moves=1669865
VNS/TS progress phase=distance iteration=354 event=accepted vehicles=5 feasible=True distance=447 violations=(0.0,0.0,0.0) moves=1674822
VNS/TS progress phase=distance iteration=355 event=accepted vehicles=5 feasible=True distance=445 violations=(0.0,0.0,0.0) moves=1679812
VNS/TS progress phase=distance iteration=356 event=accepted vehicles=5 feasible=True distance=440 violations=(0.0,0.0,0.0) moves=1684812
VNS/TS progress phase=distance iteration=357 event=rejected vehicles=5 feasible=True distance=440 violations=(0.0,0.0,0.0) moves=1689647
VNS/TS progress phase=distance iteration=358 event=accepted vehicles=5 feasible=True distance=443 violations=(0.0,0.0,0.0) moves=1694628
VNS/TS progress phase=distance iteration=359 event=accepted vehicles=5 feasible=True distance=443 violations=(0.0,0.0,0.0) moves=1699619
VNS/TS progress phase=distance iteration=360 event=accepted vehicles=5 feasible=True distance=414 violations=(0.0,0.0,0.0) moves=1704232
VNS/TS progress phase=distance iteration=361 event=accepted vehicles=5 feasible=True distance=414 violations=(0.0,0.0,0.0) moves=1709074
VNS/TS progress phase=distance iteration=362 event=accepted vehicles=5 feasible=True distance=414 violations=(0.0,0.0,0.0) moves=1713751
VNS/TS progress phase=distance iteration=363 event=accepted vehicles=5 feasible=True distance=414 violations=(0.0,0.0,0.0) moves=1718701
VNS/TS progress phase=distance iteration=364 event=accepted vehicles=5 feasible=True distance=414 violations=(0.0,0.0,0.0) moves=1723440
VNS/TS progress phase=distance iteration=365 event=accepted vehicles=5 feasible=True distance=414 violations=(0.0,0.0,0.0) moves=1728002
VNS/TS progress phase=distance iteration=366 event=accepted vehicles=5 feasible=True distance=414 violations=(0.0,0.0,0.0) moves=1732839
VNS/TS progress phase=distance iteration=367 event=accepted vehicles=5 feasible=True distance=414 violations=(0.0,0.0,0.0) moves=1737749
VNS/TS progress phase=distance iteration=368 event=rejected vehicles=5 feasible=True distance=414 violations=(0.0,0.0,0.0) moves=1742673
VNS/TS progress phase=distance iteration=369 event=rejected vehicles=5 feasible=True distance=414 violations=(0.0,0.0,0.0) moves=1747564
VNS/TS progress phase=distance iteration=370 event=accepted vehicles=5 feasible=True distance=414 violations=(0.0,0.0,0.0) moves=1752556
VNS/TS progress phase=distance iteration=371 event=accepted vehicles=5 feasible=True distance=414 violations=(0.0,0.0,0.0) moves=1757331
VNS/TS progress phase=distance iteration=372 event=accepted vehicles=5 feasible=True distance=414 violations=(0.0,0.0,0.0) moves=1762331
VNS/TS progress phase=distance iteration=373 event=accepted vehicles=5 feasible=True distance=414 violations=(0.0,0.0,0.0) moves=1767331
VNS/TS progress phase=distance iteration=374 event=accepted vehicles=5 feasible=True distance=414 violations=(0.0,0.0,0.0) moves=1772261
VNS/TS progress phase=distance iteration=375 event=rejected vehicles=5 feasible=True distance=414 violations=(0.0,0.0,0.0) moves=1777257
VNS/TS progress phase=distance iteration=376 event=accepted vehicles=5 feasible=True distance=414 violations=(0.0,0.0,0.0) moves=1782064
VNS/TS progress phase=distance iteration=377 event=rejected vehicles=5 feasible=True distance=414 violations=(0.0,0.0,0.0) moves=1787001
VNS/TS progress phase=distance iteration=378 event=accepted vehicles=5 feasible=True distance=414 violations=(0.0,0.0,0.0) moves=1791904
VNS/TS progress phase=distance iteration=379 event=accepted vehicles=5 feasible=False distance=416 violations=(0.0,1.0,0.0) moves=1796887
VNS/TS progress phase=distance iteration=380 event=accepted vehicles=5 feasible=True distance=414 violations=(0.0,0.0,0.0) moves=1801499
VNS/TS progress phase=distance iteration=381 event=accepted vehicles=5 feasible=True distance=414 violations=(0.0,0.0,0.0) moves=1806401
VNS/TS progress phase=distance iteration=382 event=rejected vehicles=5 feasible=True distance=414 violations=(0.0,0.0,0.0) moves=1811365
VNS/TS progress phase=distance iteration=383 event=rejected vehicles=5 feasible=True distance=414 violations=(0.0,0.0,0.0) moves=1816360
VNS/TS progress phase=distance iteration=384 event=accepted vehicles=5 feasible=True distance=416 violations=(0.0,0.0,0.0) moves=1821299
VNS/TS progress phase=distance iteration=385 event=accepted vehicles=5 feasible=True distance=414 violations=(0.0,0.0,0.0) moves=1826264
VNS/TS progress phase=distance iteration=386 event=accepted vehicles=5 feasible=True distance=414 violations=(0.0,0.0,0.0) moves=1831029
VNS/TS progress phase=distance iteration=387 event=rejected vehicles=5 feasible=True distance=414 violations=(0.0,0.0,0.0) moves=1836011
VNS/TS progress phase=distance iteration=388 event=rejected vehicles=5 feasible=True distance=414 violations=(0.0,0.0,0.0) moves=1840914
VNS/TS progress phase=distance iteration=389 event=rejected vehicles=5 feasible=True distance=414 violations=(0.0,0.0,0.0) moves=1845660
VNS/TS progress phase=distance iteration=390 event=accepted vehicles=5 feasible=True distance=414 violations=(0.0,0.0,0.0) moves=1850654
VNS/TS progress phase=distance iteration=391 event=accepted vehicles=5 feasible=True distance=414 violations=(0.0,0.0,0.0) moves=1855603
VNS/TS progress phase=distance iteration=392 event=accepted vehicles=5 feasible=True distance=414 violations=(0.0,0.0,0.0) moves=1860311
VNS/TS progress phase=distance iteration=393 event=rejected vehicles=5 feasible=True distance=414 violations=(0.0,0.0,0.0) moves=1865275
VNS/TS progress phase=distance iteration=394 event=rejected vehicles=5 feasible=True distance=414 violations=(0.0,0.0,0.0) moves=1870211
VNS/TS progress phase=distance iteration=395 event=accepted vehicles=5 feasible=True distance=414 violations=(0.0,0.0,0.0) moves=1874987
VNS/TS progress phase=distance iteration=396 event=rejected vehicles=5 feasible=True distance=414 violations=(0.0,0.0,0.0) moves=1879833
VNS/TS progress phase=distance iteration=397 event=rejected vehicles=5 feasible=True distance=414 violations=(0.0,0.0,0.0) moves=1884801
VNS/TS progress phase=distance iteration=398 event=rejected vehicles=5 feasible=True distance=414 violations=(0.0,0.0,0.0) moves=1889618
VNS/TS progress phase=distance iteration=399 event=accepted vehicles=5 feasible=True distance=414 violations=(0.0,0.0,0.0) moves=1894521
VNS/TS progress phase=distance iteration=400 event=rejected vehicles=5 feasible=True distance=414 violations=(0.0,0.0,0.0) moves=1899249
VNS/TS progress phase=distance iteration=401 event=accepted vehicles=5 feasible=True distance=414 violations=(0.0,0.0,0.0) moves=1904249
VNS/TS progress phase=distance iteration=402 event=accepted vehicles=5 feasible=True distance=414 violations=(0.0,0.0,0.0) moves=1909009
Schneider-2014 hybrid VNS/TS E-VRPTW
  status=solved
  instance=r102C15
  output=E:\WorkSpace\FURP-2026-Ziru-Huang-EVRP-TW\src\log\week5\stability-three-groups\runs\R\15\r102C15\vns_ts\seed-0001\result.json
  vehicles=5
  distance=414
  evaluated_moves=1909009
Benchmark metrics:
  solver=Schneider-2014 hybrid VNS/TS E-VRPTW
  seed=1
  runtime=261.20s
  feasible=True
  total_distance=414
  total_duration=955
  makespan=223
  served_customers=15
  missing_customers=0
  duplicate_customers=0
  time_window_violations=0
  capacity_violations=0
  energy_violations=0
  charging_count=5
  charging_time=108
  synchronization_violations=0
  vehicle_limit_violations=0


[validator]
R-r102C15-vns_ts-seed-0001: validation=valid strict_feasible=True failure=success

