File: E:\WorkSpace\FURP-2026-Ziru-Huang-EVRP-TW\py-ga-VRPTW\data\json_customize\r102C15.json exists.
Start of evolution
  Evaluated 80 individuals
-- Generation 0 --
  Evaluated 70 individuals
  Min 0.00012611692304441435
  Max 0.00018466882510674267
  Avg 0.0001465205193508529
  Std 8.924096848555117e-06
-- Generation 1 --
  Evaluated 72 individuals
  Min 0.00012611692304441435
  Max 0.00018466882510674267
  Avg 0.00014744825995839523
  Std 8.015447198555587e-06
-- Generation 2 --
  Evaluated 66 individuals
  Min 0.00012611692304441435
  Max 0.00018466882510674267
  Avg 0.000147212745467933
  Std 9.558832531796668e-06
-- Generation 3 --
  Evaluated 59 individuals
  Min 0.00012611692304441435
  Max 0.00018466882510674267
  Avg 0.0001487572907954295
  Std 8.683796815926428e-06
-- Generation 4 --
  Evaluated 76 individuals
  Min 0.00012611692304441435
  Max 0.00018466882510674267
  Avg 0.00015075136782437905
  Std 7.128443992136199e-06
-- Generation 5 --
  Evaluated 72 individuals
  Min 0.00012611692304441435
  Max 0.00018466882510674267
  Avg 0.00015195975343764085
  Std 7.490638777259951e-06
-- Generation 6 --
  Evaluated 63 individuals
  Min 0.00012611692304441435
  Max 0.00018466882510674267
  Avg 0.00015213029201258566
  Std 9.228423787466159e-06
-- Generation 7 --
  Evaluated 72 individuals
  Min 0.00012611692304441435
  Max 0.00018466882510674267
  Avg 0.00015248718101211296
  Std 1.0454587520801202e-05
-- Generation 8 --
  Evaluated 69 individuals
  Min 0.00012611692304441435
  Max 0.00018466882510674267
  Avg 0.00015251111974042252
  Std 1.1872610111449493e-05
-- Generation 9 --
  Evaluated 78 individuals
  Min 0.00013887571582712487
  Max 0.00018466882510674267
  Avg 0.00015355943362994377
  Std 1.3132441203382245e-05
-- Generation 10 --
  Evaluated 59 individuals
  Min 0.00013388982797327235
  Max 0.00018466882510674267
  Avg 0.00015393626362337077
  Std 1.4169795996521764e-05
-- Generation 11 --
  Evaluated 68 individuals
  Min 0.00013388982797327235
  Max 0.00018466882510674267
  Avg 0.00015478797832566251
  Std 1.465983116204103e-05
-- Generation 12 --
  Evaluated 60 individuals
  Min 0.00013887571582712487
  Max 0.00018466882510674267
  Avg 0.00015807391062516376
  Std 1.5956399022017455e-05
-- Generation 13 --
  Evaluated 68 individuals
  Min 0.00013887571582712487
  Max 0.00018466882510674267
  Avg 0.00015683786204744474
  Std 1.5790940153524828e-05
-- Generation 14 --
  Evaluated 68 individuals
  Min 0.00013887571582712487
  Max 0.00018466882510674267
  Avg 0.0001567214512887927
  Std 1.5348298034543387e-05
-- Generation 15 --
  Evaluated 66 individuals
  Min 0.00013887571582712487
  Max 0.00018466882510674267
  Avg 0.00015596257236802523
  Std 1.4598959881431914e-05
-- Generation 16 --
  Evaluated 66 individuals
  Min 0.00013887571582712487
  Max 0.00018466882510674267
  Avg 0.00015568340853547974
  Std 1.4815442715327036e-05
-- Generation 17 --
  Evaluated 60 individuals
  Min 0.00013887571582712487
  Max 0.00018466882510674267
  Avg 0.00015783793391154784
  Std 1.5634721207566293e-05
-- Generation 18 --
  Evaluated 66 individuals
  Min 0.0001362213346411256
  Max 0.00018466882510674267
  Avg 0.00015994539645578106
  Std 1.6749722130311062e-05
-- Generation 19 --
  Evaluated 69 individuals
  Min 0.0001362213346411256
  Max 0.00018807190075236232
  Avg 0.0001614717884834842
  Std 1.6425410785630778e-05
-- Generation 20 --
  Evaluated 66 individuals
  Min 0.0001362213346411256
  Max 0.00018466882510674267
  Avg 0.0001632904370790427
  Std 1.6499520196353907e-05
-- Generation 21 --
  Evaluated 72 individuals
  Min 0.00013887571582712487
  Max 0.00018466882510674267
  Avg 0.00016464244825771616
  Std 1.5804807373991932e-05
-- Generation 22 --
  Evaluated 66 individuals
  Min 0.00014585869221974082
  Max 0.00018466882510674267
  Avg 0.00016567192060966193
  Std 1.498766185917423e-05
-- Generation 23 --
  Evaluated 65 individuals
  Min 0.0001416706681670545
  Max 0.00018466882510674267
  Avg 0.0001679118360120935
  Std 1.4924469412140729e-05
-- Generation 24 --
  Evaluated 68 individuals
  Min 0.00014585869221974082
  Max 0.00018466882510674267
  Avg 0.0001693632176320791
  Std 1.491850328767346e-05
-- Generation 25 --
  Evaluated 69 individuals
  Min 0.0001408548490148866
  Max 0.00018466882510674267
  Avg 0.0001676029372104318
  Std 1.4834605123795936e-05
-- Generation 26 --
  Evaluated 72 individuals
  Min 0.00014585869221974082
  Max 0.00018466882510674267
  Avg 0.0001705518760083544
  Std 1.415432917488507e-05
-- Generation 27 --
  Evaluated 64 individuals
  Min 0.00014585869221974082
  Max 0.00018466882510674267
  Avg 0.0001751806370575018
  Std 1.2826977318215084e-05
-- Generation 28 --
  Evaluated 71 individuals
  Min 0.00014585869221974082
  Max 0.00018466882510674267
  Avg 0.00017394600612404847
  Std 1.3298806258261549e-05
-- Generation 29 --
  Evaluated 68 individuals
  Min 0.00014585869221974082
  Max 0.00018466882510674267
  Avg 0.00017449746087702255
  Std 1.2583209894640978e-05
-- Generation 30 --
  Evaluated 64 individuals
  Min 0.0001469895989118952
  Max 0.00018466882510674267
  Avg 0.00017521408601449276
  Std 1.1790324781339417e-05
-- Generation 31 --
  Evaluated 74 individuals
  Min 0.0001469895989118952
  Max 0.00018466882510674267
  Avg 0.00017578436274427067
  Std 1.2449119164355032e-05
-- Generation 32 --
  Evaluated 65 individuals
  Min 0.0001469895989118952
  Max 0.00018466882510674267
  Avg 0.00017594691937085994
  Std 1.1818573778222886e-05
-- Generation 33 --
  Evaluated 66 individuals
  Min 0.00014742073788592266
  Max 0.00018466882510674267
  Avg 0.0001758688664869547
  Std 1.1825081851453464e-05
-- Generation 34 --
  Evaluated 74 individuals
  Min 0.00014086339757667937
  Max 0.00018466882510674267
  Avg 0.00017577154348064286
  Std 1.2610206571826359e-05
-- Generation 35 --
  Evaluated 68 individuals
  Min 0.00014086339757667937
  Max 0.00018466882510674267
  Avg 0.0001775946969422011
  Std 1.2747654936967298e-05
-- Generation 36 --
  Evaluated 76 individuals
  Min 0.00014086339757667937
  Max 0.00018466882510674267
  Avg 0.00017581336302289636
  Std 1.3784436666458804e-05
-- Generation 37 --
  Evaluated 64 individuals
  Min 0.0001371862552247317
  Max 0.00018466882510674267
  Avg 0.00017489484626929825
  Std 1.4535623284897392e-05
-- Generation 38 --
  Evaluated 66 individuals
  Min 0.0001371862552247317
  Max 0.00018466882510674267
  Avg 0.00017651010891639636
  Std 1.3540181043500283e-05
-- Generation 39 --
  Evaluated 74 individuals
  Min 0.0001371862552247317
  Max 0.00018466882510674267
  Avg 0.00017748979799350775
  Std 1.2940479489977867e-05
-- Generation 40 --
  Evaluated 67 individuals
  Min 0.0001371862552247317
  Max 0.00020138158625621357
  Avg 0.00017713787482777506
  Std 1.3757789955818661e-05
-- Generation 41 --
  Evaluated 68 individuals
  Min 0.0001395030679421643
  Max 0.00018466882510674267
  Avg 0.00017929178809916973
  Std 1.1371479780084505e-05
-- Generation 42 --
  Evaluated 62 individuals
  Min 0.0001395030679421643
  Max 0.00018466882510674267
  Avg 0.00018027732436855172
  Std 1.0074234290060247e-05
-- Generation 43 --
  Evaluated 67 individuals
  Min 0.0001395030679421643
  Max 0.00018466882510674267
  Avg 0.00017934254282690043
  Std 1.0756768700863124e-05
-- Generation 44 --
  Evaluated 74 individuals
  Min 0.00015970365316072844
  Max 0.00018466882510674267
  Avg 0.0001800232625352972
  Std 8.39842078016627e-06
-- Generation 45 --
  Evaluated 65 individuals
  Min 0.00016142440654002136
  Max 0.00018466882510674267
  Avg 0.00017907894874679475
  Std 8.878894949149092e-06
-- Generation 46 --
  Evaluated 67 individuals
  Min 0.0001561888147809628
  Max 0.00018466882510674267
  Avg 0.00018006271532639752
  Std 8.429245002628472e-06
-- Generation 47 --
  Evaluated 74 individuals
  Min 0.00014171856282531098
  Max 0.00018466882510674267
  Avg 0.0001811837852334974
  Std 8.061780811279268e-06
-- Generation 48 --
  Evaluated 68 individuals
  Min 0.0001576676261334414
  Max 0.00018466882510674267
  Avg 0.00018295410020566035
  Std 5.631249230393264e-06
-- Generation 49 --
  Evaluated 67 individuals
  Min 0.0001561888147809628
  Max 0.00018466882510674267
  Avg 0.00018306565183582655
  Std 5.451521812504022e-06
-- End of (successful) evolution --
Best individual: [9, 14, 15, 7, 10, 11, 5, 8, 3, 2, 13, 4, 12, 1, 6]
Fitness: 0.00018466882510674267
  Vehicle 1's route: 0 - 9 - 14 - 0
  Vehicle 2's route: 0 - 15 - 7 - 0
  Vehicle 3's route: 0 - 10 - 11 - 5 - 8 - 0
  Vehicle 4's route: 0 - 3 - 0
  Vehicle 5's route: 0 - 2 - 13 - 4 - 0
  Vehicle 6's route: 0 - 12 - 1 - 0
  Vehicle 7's route: 0 - 6 - 0
Total cost: 5415.0991615502935
Write to file: E:\WorkSpace\FURP-2026-Ziru-Huang-EVRP-TW\py-ga-VRPTW\results\r102C15_uC8.0_iC100.0_wC1.0_dC1.5_iS15_pS80_cP0.85_mP0.02_nG50.csv
Path: E:\WorkSpace\FURP-2026-Ziru-Huang-EVRP-TW\py-ga-VRPTW\results\r102C15_uC8.0_iC100.0_wC1.0_dC1.5_iS15_pS80_cP0.85_mP0.02_nG50.csv does not exist.
