File: /Users/emt/Workspace/FURP-2026-Ziru-Huang-EVRP-TW/py-ga-VRPTW/data/json/C101.json exists.
Start of evolution
  Evaluated 80 individuals
-- Generation 0 --
  Evaluated 72 individuals
  Min 1.951498307001962e-08
  Max 3.327768823696885e-08
  Avg 2.4802628079879516e-08
  Std 3.0508370440640197e-09
-- Generation 1 --
  Evaluated 74 individuals
  Min 2.0066547699166424e-08
  Max 3.327768823696885e-08
  Avg 2.541833549305204e-08
  Std 3.245278253540795e-09
-- Generation 2 --
  Evaluated 72 individuals
  Min 2.0066547699166424e-08
  Max 3.2149155187682283e-08
  Avg 2.5618435722725232e-08
  Std 2.8027485424002314e-09
-- Generation 3 --
  Evaluated 68 individuals
  Min 2.198219319024545e-08
  Max 3.2149155187682283e-08
  Avg 2.567612857914506e-08
  Std 2.885553423711659e-09
-- Generation 4 --
  Evaluated 69 individuals
  Min 2.0818470020335914e-08
  Max 3.2149155187682283e-08
  Avg 2.6078086092473407e-08
  Std 3.278056280286509e-09
-- Generation 5 --
  Evaluated 52 individuals
  Min 2.198219319024545e-08
  Max 3.2149155187682283e-08
  Avg 2.675275414086388e-08
  Std 3.5299253142829923e-09
-- Generation 6 --
  Evaluated 64 individuals
  Min 2.198219319024545e-08
  Max 3.2149155187682283e-08
  Avg 2.7520990580647252e-08
  Std 3.766080189572138e-09
-- Generation 7 --
  Evaluated 68 individuals
  Min 2.085196780658231e-08
  Max 3.2149155187682283e-08
  Avg 2.773913377098936e-08
  Std 3.860036634837393e-09
-- Generation 8 --
  Evaluated 66 individuals
  Min 2.198219319024545e-08
  Max 3.2149155187682283e-08
  Avg 2.809723968328235e-08
  Std 3.6989074166919075e-09
-- Generation 9 --
  Evaluated 64 individuals
  Min 2.198219319024545e-08
  Max 3.2149155187682283e-08
  Avg 2.791242608926508e-08
  Std 3.6711099269693517e-09
-- Generation 10 --
  Evaluated 68 individuals
  Min 2.198219319024545e-08
  Max 3.2149155187682283e-08
  Avg 2.7584318086761713e-08
  Std 3.717607587029027e-09
-- Generation 11 --
  Evaluated 72 individuals
  Min 2.198219319024545e-08
  Max 3.2149155187682283e-08
  Avg 2.893069966481123e-08
  Std 3.1245647432706666e-09
-- Generation 12 --
  Evaluated 68 individuals
  Min 2.198219319024545e-08
  Max 3.2149155187682283e-08
  Avg 2.9204125361734213e-08
  Std 2.866724266814859e-09
-- Generation 13 --
  Evaluated 68 individuals
  Min 2.198219319024545e-08
  Max 3.2149155187682283e-08
  Avg 2.9835616554650376e-08
  Std 2.3588118657030683e-09
-- Generation 14 --
  Evaluated 74 individuals
  Min 2.198219319024545e-08
  Max 3.2149155187682283e-08
  Avg 2.969344400332498e-08
  Std 2.4858199385659353e-09
-- Generation 15 --
  Evaluated 68 individuals
  Min 2.198219319024545e-08
  Max 3.2149155187682283e-08
  Avg 2.9538394656141287e-08
  Std 2.6473062906946368e-09
-- Generation 16 --
  Evaluated 68 individuals
  Min 2.198219319024545e-08
  Max 3.2149155187682283e-08
  Avg 2.9825797752244405e-08
  Std 2.4650418618550133e-09
-- Generation 17 --
  Evaluated 68 individuals
  Min 2.198219319024545e-08
  Max 3.2149155187682283e-08
  Avg 3.027291659454884e-08
  Std 1.935413485236462e-09
-- Generation 18 --
  Evaluated 66 individuals
  Min 2.198219319024545e-08
  Max 3.2149155187682283e-08
  Avg 3.043824876396452e-08
  Std 1.8654411567923e-09
-- Generation 19 --
  Evaluated 74 individuals
  Min 2.198219319024545e-08
  Max 3.2268772548694857e-08
  Avg 3.0610029752867355e-08
  Std 1.8226113603390639e-09
-- Generation 20 --
  Evaluated 70 individuals
  Min 2.477515865322273e-08
  Max 3.2149155187682283e-08
  Avg 3.0883815431420056e-08
  Std 1.130979153715891e-09
-- Generation 21 --
  Evaluated 65 individuals
  Min 2.477515865322273e-08
  Max 3.2149155187682283e-08
  Avg 3.088613264264582e-08
  Std 1.2297106807818137e-09
-- Generation 22 --
  Evaluated 62 individuals
  Min 2.4579725071755642e-08
  Max 3.371079242588894e-08
  Avg 3.097019978825137e-08
  Std 1.2976903260157583e-09
-- Generation 23 --
  Evaluated 75 individuals
  Min 2.6726527634928952e-08
  Max 3.371079242588894e-08
  Avg 3.119848794870552e-08
  Std 1.0562679326693062e-09
-- Generation 24 --
  Evaluated 61 individuals
  Min 2.2593855236556053e-08
  Max 3.371079242588894e-08
  Avg 3.102766902916808e-08
  Std 1.4154385688035757e-09
-- Generation 25 --
  Evaluated 66 individuals
  Min 2.6726527634928952e-08
  Max 3.371079242588894e-08
  Avg 3.10963938569258e-08
  Std 1.0927608068132732e-09
-- Generation 26 --
  Evaluated 73 individuals
  Min 2.195025171464894e-08
  Max 3.371079242588894e-08
  Avg 3.0882148988782084e-08
  Std 1.4516815735398155e-09
-- Generation 27 --
  Evaluated 72 individuals
  Min 2.6726527634928952e-08
  Max 3.371079242588894e-08
  Avg 3.1119289578890287e-08
  Std 1.2129507537142565e-09
-- Generation 28 --
  Evaluated 64 individuals
  Min 2.2691401202301663e-08
  Max 3.371079242588894e-08
  Avg 3.116956489162259e-08
  Std 1.5707084293577138e-09
-- Generation 29 --
  Evaluated 64 individuals
  Min 2.2691401202301663e-08
  Max 3.371079242588894e-08
  Avg 3.121508229088042e-08
  Std 1.6287002423239672e-09
-- Generation 30 --
  Evaluated 65 individuals
  Min 2.6726527634928952e-08
  Max 3.371079242588894e-08
  Avg 3.1152011291146016e-08
  Std 1.3382391809101547e-09
-- Generation 31 --
  Evaluated 64 individuals
  Min 2.7779058411731786e-08
  Max 3.371079242588894e-08
  Avg 3.115905687269955e-08
  Std 9.986477611692907e-10
-- Generation 32 --
  Evaluated 71 individuals
  Min 2.1857232480918887e-08
  Max 3.371079242588894e-08
  Avg 3.082526633972576e-08
  Std 1.6288965614575652e-09
-- Generation 33 --
  Evaluated 70 individuals
  Min 2.1857232480918887e-08
  Max 3.371079242588894e-08
  Avg 3.071463793844902e-08
  Std 2.1894891980509414e-09
-- Generation 34 --
  Evaluated 74 individuals
  Min 2.355644084764586e-08
  Max 3.371079242588894e-08
  Avg 3.0900735363263074e-08
  Std 1.503095184782932e-09
-- Generation 35 --
  Evaluated 72 individuals
  Min 2.355644084764586e-08
  Max 3.371079242588894e-08
  Avg 3.092874168823142e-08
  Std 1.1582400199003917e-09
-- Generation 36 --
  Evaluated 64 individuals
  Min 2.6699472025211722e-08
  Max 3.371079242588894e-08
  Avg 3.11198634958971e-08
  Std 1.0142457687580868e-09
-- Generation 37 --
  Evaluated 72 individuals
  Min 2.6699472025211722e-08
  Max 3.371079242588894e-08
  Avg 3.114344399268255e-08
  Std 9.045351468045294e-10
-- Generation 38 --
  Evaluated 58 individuals
  Min 2.9473767216787837e-08
  Max 3.371079242588894e-08
  Avg 3.118681861360869e-08
  Std 8.572158041042428e-10
-- Generation 39 --
  Evaluated 71 individuals
  Min 2.416296518582224e-08
  Max 3.371079242588894e-08
  Avg 3.112795167070547e-08
  Std 1.2905215870315917e-09
-- Generation 40 --
  Evaluated 74 individuals
  Min 2.1779740069508808e-08
  Max 3.371079242588894e-08
  Avg 3.121991567402589e-08
  Std 1.4720984373366037e-09
-- Generation 41 --
  Evaluated 66 individuals
  Min 2.616309490225422e-08
  Max 3.371079242588894e-08
  Avg 3.1322410379203944e-08
  Std 1.22345881472038e-09
-- Generation 42 --
  Evaluated 64 individuals
  Min 2.6184419172264987e-08
  Max 3.371079242588894e-08
  Avg 3.123064495761052e-08
  Std 1.2032047489844828e-09
-- Generation 43 --
  Evaluated 69 individuals
  Min 2.444238226880172e-08
  Max 3.436376071942332e-08
  Avg 3.1317467833035644e-08
  Std 1.7014499672426265e-09
-- Generation 44 --
  Evaluated 62 individuals
  Min 2.4050614688585076e-08
  Max 3.436376071942332e-08
  Avg 3.123374746295554e-08
  Std 1.8189397167119336e-09
-- Generation 45 --
  Evaluated 57 individuals
  Min 2.3862945896957426e-08
  Max 3.436376071942332e-08
  Avg 3.12370454302885e-08
  Std 1.9691557992815074e-09
-- Generation 46 --
  Evaluated 64 individuals
  Min 2.4050614688585076e-08
  Max 3.436376071942332e-08
  Avg 3.1533662619783736e-08
  Std 1.9024373152866053e-09
-- Generation 47 --
  Evaluated 63 individuals
  Min 2.4050614688585076e-08
  Max 3.436376071942332e-08
  Avg 3.168244497383457e-08
  Std 1.924434091759309e-09
-- Generation 48 --
  Evaluated 66 individuals
  Min 2.2761933019070507e-08
  Max 3.436376071942332e-08
  Avg 3.16464651771649e-08
  Std 1.9562816386416615e-09
-- Generation 49 --
  Evaluated 64 individuals
  Min 2.2761933019070507e-08
  Max 3.625512800561037e-08
  Avg 3.1851226890631345e-08
  Std 2.0169580838278177e-09
-- End of (successful) evolution --
Best individual: [17, 13, 15, 10, 11, 2, 6, 20, 3, 4, 7, 5, 19, 14, 9, 12, 18, 16, 8, 1]
Fitness: 3.625512800561037e-08
  Vehicle 1's route: 0 - 17 - 13 - 15 - 10 - 11 - 2 - 6 - 20 - 3 - 4 - 0
  Vehicle 2's route: 0 - 7 - 5 - 19 - 14 - 9 - 12 - 18 - 16 - 8 - 1 - 0
Total cost: 27582305.04234471
Write to file: /Users/emt/Workspace/FURP-2026-Ziru-Huang-EVRP-TW/py-ga-VRPTW/results/C101_uC1.0_iC0.0_wC1.0_dC10000.0_iS20_pS80_cP0.85_mP0.02_nG50.csv
Path: /Users/emt/Workspace/FURP-2026-Ziru-Huang-EVRP-TW/py-ga-VRPTW/results/C101_uC1.0_iC0.0_wC1.0_dC10000.0_iS20_pS80_cP0.85_mP0.02_nG50.csv does not exist.
copied_csv: src/results/week3_pyga_wait1_delay10000/raw/pyga_C101_20_seed1234_wait1_delay10000.csv
run_py_ga_vrptw_ok: True
