VNS/TS progress phase=feasibility iteration=0 event=initial vehicles=1 feasible=False distance=132 violations=(0.0,199.0,71.4) moves=0
VNS/TS progress phase=feasibility iteration=1 event=accepted vehicles=1 feasible=False distance=136 violations=(0.0,17.0,0.0) moves=942
VNS/TS progress phase=feasibility iteration=2 event=accepted vehicles=1 feasible=False distance=137 violations=(0.0,4.0,24.4) moves=2000
VNS/TS progress phase=feasibility iteration=3 event=accepted vehicles=1 feasible=False distance=137 violations=(0.0,4.0,24.4) moves=3001
VNS/TS progress phase=feasibility iteration=4 event=accepted vehicles=1 feasible=False distance=137 violations=(0.0,4.0,24.4) moves=3912
VNS/TS progress phase=feasibility iteration=5 event=accepted vehicles=1 feasible=False distance=137 violations=(0.0,4.0,24.4) moves=4794
VNS/TS progress phase=feasibility iteration=6 event=accepted vehicles=1 feasible=False distance=137 violations=(0.0,4.0,24.4) moves=5676
VNS/TS progress phase=feasibility iteration=7 event=accepted vehicles=1 feasible=False distance=137 violations=(0.0,4.0,24.4) moves=6587
VNS/TS progress phase=feasibility iteration=8 event=accepted vehicles=1 feasible=False distance=137 violations=(0.0,4.0,24.4) moves=7498
VNS/TS progress phase=feasibility iteration=9 event=accepted vehicles=1 feasible=False distance=137 violations=(0.0,4.0,24.4) moves=8369
VNS/TS progress phase=feasibility iteration=10 event=accepted vehicles=1 feasible=False distance=137 violations=(0.0,4.0,24.4) moves=9244
VNS/TS progress phase=feasibility iteration=11 event=accepted vehicles=1 feasible=False distance=137 violations=(0.0,4.0,24.4) moves=10123
VNS/TS progress phase=feasibility iteration=12 event=accepted vehicles=1 feasible=False distance=137 violations=(0.0,4.0,24.4) moves=11051
VNS/TS progress phase=feasibility iteration=13 event=accepted vehicles=1 feasible=False distance=137 violations=(0.0,4.0,24.4) moves=11898
VNS/TS progress phase=feasibility iteration=14 event=accepted vehicles=1 feasible=False distance=137 violations=(0.0,4.0,24.4) moves=12849
VNS/TS progress phase=feasibility iteration=15 event=accepted vehicles=1 feasible=False distance=137 violations=(0.0,4.0,24.4) moves=13746
VNS/TS progress phase=feasibility iteration=16 event=accepted vehicles=1 feasible=False distance=137 violations=(0.0,4.0,24.4) moves=14662
VNS/TS progress phase=feasibility iteration=17 event=accepted vehicles=1 feasible=False distance=137 violations=(0.0,4.0,24.4) moves=15635
VNS/TS progress phase=feasibility iteration=18 event=accepted vehicles=1 feasible=False distance=137 violations=(0.0,4.0,24.4) moves=16596
VNS/TS progress phase=feasibility iteration=19 event=accepted vehicles=1 feasible=False distance=137 violations=(0.0,4.0,24.4) moves=17470
VNS/TS progress phase=feasibility iteration=20 event=accepted vehicles=1 feasible=False distance=137 violations=(0.0,4.0,24.4) moves=18369
VNS/TS progress phase=feasibility iteration=21 event=accepted vehicles=1 feasible=False distance=137 violations=(0.0,4.0,24.4) moves=19276
VNS/TS progress phase=feasibility iteration=22 event=accepted vehicles=1 feasible=False distance=137 violations=(0.0,4.0,24.4) moves=20309
VNS/TS progress phase=feasibility iteration=23 event=accepted vehicles=1 feasible=False distance=136 violations=(0.0,17.0,0.0) moves=21216
VNS/TS progress phase=feasibility iteration=24 event=accepted vehicles=1 feasible=False distance=136 violations=(0.0,17.0,0.0) moves=22195
VNS/TS progress phase=feasibility iteration=25 event=accepted vehicles=1 feasible=False distance=136 violations=(0.0,17.0,0.0) moves=23284
VNS/TS progress phase=feasibility iteration=26 event=accepted vehicles=1 feasible=False distance=136 violations=(0.0,17.0,0.0) moves=24327
VNS/TS progress phase=feasibility iteration=27 event=accepted vehicles=1 feasible=False distance=136 violations=(0.0,17.0,0.0) moves=25306
VNS/TS progress phase=feasibility iteration=28 event=accepted vehicles=1 feasible=False distance=136 violations=(0.0,17.0,0.0) moves=26427
VNS/TS progress phase=feasibility iteration=29 event=accepted vehicles=1 feasible=False distance=136 violations=(0.0,17.0,0.0) moves=27516
VNS/TS progress phase=feasibility iteration=30 event=accepted vehicles=1 feasible=False distance=136 violations=(0.0,17.0,0.0) moves=28559
VNS/TS progress phase=feasibility iteration=31 event=accepted vehicles=1 feasible=False distance=136 violations=(0.0,17.0,0.0) moves=29576
VNS/TS progress phase=feasibility iteration=32 event=accepted vehicles=1 feasible=False distance=136 violations=(0.0,17.0,0.0) moves=30668
VNS/TS progress phase=feasibility iteration=33 event=accepted vehicles=1 feasible=False distance=136 violations=(0.0,17.0,0.0) moves=31727
VNS/TS progress phase=feasibility iteration=34 event=accepted vehicles=1 feasible=False distance=136 violations=(0.0,17.0,0.0) moves=32770
VNS/TS progress phase=feasibility iteration=35 event=accepted vehicles=1 feasible=False distance=136 violations=(0.0,17.0,0.0) moves=33803
VNS/TS progress phase=feasibility iteration=36 event=accepted vehicles=1 feasible=False distance=136 violations=(0.0,17.0,0.0) moves=34857
VNS/TS progress phase=feasibility iteration=37 event=accepted vehicles=1 feasible=False distance=136 violations=(0.0,17.0,0.0) moves=35841
VNS/TS progress phase=feasibility iteration=38 event=accepted vehicles=1 feasible=False distance=136 violations=(0.0,17.0,0.0) moves=36902
VNS/TS progress phase=feasibility iteration=39 event=accepted vehicles=1 feasible=False distance=136 violations=(0.0,17.0,0.0) moves=38031
VNS/TS progress phase=feasibility iteration=40 event=accepted vehicles=1 feasible=False distance=136 violations=(0.0,17.0,0.0) moves=39132
VNS/TS progress phase=feasibility iteration=41 event=accepted vehicles=1 feasible=False distance=136 violations=(0.0,17.0,0.0) moves=40134
VNS/TS progress phase=feasibility iteration=42 event=accepted vehicles=1 feasible=False distance=136 violations=(0.0,17.0,0.0) moves=41229
VNS/TS progress phase=feasibility iteration=43 event=accepted vehicles=1 feasible=False distance=136 violations=(0.0,17.0,0.0) moves=42361
VNS/TS progress phase=feasibility iteration=44 event=accepted vehicles=1 feasible=False distance=136 violations=(0.0,17.0,0.0) moves=43396
VNS/TS progress phase=feasibility iteration=45 event=accepted vehicles=1 feasible=False distance=136 violations=(0.0,17.0,0.0) moves=44458
VNS/TS progress phase=feasibility iteration=46 event=accepted vehicles=1 feasible=False distance=136 violations=(0.0,17.0,0.0) moves=45475
VNS/TS progress phase=feasibility iteration=47 event=accepted vehicles=1 feasible=False distance=136 violations=(0.0,17.0,0.0) moves=46560
VNS/TS progress phase=feasibility iteration=48 event=accepted vehicles=1 feasible=False distance=136 violations=(0.0,17.0,0.0) moves=47718
VNS/TS progress phase=feasibility iteration=49 event=accepted vehicles=1 feasible=False distance=136 violations=(0.0,17.0,0.0) moves=48722
VNS/TS progress phase=feasibility iteration=50 event=accepted vehicles=1 feasible=False distance=136 violations=(0.0,17.0,0.0) moves=49813
VNS/TS progress phase=feasibility iteration=51 event=accepted vehicles=1 feasible=False distance=136 violations=(0.0,17.0,0.0) moves=50858
VNS/TS progress phase=feasibility iteration=52 event=accepted vehicles=1 feasible=False distance=136 violations=(0.0,17.0,0.0) moves=51855
VNS/TS progress phase=feasibility iteration=53 event=accepted vehicles=1 feasible=False distance=136 violations=(0.0,17.0,0.0) moves=52898
VNS/TS progress phase=feasibility iteration=54 event=accepted vehicles=1 feasible=False distance=136 violations=(0.0,17.0,0.0) moves=53941
VNS/TS progress phase=feasibility iteration=55 event=accepted vehicles=1 feasible=False distance=136 violations=(0.0,17.0,0.0) moves=54905
VNS/TS progress phase=feasibility iteration=56 event=accepted vehicles=1 feasible=False distance=136 violations=(0.0,17.0,0.0) moves=55965
VNS/TS progress phase=feasibility iteration=57 event=accepted vehicles=1 feasible=False distance=136 violations=(0.0,17.0,0.0) moves=57062
VNS/TS progress phase=feasibility iteration=58 event=accepted vehicles=1 feasible=False distance=136 violations=(0.0,17.0,0.0) moves=58161
VNS/TS progress phase=feasibility iteration=59 event=accepted vehicles=1 feasible=False distance=136 violations=(0.0,17.0,0.0) moves=59204
VNS/TS progress phase=feasibility iteration=60 event=accepted vehicles=1 feasible=False distance=136 violations=(0.0,17.0,0.0) moves=60247
VNS/TS progress phase=feasibility iteration=61 event=accepted vehicles=1 feasible=False distance=136 violations=(0.0,17.0,0.0) moves=61309
VNS/TS progress phase=feasibility iteration=62 event=accepted vehicles=1 feasible=False distance=136 violations=(0.0,17.0,0.0) moves=62288
VNS/TS progress phase=feasibility iteration=63 event=accepted vehicles=1 feasible=False distance=136 violations=(0.0,17.0,0.0) moves=63323
VNS/TS progress phase=feasibility iteration=64 event=accepted vehicles=1 feasible=False distance=136 violations=(0.0,17.0,0.0) moves=64323
VNS/TS progress phase=feasibility iteration=65 event=accepted vehicles=1 feasible=False distance=136 violations=(0.0,17.0,0.0) moves=65350
VNS/TS progress phase=feasibility iteration=66 event=accepted vehicles=1 feasible=False distance=136 violations=(0.0,17.0,0.0) moves=66447
VNS/TS progress phase=feasibility iteration=67 event=accepted vehicles=1 feasible=False distance=136 violations=(0.0,17.0,0.0) moves=67482
VNS/TS progress phase=feasibility iteration=68 event=accepted vehicles=1 feasible=False distance=136 violations=(0.0,17.0,0.0) moves=68525
VNS/TS progress phase=feasibility iteration=69 event=accepted vehicles=1 feasible=False distance=136 violations=(0.0,17.0,0.0) moves=69524
VNS/TS progress phase=feasibility iteration=70 event=accepted vehicles=1 feasible=False distance=136 violations=(0.0,17.0,0.0) moves=70539
VNS/TS progress phase=feasibility iteration=71 event=accepted vehicles=1 feasible=False distance=136 violations=(0.0,17.0,0.0) moves=71582
VNS/TS progress phase=feasibility iteration=72 event=accepted vehicles=1 feasible=False distance=136 violations=(0.0,17.0,0.0) moves=72681
VNS/TS progress phase=feasibility iteration=73 event=accepted vehicles=1 feasible=False distance=136 violations=(0.0,17.0,0.0) moves=73773
VNS/TS progress phase=feasibility iteration=74 event=accepted vehicles=1 feasible=False distance=136 violations=(0.0,17.0,0.0) moves=74832
VNS/TS progress phase=feasibility iteration=75 event=accepted vehicles=1 feasible=False distance=136 violations=(0.0,17.0,0.0) moves=75886
VNS/TS progress phase=feasibility iteration=76 event=accepted vehicles=1 feasible=False distance=136 violations=(0.0,17.0,0.0) moves=76964
VNS/TS progress phase=feasibility iteration=77 event=accepted vehicles=1 feasible=False distance=136 violations=(0.0,17.0,0.0) moves=78007
VNS/TS progress phase=feasibility iteration=78 event=accepted vehicles=1 feasible=False distance=136 violations=(0.0,17.0,0.0) moves=79050
VNS/TS progress phase=feasibility iteration=79 event=accepted vehicles=1 feasible=False distance=136 violations=(0.0,17.0,0.0) moves=80093
VNS/TS progress phase=feasibility iteration=80 event=accepted vehicles=1 feasible=False distance=136 violations=(0.0,17.0,0.0) moves=81092
VNS/TS progress phase=feasibility iteration=80 event=add_vehicle vehicles=2 feasible=False distance=136 violations=(0.0,4.0,19.4) moves=81092
VNS/TS progress phase=feasibility iteration=81 event=accepted vehicles=2 feasible=True distance=136 violations=(0.0,0.0,0.0) moves=82442
VNS/TS progress phase=distance iteration=82 event=accepted vehicles=2 feasible=True distance=136 violations=(0.0,0.0,0.0) moves=84054
VNS/TS progress phase=distance iteration=83 event=accepted vehicles=2 feasible=True distance=136 violations=(0.0,0.0,0.0) moves=85594
VNS/TS progress phase=distance iteration=84 event=accepted vehicles=2 feasible=True distance=136 violations=(0.0,0.0,0.0) moves=86947
VNS/TS progress phase=distance iteration=85 event=accepted vehicles=2 feasible=True distance=136 violations=(0.0,0.0,0.0) moves=88279
VNS/TS progress phase=distance iteration=86 event=accepted vehicles=2 feasible=True distance=136 violations=(0.0,0.0,0.0) moves=89723
VNS/TS progress phase=distance iteration=87 event=rejected vehicles=2 feasible=True distance=136 violations=(0.0,0.0,0.0) moves=91138
VNS/TS progress phase=distance iteration=88 event=accepted vehicles=2 feasible=True distance=136 violations=(0.0,0.0,0.0) moves=92605
VNS/TS progress phase=distance iteration=89 event=accepted vehicles=2 feasible=True distance=136 violations=(0.0,0.0,0.0) moves=94013
VNS/TS progress phase=distance iteration=90 event=accepted vehicles=2 feasible=True distance=136 violations=(0.0,0.0,0.0) moves=95366
VNS/TS progress phase=distance iteration=91 event=accepted vehicles=2 feasible=True distance=136 violations=(0.0,0.0,0.0) moves=97080
VNS/TS progress phase=distance iteration=92 event=accepted vehicles=2 feasible=True distance=136 violations=(0.0,0.0,0.0) moves=98417
VNS/TS progress phase=distance iteration=93 event=accepted vehicles=2 feasible=True distance=136 violations=(0.0,0.0,0.0) moves=99816
VNS/TS progress phase=distance iteration=94 event=accepted vehicles=2 feasible=True distance=136 violations=(0.0,0.0,0.0) moves=101163
VNS/TS progress phase=distance iteration=95 event=accepted vehicles=2 feasible=True distance=136 violations=(0.0,0.0,0.0) moves=102749
VNS/TS progress phase=distance iteration=96 event=accepted vehicles=2 feasible=True distance=136 violations=(0.0,0.0,0.0) moves=103982
VNS/TS progress phase=distance iteration=97 event=accepted vehicles=2 feasible=True distance=136 violations=(0.0,0.0,0.0) moves=105167
VNS/TS progress phase=distance iteration=98 event=accepted vehicles=2 feasible=True distance=136 violations=(0.0,0.0,0.0) moves=106266
VNS/TS progress phase=distance iteration=99 event=accepted vehicles=2 feasible=True distance=136 violations=(0.0,0.0,0.0) moves=107417
VNS/TS progress phase=distance iteration=100 event=accepted vehicles=2 feasible=True distance=136 violations=(0.0,0.0,0.0) moves=108690
VNS/TS progress phase=distance iteration=101 event=accepted vehicles=2 feasible=True distance=136 violations=(0.0,0.0,0.0) moves=109801
VNS/TS progress phase=distance iteration=102 event=accepted vehicles=2 feasible=True distance=136 violations=(0.0,0.0,0.0) moves=110810
VNS/TS progress phase=distance iteration=103 event=accepted vehicles=2 feasible=True distance=136 violations=(0.0,0.0,0.0) moves=111972
VNS/TS progress phase=distance iteration=104 event=accepted vehicles=2 feasible=True distance=136 violations=(0.0,0.0,0.0) moves=113118
VNS/TS progress phase=distance iteration=105 event=accepted vehicles=2 feasible=True distance=136 violations=(0.0,0.0,0.0) moves=114199
VNS/TS progress phase=distance iteration=106 event=accepted vehicles=2 feasible=True distance=136 violations=(0.0,0.0,0.0) moves=115509
VNS/TS progress phase=distance iteration=107 event=accepted vehicles=2 feasible=True distance=136 violations=(0.0,0.0,0.0) moves=116814
VNS/TS progress phase=distance iteration=108 event=accepted vehicles=2 feasible=True distance=136 violations=(0.0,0.0,0.0) moves=117923
VNS/TS progress phase=distance iteration=109 event=accepted vehicles=2 feasible=True distance=136 violations=(0.0,0.0,0.0) moves=118869
VNS/TS progress phase=distance iteration=110 event=accepted vehicles=2 feasible=True distance=136 violations=(0.0,0.0,0.0) moves=120050
VNS/TS progress phase=distance iteration=111 event=accepted vehicles=2 feasible=True distance=136 violations=(0.0,0.0,0.0) moves=121278
VNS/TS progress phase=distance iteration=112 event=accepted vehicles=2 feasible=True distance=136 violations=(0.0,0.0,0.0) moves=122332
VNS/TS progress phase=distance iteration=113 event=accepted vehicles=2 feasible=True distance=136 violations=(0.0,0.0,0.0) moves=123381
VNS/TS progress phase=distance iteration=114 event=accepted vehicles=2 feasible=True distance=136 violations=(0.0,0.0,0.0) moves=124396
VNS/TS progress phase=distance iteration=115 event=accepted vehicles=2 feasible=True distance=136 violations=(0.0,0.0,0.0) moves=125600
VNS/TS progress phase=distance iteration=116 event=accepted vehicles=2 feasible=True distance=136 violations=(0.0,0.0,0.0) moves=126775
VNS/TS progress phase=distance iteration=117 event=accepted vehicles=2 feasible=True distance=136 violations=(0.0,0.0,0.0) moves=127787
VNS/TS progress phase=distance iteration=118 event=accepted vehicles=2 feasible=True distance=136 violations=(0.0,0.0,0.0) moves=128790
VNS/TS progress phase=distance iteration=119 event=accepted vehicles=2 feasible=True distance=136 violations=(0.0,0.0,0.0) moves=129858
VNS/TS progress phase=distance iteration=120 event=accepted vehicles=2 feasible=True distance=136 violations=(0.0,0.0,0.0) moves=131004
VNS/TS progress phase=distance iteration=121 event=accepted vehicles=2 feasible=True distance=136 violations=(0.0,0.0,0.0) moves=131996
VNS/TS progress phase=distance iteration=122 event=accepted vehicles=2 feasible=True distance=136 violations=(0.0,0.0,0.0) moves=133128
VNS/TS progress phase=distance iteration=123 event=accepted vehicles=2 feasible=True distance=136 violations=(0.0,0.0,0.0) moves=134241
VNS/TS progress phase=distance iteration=124 event=rejected vehicles=2 feasible=True distance=136 violations=(0.0,0.0,0.0) moves=135337
VNS/TS progress phase=distance iteration=125 event=accepted vehicles=2 feasible=True distance=136 violations=(0.0,0.0,0.0) moves=136452
VNS/TS progress phase=distance iteration=126 event=accepted vehicles=2 feasible=True distance=136 violations=(0.0,0.0,0.0) moves=137689
VNS/TS progress phase=distance iteration=127 event=accepted vehicles=2 feasible=True distance=136 violations=(0.0,0.0,0.0) moves=138618
VNS/TS progress phase=distance iteration=128 event=accepted vehicles=2 feasible=True distance=136 violations=(0.0,0.0,0.0) moves=139728
VNS/TS progress phase=distance iteration=129 event=accepted vehicles=2 feasible=True distance=136 violations=(0.0,0.0,0.0) moves=140735
VNS/TS progress phase=distance iteration=130 event=accepted vehicles=2 feasible=True distance=136 violations=(0.0,0.0,0.0) moves=141920
VNS/TS progress phase=distance iteration=131 event=accepted vehicles=2 feasible=True distance=136 violations=(0.0,0.0,0.0) moves=142966
VNS/TS progress phase=distance iteration=132 event=accepted vehicles=2 feasible=True distance=136 violations=(0.0,0.0,0.0) moves=143956
VNS/TS progress phase=distance iteration=133 event=accepted vehicles=2 feasible=True distance=136 violations=(0.0,0.0,0.0) moves=145086
VNS/TS progress phase=distance iteration=134 event=accepted vehicles=2 feasible=True distance=136 violations=(0.0,0.0,0.0) moves=146250
VNS/TS progress phase=distance iteration=135 event=accepted vehicles=2 feasible=True distance=136 violations=(0.0,0.0,0.0) moves=147308
VNS/TS progress phase=distance iteration=136 event=accepted vehicles=2 feasible=True distance=136 violations=(0.0,0.0,0.0) moves=148259
VNS/TS progress phase=distance iteration=137 event=accepted vehicles=2 feasible=True distance=136 violations=(0.0,0.0,0.0) moves=149241
VNS/TS progress phase=distance iteration=138 event=accepted vehicles=2 feasible=True distance=136 violations=(0.0,0.0,0.0) moves=150389
VNS/TS progress phase=distance iteration=139 event=accepted vehicles=2 feasible=True distance=136 violations=(0.0,0.0,0.0) moves=151424
VNS/TS progress phase=distance iteration=140 event=accepted vehicles=2 feasible=True distance=136 violations=(0.0,0.0,0.0) moves=152448
VNS/TS progress phase=distance iteration=141 event=accepted vehicles=2 feasible=True distance=136 violations=(0.0,0.0,0.0) moves=153527
VNS/TS progress phase=distance iteration=142 event=accepted vehicles=2 feasible=True distance=136 violations=(0.0,0.0,0.0) moves=154537
VNS/TS progress phase=distance iteration=143 event=accepted vehicles=2 feasible=True distance=136 violations=(0.0,0.0,0.0) moves=155610
VNS/TS progress phase=distance iteration=144 event=accepted vehicles=2 feasible=True distance=136 violations=(0.0,0.0,0.0) moves=156582
VNS/TS progress phase=distance iteration=145 event=accepted vehicles=2 feasible=True distance=136 violations=(0.0,0.0,0.0) moves=157764
VNS/TS progress phase=distance iteration=146 event=accepted vehicles=2 feasible=True distance=136 violations=(0.0,0.0,0.0) moves=158777
VNS/TS progress phase=distance iteration=147 event=accepted vehicles=2 feasible=True distance=136 violations=(0.0,0.0,0.0) moves=159840
VNS/TS progress phase=distance iteration=148 event=accepted vehicles=2 feasible=True distance=136 violations=(0.0,0.0,0.0) moves=160815
VNS/TS progress phase=distance iteration=149 event=accepted vehicles=2 feasible=True distance=136 violations=(0.0,0.0,0.0) moves=161898
VNS/TS progress phase=distance iteration=150 event=accepted vehicles=2 feasible=True distance=136 violations=(0.0,0.0,0.0) moves=162932
VNS/TS progress phase=distance iteration=151 event=accepted vehicles=2 feasible=True distance=136 violations=(0.0,0.0,0.0) moves=164047
VNS/TS progress phase=distance iteration=152 event=accepted vehicles=2 feasible=True distance=136 violations=(0.0,0.0,0.0) moves=165063
VNS/TS progress phase=distance iteration=153 event=accepted vehicles=2 feasible=True distance=136 violations=(0.0,0.0,0.0) moves=166298
VNS/TS progress phase=distance iteration=154 event=accepted vehicles=2 feasible=True distance=136 violations=(0.0,0.0,0.0) moves=167332
VNS/TS progress phase=distance iteration=155 event=accepted vehicles=2 feasible=True distance=136 violations=(0.0,0.0,0.0) moves=168359
VNS/TS progress phase=distance iteration=156 event=accepted vehicles=2 feasible=True distance=136 violations=(0.0,0.0,0.0) moves=169431
VNS/TS progress phase=distance iteration=157 event=accepted vehicles=2 feasible=True distance=136 violations=(0.0,0.0,0.0) moves=170393
VNS/TS progress phase=distance iteration=158 event=accepted vehicles=2 feasible=True distance=136 violations=(0.0,0.0,0.0) moves=171443
VNS/TS progress phase=distance iteration=159 event=accepted vehicles=2 feasible=True distance=136 violations=(0.0,0.0,0.0) moves=172487
VNS/TS progress phase=distance iteration=160 event=accepted vehicles=2 feasible=True distance=136 violations=(0.0,0.0,0.0) moves=173523
VNS/TS progress phase=distance iteration=161 event=accepted vehicles=2 feasible=True distance=136 violations=(0.0,0.0,0.0) moves=174553
Schneider-2014 hybrid VNS/TS E-VRPTW
  status=solved
  instance=r104C5
  output=E:\WorkSpace\FURP-2026-Ziru-Huang-EVRP-TW\src\log\week5\stability-three-groups\runs\R\5\r104C5\vns_ts\seed-0001\result.json
  vehicles=2
  distance=136
  evaluated_moves=174553
Benchmark metrics:
  solver=Schneider-2014 hybrid VNS/TS E-VRPTW
  seed=1
  runtime=7.16s
  feasible=True
  total_distance=136
  total_duration=329
  makespan=194
  served_customers=5
  missing_customers=0
  duplicate_customers=0
  time_window_violations=0
  capacity_violations=0
  energy_violations=0
  charging_count=1
  charging_time=14
  synchronization_violations=0
  vehicle_limit_violations=0


[validator]
R-r104C5-vns_ts-seed-0001: validation=valid strict_feasible=True failure=success

