EVRP-TW solving pipeline
  status=solved
  instance=rc105C5
  source=E:\WorkSpace\FURP-2026-Ziru-Huang-EVRP-TW\src\data\evrptw_instances\rc105C5.txt
  vehicles=3
  runtime=10.032s
  station_insertions=2
  split_count=1
Benchmark metrics:
  solver=EVRPTWRepairPipeline
  feasible=True
  total_distance=248
  total_duration=439
  makespan=191
  served_customers=5
  missing_customers=0
  duplicate_customers=0
  time_window_violations=0
  capacity_violations=0
  energy_violations=0
  charging_count=2
  charging_time=19
  synchronization_violations=0
  vehicle_limit_violations=0
Solution JSON: E:\WorkSpace\FURP-2026-Ziru-Huang-EVRP-TW\src\log\week5\stability-three-groups\runs\RC\5\rc105C5\pyvrp_repair\seed-0001\result.json


[validator]
RC-rc105C5-pyvrp_repair-seed-0001: validation=valid strict_feasible=True failure=success

