RouteFinder + fleet compaction + EVRP-TW repair pipeline
  status=solved
  instance=c103C15
  checkpoint=E:\WorkSpace\FURP-2026-Ziru-Huang-EVRP-TW\src\routefinder\checkpoints\50\rf-transformer.ckpt
  candidates=1
  inference=0.395s
  total_runtime=5.753s
  raw_route_count=6
  compacted_route_count=5
  final_route_count=5
  raw_routes=[['C13'], ['C59', 'C61'], ['C40', 'C33', 'C35'], ['C10'], ['C85', 'C98', 'C95', 'C44', 'C50'], ['C19', 'C18', 'C30']]
  compacted_routes=[['C10', 'C13'], ['C59', 'C61'], ['C40', 'C33', 'C35'], ['C85', 'C98', 'C95', 'C44', 'C50'], ['C19', 'C18', 'C30']]
  station_insertions=4
  split_count=0
Benchmark metrics:
  solver=RouteFinderEVRPTWRepair
  feasible=True
  total_distance=472
  total_duration=4643
  makespan=1163
  served_customers=15
  missing_customers=0
  duplicate_customers=0
  time_window_violations=0
  capacity_violations=0
  energy_violations=0
  charging_count=4
  charging_time=491
  synchronization_violations=0
  vehicle_limit_violations=0
Solution JSON: E:\WorkSpace\FURP-2026-Ziru-Huang-EVRP-TW\src\log\week5\stability-three-groups\runs\C\15\c103C15\routefinder_repair\seed-0001\result.json


[validator]
C-c103C15-routefinder_repair-seed-0001: validation=valid strict_feasible=True failure=success

