File: /Users/emt/Workspace/FURP-2026-Ziru-Huang-EVRP-TW/py-ga-VRPTW/data/json/C101.json exists.
Start of evolution
  Evaluated 80 individuals
-- Generation 0 --
  Evaluated 62 individuals
  Min 0.00019220198277737453
  Max 0.00021417274591691178
  Avg 0.0002016094025556565
  Std 5.262752098300113e-06
-- Generation 1 --
  Evaluated 68 individuals
  Min 0.00019220198277737453
  Max 0.000211209092628545
  Avg 0.00020133775800242515
  Std 4.71950069712896e-06
-- Generation 2 --
  Evaluated 68 individuals
  Min 0.00019220198277737453
  Max 0.000211209092628545
  Avg 0.0002014508499618072
  Std 4.808510620153011e-06
-- Generation 3 --
  Evaluated 61 individuals
  Min 0.0001942453795702127
  Max 0.000211209092628545
  Avg 0.0002010123725942896
  Std 4.769410952556332e-06
-- Generation 4 --
  Evaluated 67 individuals
  Min 0.0001942453795702127
  Max 0.000211209092628545
  Avg 0.00020178289117822124
  Std 4.979074470688966e-06
-- Generation 5 --
  Evaluated 70 individuals
  Min 0.00019534764499091084
  Max 0.000211209092628545
  Avg 0.00020290303430961317
  Std 4.870428440138513e-06
-- Generation 6 --
  Evaluated 68 individuals
  Min 0.00019534764499091084
  Max 0.000211209092628545
  Avg 0.00020238440788352793
  Std 4.7610584695316e-06
-- Generation 7 --
  Evaluated 68 individuals
  Min 0.00019534764499091084
  Max 0.000211209092628545
  Avg 0.00020218234275777618
  Std 4.639652881648219e-06
-- Generation 8 --
  Evaluated 67 individuals
  Min 0.00019436690519517442
  Max 0.00020978578464558468
  Avg 0.0002009959313671365
  Std 4.4907278374179025e-06
-- Generation 9 --
  Evaluated 68 individuals
  Min 0.00019534764499091084
  Max 0.0002113641526232743
  Avg 0.00020149991549124705
  Std 4.282860566418019e-06
-- Generation 10 --
  Evaluated 63 individuals
  Min 0.00019534764499091084
  Max 0.0002113641526232743
  Avg 0.00020195880665387563
  Std 4.61144326473562e-06
-- Generation 11 --
  Evaluated 68 individuals
  Min 0.00019534764499091084
  Max 0.0002113641526232743
  Avg 0.00020267999547532713
  Std 4.754291935822998e-06
-- Generation 12 --
  Evaluated 69 individuals
  Min 0.00019354111986460062
  Max 0.0002113641526232743
  Avg 0.00020215103675473738
  Std 5.159564709557135e-06
-- Generation 13 --
  Evaluated 62 individuals
  Min 0.00019534764499091084
  Max 0.0002117047798287882
  Avg 0.0002036561985617393
  Std 5.513056599606719e-06
-- Generation 14 --
  Evaluated 72 individuals
  Min 0.00019534764499091084
  Max 0.0002113641526232743
  Avg 0.00020387615840305665
  Std 5.7271317523827434e-06
-- Generation 15 --
  Evaluated 57 individuals
  Min 0.00019493158181367208
  Max 0.0002113641526232743
  Avg 0.0002044153087842511
  Std 5.9111157334664384e-06
-- Generation 16 --
  Evaluated 76 individuals
  Min 0.00019534764499091084
  Max 0.0002113641526232743
  Avg 0.000205304763562916
  Std 6.108634675406029e-06
-- Generation 17 --
  Evaluated 66 individuals
  Min 0.00019505437796742226
  Max 0.0002113641526232743
  Avg 0.00020470141648904695
  Std 6.230802105237025e-06
-- Generation 18 --
  Evaluated 64 individuals
  Min 0.00019534764499091084
  Max 0.0002113641526232743
  Avg 0.00020582414431553932
  Std 6.140553136072632e-06
-- Generation 19 --
  Evaluated 72 individuals
  Min 0.00019534764499091084
  Max 0.0002113641526232743
  Avg 0.00020555754193690864
  Std 6.103770466025034e-06
-- End of (successful) evolution --
Best individual: [46, 52, 66, 71, 75, 72, 67, 76, 53, 60, 49, 21, 57, 11, 86, 13, 16, 6, 37, 65, 25, 93, 44, 23, 62, 38, 36, 89, 48, 32, 15, 4, 80, 59, 94, 81, 84, 22, 74, 34, 43, 35, 69, 96, 83, 19, 50, 97, 20, 39, 12, 63, 87, 3, 8, 40, 58, 10, 9, 82, 100, 30, 64, 51, 55, 7, 18, 17, 77, 42, 70, 56, 24, 99, 31, 95, 85, 78, 33, 14, 5, 88, 73, 92, 54, 28, 91, 29, 26, 41, 47, 45, 90, 68, 2, 98, 79, 61, 27, 1]
Fitness: 0.0002113641526232743
  Vehicle 1's route: 0 - 46 - 52 - 0
  Vehicle 2's route: 0 - 66 - 0
  Vehicle 3's route: 0 - 71 - 75 - 0
  Vehicle 4's route: 0 - 72 - 0
  Vehicle 5's route: 0 - 67 - 76 - 0
  Vehicle 6's route: 0 - 53 - 60 - 49 - 0
  Vehicle 7's route: 0 - 21 - 0
  Vehicle 8's route: 0 - 57 - 11 - 0
  Vehicle 9's route: 0 - 86 - 0
  Vehicle 10's route: 0 - 13 - 16 - 6 - 0
  Vehicle 11's route: 0 - 37 - 0
  Vehicle 12's route: 0 - 65 - 25 - 93 - 0
  Vehicle 13's route: 0 - 44 - 23 - 0
  Vehicle 14's route: 0 - 62 - 38 - 36 - 0
  Vehicle 15's route: 0 - 89 - 0
  Vehicle 16's route: 0 - 48 - 0
  Vehicle 17's route: 0 - 32 - 15 - 4 - 0
  Vehicle 18's route: 0 - 80 - 0
  Vehicle 19's route: 0 - 59 - 0
  Vehicle 20's route: 0 - 94 - 0
  Vehicle 21's route: 0 - 81 - 84 - 22 - 0
  Vehicle 22's route: 0 - 74 - 34 - 0
  Vehicle 23's route: 0 - 43 - 35 - 69 - 0
  Vehicle 24's route: 0 - 96 - 83 - 0
  Vehicle 25's route: 0 - 19 - 50 - 0
  Vehicle 26's route: 0 - 97 - 0
  Vehicle 27's route: 0 - 20 - 39 - 12 - 0
  Vehicle 28's route: 0 - 63 - 0
  Vehicle 29's route: 0 - 87 - 0
  Vehicle 30's route: 0 - 3 - 8 - 0
  Vehicle 31's route: 0 - 40 - 58 - 0
  Vehicle 32's route: 0 - 10 - 9 - 0
  Vehicle 33's route: 0 - 82 - 100 - 0
  Vehicle 34's route: 0 - 30 - 64 - 51 - 0
  Vehicle 35's route: 0 - 55 - 0
  Vehicle 36's route: 0 - 7 - 0
  Vehicle 37's route: 0 - 18 - 0
  Vehicle 38's route: 0 - 17 - 77 - 0
  Vehicle 39's route: 0 - 42 - 70 - 0
  Vehicle 40's route: 0 - 56 - 0
  Vehicle 41's route: 0 - 24 - 99 - 0
  Vehicle 42's route: 0 - 31 - 0
  Vehicle 43's route: 0 - 95 - 85 - 0
  Vehicle 44's route: 0 - 78 - 0
  Vehicle 45's route: 0 - 33 - 14 - 0
  Vehicle 46's route: 0 - 5 - 88 - 0
  Vehicle 47's route: 0 - 73 - 0
  Vehicle 48's route: 0 - 92 - 0
  Vehicle 49's route: 0 - 54 - 28 - 91 - 0
  Vehicle 50's route: 0 - 29 - 26 - 0
  Vehicle 51's route: 0 - 41 - 47 - 0
  Vehicle 52's route: 0 - 45 - 0
  Vehicle 53's route: 0 - 90 - 68 - 2 - 0
  Vehicle 54's route: 0 - 98 - 79 - 0
  Vehicle 55's route: 0 - 61 - 0
  Vehicle 56's route: 0 - 27 - 1 - 0
Total cost: 4731.171239724617
Write to file: /Users/emt/Workspace/FURP-2026-Ziru-Huang-EVRP-TW/py-ga-VRPTW/results/C101_uC1.0_iC0.0_wC0.0_dC0.0_iS100_pS80_cP0.85_mP0.02_nG20.csv
Path: /Users/emt/Workspace/FURP-2026-Ziru-Huang-EVRP-TW/py-ga-VRPTW/results/C101_uC1.0_iC0.0_wC0.0_dC0.0_iS100_pS80_cP0.85_mP0.02_nG20.csv does not exist.
copied_csv: src/results/local_evrptw_run_20260708/week3_methods/raw/pyga_C101_100_seed1234.csv
run_py_ga_vrptw_ok: True
