EVRP-TW solving pipeline
  status=solved
  instance=c103C15
  source=E:\WorkSpace\FURP-2026-Ziru-Huang-EVRP-TW\src\data\evrptw_instances\c103C15.txt
  vehicles=4
  runtime=10.215s
  station_insertions=5
  split_count=1
Benchmark metrics:
  solver=EVRPTWRepairPipeline
  feasible=True
  total_distance=410
  total_duration=3670
  makespan=1170
  served_customers=15
  missing_customers=0
  duplicate_customers=0
  time_window_violations=0
  capacity_violations=0
  energy_violations=0
  charging_count=5
  charging_time=362
  synchronization_violations=0
  vehicle_limit_violations=0
Solution JSON: E:\WorkSpace\FURP-2026-Ziru-Huang-EVRP-TW\src\log\week5\stability-three-groups\runs\C\15\c103C15\pyvrp_repair\seed-0001\result.json


[validator]
C-c103C15-pyvrp_repair-seed-0001: validation=valid strict_feasible=True failure=success

