File: E:\WorkSpace\FURP-2026-Ziru-Huang-EVRP-TW\py-ga-VRPTW\data\json_customize\R1_10_9.json exists.
Start of evolution
  Evaluated 40 individuals
-- Generation 0 --
  Evaluated 28 individuals
  Min 3.3933987999822235e-07
  Max 3.548841232267073e-07
  Avg 3.466942754584369e-07
  Std 4.406310089731622e-09
-- Generation 1 --
  Evaluated 34 individuals
  Min 3.3985171631113537e-07
  Max 3.548841232267073e-07
  Avg 3.4750926571935226e-07
  Std 4.503337294890581e-09
-- Generation 2 --
  Evaluated 27 individuals
  Min 3.4085707464287235e-07
  Max 3.548841232267073e-07
  Avg 3.4683666630985326e-07
  Std 4.169087660113122e-09
-- Generation 3 --
  Evaluated 28 individuals
  Min 3.4085707464287235e-07
  Max 3.548841232267073e-07
  Avg 3.472006347158374e-07
  Std 4.84485802590027e-09
-- Generation 4 --
  Evaluated 32 individuals
  Min 3.4085707464287235e-07
  Max 3.548841232267073e-07
  Avg 3.481615269778324e-07
  Std 4.66429900130614e-09
-- Generation 5 --
  Evaluated 40 individuals
  Min 3.4085707464287235e-07
  Max 3.5543022251613954e-07
  Avg 3.4760308510497235e-07
  Std 5.1796342065324785e-09
-- Generation 6 --
  Evaluated 34 individuals
  Min 3.4085707464287235e-07
  Max 3.5543022251613954e-07
  Avg 3.4870880209793596e-07
  Std 4.4131193760619146e-09
-- Generation 7 --
  Evaluated 30 individuals
  Min 3.4085707464287235e-07
  Max 3.5543022251613954e-07
  Avg 3.48803109653462e-07
  Std 3.968701181022906e-09
-- Generation 8 --
  Evaluated 36 individuals
  Min 3.4085707464287235e-07
  Max 3.5543022251613954e-07
  Avg 3.4938659307187843e-07
  Std 3.926223372463755e-09
-- Generation 9 --
  Evaluated 36 individuals
  Min 3.4085707464287235e-07
  Max 3.5543022251613954e-07
  Avg 3.4915749037139556e-07
  Std 3.5156822411076176e-09
-- End of (successful) evolution --
Best individual: [922, 868, 252, 306, 41, 43, 929, 725, 93, 184, 501, 762, 525, 654, 248, 616, 890, 392, 152, 484, 79, 920, 424, 453, 347, 471, 858, 331, 210, 17, 721, 21, 189, 164, 286, 15, 746, 160, 399, 197, 235, 711, 483, 69, 876, 805, 18, 664, 846, 611, 589, 51, 575, 938, 776, 428, 31, 80, 904, 218, 814, 740, 442, 129, 661, 690, 444, 754, 352, 755, 941, 985, 720, 329, 460, 333, 144, 165, 1, 282, 265, 487, 414, 563, 547, 124, 884, 434, 649, 410, 732, 275, 408, 727, 155, 894, 140, 934, 404, 546, 794, 117, 88, 441, 604, 592, 562, 744, 984, 782, 635, 880, 549, 376, 624, 978, 326, 701, 539, 860, 856, 6, 188, 807, 26, 833, 644, 456, 848, 998, 381, 439, 992, 46, 134, 774, 916, 98, 452, 965, 87, 587, 521, 418, 470, 961, 70, 127, 636, 58, 138, 209, 873, 464, 66, 763, 510, 300, 476, 183, 50, 468, 200, 260, 386, 939, 478, 793, 797, 792, 560, 247, 666, 567, 161, 844, 55, 500, 517, 274, 397, 45, 680, 822, 14, 92, 866, 112, 827, 236, 111, 56, 679, 800, 373, 416, 767, 351, 960, 843, 990, 498, 753, 430, 226, 2, 145, 497, 505, 181, 912, 61, 283, 596, 287, 279, 867, 95, 387, 656, 276, 39, 435, 462, 321, 167, 851, 734, 367, 328, 220, 772, 676, 7, 971, 864, 726, 976, 619, 825, 173, 750, 610, 766, 85, 811, 511, 365, 895, 109, 461, 261, 268, 897, 645, 330, 585, 593, 863, 921, 230, 57, 40, 344, 174, 346, 974, 874, 345, 251, 27, 709, 543, 626, 556, 158, 53, 859, 237, 933, 559, 263, 791, 266, 536, 862, 747, 203, 194, 204, 947, 154, 12, 485, 419, 885, 677, 322, 417, 382, 285, 956, 835, 749, 305, 962, 908, 493, 982, 523, 451, 738, 554, 482, 271, 422, 923, 469, 302, 584, 588, 950, 289, 96, 775, 715, 804, 486, 126, 535, 270, 254, 519, 552, 168, 544, 348, 350, 729, 972, 997, 758, 225, 427, 10, 11, 829, 409, 954, 294, 182, 964, 637, 713, 78, 103, 670, 815, 193, 854, 583, 304, 684, 830, 788, 769, 786, 623, 898, 675, 568, 64, 798, 620, 687, 446, 246, 223, 311, 703, 245, 817, 121, 925, 492, 273, 579, 951, 228, 231, 447, 969, 324, 882, 191, 841, 360, 105, 602, 695, 669, 175, 143, 146, 717, 966, 891, 227, 599, 986, 320, 123, 681, 597, 472, 513, 591, 400, 82, 586, 205, 132, 901, 293, 603, 714, 741, 445, 291, 638, 443, 526, 238, 436, 790, 869, 931, 136, 577, 660, 739, 339, 334, 936, 290, 643, 590, 459, 375, 269, 396, 808, 733, 318, 60, 429, 433, 249, 881, 421, 932, 870, 668, 704, 406, 363, 973, 20, 893, 29, 303, 68, 90, 504, 122, 327, 607, 267, 601, 24, 752, 38, 343, 730, 777, 101, 795, 309, 628, 759, 288, 919, 211, 413, 629, 948, 578, 131, 128, 383, 71, 402, 296, 130, 32, 852, 781, 465, 502, 757, 405, 233, 150, 630, 257, 977, 742, 104, 803, 995, 120, 689, 110, 391, 234, 693, 48, 33, 657, 448, 349, 600, 877, 930, 796, 81, 648, 550, 634, 206, 737, 598, 988, 987, 178, 748, 540, 466, 671, 937, 449, 892, 799, 169, 810, 952, 527, 743, 187, 195, 5, 542, 789, 114, 479, 872, 256, 172, 902, 771, 806, 625, 54, 834, 622, 213, 23, 395, 212, 385, 119, 979, 340, 618, 943, 162, 686, 76, 232, 831, 241, 813, 981, 149, 801, 581, 909, 783, 242, 914, 63, 47, 824, 398, 163, 770, 411, 208, 438, 94, 368, 342, 903, 425, 996, 983, 113, 133, 312, 944, 823, 756, 388, 371, 605, 685, 722, 379, 958, 166, 292, 67, 97, 298, 820, 125, 696, 812, 378, 710, 86, 999, 706, 297, 621, 74, 458, 313, 36, 240, 802, 647, 374, 359, 573, 918, 503, 512, 217, 372, 595, 989, 850, 576, 491, 963, 699, 530, 384, 967, 401, 955, 62, 692, 180, 25, 515, 845, 22, 662, 857, 672, 337, 571, 207, 142, 455, 490, 836, 412, 151, 678, 642, 426, 832, 809, 495, 219, 826, 702, 353, 548, 514, 362, 148, 627, 609, 886, 606, 640, 420, 673, 437, 652, 751, 768, 614, 924, 91, 380, 528, 496, 89, 301, 3, 262, 541, 307, 828, 564, 557, 369, 244, 566, 1000, 108, 658, 366, 821, 778, 423, 199, 659, 682, 281, 849, 319, 16, 646, 192, 403, 705, 370, 171, 970, 364, 488, 475, 216, 545, 356, 716, 415, 735, 473, 431, 613, 653, 838, 899, 259, 186, 524, 975, 674, 185, 818, 34, 222, 317, 718, 896, 454, 509, 196, 137, 202, 594, 201, 694, 37, 314, 489, 708, 650, 323, 315, 875, 141, 871, 787, 632, 179, 506, 255, 707, 30, 724, 723, 784, 953, 83, 253, 358, 663, 243, 42, 407, 883, 190, 135, 572, 697, 389, 529, 494, 295, 355, 688, 580, 946, 847, 949, 316, 477, 332, 691, 170, 745, 582, 906, 432, 683, 393, 115, 994, 639, 900, 761, 655, 561, 361, 839, 913, 390, 516, 853, 49, 9, 889, 879, 118, 467, 558, 463, 277, 935, 887, 325, 842, 612, 861, 99, 910, 878, 785, 565, 928, 570, 865, 773, 176, 991, 915, 551, 574, 905, 917, 440, 147, 942, 698, 927, 731, 855, 780, 335, 77, 555, 940, 336, 44, 608, 106, 354, 457, 221, 157, 73, 52, 712, 28, 19, 481, 239, 957, 474, 537, 153, 35, 533, 357, 499, 8, 75, 102, 819, 65, 338, 272, 59, 553, 980, 569, 633, 520, 728, 229, 258, 116, 631, 508, 665, 250, 278, 107, 907, 450, 615, 480, 4, 522, 959, 299, 651, 377, 667, 284, 816, 764, 532, 531, 538, 926, 310, 518, 214, 641, 84, 139, 840, 394, 156, 224, 760, 888, 837, 993, 72, 264, 280, 177, 736, 911, 159, 308, 968, 534, 779, 719, 198, 617, 215, 507, 13, 765, 945, 700, 341, 100]
Fitness: 3.5543022251613954e-07
  Vehicle 1's route: 0 - 922 - 868 - 252 - 306 - 41 - 0
  Vehicle 2's route: 0 - 43 - 929 - 725 - 93 - 184 - 501 - 762 - 525 - 654 - 0
  Vehicle 3's route: 0 - 248 - 616 - 890 - 392 - 152 - 484 - 79 - 0
  Vehicle 4's route: 0 - 920 - 424 - 453 - 347 - 471 - 0
  Vehicle 5's route: 0 - 858 - 331 - 210 - 17 - 721 - 21 - 189 - 0
  Vehicle 6's route: 0 - 164 - 286 - 15 - 746 - 160 - 399 - 0
  Vehicle 7's route: 0 - 197 - 235 - 711 - 483 - 69 - 876 - 805 - 0
  Vehicle 8's route: 0 - 18 - 664 - 846 - 611 - 589 - 51 - 575 - 938 - 0
  Vehicle 9's route: 0 - 776 - 428 - 31 - 80 - 904 - 218 - 0
  Vehicle 10's route: 0 - 814 - 740 - 442 - 129 - 661 - 690 - 0
  Vehicle 11's route: 0 - 444 - 754 - 352 - 755 - 941 - 985 - 0
  Vehicle 12's route: 0 - 720 - 329 - 460 - 333 - 144 - 165 - 1 - 282 - 0
  Vehicle 13's route: 0 - 265 - 487 - 414 - 563 - 547 - 124 - 0
  Vehicle 14's route: 0 - 884 - 434 - 649 - 410 - 0
  Vehicle 15's route: 0 - 732 - 275 - 408 - 727 - 0
  Vehicle 16's route: 0 - 155 - 894 - 140 - 934 - 404 - 546 - 794 - 117 - 0
  Vehicle 17's route: 0 - 88 - 441 - 604 - 592 - 562 - 744 - 0
  Vehicle 18's route: 0 - 984 - 782 - 635 - 880 - 549 - 376 - 624 - 978 - 326 - 0
  Vehicle 19's route: 0 - 701 - 539 - 860 - 856 - 6 - 188 - 0
  Vehicle 20's route: 0 - 807 - 26 - 833 - 644 - 456 - 848 - 998 - 381 - 0
  Vehicle 21's route: 0 - 439 - 992 - 46 - 134 - 774 - 916 - 0
  Vehicle 22's route: 0 - 98 - 452 - 965 - 87 - 587 - 521 - 0
  Vehicle 23's route: 0 - 418 - 470 - 961 - 70 - 127 - 636 - 58 - 138 - 0
  Vehicle 24's route: 0 - 209 - 873 - 464 - 66 - 763 - 510 - 300 - 0
  Vehicle 25's route: 0 - 476 - 183 - 50 - 468 - 200 - 260 - 386 - 939 - 478 - 0
  Vehicle 26's route: 0 - 793 - 797 - 792 - 560 - 247 - 666 - 0
  Vehicle 27's route: 0 - 567 - 161 - 844 - 55 - 500 - 517 - 274 - 0
  Vehicle 28's route: 0 - 397 - 45 - 680 - 822 - 14 - 0
  Vehicle 29's route: 0 - 92 - 866 - 112 - 827 - 236 - 111 - 56 - 679 - 0
  Vehicle 30's route: 0 - 800 - 373 - 416 - 767 - 351 - 960 - 843 - 0
  Vehicle 31's route: 0 - 990 - 498 - 753 - 430 - 226 - 2 - 145 - 0
  Vehicle 32's route: 0 - 497 - 505 - 181 - 912 - 61 - 283 - 596 - 0
  Vehicle 33's route: 0 - 287 - 279 - 867 - 95 - 387 - 656 - 276 - 0
  Vehicle 34's route: 0 - 39 - 435 - 462 - 321 - 167 - 851 - 734 - 0
  Vehicle 35's route: 0 - 367 - 328 - 220 - 772 - 676 - 7 - 0
  Vehicle 36's route: 0 - 971 - 864 - 726 - 976 - 619 - 825 - 173 - 0
  Vehicle 37's route: 0 - 750 - 610 - 766 - 85 - 811 - 511 - 0
  Vehicle 38's route: 0 - 365 - 895 - 109 - 461 - 261 - 0
  Vehicle 39's route: 0 - 268 - 897 - 645 - 330 - 585 - 593 - 863 - 0
  Vehicle 40's route: 0 - 921 - 230 - 57 - 40 - 344 - 0
  Vehicle 41's route: 0 - 174 - 346 - 974 - 874 - 345 - 0
  Vehicle 42's route: 0 - 251 - 27 - 709 - 543 - 626 - 0
  Vehicle 43's route: 0 - 556 - 158 - 53 - 859 - 237 - 933 - 559 - 0
  Vehicle 44's route: 0 - 263 - 791 - 266 - 536 - 862 - 0
  Vehicle 45's route: 0 - 747 - 203 - 194 - 204 - 947 - 0
  Vehicle 46's route: 0 - 154 - 12 - 485 - 419 - 885 - 0
  Vehicle 47's route: 0 - 677 - 322 - 417 - 382 - 0
  Vehicle 48's route: 0 - 285 - 956 - 835 - 749 - 305 - 962 - 0
  Vehicle 49's route: 0 - 908 - 493 - 982 - 523 - 451 - 738 - 0
  Vehicle 50's route: 0 - 554 - 482 - 271 - 422 - 923 - 469 - 302 - 0
  Vehicle 51's route: 0 - 584 - 588 - 950 - 289 - 96 - 775 - 0
  Vehicle 52's route: 0 - 715 - 804 - 486 - 126 - 535 - 270 - 254 - 519 - 0
  Vehicle 53's route: 0 - 552 - 168 - 544 - 348 - 0
  Vehicle 54's route: 0 - 350 - 729 - 972 - 997 - 758 - 225 - 427 - 10 - 0
  Vehicle 55's route: 0 - 11 - 829 - 409 - 954 - 294 - 182 - 0
  Vehicle 56's route: 0 - 964 - 637 - 713 - 78 - 103 - 670 - 0
  Vehicle 57's route: 0 - 815 - 193 - 854 - 583 - 304 - 0
  Vehicle 58's route: 0 - 684 - 830 - 788 - 769 - 0
  Vehicle 59's route: 0 - 786 - 623 - 898 - 675 - 568 - 64 - 798 - 0
  Vehicle 60's route: 0 - 620 - 687 - 446 - 246 - 223 - 311 - 0
  Vehicle 61's route: 0 - 703 - 245 - 817 - 121 - 925 - 492 - 0
  Vehicle 62's route: 0 - 273 - 579 - 951 - 228 - 231 - 447 - 0
  Vehicle 63's route: 0 - 969 - 324 - 882 - 191 - 0
  Vehicle 64's route: 0 - 841 - 360 - 105 - 602 - 695 - 669 - 175 - 0
  Vehicle 65's route: 0 - 143 - 146 - 717 - 966 - 891 - 0
  Vehicle 66's route: 0 - 227 - 599 - 986 - 320 - 123 - 681 - 597 - 0
  Vehicle 67's route: 0 - 472 - 513 - 591 - 400 - 82 - 586 - 205 - 132 - 901 - 293 - 0
  Vehicle 68's route: 0 - 603 - 714 - 741 - 445 - 291 - 638 - 443 - 0
  Vehicle 69's route: 0 - 526 - 238 - 436 - 790 - 869 - 931 - 136 - 0
  Vehicle 70's route: 0 - 577 - 660 - 739 - 339 - 0
  Vehicle 71's route: 0 - 334 - 936 - 290 - 643 - 590 - 459 - 0
  Vehicle 72's route: 0 - 375 - 269 - 396 - 808 - 733 - 0
  Vehicle 73's route: 0 - 318 - 60 - 429 - 433 - 249 - 881 - 421 - 932 - 0
  Vehicle 74's route: 0 - 870 - 668 - 704 - 406 - 363 - 973 - 0
  Vehicle 75's route: 0 - 20 - 893 - 29 - 303 - 68 - 90 - 0
  Vehicle 76's route: 0 - 504 - 122 - 327 - 607 - 267 - 601 - 24 - 0
  Vehicle 77's route: 0 - 752 - 38 - 343 - 730 - 777 - 101 - 0
  Vehicle 78's route: 0 - 795 - 309 - 628 - 759 - 288 - 0
  Vehicle 79's route: 0 - 919 - 211 - 413 - 629 - 948 - 578 - 131 - 0
  Vehicle 80's route: 0 - 128 - 383 - 71 - 402 - 296 - 130 - 0
  Vehicle 81's route: 0 - 32 - 852 - 781 - 465 - 502 - 0
  Vehicle 82's route: 0 - 757 - 405 - 233 - 150 - 630 - 257 - 977 - 742 - 0
  Vehicle 83's route: 0 - 104 - 803 - 995 - 120 - 689 - 110 - 391 - 0
  Vehicle 84's route: 0 - 234 - 693 - 48 - 33 - 657 - 448 - 349 - 0
  Vehicle 85's route: 0 - 600 - 877 - 930 - 796 - 81 - 648 - 0
  Vehicle 86's route: 0 - 550 - 634 - 206 - 737 - 598 - 988 - 987 - 0
  Vehicle 87's route: 0 - 178 - 748 - 540 - 466 - 671 - 937 - 449 - 0
  Vehicle 88's route: 0 - 892 - 799 - 169 - 810 - 952 - 527 - 743 - 0
  Vehicle 89's route: 0 - 187 - 195 - 5 - 542 - 789 - 114 - 0
  Vehicle 90's route: 0 - 479 - 872 - 256 - 172 - 902 - 771 - 806 - 0
  Vehicle 91's route: 0 - 625 - 54 - 834 - 622 - 213 - 23 - 395 - 212 - 0
  Vehicle 92's route: 0 - 385 - 119 - 979 - 340 - 618 - 943 - 0
  Vehicle 93's route: 0 - 162 - 686 - 76 - 232 - 831 - 241 - 813 - 0
  Vehicle 94's route: 0 - 981 - 149 - 801 - 581 - 909 - 783 - 0
  Vehicle 95's route: 0 - 242 - 914 - 63 - 47 - 824 - 398 - 163 - 0
  Vehicle 96's route: 0 - 770 - 411 - 208 - 438 - 94 - 368 - 342 - 903 - 0
  Vehicle 97's route: 0 - 425 - 996 - 983 - 113 - 133 - 312 - 944 - 0
  Vehicle 98's route: 0 - 823 - 756 - 388 - 371 - 605 - 0
  Vehicle 99's route: 0 - 685 - 722 - 379 - 958 - 166 - 292 - 67 - 0
  Vehicle 100's route: 0 - 97 - 298 - 820 - 125 - 696 - 812 - 378 - 710 - 0
  Vehicle 101's route: 0 - 86 - 999 - 706 - 297 - 621 - 74 - 458 - 313 - 36 - 0
  Vehicle 102's route: 0 - 240 - 802 - 647 - 374 - 359 - 0
  Vehicle 103's route: 0 - 573 - 918 - 503 - 512 - 217 - 0
  Vehicle 104's route: 0 - 372 - 595 - 989 - 850 - 576 - 0
  Vehicle 105's route: 0 - 491 - 963 - 699 - 530 - 384 - 967 - 401 - 955 - 0
  Vehicle 106's route: 0 - 62 - 692 - 180 - 25 - 515 - 845 - 0
  Vehicle 107's route: 0 - 22 - 662 - 857 - 672 - 0
  Vehicle 108's route: 0 - 337 - 571 - 207 - 142 - 455 - 0
  Vehicle 109's route: 0 - 490 - 836 - 412 - 151 - 0
  Vehicle 110's route: 0 - 678 - 642 - 426 - 832 - 809 - 0
  Vehicle 111's route: 0 - 495 - 219 - 826 - 702 - 353 - 548 - 0
  Vehicle 112's route: 0 - 514 - 362 - 148 - 627 - 609 - 886 - 606 - 0
  Vehicle 113's route: 0 - 640 - 420 - 673 - 437 - 0
  Vehicle 114's route: 0 - 652 - 751 - 768 - 614 - 924 - 0
  Vehicle 115's route: 0 - 91 - 380 - 528 - 496 - 89 - 301 - 0
  Vehicle 116's route: 0 - 3 - 262 - 541 - 307 - 828 - 0
  Vehicle 117's route: 0 - 564 - 557 - 369 - 244 - 0
  Vehicle 118's route: 0 - 566 - 1000 - 108 - 658 - 366 - 821 - 778 - 423 - 199 - 0
  Vehicle 119's route: 0 - 659 - 682 - 281 - 849 - 319 - 16 - 0
  Vehicle 120's route: 0 - 646 - 192 - 403 - 705 - 370 - 0
  Vehicle 121's route: 0 - 171 - 970 - 364 - 488 - 475 - 216 - 0
  Vehicle 122's route: 0 - 545 - 356 - 716 - 415 - 0
  Vehicle 123's route: 0 - 735 - 473 - 431 - 613 - 653 - 0
  Vehicle 124's route: 0 - 838 - 899 - 259 - 186 - 524 - 975 - 0
  Vehicle 125's route: 0 - 674 - 185 - 818 - 34 - 222 - 0
  Vehicle 126's route: 0 - 317 - 718 - 896 - 454 - 509 - 196 - 0
  Vehicle 127's route: 0 - 137 - 202 - 594 - 201 - 694 - 37 - 314 - 489 - 0
  Vehicle 128's route: 0 - 708 - 650 - 323 - 315 - 875 - 141 - 871 - 787 - 0
  Vehicle 129's route: 0 - 632 - 179 - 506 - 255 - 707 - 30 - 724 - 723 - 0
  Vehicle 130's route: 0 - 784 - 953 - 83 - 253 - 358 - 663 - 243 - 42 - 407 - 0
  Vehicle 131's route: 0 - 883 - 190 - 135 - 572 - 697 - 389 - 0
  Vehicle 132's route: 0 - 529 - 494 - 295 - 355 - 688 - 0
  Vehicle 133's route: 0 - 580 - 946 - 847 - 949 - 0
  Vehicle 134's route: 0 - 316 - 477 - 332 - 691 - 170 - 745 - 582 - 0
  Vehicle 135's route: 0 - 906 - 432 - 683 - 393 - 115 - 0
  Vehicle 136's route: 0 - 994 - 639 - 900 - 761 - 655 - 561 - 361 - 0
  Vehicle 137's route: 0 - 839 - 913 - 390 - 516 - 853 - 49 - 0
  Vehicle 138's route: 0 - 9 - 889 - 879 - 118 - 467 - 558 - 463 - 277 - 0
  Vehicle 139's route: 0 - 935 - 887 - 325 - 842 - 612 - 861 - 99 - 0
  Vehicle 140's route: 0 - 910 - 878 - 785 - 565 - 928 - 570 - 0
  Vehicle 141's route: 0 - 865 - 773 - 176 - 991 - 915 - 551 - 574 - 905 - 917 - 0
  Vehicle 142's route: 0 - 440 - 147 - 942 - 698 - 927 - 731 - 855 - 0
  Vehicle 143's route: 0 - 780 - 335 - 77 - 555 - 940 - 336 - 0
  Vehicle 144's route: 0 - 44 - 608 - 106 - 354 - 457 - 0
  Vehicle 145's route: 0 - 221 - 157 - 73 - 52 - 712 - 28 - 19 - 0
  Vehicle 146's route: 0 - 481 - 239 - 957 - 474 - 537 - 153 - 35 - 533 - 0
  Vehicle 147's route: 0 - 357 - 499 - 8 - 75 - 102 - 819 - 65 - 0
  Vehicle 148's route: 0 - 338 - 272 - 59 - 553 - 980 - 569 - 0
  Vehicle 149's route: 0 - 633 - 520 - 728 - 229 - 0
  Vehicle 150's route: 0 - 258 - 116 - 631 - 508 - 665 - 0
  Vehicle 151's route: 0 - 250 - 278 - 107 - 907 - 450 - 615 - 480 - 4 - 0
  Vehicle 152's route: 0 - 522 - 959 - 299 - 651 - 377 - 667 - 284 - 816 - 764 - 0
  Vehicle 153's route: 0 - 532 - 531 - 538 - 926 - 310 - 518 - 0
  Vehicle 154's route: 0 - 214 - 641 - 84 - 139 - 840 - 394 - 156 - 224 - 0
  Vehicle 155's route: 0 - 760 - 888 - 837 - 993 - 72 - 264 - 0
  Vehicle 156's route: 0 - 280 - 177 - 736 - 911 - 159 - 0
  Vehicle 157's route: 0 - 308 - 968 - 534 - 779 - 0
  Vehicle 158's route: 0 - 719 - 198 - 617 - 215 - 0
  Vehicle 159's route: 0 - 507 - 13 - 765 - 945 - 700 - 341 - 0
  Vehicle 160's route: 0 - 100 - 0
Total cost: 2813491.753517363
Write to file: E:\WorkSpace\FURP-2026-Ziru-Huang-EVRP-TW\py-ga-VRPTW\results\R1_10_9_uC8.0_iC100.0_wC1.0_dC1.5_iS1000_pS40_cP0.85_mP0.02_nG10.csv
Path: E:\WorkSpace\FURP-2026-Ziru-Huang-EVRP-TW\py-ga-VRPTW\results\R1_10_9_uC8.0_iC100.0_wC1.0_dC1.5_iS1000_pS40_cP0.85_mP0.02_nG10.csv does not exist.
copied_csv: E:\WorkSpace\FURP-2026-Ziru-Huang-EVRP-TW\src\results\week4_vns_ts_comparison\R1_10_9_pyga.csv
run_py_ga_vrptw_ok: True
