File: E:\WorkSpace\FURP-2026-Ziru-Huang-EVRP-TW\py-ga-VRPTW\data\json_customize\r102C10.json exists.
py-ga-VRPTW custom + shared checker
  status=unsolved
  instance=r102C10
  output=E:\WorkSpace\FURP-2026-Ziru-Huang-EVRP-TW\src\log\week5\stability-three-groups\runs\R\10\r102C10\pyga_checked\seed-0001\result.json
  vehicles=4
  distance=291
  served_customers=10
Benchmark metrics:
  solver=py-ga-VRPTW custom + shared checker
  seed=1
  runtime=0.12s
  feasible=False
  total_distance=291
  total_duration=787
  makespan=225
  served_customers=10
  missing_customers=0
  duplicate_customers=0
  time_window_violations=0
  capacity_violations=0
  energy_violations=5
  charging_count=0
  charging_time=0
  synchronization_violations=0
  vehicle_limit_violations=0
Violation details:
  route=3 constraint=energy location=C60 detail=remaining_energy=-35.37, minimum_battery=0
  route=3 constraint=energy location=D0 detail=remaining_energy=-53.37, minimum_battery=0
  route=4 constraint=energy location=C21 detail=remaining_energy=-13.37, minimum_battery=0
  route=4 constraint=energy location=C12 detail=remaining_energy=-29.37, minimum_battery=0
  route=4 constraint=energy location=D0 detail=remaining_energy=-44.37, minimum_battery=0


[validator]
R-r102C10-pyga_checked-seed-0001: validation=valid strict_feasible=False failure=checker_infeasible:energy_or_charging

