File: /Users/emt/Workspace/FURP-2026-Ziru-Huang-EVRP-TW/py-ga-VRPTW/data/json/C101.json exists.
Start of evolution
  Evaluated 80 individuals
-- Generation 0 --
  Evaluated 64 individuals
  Min 0.0006242341074232131
  Max 0.0007741547853625659
  Avg 0.000698629945662958
  Std 3.376029949531366e-05
-- Generation 1 --
  Evaluated 64 individuals
  Min 0.0006409524498697207
  Max 0.0007741547853625659
  Avg 0.0007042919245169975
  Std 3.435211353672318e-05
-- Generation 2 --
  Evaluated 64 individuals
  Min 0.0006409524498697207
  Max 0.0007741547853625659
  Avg 0.0007076311689686787
  Std 3.9581428429395956e-05
-- Generation 3 --
  Evaluated 67 individuals
  Min 0.0006409524498697207
  Max 0.0007741547853625659
  Avg 0.0007127450277927006
  Std 3.8140137282838374e-05
-- Generation 4 --
  Evaluated 74 individuals
  Min 0.0006409524498697207
  Max 0.0007741547853625659
  Avg 0.0007135974908347322
  Std 3.726160357549454e-05
-- Generation 5 --
  Evaluated 70 individuals
  Min 0.0006409524498697207
  Max 0.0007741547853625659
  Avg 0.0007131504155544972
  Std 3.626772996487777e-05
-- Generation 6 --
  Evaluated 70 individuals
  Min 0.0006499584916186452
  Max 0.0007741547853625659
  Avg 0.0007192258106977209
  Std 3.085036264204349e-05
-- Generation 7 --
  Evaluated 62 individuals
  Min 0.0006499584916186452
  Max 0.0007875061484756617
  Avg 0.0007211277901255259
  Std 3.1724884136476816e-05
-- Generation 8 --
  Evaluated 72 individuals
  Min 0.0006499584916186452
  Max 0.0007623430733834059
  Avg 0.000713210778337884
  Std 3.3816887459777455e-05
-- Generation 9 --
  Evaluated 74 individuals
  Min 0.0006499584916186452
  Max 0.0007623430733834059
  Avg 0.0007140998546430893
  Std 3.194095942235674e-05
-- Generation 10 --
  Evaluated 62 individuals
  Min 0.0006499584916186452
  Max 0.0007663145842170058
  Avg 0.000711148729554894
  Std 3.4188552493408234e-05
-- Generation 11 --
  Evaluated 74 individuals
  Min 0.0006499584916186452
  Max 0.0007663145842170058
  Avg 0.0007155229436853211
  Std 3.4413287122980845e-05
-- Generation 12 --
  Evaluated 72 individuals
  Min 0.0006499584916186452
  Max 0.0007719193820281833
  Avg 0.0007150646967844307
  Std 3.658637577061607e-05
-- Generation 13 --
  Evaluated 66 individuals
  Min 0.0006499584916186452
  Max 0.0007663145842170058
  Avg 0.0007182561996402672
  Std 3.606567883167434e-05
-- Generation 14 --
  Evaluated 70 individuals
  Min 0.0006499584916186452
  Max 0.0007663145842170058
  Avg 0.0007210824801923832
  Std 3.6106920309306244e-05
-- Generation 15 --
  Evaluated 69 individuals
  Min 0.0006499584916186452
  Max 0.0007663145842170058
  Avg 0.0007178620641654302
  Std 3.4643573072572354e-05
-- Generation 16 --
  Evaluated 69 individuals
  Min 0.0006677131819280509
  Max 0.0007663145842170058
  Avg 0.0007197666212428921
  Std 3.438888300895797e-05
-- Generation 17 --
  Evaluated 64 individuals
  Min 0.0006807283122990958
  Max 0.0007663145842170058
  Avg 0.0007128409996328867
  Std 3.0810745723397094e-05
-- Generation 18 --
  Evaluated 70 individuals
  Min 0.0006807283122990958
  Max 0.0007663145842170058
  Avg 0.0007224152565914096
  Std 3.131582517137097e-05
-- Generation 19 --
  Evaluated 64 individuals
  Min 0.0006807283122990958
  Max 0.0007663145842170058
  Avg 0.0007236298305956714
  Std 2.8197802962252534e-05
-- Generation 20 --
  Evaluated 71 individuals
  Min 0.0006807283122990958
  Max 0.0007663145842170058
  Avg 0.0007271994118755079
  Std 2.769028495355296e-05
-- Generation 21 --
  Evaluated 69 individuals
  Min 0.0006827348059573837
  Max 0.0007663145842170058
  Avg 0.0007303048897655681
  Std 2.602676842844216e-05
-- Generation 22 --
  Evaluated 69 individuals
  Min 0.0006827348059573837
  Max 0.0007663145842170058
  Avg 0.0007316602550920107
  Std 2.6118890684544693e-05
-- Generation 23 --
  Evaluated 76 individuals
  Min 0.0006961830524479226
  Max 0.0008003354042875126
  Avg 0.0007329989441360816
  Std 2.57983743621848e-05
-- Generation 24 --
  Evaluated 73 individuals
  Min 0.0006961830524479226
  Max 0.0008003354042875126
  Avg 0.0007308982880947641
  Std 2.5704671861401776e-05
-- Generation 25 --
  Evaluated 70 individuals
  Min 0.0006785420505928586
  Max 0.0008003354042875126
  Avg 0.0007248580590760032
  Std 2.496655100605594e-05
-- Generation 26 --
  Evaluated 74 individuals
  Min 0.0006781492771205946
  Max 0.0008003354042875126
  Avg 0.0007228295967662599
  Std 2.7052687055763706e-05
-- Generation 27 --
  Evaluated 71 individuals
  Min 0.0006781492771205946
  Max 0.0008003354042875126
  Avg 0.0007272995840565821
  Std 2.9845639063572717e-05
-- Generation 28 --
  Evaluated 70 individuals
  Min 0.0006781492771205946
  Max 0.0008003354042875126
  Avg 0.0007227570112013701
  Std 2.8535391251440182e-05
-- Generation 29 --
  Evaluated 66 individuals
  Min 0.0006781492771205946
  Max 0.0008003354042875126
  Avg 0.0007240841765160209
  Std 2.7324262370382254e-05
-- Generation 30 --
  Evaluated 71 individuals
  Min 0.0006781492771205946
  Max 0.0008003354042875126
  Avg 0.0007251891988922161
  Std 3.0836922647344486e-05
-- Generation 31 --
  Evaluated 66 individuals
  Min 0.0006781492771205946
  Max 0.0008003354042875126
  Avg 0.00072806022158453
  Std 3.3226232255116964e-05
-- Generation 32 --
  Evaluated 60 individuals
  Min 0.0006781492771205946
  Max 0.0008003354042875126
  Avg 0.0007329828312155213
  Std 3.264180595285951e-05
-- Generation 33 --
  Evaluated 66 individuals
  Min 0.0006781492771205946
  Max 0.0008003354042875126
  Avg 0.0007325866153318653
  Std 3.472603969729578e-05
-- Generation 34 --
  Evaluated 72 individuals
  Min 0.0006781492771205946
  Max 0.0008003354042875126
  Avg 0.0007394025696497391
  Std 3.851274286268298e-05
-- Generation 35 --
  Evaluated 56 individuals
  Min 0.0006781492771205946
  Max 0.0008003354042875126
  Avg 0.0007386919356720874
  Std 3.807285437950822e-05
-- Generation 36 --
  Evaluated 68 individuals
  Min 0.0006781492771205946
  Max 0.0008003354042875126
  Avg 0.0007427895803213942
  Std 3.87386251958687e-05
-- Generation 37 --
  Evaluated 66 individuals
  Min 0.0006781492771205946
  Max 0.0008047168979797082
  Avg 0.0007505464217019955
  Std 3.984619909242357e-05
-- Generation 38 --
  Evaluated 68 individuals
  Min 0.0006781492771205946
  Max 0.0008047168979797082
  Avg 0.000750757987570983
  Std 3.770816232294665e-05
-- Generation 39 --
  Evaluated 76 individuals
  Min 0.0006781492771205946
  Max 0.0008047168979797082
  Avg 0.0007512941009019553
  Std 3.964322026221413e-05
-- Generation 40 --
  Evaluated 70 individuals
  Min 0.0006781492771205946
  Max 0.0008047168979797082
  Avg 0.0007529358872703457
  Std 3.8334206659822016e-05
-- Generation 41 --
  Evaluated 60 individuals
  Min 0.0006781492771205946
  Max 0.0008047168979797082
  Avg 0.0007557394988207532
  Std 3.8878914050888936e-05
-- Generation 42 --
  Evaluated 76 individuals
  Min 0.0006985346208510043
  Max 0.0008003354042875126
  Avg 0.0007559447357137295
  Std 3.847837162720809e-05
-- Generation 43 --
  Evaluated 67 individuals
  Min 0.0006985346208510043
  Max 0.0008003354042875126
  Avg 0.0007534922104047018
  Std 3.8949742910728076e-05
-- Generation 44 --
  Evaluated 70 individuals
  Min 0.0007147136003635681
  Max 0.0008003354042875126
  Avg 0.0007581175831848078
  Std 3.839305315019124e-05
-- Generation 45 --
  Evaluated 68 individuals
  Min 0.00069185359175272
  Max 0.0008003354042875126
  Avg 0.0007570372112395392
  Std 3.870173009450616e-05
-- Generation 46 --
  Evaluated 67 individuals
  Min 0.00069185359175272
  Max 0.0008003354042875126
  Avg 0.0007616175755292029
  Std 3.8258618830016004e-05
-- Generation 47 --
  Evaluated 64 individuals
  Min 0.00069185359175272
  Max 0.0008003354042875126
  Avg 0.000759176797108951
  Std 4.0041690960557344e-05
-- Generation 48 --
  Evaluated 74 individuals
  Min 0.00069185359175272
  Max 0.0008003354042875126
  Avg 0.0007706345919426059
  Std 3.909572003228099e-05
-- Generation 49 --
  Evaluated 73 individuals
  Min 0.00069185359175272
  Max 0.0008003354042875126
  Avg 0.0007708333269663546
  Std 3.883666572954898e-05
-- End of (successful) evolution --
Best individual: [7, 22, 28, 30, 38, 34, 11, 8, 14, 31, 9, 21, 27, 15, 25, 32, 2, 33, 26, 43, 37, 46, 1, 19, 12, 41, 16, 23, 36, 39, 50, 29, 44, 47, 5, 3, 6, 40, 42, 4, 10, 18, 20, 35, 49, 48, 24, 45, 13, 17]
Fitness: 0.0008003354042875126
  Vehicle 1's route: 0 - 7 - 22 - 28 - 30 - 38 - 34 - 11 - 8 - 14 - 31 - 0
  Vehicle 2's route: 0 - 9 - 21 - 27 - 15 - 25 - 32 - 2 - 0
  Vehicle 3's route: 0 - 33 - 26 - 43 - 37 - 46 - 1 - 19 - 12 - 41 - 0
  Vehicle 4's route: 0 - 16 - 23 - 36 - 39 - 50 - 29 - 44 - 47 - 5 - 3 - 6 - 0
  Vehicle 5's route: 0 - 40 - 42 - 4 - 10 - 18 - 20 - 35 - 49 - 48 - 24 - 45 - 0
  Vehicle 6's route: 0 - 13 - 17 - 0
Total cost: 1249.4761504275023
Write to file: /Users/emt/Workspace/FURP-2026-Ziru-Huang-EVRP-TW/py-ga-VRPTW/results/C101_uC1.0_iC0.0_wC0.0_dC0.0_iS50_pS80_cP0.85_mP0.02_nG50.csv
Path: /Users/emt/Workspace/FURP-2026-Ziru-Huang-EVRP-TW/py-ga-VRPTW/results/C101_uC1.0_iC0.0_wC0.0_dC0.0_iS50_pS80_cP0.85_mP0.02_nG50.csv does not exist.
copied_csv: src/results/week3/raw/pyga_C101_50_seed114514.csv
run_py_ga_vrptw_ok: True
