File: /Users/emt/Workspace/FURP-2026-Ziru-Huang-EVRP-TW/py-ga-VRPTW/data/json/C101.json exists.
Start of evolution
  Evaluated 80 individuals
-- Generation 0 --
  Evaluated 62 individuals
  Min 0.0005943999786544667
  Max 0.0008033887664503907
  Avg 0.0006965438418054229
  Std 5.0540021930923115e-05
-- Generation 1 --
  Evaluated 68 individuals
  Min 0.0005943999786544667
  Max 0.0008033887664503907
  Avg 0.0007072261497866725
  Std 5.4319128647691905e-05
-- Generation 2 --
  Evaluated 72 individuals
  Min 0.0006169483948592736
  Max 0.0008033887664503907
  Avg 0.0007134004272451401
  Std 5.560700311524524e-05
-- Generation 3 --
  Evaluated 74 individuals
  Min 0.0006169483948592736
  Max 0.0008033887664503907
  Avg 0.0007206019991265623
  Std 5.594565684995869e-05
-- Generation 4 --
  Evaluated 74 individuals
  Min 0.0006249860689425912
  Max 0.0008134016988182998
  Avg 0.000721782762877403
  Std 5.866150754414881e-05
-- Generation 5 --
  Evaluated 75 individuals
  Min 0.0006249860689425912
  Max 0.0008134016988182998
  Avg 0.0007280078692541486
  Std 5.3574779014672715e-05
-- Generation 6 --
  Evaluated 60 individuals
  Min 0.0006264315224663284
  Max 0.0008238866799490937
  Avg 0.0007223904348921163
  Std 5.750816426833172e-05
-- Generation 7 --
  Evaluated 62 individuals
  Min 0.0006264315224663284
  Max 0.0008033887664503907
  Avg 0.0007132614742544906
  Std 6.005573731773252e-05
-- Generation 8 --
  Evaluated 70 individuals
  Min 0.0006264315224663284
  Max 0.0008033887664503907
  Avg 0.0007136588630929389
  Std 6.336270622351873e-05
-- Generation 9 --
  Evaluated 70 individuals
  Min 0.0006264315224663284
  Max 0.0008033887664503907
  Avg 0.0007417222311041006
  Std 4.982654159566994e-05
-- Generation 10 --
  Evaluated 66 individuals
  Min 0.0006264315224663284
  Max 0.0008033887664503907
  Avg 0.0007452201033481325
  Std 4.9925179302308726e-05
-- Generation 11 --
  Evaluated 68 individuals
  Min 0.0006264315224663284
  Max 0.0008033887664503907
  Avg 0.0007467500569791446
  Std 4.703943592824928e-05
-- Generation 12 --
  Evaluated 68 individuals
  Min 0.0006264315224663284
  Max 0.0007878778461410492
  Avg 0.0007495185537477476
  Std 4.768570009912339e-05
-- Generation 13 --
  Evaluated 70 individuals
  Min 0.0006264315224663284
  Max 0.0007878778461410492
  Avg 0.0007520540794936205
  Std 4.668028782319862e-05
-- Generation 14 --
  Evaluated 74 individuals
  Min 0.0006264315224663284
  Max 0.0007833549204645559
  Avg 0.0007566321392667196
  Std 3.785619955353108e-05
-- Generation 15 --
  Evaluated 68 individuals
  Min 0.0006264315224663284
  Max 0.0007833549204645559
  Avg 0.0007620305114922064
  Std 2.924783302483178e-05
-- Generation 16 --
  Evaluated 66 individuals
  Min 0.0006264315224663284
  Max 0.0007833549204645559
  Avg 0.0007633875290588988
  Std 2.5587590531812924e-05
-- Generation 17 --
  Evaluated 68 individuals
  Min 0.0006264315224663284
  Max 0.0007884404567926058
  Avg 0.0007671259798224834
  Std 2.52777679475389e-05
-- Generation 18 --
  Evaluated 70 individuals
  Min 0.0006264315224663284
  Max 0.0007833549204645559
  Avg 0.0007659953634687221
  Std 2.4921828226811912e-05
-- Generation 19 --
  Evaluated 66 individuals
  Min 0.0007252521322443317
  Max 0.0007833549204645559
  Avg 0.0007677097238784584
  Std 1.9426629909061574e-05
-- Generation 20 --
  Evaluated 70 individuals
  Min 0.0007252521322443317
  Max 0.0007833549204645559
  Avg 0.000764050772464933
  Std 2.0471628976362632e-05
-- Generation 21 --
  Evaluated 64 individuals
  Min 0.0007252521322443317
  Max 0.0007833549204645559
  Avg 0.0007654653578655132
  Std 1.904145862643022e-05
-- Generation 22 --
  Evaluated 65 individuals
  Min 0.0007252521322443317
  Max 0.0007874735134179564
  Avg 0.0007660706915507927
  Std 1.972616546762447e-05
-- Generation 23 --
  Evaluated 70 individuals
  Min 0.000713667547371663
  Max 0.0007874735134179564
  Avg 0.0007661567028366667
  Std 2.0648855255289494e-05
-- Generation 24 --
  Evaluated 69 individuals
  Min 0.000713667547371663
  Max 0.0007874735134179564
  Avg 0.0007634617184063165
  Std 2.2479403792209663e-05
-- Generation 25 --
  Evaluated 62 individuals
  Min 0.000718845718435497
  Max 0.0007874735134179564
  Avg 0.0007669345721470105
  Std 2.2472114691374563e-05
-- Generation 26 --
  Evaluated 72 individuals
  Min 0.000718845718435497
  Max 0.0007874735134179564
  Avg 0.0007698769028391869
  Std 2.1436785325031777e-05
-- Generation 27 --
  Evaluated 59 individuals
  Min 0.000718845718435497
  Max 0.0007874735134179564
  Avg 0.0007698535066299234
  Std 2.0696132241621228e-05
-- Generation 28 --
  Evaluated 75 individuals
  Min 0.0007252521322443317
  Max 0.0007874735134179564
  Avg 0.0007704802634559961
  Std 2.0855764624550944e-05
-- Generation 29 --
  Evaluated 66 individuals
  Min 0.0007252521322443317
  Max 0.0007874735134179564
  Avg 0.0007723379206848697
  Std 1.8019545732989823e-05
-- Generation 30 --
  Evaluated 66 individuals
  Min 0.0007252521322443317
  Max 0.0008069441549994899
  Avg 0.000770521178952843
  Std 2.021825644877535e-05
-- Generation 31 --
  Evaluated 62 individuals
  Min 0.0007252521322443317
  Max 0.0007874735134179564
  Avg 0.0007707130310799741
  Std 1.9277082733731025e-05
-- Generation 32 --
  Evaluated 70 individuals
  Min 0.0007252521322443317
  Max 0.0007874735134179564
  Avg 0.000771673098882433
  Std 1.7663465850242598e-05
-- Generation 33 --
  Evaluated 66 individuals
  Min 0.0007252521322443317
  Max 0.0007874735134179564
  Avg 0.0007716188529296118
  Std 1.807300489897082e-05
-- Generation 34 --
  Evaluated 76 individuals
  Min 0.00068532378789942
  Max 0.0007874735134179564
  Avg 0.0007704374585932066
  Std 1.9326000134307138e-05
-- Generation 35 --
  Evaluated 62 individuals
  Min 0.0007252521322443317
  Max 0.0007874735134179564
  Avg 0.0007733852033307147
  Std 1.6635281276650625e-05
-- Generation 36 --
  Evaluated 72 individuals
  Min 0.0007252521322443317
  Max 0.0007874735134179564
  Avg 0.0007702558748034253
  Std 1.902076784809345e-05
-- Generation 37 --
  Evaluated 72 individuals
  Min 0.0007286409272439455
  Max 0.0007874735134179564
  Avg 0.0007701160914618706
  Std 1.8565761397873457e-05
-- Generation 38 --
  Evaluated 63 individuals
  Min 0.0007286409272439455
  Max 0.0007874735134179564
  Avg 0.0007692252273634993
  Std 1.8698957250889916e-05
-- Generation 39 --
  Evaluated 66 individuals
  Min 0.0007286409272439455
  Max 0.0007874735134179564
  Avg 0.0007680744883055405
  Std 1.9592992002386703e-05
-- Generation 40 --
  Evaluated 58 individuals
  Min 0.0007286409272439455
  Max 0.0007874735134179564
  Avg 0.0007684034644236656
  Std 1.9683947379245516e-05
-- Generation 41 --
  Evaluated 58 individuals
  Min 0.0007286409272439455
  Max 0.0007874735134179564
  Avg 0.0007750378009426794
  Std 1.6671179919308842e-05
-- Generation 42 --
  Evaluated 68 individuals
  Min 0.0007286409272439455
  Max 0.0007874735134179564
  Avg 0.0007719329799989948
  Std 1.8745224300941127e-05
-- Generation 43 --
  Evaluated 68 individuals
  Min 0.0007056065039521555
  Max 0.0007886260306338898
  Avg 0.0007718385848535588
  Std 1.8654295349769724e-05
-- Generation 44 --
  Evaluated 68 individuals
  Min 0.0007056065039521555
  Max 0.0007874735134179564
  Avg 0.0007701107556173186
  Std 1.9383775352073528e-05
-- Generation 45 --
  Evaluated 66 individuals
  Min 0.0007056065039521555
  Max 0.0007874735134179564
  Avg 0.0007670149078817537
  Std 2.1450101713550624e-05
-- Generation 46 --
  Evaluated 64 individuals
  Min 0.0007056065039521555
  Max 0.0007874735134179564
  Avg 0.0007666218783331619
  Std 2.2443021961438542e-05
-- Generation 47 --
  Evaluated 69 individuals
  Min 0.0007056065039521555
  Max 0.0007874735134179564
  Avg 0.0007673204630504453
  Std 2.141967586757848e-05
-- Generation 48 --
  Evaluated 72 individuals
  Min 0.0007286409272439455
  Max 0.0007874735134179564
  Avg 0.0007695377212700325
  Std 2.048687791230167e-05
-- Generation 49 --
  Evaluated 72 individuals
  Min 0.0007286409272439455
  Max 0.0007874735134179564
  Avg 0.0007694708185604368
  Std 1.975203932807135e-05
-- End of (successful) evolution --
Best individual: [4, 35, 10, 24, 26, 6, 22, 40, 29, 27, 8, 15, 49, 50, 31, 48, 23, 46, 41, 33, 9, 34, 18, 38, 47, 13, 7, 12, 11, 32, 21, 28, 37, 43, 44, 36, 39, 1, 3, 17, 25, 5, 19, 30, 45, 42, 2, 16, 14, 20]
Fitness: 0.0007874735134179564
  Vehicle 1's route: 0 - 4 - 35 - 10 - 24 - 26 - 6 - 22 - 40 - 29 - 27 - 0
  Vehicle 2's route: 0 - 8 - 15 - 49 - 50 - 31 - 48 - 23 - 46 - 41 - 33 - 0
  Vehicle 3's route: 0 - 9 - 34 - 18 - 38 - 47 - 13 - 7 - 12 - 11 - 32 - 0
  Vehicle 4's route: 0 - 21 - 28 - 37 - 43 - 44 - 36 - 39 - 1 - 3 - 17 - 25 - 0
  Vehicle 5's route: 0 - 5 - 19 - 30 - 45 - 42 - 2 - 16 - 14 - 20 - 0
Total cost: 1269.8839808079283
Write to file: /Users/emt/Workspace/FURP-2026-Ziru-Huang-EVRP-TW/py-ga-VRPTW/results/C101_uC1.0_iC0.0_wC0.0_dC0.0_iS50_pS80_cP0.85_mP0.02_nG50.csv
Path: /Users/emt/Workspace/FURP-2026-Ziru-Huang-EVRP-TW/py-ga-VRPTW/results/C101_uC1.0_iC0.0_wC0.0_dC0.0_iS50_pS80_cP0.85_mP0.02_nG50.csv does not exist.
copied_csv: src/results/week3/raw/pyga_C101_50_seed1234.csv
run_py_ga_vrptw_ok: True
