File: /Users/emt/Workspace/FURP-2026-Ziru-Huang-EVRP-TW/py-ga-VRPTW/data/json/C101.json exists.
Start of evolution
  Evaluated 80 individuals
-- Generation 0 --
  Evaluated 70 individuals
  Min 0.000633733814105239
  Max 0.0008036368797707799
  Avg 0.0007102407081668875
  Std 4.5427234227347e-05
-- Generation 1 --
  Evaluated 78 individuals
  Min 0.0006372258319944351
  Max 0.0008036368797707799
  Avg 0.0007134845186553777
  Std 4.851740419325018e-05
-- Generation 2 --
  Evaluated 65 individuals
  Min 0.0006338247370842884
  Max 0.0008036368797707799
  Avg 0.0007227215345610047
  Std 4.8511687704601135e-05
-- Generation 3 --
  Evaluated 66 individuals
  Min 0.0006338247370842884
  Max 0.0008036368797707799
  Avg 0.000719357786759552
  Std 5.185732181942813e-05
-- Generation 4 --
  Evaluated 74 individuals
  Min 0.0006338247370842884
  Max 0.0008036368797707799
  Avg 0.0007320190599939083
  Std 4.726393547592027e-05
-- Generation 5 --
  Evaluated 68 individuals
  Min 0.0006338247370842884
  Max 0.0008036368797707799
  Avg 0.0007287539832744256
  Std 4.4718244211113274e-05
-- Generation 6 --
  Evaluated 68 individuals
  Min 0.0006338247370842884
  Max 0.0008036368797707799
  Avg 0.0007351617860429172
  Std 4.215239365503347e-05
-- Generation 7 --
  Evaluated 66 individuals
  Min 0.0006338247370842884
  Max 0.0008036368797707799
  Avg 0.0007312897421602554
  Std 4.1377324949435165e-05
-- Generation 8 --
  Evaluated 75 individuals
  Min 0.0006338247370842884
  Max 0.0008036368797707799
  Avg 0.0007367228087457807
  Std 4.132801413275187e-05
-- Generation 9 --
  Evaluated 64 individuals
  Min 0.0006338247370842884
  Max 0.0008036368797707799
  Avg 0.0007398113751096809
  Std 3.738788183089825e-05
-- Generation 10 --
  Evaluated 68 individuals
  Min 0.0006372258319944351
  Max 0.0008036368797707799
  Avg 0.0007437745783576276
  Std 3.065573230574616e-05
-- Generation 11 --
  Evaluated 78 individuals
  Min 0.0006576593571912489
  Max 0.0008036368797707799
  Avg 0.0007462157508868652
  Std 2.6163364066159283e-05
-- Generation 12 --
  Evaluated 72 individuals
  Min 0.0006576593571912489
  Max 0.0008036368797707799
  Avg 0.0007445287380742607
  Std 2.8615420109442422e-05
-- Generation 13 --
  Evaluated 73 individuals
  Min 0.0006576593571912489
  Max 0.0008036368797707799
  Avg 0.000748710377516567
  Std 2.6140981240780873e-05
-- Generation 14 --
  Evaluated 72 individuals
  Min 0.0007167638353989957
  Max 0.0008036368797707799
  Avg 0.000748932717341402
  Std 2.5577029823230493e-05
-- Generation 15 --
  Evaluated 67 individuals
  Min 0.0007167638353989957
  Max 0.0008036368797707799
  Avg 0.000748971672847267
  Std 2.5822528235170612e-05
-- Generation 16 --
  Evaluated 72 individuals
  Min 0.0007167638353989957
  Max 0.0008036368797707799
  Avg 0.0007503733295614421
  Std 2.6433862498367705e-05
-- Generation 17 --
  Evaluated 68 individuals
  Min 0.0007122472936562527
  Max 0.0008354590200845479
  Avg 0.0007582894796354996
  Std 3.0113505271489448e-05
-- Generation 18 --
  Evaluated 68 individuals
  Min 0.0007122472936562527
  Max 0.0008036368797707799
  Avg 0.0007575380391866592
  Std 2.904549703594636e-05
-- Generation 19 --
  Evaluated 62 individuals
  Min 0.0007122472936562527
  Max 0.0008036368797707799
  Avg 0.000755863570985966
  Std 2.9152419233566463e-05
-- Generation 20 --
  Evaluated 63 individuals
  Min 0.0007122472936562527
  Max 0.0008036368797707799
  Avg 0.0007629779097601287
  Std 3.07867716749445e-05
-- Generation 21 --
  Evaluated 62 individuals
  Min 0.0007122472936562527
  Max 0.0008099803818385929
  Avg 0.0007637969034323721
  Std 3.079069279611288e-05
-- Generation 22 --
  Evaluated 70 individuals
  Min 0.0007122472936562527
  Max 0.0008099803818385929
  Avg 0.000760887683327625
  Std 2.92624099601397e-05
-- Generation 23 --
  Evaluated 71 individuals
  Min 0.0007122472936562527
  Max 0.0008099803818385929
  Avg 0.0007621499011806012
  Std 2.8372907174051105e-05
-- Generation 24 --
  Evaluated 62 individuals
  Min 0.0007122472936562527
  Max 0.0008036368797707799
  Avg 0.0007650634279580584
  Std 2.8830889878679913e-05
-- Generation 25 --
  Evaluated 64 individuals
  Min 0.0007167638353989957
  Max 0.0008036368797707799
  Avg 0.0007583872407603614
  Std 2.6102297690158872e-05
-- Generation 26 --
  Evaluated 75 individuals
  Min 0.0007254156001100132
  Max 0.0008056887929305652
  Avg 0.0007582082212494527
  Std 2.453718330195907e-05
-- Generation 27 --
  Evaluated 70 individuals
  Min 0.0007254156001100132
  Max 0.0008321895852076207
  Avg 0.0007583964162184351
  Std 2.099548321187999e-05
-- Generation 28 --
  Evaluated 64 individuals
  Min 0.0007254156001100132
  Max 0.0008321895852076207
  Avg 0.0007576039424974364
  Std 1.96445213479494e-05
-- Generation 29 --
  Evaluated 69 individuals
  Min 0.0007217506955329024
  Max 0.0008321895852076207
  Avg 0.0007599744827442565
  Std 1.87427201437442e-05
-- Generation 30 --
  Evaluated 72 individuals
  Min 0.0007254156001100132
  Max 0.0008321895852076207
  Avg 0.0007580531015851745
  Std 1.7763366429556263e-05
-- Generation 31 --
  Evaluated 78 individuals
  Min 0.0007254156001100132
  Max 0.0008036368797707799
  Avg 0.0007616865623509579
  Std 1.665609795925027e-05
-- Generation 32 --
  Evaluated 68 individuals
  Min 0.0007254156001100132
  Max 0.0008036368797707799
  Avg 0.0007618771372341149
  Std 1.6737733830397977e-05
-- Generation 33 --
  Evaluated 66 individuals
  Min 0.0007254156001100132
  Max 0.0008036368797707799
  Avg 0.0007623040442793968
  Std 1.606303467213635e-05
-- Generation 34 --
  Evaluated 68 individuals
  Min 0.0007254156001100132
  Max 0.0008036368797707799
  Avg 0.0007639295104802208
  Std 1.4401271593222252e-05
-- Generation 35 --
  Evaluated 74 individuals
  Min 0.0007254156001100132
  Max 0.0008036368797707799
  Avg 0.0007643633012388718
  Std 1.2616848955765007e-05
-- Generation 36 --
  Evaluated 74 individuals
  Min 0.0007291039812303503
  Max 0.0008036368797707799
  Avg 0.0007656212467322379
  Std 1.1268817273343993e-05
-- Generation 37 --
  Evaluated 70 individuals
  Min 0.0007213279299014348
  Max 0.0008036368797707799
  Avg 0.0007633768334818513
  Std 1.1219326569704136e-05
-- Generation 38 --
  Evaluated 64 individuals
  Min 0.0007213279299014348
  Max 0.0007878581113337662
  Avg 0.0007634755622248381
  Std 1.0701837620509362e-05
-- Generation 39 --
  Evaluated 70 individuals
  Min 0.0007291039812303503
  Max 0.0007878581113337662
  Avg 0.0007636215470449093
  Std 1.0173166632658727e-05
-- Generation 40 --
  Evaluated 68 individuals
  Min 0.0007411367464189476
  Max 0.0007878581113337662
  Avg 0.0007653288543449431
  Std 1.0262568426725071e-05
-- Generation 41 --
  Evaluated 70 individuals
  Min 0.0007411367464189476
  Max 0.0007878581113337662
  Avg 0.0007646903965137987
  Std 1.0126532155466219e-05
-- Generation 42 --
  Evaluated 72 individuals
  Min 0.0007411367464189476
  Max 0.0007878581113337662
  Avg 0.0007653837567571372
  Std 9.726422768266094e-06
-- Generation 43 --
  Evaluated 62 individuals
  Min 0.0007410970753734265
  Max 0.0007878581113337662
  Avg 0.0007661779612210829
  Std 1.0757981804994394e-05
-- Generation 44 --
  Evaluated 72 individuals
  Min 0.0007078438947312983
  Max 0.0007878581113337662
  Avg 0.0007665632804267739
  Std 1.2275361696768182e-05
-- Generation 45 --
  Evaluated 77 individuals
  Min 0.0007078438947312983
  Max 0.0007878581113337662
  Avg 0.000766516221827283
  Std 1.3142852499615433e-05
-- Generation 46 --
  Evaluated 61 individuals
  Min 0.0007315054799025306
  Max 0.0007963094122455238
  Avg 0.000767679708250271
  Std 1.1837960676299455e-05
-- Generation 47 --
  Evaluated 68 individuals
  Min 0.0007315054799025306
  Max 0.0007878581113337662
  Avg 0.0007675684735386273
  Std 1.068182302139635e-05
-- Generation 48 --
  Evaluated 68 individuals
  Min 0.0007315054799025306
  Max 0.0007878581113337662
  Avg 0.0007688687702870556
  Std 1.0668212316812367e-05
-- Generation 49 --
  Evaluated 71 individuals
  Min 0.0007050088635664571
  Max 0.0007878581113337662
  Avg 0.0007660956093318341
  Std 1.3220911720398146e-05
-- End of (successful) evolution --
Best individual: [28, 13, 47, 32, 5, 31, 46, 42, 8, 3, 37, 22, 27, 44, 24, 16, 15, 18, 11, 20, 50, 40, 21, 14, 29, 1, 4, 41, 9, 7, 33, 19, 6, 12, 26, 25, 23, 39, 30, 2, 48, 49, 35, 34, 43, 17, 38, 36, 45, 10]
Fitness: 0.0007878581113337662
  Vehicle 1's route: 0 - 28 - 13 - 47 - 32 - 5 - 31 - 46 - 42 - 8 - 3 - 0
  Vehicle 2's route: 0 - 37 - 22 - 27 - 44 - 24 - 16 - 15 - 18 - 11 - 20 - 0
  Vehicle 3's route: 0 - 50 - 40 - 21 - 14 - 29 - 1 - 4 - 41 - 9 - 7 - 0
  Vehicle 4's route: 0 - 33 - 19 - 6 - 12 - 26 - 25 - 23 - 39 - 30 - 0
  Vehicle 5's route: 0 - 2 - 48 - 49 - 35 - 34 - 43 - 17 - 38 - 36 - 45 - 0
  Vehicle 6's route: 0 - 10 - 0
Total cost: 1269.2640789178377
Write to file: /Users/emt/Workspace/FURP-2026-Ziru-Huang-EVRP-TW/py-ga-VRPTW/results/C101_uC1.0_iC0.0_wC0.0_dC0.0_iS50_pS80_cP0.85_mP0.02_nG50.csv
Path: /Users/emt/Workspace/FURP-2026-Ziru-Huang-EVRP-TW/py-ga-VRPTW/results/C101_uC1.0_iC0.0_wC0.0_dC0.0_iS50_pS80_cP0.85_mP0.02_nG50.csv does not exist.
copied_csv: src/results/week3/raw/pyga_C101_50_seed2026.csv
run_py_ga_vrptw_ok: True
