POMO + EVRP-TW repair pipeline
  status=unsolved
  instance=c101_21
  source=E:\WorkSpace\FURP-2026-Ziru-Huang-EVRP-TW\src\data\evrptw_instances\c101_21.txt
  vehicles=24
  runtime=1453.986s
  selected_candidate=4/5
  selected_variant=pomo_routes
  candidate_routes=[['C34', 'C36', 'C39', 'C38', 'C37', 'C35', 'C31', 'C33', 'C32'], ['C13', 'C17', 'C18', 'C19', 'C15', 'C16', 'C14', 'C12', 'C11'], ['C99', 'C100', 'C97', 'C93', 'C92', 'C94', 'C95', 'C96', 'C98', 'C1'], ['C20', 'C24', 'C29', 'C27', 'C30', 'C28', 'C26', 'C25', 'C22', 'C23', 'C21'], ['C10', 'C8', 'C9', 'C6', 'C2', 'C4', 'C7', 'C3', 'C5', 'C75'], ['C91', 'C89', 'C88', 'C85', 'C84', 'C82', 'C83', 'C86', 'C87', 'C90'], ['C81', 'C78', 'C76', 'C71', 'C70', 'C73', 'C77', 'C79', 'C80', 'C72', 'C61', 'C64', 'C62'], ['C57', 'C55', 'C54', 'C53', 'C56', 'C58', 'C60', 'C59'], ['C67', 'C65', 'C63', 'C74', 'C66', 'C68', 'C69'], ['C43', 'C41', 'C40', 'C42', 'C44', 'C45', 'C46', 'C48', 'C51', 'C50', 'C52', 'C49', 'C47']]
  station_insertions=7
  split_count=22
Benchmark metrics:
  solver=POMO+EVRPTWRepair
  feasible=False
  total_distance=1749
  total_duration=14918
  makespan=1163
  served_customers=33
  missing_customers=67
  duplicate_customers=0
  time_window_violations=0
  capacity_violations=0
  energy_violations=0
  charging_count=7
  charging_time=170
  synchronization_violations=0
  vehicle_limit_violations=0
Violation details:
  route=- constraint=customer_coverage location=C2 detail=Customer was not visited.
  route=- constraint=customer_coverage location=C3 detail=Customer was not visited.
  route=- constraint=customer_coverage location=C4 detail=Customer was not visited.
  route=- constraint=customer_coverage location=C5 detail=Customer was not visited.
  route=- constraint=customer_coverage location=C6 detail=Customer was not visited.
  route=- constraint=customer_coverage location=C7 detail=Customer was not visited.
  route=- constraint=customer_coverage location=C8 detail=Customer was not visited.
  route=- constraint=customer_coverage location=C9 detail=Customer was not visited.
  route=- constraint=customer_coverage location=C10 detail=Customer was not visited.
  route=- constraint=customer_coverage location=C21 detail=Customer was not visited.
  route=- constraint=customer_coverage location=C22 detail=Customer was not visited.
  route=- constraint=customer_coverage location=C23 detail=Customer was not visited.
  route=- constraint=customer_coverage location=C25 detail=Customer was not visited.
  route=- constraint=customer_coverage location=C26 detail=Customer was not visited.
  route=- constraint=customer_coverage location=C28 detail=Customer was not visited.
  route=- constraint=customer_coverage location=C40 detail=Customer was not visited.
  route=- constraint=customer_coverage location=C41 detail=Customer was not visited.
  route=- constraint=customer_coverage location=C42 detail=Customer was not visited.
  route=- constraint=customer_coverage location=C43 detail=Customer was not visited.
  route=- constraint=customer_coverage location=C44 detail=Customer was not visited.
  route=- constraint=customer_coverage location=C45 detail=Customer was not visited.
  route=- constraint=customer_coverage location=C46 detail=Customer was not visited.
  route=- constraint=customer_coverage location=C47 detail=Customer was not visited.
  route=- constraint=customer_coverage location=C48 detail=Customer was not visited.
  route=- constraint=customer_coverage location=C49 detail=Customer was not visited.
  route=- constraint=customer_coverage location=C50 detail=Customer was not visited.
  route=- constraint=customer_coverage location=C51 detail=Customer was not visited.
  route=- constraint=customer_coverage location=C52 detail=Customer was not visited.
  route=- constraint=customer_coverage location=C53 detail=Customer was not visited.
  route=- constraint=customer_coverage location=C54 detail=Customer was not visited.
  route=- constraint=customer_coverage location=C55 detail=Customer was not visited.
  route=- constraint=customer_coverage location=C56 detail=Customer was not visited.
  route=- constraint=customer_coverage location=C57 detail=Customer was not visited.
  route=- constraint=customer_coverage location=C58 detail=Customer was not visited.
  route=- constraint=customer_coverage location=C59 detail=Customer was not visited.
  route=- constraint=customer_coverage location=C60 detail=Customer was not visited.
  route=- constraint=customer_coverage location=C61 detail=Customer was not visited.
  route=- constraint=customer_coverage location=C62 detail=Customer was not visited.
  route=- constraint=customer_coverage location=C63 detail=Customer was not visited.
  route=- constraint=customer_coverage location=C64 detail=Customer was not visited.
  route=- constraint=customer_coverage location=C65 detail=Customer was not visited.
  route=- constraint=customer_coverage location=C66 detail=Customer was not visited.
  route=- constraint=customer_coverage location=C67 detail=Customer was not visited.
  route=- constraint=customer_coverage location=C68 detail=Customer was not visited.
  route=- constraint=customer_coverage location=C69 detail=Customer was not visited.
  route=- constraint=customer_coverage location=C70 detail=Customer was not visited.
  route=- constraint=customer_coverage location=C71 detail=Customer was not visited.
  route=- constraint=customer_coverage location=C72 detail=Customer was not visited.
  route=- constraint=customer_coverage location=C73 detail=Customer was not visited.
  route=- constraint=customer_coverage location=C74 detail=Customer was not visited.
  route=- constraint=customer_coverage location=C75 detail=Customer was not visited.
  route=- constraint=customer_coverage location=C76 detail=Customer was not visited.
  route=- constraint=customer_coverage location=C77 detail=Customer was not visited.
  route=- constraint=customer_coverage location=C78 detail=Customer was not visited.
  route=- constraint=customer_coverage location=C79 detail=Customer was not visited.
  route=- constraint=customer_coverage location=C80 detail=Customer was not visited.
  route=- constraint=customer_coverage location=C81 detail=Customer was not visited.
  route=- constraint=customer_coverage location=C82 detail=Customer was not visited.
  route=- constraint=customer_coverage location=C83 detail=Customer was not visited.
  route=- constraint=customer_coverage location=C84 detail=Customer was not visited.
  route=- constraint=customer_coverage location=C85 detail=Customer was not visited.
  route=- constraint=customer_coverage location=C86 detail=Customer was not visited.
  route=- constraint=customer_coverage location=C87 detail=Customer was not visited.
  route=- constraint=customer_coverage location=C88 detail=Customer was not visited.
  route=- constraint=customer_coverage location=C89 detail=Customer was not visited.
  route=- constraint=customer_coverage location=C90 detail=Customer was not visited.
  route=- constraint=customer_coverage location=C91 detail=Customer was not visited.
Solution JSON: E:\WorkSpace\FURP-2026-Ziru-Huang-EVRP-TW\src\log\week5\stability-three-groups\runs\C\100\c101_21\pomo_repair\seed-0001\result.json


[validator]
C-c101_21-pomo_repair-seed-0001: validation=valid strict_feasible=False failure=checker_infeasible:coverage_missing

