POMO + EVRP-TW repair pipeline
  status=unsolved
  instance=r102C10
  source=E:\WorkSpace\FURP-2026-Ziru-Huang-EVRP-TW\src\data\evrptw_instances\r102C10.txt
  vehicles=2
  runtime=0.613s
  selected_candidate=3/6
  selected_variant=pomo_routes
  candidate_routes=[['C60', 'C20', 'C77', 'C12', 'C88', 'C31', 'C23', 'C67', 'C99'], ['C21']]
  station_insertions=2
  split_count=3
Benchmark metrics:
  solver=POMO+EVRPTWRepair
  feasible=False
  total_distance=154
  total_duration=357
  makespan=202
  served_customers=4
  missing_customers=6
  duplicate_customers=0
  time_window_violations=0
  capacity_violations=0
  energy_violations=0
  charging_count=2
  charging_time=25
  synchronization_violations=0
  vehicle_limit_violations=0
Violation details:
  route=- constraint=customer_coverage location=C31 detail=Customer was not visited.
  route=- constraint=customer_coverage location=C23 detail=Customer was not visited.
  route=- constraint=customer_coverage location=C67 detail=Customer was not visited.
  route=- constraint=customer_coverage location=C88 detail=Customer was not visited.
  route=- constraint=customer_coverage location=C99 detail=Customer was not visited.
  route=- constraint=customer_coverage location=C21 detail=Customer was not visited.
Solution JSON: E:\WorkSpace\FURP-2026-Ziru-Huang-EVRP-TW\src\log\week5\stability-three-groups\runs\R\10\r102C10\pomo_repair\seed-0001\result.json


[validator]
R-r102C10-pomo_repair-seed-0001: validation=valid strict_feasible=False failure=checker_infeasible:coverage_missing

