File: E:\WorkSpace\FURP-2026-Ziru-Huang-EVRP-TW\py-ga-VRPTW\data\json_customize\r102C10.json exists.
Start of evolution
  Evaluated 80 individuals
-- Generation 0 --
  Evaluated 68 individuals
  Min 0.00020305126665717235
  Max 0.0002937890176242914
  Avg 0.00023984510913602577
  Std 2.5782318695507682e-05
-- Generation 1 --
  Evaluated 72 individuals
  Min 0.00020305126665717235
  Max 0.0002937890176242914
  Avg 0.00024004354563252438
  Std 2.4355617461043456e-05
-- Generation 2 --
  Evaluated 76 individuals
  Min 0.00020305126665717235
  Max 0.0002937890176242914
  Avg 0.0002443586102479128
  Std 2.604247368108136e-05
-- Generation 3 --
  Evaluated 61 individuals
  Min 0.00020305126665717235
  Max 0.0002937890176242914
  Avg 0.0002452746192739024
  Std 2.477210442922214e-05
-- Generation 4 --
  Evaluated 69 individuals
  Min 0.00021179431635688238
  Max 0.00029221052209920984
  Avg 0.0002497289057390094
  Std 2.424184027828638e-05
-- Generation 5 --
  Evaluated 65 individuals
  Min 0.00021179431635688238
  Max 0.00029221052209920984
  Avg 0.0002518080199811043
  Std 2.3028777611479962e-05
-- Generation 6 --
  Evaluated 66 individuals
  Min 0.00021179431635688238
  Max 0.00028971905045090395
  Avg 0.00025435423561033174
  Std 2.3082789463431992e-05
-- Generation 7 --
  Evaluated 70 individuals
  Min 0.00021401031163547482
  Max 0.00028971905045090395
  Avg 0.00025808513750434474
  Std 2.121837898904451e-05
-- Generation 8 --
  Evaluated 65 individuals
  Min 0.00022267796392085393
  Max 0.00028971905045090395
  Avg 0.000260489436488847
  Std 1.900048279092341e-05
-- Generation 9 --
  Evaluated 68 individuals
  Min 0.0002229223372479643
  Max 0.00028971905045090395
  Avg 0.0002625540469566601
  Std 1.7621712816636096e-05
-- Generation 10 --
  Evaluated 67 individuals
  Min 0.00021902153404354993
  Max 0.00032263052037561735
  Avg 0.0002633883254970821
  Std 1.7765161524034145e-05
-- Generation 11 --
  Evaluated 60 individuals
  Min 0.00021902153404354993
  Max 0.00028971905045090395
  Avg 0.00026377052982420196
  Std 1.571676726746246e-05
-- Generation 12 --
  Evaluated 64 individuals
  Min 0.00023079272466814036
  Max 0.00028971905045090395
  Avg 0.00026593352090824144
  Std 1.4344371784854165e-05
-- Generation 13 --
  Evaluated 62 individuals
  Min 0.00023079272466814036
  Max 0.00028971905045090395
  Avg 0.00026797152787770887
  Std 1.524344205922018e-05
-- Generation 14 --
  Evaluated 54 individuals
  Min 0.00023079272466814036
  Max 0.00028971905045090395
  Avg 0.0002672937752780362
  Std 1.5175415846693865e-05
-- Generation 15 --
  Evaluated 72 individuals
  Min 0.00023079272466814036
  Max 0.00028971905045090395
  Avg 0.00026617199957748534
  Std 1.5888781699301983e-05
-- Generation 16 --
  Evaluated 62 individuals
  Min 0.00023079272466814036
  Max 0.00028971905045090395
  Avg 0.0002663608240917125
  Std 1.4661895390622995e-05
-- Generation 17 --
  Evaluated 76 individuals
  Min 0.0002375145421576555
  Max 0.00028971905045090395
  Avg 0.000268363933195175
  Std 1.3620686385655974e-05
-- Generation 18 --
  Evaluated 72 individuals
  Min 0.0002375145421576555
  Max 0.00028971905045090395
  Avg 0.0002711001911647204
  Std 1.270400750142472e-05
-- Generation 19 --
  Evaluated 76 individuals
  Min 0.00022947804973618427
  Max 0.00028971905045090395
  Avg 0.0002704070711577844
  Std 1.3302111413181041e-05
-- Generation 20 --
  Evaluated 71 individuals
  Min 0.00022947804973618427
  Max 0.00028971905045090395
  Avg 0.0002703046518708889
  Std 1.3468530129517808e-05
-- Generation 21 --
  Evaluated 70 individuals
  Min 0.00023359640389915946
  Max 0.00028971905045090395
  Avg 0.0002730335310037097
  Std 1.2934455708148507e-05
-- Generation 22 --
  Evaluated 66 individuals
  Min 0.00025392700285471655
  Max 0.00028971905045090395
  Avg 0.00027505404834326293
  Std 1.1904155436408482e-05
-- Generation 23 --
  Evaluated 58 individuals
  Min 0.00025392700285471655
  Max 0.00028971905045090395
  Avg 0.0002753917668883325
  Std 1.2828563567786281e-05
-- Generation 24 --
  Evaluated 76 individuals
  Min 0.00023322603659319452
  Max 0.00028971905045090395
  Avg 0.00027383373481007283
  Std 1.4657628219826458e-05
-- Generation 25 --
  Evaluated 73 individuals
  Min 0.00022574761100361402
  Max 0.00028971905045090395
  Avg 0.00027200806217385516
  Std 1.4924224056027597e-05
-- Generation 26 --
  Evaluated 68 individuals
  Min 0.00022574761100361402
  Max 0.00028971905045090395
  Avg 0.00027198621763615887
  Std 1.529997591937661e-05
-- Generation 27 --
  Evaluated 70 individuals
  Min 0.0002306879538176959
  Max 0.00028971905045090395
  Avg 0.0002744413692753605
  Std 1.3809213196646251e-05
-- Generation 28 --
  Evaluated 67 individuals
  Min 0.0002306879538176959
  Max 0.00029177047784950254
  Avg 0.00027576603806277883
  Std 1.455138032942551e-05
-- Generation 29 --
  Evaluated 78 individuals
  Min 0.0002306879538176959
  Max 0.00029177047784950254
  Avg 0.0002768481850249265
  Std 1.4646047808846742e-05
-- Generation 30 --
  Evaluated 72 individuals
  Min 0.0002306879538176959
  Max 0.00029177047784950254
  Avg 0.00027579281307636873
  Std 1.4269079486918942e-05
-- Generation 31 --
  Evaluated 72 individuals
  Min 0.00023079272466814036
  Max 0.00028971905045090395
  Avg 0.00027583765687423406
  Std 1.3520514144047821e-05
-- Generation 32 --
  Evaluated 67 individuals
  Min 0.00023079272466814036
  Max 0.00030140961010226465
  Avg 0.00027638455726503654
  Std 1.3859303517241126e-05
-- Generation 33 --
  Evaluated 70 individuals
  Min 0.00021939260884283108
  Max 0.00030140961010226465
  Avg 0.000276427251483438
  Std 1.6153456272859023e-05
-- Generation 34 --
  Evaluated 66 individuals
  Min 0.00021939260884283108
  Max 0.00028971905045090395
  Avg 0.00027534686595938253
  Std 1.823579237962735e-05
-- Generation 35 --
  Evaluated 76 individuals
  Min 0.00021939260884283108
  Max 0.00028971905045090395
  Avg 0.0002753371681810465
  Std 1.9366694637177315e-05
-- Generation 36 --
  Evaluated 72 individuals
  Min 0.00021939260884283108
  Max 0.00028971905045090395
  Avg 0.00027748031105308626
  Std 1.596996344039641e-05
-- Generation 37 --
  Evaluated 70 individuals
  Min 0.00021939260884283108
  Max 0.00028971905045090395
  Avg 0.0002734600885206124
  Std 2.0449336359367425e-05
-- Generation 38 --
  Evaluated 70 individuals
  Min 0.00021939260884283108
  Max 0.00028971905045090395
  Avg 0.00027243513399332855
  Std 2.16956782563874e-05
-- Generation 39 --
  Evaluated 70 individuals
  Min 0.00021939260884283108
  Max 0.00028971905045090395
  Avg 0.0002730493068484537
  Std 2.0403307185635606e-05
-- Generation 40 --
  Evaluated 72 individuals
  Min 0.00021939260884283108
  Max 0.00028971905045090395
  Avg 0.00027377372235508715
  Std 1.93370941194873e-05
-- Generation 41 --
  Evaluated 65 individuals
  Min 0.0002306879538176959
  Max 0.00028971905045090395
  Avg 0.0002772350699063445
  Std 1.5372131758930543e-05
-- Generation 42 --
  Evaluated 74 individuals
  Min 0.00022946790699680816
  Max 0.00029790080966871557
  Avg 0.00027454145723465877
  Std 1.7259845901804473e-05
-- Generation 43 --
  Evaluated 58 individuals
  Min 0.0002306879538176959
  Max 0.00029790080966871557
  Avg 0.0002768431305511431
  Std 1.5697158512999922e-05
-- Generation 44 --
  Evaluated 72 individuals
  Min 0.0002306879538176959
  Max 0.00031153805856477676
  Avg 0.00027708265833954044
  Std 1.6791300256971707e-05
-- Generation 45 --
  Evaluated 76 individuals
  Min 0.0002306879538176959
  Max 0.00031153805856477676
  Avg 0.00028012659673016854
  Std 1.6082922187377127e-05
-- Generation 46 --
  Evaluated 70 individuals
  Min 0.0002306879538176959
  Max 0.00031153805856477676
  Avg 0.0002791982879515612
  Std 1.7358312540343106e-05
-- Generation 47 --
  Evaluated 64 individuals
  Min 0.0002306879538176959
  Max 0.00031153805856477676
  Avg 0.0002815485386612945
  Std 1.7495152674904445e-05
-- Generation 48 --
  Evaluated 73 individuals
  Min 0.00023540170422326192
  Max 0.00032263052037561735
  Avg 0.0002829416185323329
  Std 1.760047295965287e-05
-- Generation 49 --
  Evaluated 74 individuals
  Min 0.00023563703344968743
  Max 0.00031153805856477676
  Avg 0.0002856692809262195
  Std 1.8009821588155266e-05
-- End of (successful) evolution --
Best individual: [5, 8, 1, 7, 6, 4, 3, 2, 10, 9]
Fitness: 0.00031153805856477676
  Vehicle 1's route: 0 - 5 - 0
  Vehicle 2's route: 0 - 8 - 0
  Vehicle 3's route: 0 - 1 - 7 - 6 - 4 - 0
  Vehicle 4's route: 0 - 3 - 2 - 10 - 9 - 0
Total cost: 3209.880695177005
Write to file: E:\WorkSpace\FURP-2026-Ziru-Huang-EVRP-TW\py-ga-VRPTW\results\r102C10_uC8.0_iC100.0_wC1.0_dC1.5_iS10_pS80_cP0.85_mP0.02_nG50.csv
Path: E:\WorkSpace\FURP-2026-Ziru-Huang-EVRP-TW\py-ga-VRPTW\results\r102C10_uC8.0_iC100.0_wC1.0_dC1.5_iS10_pS80_cP0.85_mP0.02_nG50.csv does not exist.
