RouteFinder + fleet compaction + EVRP-TW repair pipeline
  status=solved
  instance=r104C5
  checkpoint=E:\WorkSpace\FURP-2026-Ziru-Huang-EVRP-TW\src\routefinder\checkpoints\50\rf-transformer.ckpt
  candidates=1
  inference=0.37s
  total_runtime=4.395s
  raw_route_count=1
  compacted_route_count=None
  final_route_count=2
  raw_routes=[['C1', 'C71', 'C5', 'C99', 'C87']]
  compacted_routes=[['C1', 'C71', 'C5', 'C99', 'C87']]
  station_insertions=1
  split_count=1
Benchmark metrics:
  solver=RouteFinderEVRPTWRepair
  feasible=True
  total_distance=136
  total_duration=325
  makespan=194
  served_customers=5
  missing_customers=0
  duplicate_customers=0
  time_window_violations=0
  capacity_violations=0
  energy_violations=0
  charging_count=1
  charging_time=10
  synchronization_violations=0
  vehicle_limit_violations=0
Solution JSON: E:\WorkSpace\FURP-2026-Ziru-Huang-EVRP-TW\src\log\week5\stability-three-groups\runs\R\5\r104C5\routefinder_repair\seed-0001\result.json


[validator]
R-r104C5-routefinder_repair-seed-0001: validation=valid strict_feasible=True failure=success

