File: E:\WorkSpace\FURP-2026-Ziru-Huang-EVRP-TW\py-ga-VRPTW\data\json_customize\c101C10.json exists.
Start of evolution
  Evaluated 80 individuals
-- Generation 0 --
  Evaluated 68 individuals
  Min 9.423658680832274e-05
  Max 0.00011588693491510744
  Avg 0.00010296184163513023
  Std 5.250180900245771e-06
-- Generation 1 --
  Evaluated 72 individuals
  Min 9.275241972864799e-05
  Max 0.00011588693491510744
  Avg 0.00010267536235228605
  Std 4.887050225350478e-06
-- Generation 2 --
  Evaluated 76 individuals
  Min 9.275241972864799e-05
  Max 0.00011588693491510744
  Avg 0.00010340265267855737
  Std 5.012562242234991e-06
-- Generation 3 --
  Evaluated 61 individuals
  Min 9.275241972864799e-05
  Max 0.00011588693491510744
  Avg 0.00010340055503484193
  Std 4.811684107342552e-06
-- Generation 4 --
  Evaluated 69 individuals
  Min 9.465777008074475e-05
  Max 0.0001129976879969044
  Avg 0.00010415776864605325
  Std 4.341678748548159e-06
-- Generation 5 --
  Evaluated 65 individuals
  Min 9.465777008074475e-05
  Max 0.0001129976879969044
  Avg 0.00010428898240043237
  Std 3.992791733919445e-06
-- Generation 6 --
  Evaluated 66 individuals
  Min 9.465777008074475e-05
  Max 0.00011067576555886648
  Avg 0.00010449372518647763
  Std 4.047678828951865e-06
-- Generation 7 --
  Evaluated 70 individuals
  Min 9.465777008074475e-05
  Max 0.00011067576555886648
  Avg 0.00010524604633835216
  Std 3.4507816238789652e-06
-- Generation 8 --
  Evaluated 65 individuals
  Min 9.974199398271124e-05
  Max 0.00011067576555886648
  Avg 0.0001056218817992206
  Std 2.87840535321659e-06
-- Generation 9 --
  Evaluated 68 individuals
  Min 9.974199398271124e-05
  Max 0.00011067576555886648
  Avg 0.00010573917232822858
  Std 2.6631807872504313e-06
-- Generation 10 --
  Evaluated 67 individuals
  Min 9.74190139714155e-05
  Max 0.00011067576555886648
  Avg 0.00010579434452247538
  Std 2.58349507765971e-06
-- Generation 11 --
  Evaluated 60 individuals
  Min 9.74190139714155e-05
  Max 0.00010907153880821635
  Avg 0.0001060896336935272
  Std 2.3319846517164554e-06
-- Generation 12 --
  Evaluated 64 individuals
  Min 9.996404890989856e-05
  Max 0.00010907153880821635
  Avg 0.00010650826892063991
  Std 1.7331016086660553e-06
-- Generation 13 --
  Evaluated 62 individuals
  Min 9.996404890989856e-05
  Max 0.00011421817489763818
  Avg 0.00010665796389783794
  Std 2.0614959920797396e-06
-- Generation 14 --
  Evaluated 54 individuals
  Min 9.996404890989856e-05
  Max 0.00011421817489763818
  Avg 0.00010647325498984572
  Std 2.128753587731429e-06
-- Generation 15 --
  Evaluated 72 individuals
  Min 9.73948009588243e-05
  Max 0.00011421817489763818
  Avg 0.00010626684773848817
  Std 2.4734748920162784e-06
-- Generation 16 --
  Evaluated 62 individuals
  Min 9.73948009588243e-05
  Max 0.00011421817489763818
  Avg 0.00010628719195447707
  Std 2.5274006168361446e-06
-- Generation 17 --
  Evaluated 76 individuals
  Min 9.73948009588243e-05
  Max 0.00011421817489763818
  Avg 0.00010629575877380446
  Std 2.5213746109525323e-06
-- Generation 18 --
  Evaluated 72 individuals
  Min 9.916211022959022e-05
  Max 0.00011421817489763818
  Avg 0.00010657159822179422
  Std 2.405931843960003e-06
-- Generation 19 --
  Evaluated 76 individuals
  Min 9.545812520959635e-05
  Max 0.00011421817489763818
  Avg 0.00010657123660829245
  Std 2.8694726588049192e-06
-- Generation 20 --
  Evaluated 71 individuals
  Min 9.545812520959635e-05
  Max 0.00011421817489763818
  Avg 0.00010680219444894265
  Std 3.073363688447772e-06
-- Generation 21 --
  Evaluated 70 individuals
  Min 0.00010323286160040664
  Max 0.00011421817489763818
  Avg 0.00010725728359487678
  Std 3.082139249667461e-06
-- Generation 22 --
  Evaluated 66 individuals
  Min 0.00010323286160040664
  Max 0.00011421817489763818
  Avg 0.00010751365389295156
  Std 3.22307595055823e-06
-- Generation 23 --
  Evaluated 58 individuals
  Min 0.00010323286160040664
  Max 0.00011421817489763818
  Avg 0.0001079305578246294
  Std 3.6548134869472257e-06
-- Generation 24 --
  Evaluated 76 individuals
  Min 0.00010323286160040664
  Max 0.00011421817489763818
  Avg 0.00010796229429491497
  Std 3.9872792622181104e-06
-- Generation 25 --
  Evaluated 73 individuals
  Min 0.00010323286160040664
  Max 0.00011421817489763818
  Avg 0.0001074802561786353
  Std 3.781909726131638e-06
-- Generation 26 --
  Evaluated 68 individuals
  Min 0.00010323286160040664
  Max 0.00011421817489763818
  Avg 0.00010746516888012004
  Std 3.555758811563499e-06
-- Generation 27 --
  Evaluated 70 individuals
  Min 9.982032981149234e-05
  Max 0.00011421817489763818
  Avg 0.0001079245928890778
  Std 3.6118944828124602e-06
-- Generation 28 --
  Evaluated 67 individuals
  Min 9.982032981149234e-05
  Max 0.00011421817489763818
  Avg 0.00010820332793819614
  Std 3.639660563492902e-06
-- Generation 29 --
  Evaluated 78 individuals
  Min 9.982032981149234e-05
  Max 0.00011421817489763818
  Avg 0.00010837068837822731
  Std 3.6139022980836406e-06
-- Generation 30 --
  Evaluated 72 individuals
  Min 9.982032981149234e-05
  Max 0.00011421817489763818
  Avg 0.00010789983516750639
  Std 3.4849213384481956e-06
-- Generation 31 --
  Evaluated 72 individuals
  Min 9.982032981149234e-05
  Max 0.00011421817489763818
  Avg 0.00010776956744302248
  Std 3.303172464536638e-06
-- Generation 32 --
  Evaluated 67 individuals
  Min 9.982032981149234e-05
  Max 0.00011421817489763818
  Avg 0.00010802244500895082
  Std 3.5400357390680105e-06
-- Generation 33 --
  Evaluated 70 individuals
  Min 9.766476401714616e-05
  Max 0.00011421817489763818
  Avg 0.00010795046502078142
  Std 3.7942687376333183e-06
-- Generation 34 --
  Evaluated 66 individuals
  Min 9.766476401714616e-05
  Max 0.00011421817489763818
  Avg 0.00010770543525708309
  Std 4.195964028866439e-06
-- Generation 35 --
  Evaluated 76 individuals
  Min 9.766476401714616e-05
  Max 0.00011421817489763818
  Avg 0.0001077594124896488
  Std 4.238992875180502e-06
-- Generation 36 --
  Evaluated 72 individuals
  Min 9.766476401714616e-05
  Max 0.00011421817489763818
  Avg 0.00010810644724527868
  Std 3.755006810001992e-06
-- Generation 37 --
  Evaluated 70 individuals
  Min 9.766476401714616e-05
  Max 0.00011421817489763818
  Avg 0.00010780525929931909
  Std 4.164541481776981e-06
-- Generation 38 --
  Evaluated 70 individuals
  Min 9.766476401714616e-05
  Max 0.00011421817489763818
  Avg 0.00010735042404938428
  Std 4.422805231863524e-06
-- Generation 39 --
  Evaluated 70 individuals
  Min 9.766476401714616e-05
  Max 0.00011421817489763818
  Avg 0.00010715622794027894
  Std 4.099357182219886e-06
-- Generation 40 --
  Evaluated 72 individuals
  Min 9.766476401714616e-05
  Max 0.00011421817489763818
  Avg 0.00010715808466768713
  Std 4.005722314730566e-06
-- Generation 41 --
  Evaluated 65 individuals
  Min 9.766476401714616e-05
  Max 0.00011787432824132311
  Avg 0.0001079323174829285
  Std 3.5266286454977156e-06
-- Generation 42 --
  Evaluated 74 individuals
  Min 9.982032981149234e-05
  Max 0.00011218326725509238
  Avg 0.00010748415919393674
  Std 3.3383067990496227e-06
-- Generation 43 --
  Evaluated 58 individuals
  Min 9.982032981149234e-05
  Max 0.00011218326725509238
  Avg 0.00010797307773651119
  Std 3.2623666579128397e-06
-- Generation 44 --
  Evaluated 72 individuals
  Min 9.889294258271715e-05
  Max 0.00011218326725509238
  Avg 0.00010777292155735323
  Std 3.690105615584952e-06
-- Generation 45 --
  Evaluated 76 individuals
  Min 9.889294258271715e-05
  Max 0.00011218326725509238
  Avg 0.000108555819950477
  Std 3.699804033033576e-06
-- Generation 46 --
  Evaluated 70 individuals
  Min 9.889294258271715e-05
  Max 0.00011218326725509238
  Avg 0.00010811792023753485
  Std 3.834647054115865e-06
-- Generation 47 --
  Evaluated 64 individuals
  Min 9.889294258271715e-05
  Max 0.00011218326725509238
  Avg 0.00010846926118259844
  Std 3.922918090635802e-06
-- Generation 48 --
  Evaluated 73 individuals
  Min 9.982032981149234e-05
  Max 0.00011218326725509238
  Avg 0.00010878957794909516
  Std 3.7468503226792637e-06
-- Generation 49 --
  Evaluated 74 individuals
  Min 9.982032981149234e-05
  Max 0.00011218326725509238
  Avg 0.00010943216056189254
  Std 3.7487681902032803e-06
-- End of (successful) evolution --
Best individual: [2, 9, 10, 4, 8, 7, 6, 1, 5, 3]
Fitness: 0.00011218326725509238
  Vehicle 1's route: 0 - 2 - 9 - 0
  Vehicle 2's route: 0 - 10 - 4 - 0
  Vehicle 3's route: 0 - 8 - 7 - 0
  Vehicle 4's route: 0 - 6 - 0
  Vehicle 5's route: 0 - 1 - 5 - 3 - 0
Total cost: 8913.985342627882
Write to file: E:\WorkSpace\FURP-2026-Ziru-Huang-EVRP-TW\py-ga-VRPTW\results\c101C10_uC8.0_iC100.0_wC1.0_dC1.5_iS10_pS80_cP0.85_mP0.02_nG50.csv
Path: E:\WorkSpace\FURP-2026-Ziru-Huang-EVRP-TW\py-ga-VRPTW\results\c101C10_uC8.0_iC100.0_wC1.0_dC1.5_iS10_pS80_cP0.85_mP0.02_nG50.csv does not exist.
