File: E:\WorkSpace\FURP-2026-Ziru-Huang-EVRP-TW\py-ga-VRPTW\data\json_customize\r104C5.json exists.
Start of evolution
  Evaluated 80 individuals
-- Generation 0 --
  Evaluated 60 individuals
  Min 0.0004487376315469519
  Max 0.0007606108496097041
  Avg 0.0005464689202459017
  Std 6.159521390526726e-05
-- Generation 1 --
  Evaluated 68 individuals
  Min 0.0004487376315469519
  Max 0.0007606108496097041
  Avg 0.0005608519722385995
  Std 6.877941874757481e-05
-- Generation 2 --
  Evaluated 74 individuals
  Min 0.0004487376315469519
  Max 0.0007606108496097041
  Avg 0.0005791645996724296
  Std 8.26573482757791e-05
-- Generation 3 --
  Evaluated 74 individuals
  Min 0.0004527303541811862
  Max 0.0007606108496097041
  Avg 0.000579168322497894
  Std 7.586011499310196e-05
-- Generation 4 --
  Evaluated 70 individuals
  Min 0.0004527303541811862
  Max 0.0007606108496097041
  Avg 0.0005816063609357474
  Std 7.924479252882733e-05
-- Generation 5 --
  Evaluated 68 individuals
  Min 0.0004527303541811862
  Max 0.0007606108496097041
  Avg 0.0006101150874768173
  Std 9.003992141370545e-05
-- Generation 6 --
  Evaluated 68 individuals
  Min 0.0004527303541811862
  Max 0.0007606108496097041
  Avg 0.0006288015256311065
  Std 9.757198647128727e-05
-- Generation 7 --
  Evaluated 68 individuals
  Min 0.0004527303541811862
  Max 0.0007606108496097041
  Avg 0.0006327692284157666
  Std 0.00010057952664325961
-- Generation 8 --
  Evaluated 67 individuals
  Min 0.0004487376315469519
  Max 0.0007606108496097041
  Avg 0.0006742411524795274
  Std 0.00010441545054239138
-- Generation 9 --
  Evaluated 66 individuals
  Min 0.0004527303541811862
  Max 0.0007763762441783462
  Avg 0.0007109098978859495
  Std 7.922371950450685e-05
-- Generation 10 --
  Evaluated 70 individuals
  Min 0.0005180881999601528
  Max 0.0007606108496097041
  Avg 0.000714363229445599
  Std 6.832202792935668e-05
-- Generation 11 --
  Evaluated 70 individuals
  Min 0.0005107237456290869
  Max 0.0007606108496097041
  Avg 0.000708247773454747
  Std 7.644343977381898e-05
-- Generation 12 --
  Evaluated 64 individuals
  Min 0.0005107237456290869
  Max 0.0007606108496097041
  Avg 0.000715063768448687
  Std 7.202975471448887e-05
-- Generation 13 --
  Evaluated 65 individuals
  Min 0.0005180881999601528
  Max 0.0007606108496097041
  Avg 0.0007164727993866711
  Std 6.655039648661666e-05
-- Generation 14 --
  Evaluated 66 individuals
  Min 0.0005472417913634213
  Max 0.0007606108496097041
  Avg 0.0007294575866172669
  Std 5.5016784366536575e-05
-- Generation 15 --
  Evaluated 58 individuals
  Min 0.0006202795477596981
  Max 0.0007606108496097041
  Avg 0.0007277168409245028
  Std 5.3519993016110265e-05
-- Generation 16 --
  Evaluated 73 individuals
  Min 0.000493854500366214
  Max 0.0007606108496097041
  Avg 0.0007259044860658084
  Std 6.378658757902241e-05
-- Generation 17 --
  Evaluated 70 individuals
  Min 0.0005111311888462254
  Max 0.0007606108496097041
  Avg 0.0007256824646796631
  Std 6.448972974410913e-05
-- Generation 18 --
  Evaluated 78 individuals
  Min 0.0005306513482116962
  Max 0.0007606108496097041
  Avg 0.0007317957045662917
  Std 6.119071088337585e-05
-- Generation 19 --
  Evaluated 74 individuals
  Min 0.0005390317671412614
  Max 0.0007763762441783462
  Avg 0.0007365109263678386
  Std 5.8558090146153445e-05
-- Generation 20 --
  Evaluated 76 individuals
  Min 0.0006071486061863403
  Max 0.0007763762441783462
  Avg 0.0007500739211573347
  Std 3.496696036870018e-05
-- Generation 21 --
  Evaluated 70 individuals
  Min 0.0005306513482116962
  Max 0.0007763762441783462
  Avg 0.0007504443473339013
  Std 4.035769429963507e-05
-- Generation 22 --
  Evaluated 68 individuals
  Min 0.0006202795477596981
  Max 0.0007763762441783462
  Avg 0.0007524078264283119
  Std 3.368219207789147e-05
-- Generation 23 --
  Evaluated 68 individuals
  Min 0.0005394749840993885
  Max 0.0007763762441783462
  Avg 0.0007531734030196521
  Std 3.770463639368783e-05
-- Generation 24 --
  Evaluated 67 individuals
  Min 0.0005107237456290869
  Max 0.0007763762441783462
  Avg 0.0007546774337099369
  Std 3.800711086278125e-05
-- Generation 25 --
  Evaluated 70 individuals
  Min 0.0006202795477596981
  Max 0.0007763762441783462
  Avg 0.0007610244500897672
  Std 1.6738135116898818e-05
-- Generation 26 --
  Evaluated 69 individuals
  Min 0.000493854500366214
  Max 0.0007763762441783462
  Avg 0.0007521962452058887
  Std 4.724922197314918e-05
-- Generation 27 --
  Evaluated 68 individuals
  Min 0.0005180881999601528
  Max 0.0007763762441783462
  Avg 0.0007520793357865927
  Std 4.532749352051706e-05
-- Generation 28 --
  Evaluated 62 individuals
  Min 0.0005180881999601528
  Max 0.0007763762441783462
  Avg 0.0007496070396695507
  Std 4.62724543727295e-05
-- Generation 29 --
  Evaluated 71 individuals
  Min 0.0005180881999601528
  Max 0.0007763762441783462
  Avg 0.000743300662050708
  Std 5.8825342963892366e-05
-- Generation 30 --
  Evaluated 73 individuals
  Min 0.00048368731055076697
  Max 0.0007763762441783462
  Avg 0.0007346290908762077
  Std 7.661238099954389e-05
-- Generation 31 --
  Evaluated 70 individuals
  Min 0.000493854500366214
  Max 0.0007763762441783462
  Avg 0.000740491535940418
  Std 7.071925068422849e-05
-- Generation 32 --
  Evaluated 68 individuals
  Min 0.000493854500366214
  Max 0.0007763762441783462
  Avg 0.0007449397795290707
  Std 6.327725472780878e-05
-- Generation 33 --
  Evaluated 68 individuals
  Min 0.000493854500366214
  Max 0.0007763762441783462
  Avg 0.0007565705460532689
  Std 4.680122337554271e-05
-- Generation 34 --
  Evaluated 68 individuals
  Min 0.000493854500366214
  Max 0.0007763762441783462
  Avg 0.0007481024922866106
  Std 6.587358490306274e-05
-- Generation 35 --
  Evaluated 64 individuals
  Min 0.000493854500366214
  Max 0.0007763762441783462
  Avg 0.0007548793597018372
  Std 5.895325305355763e-05
-- Generation 36 --
  Evaluated 70 individuals
  Min 0.00048368731055076697
  Max 0.0007763762441783462
  Avg 0.0007488716308264889
  Std 7.23258190561915e-05
-- Generation 37 --
  Evaluated 78 individuals
  Min 0.00048368731055076697
  Max 0.0007763762441783462
  Avg 0.0007261307966416437
  Std 9.636188291599865e-05
-- Generation 38 --
  Evaluated 72 individuals
  Min 0.000493854500366214
  Max 0.0007763762441783462
  Avg 0.0007501143967345825
  Std 6.943260677778794e-05
-- Generation 39 --
  Evaluated 62 individuals
  Min 0.000493854500366214
  Max 0.0007763762441783462
  Avg 0.0007551557294318506
  Std 6.043561027973044e-05
-- Generation 40 --
  Evaluated 72 individuals
  Min 0.000493854500366214
  Max 0.0007763762441783462
  Avg 0.0007555498642960667
  Std 6.05212478832113e-05
-- Generation 41 --
  Evaluated 65 individuals
  Min 0.000493854500366214
  Max 0.0007763762441783462
  Avg 0.0007531544129559645
  Std 6.208981493018684e-05
-- Generation 42 --
  Evaluated 67 individuals
  Min 0.000493854500366214
  Max 0.0007763762441783462
  Avg 0.0007487950409475277
  Std 6.828917938142071e-05
-- Generation 43 --
  Evaluated 72 individuals
  Min 0.000493854500366214
  Max 0.0007763762441783462
  Avg 0.0007556209890317593
  Std 5.4082849485081583e-05
-- Generation 44 --
  Evaluated 71 individuals
  Min 0.00048368731055076697
  Max 0.0007763762441783462
  Avg 0.0007458110797760505
  Std 7.005350007606907e-05
-- Generation 45 --
  Evaluated 71 individuals
  Min 0.00048368731055076697
  Max 0.0007763762441783462
  Avg 0.0007523819952521937
  Std 6.008186046212125e-05
-- Generation 46 --
  Evaluated 77 individuals
  Min 0.0005306513482116962
  Max 0.0007763762441783462
  Avg 0.0007545550516824377
  Std 5.1256186950896304e-05
-- Generation 47 --
  Evaluated 74 individuals
  Min 0.0005394749840993885
  Max 0.0007763762441783462
  Avg 0.000758722245491157
  Std 4.436409267994171e-05
-- Generation 48 --
  Evaluated 74 individuals
  Min 0.0005394749840993885
  Max 0.0007763762441783462
  Avg 0.0007529403821049201
  Std 5.728196639691601e-05
-- Generation 49 --
  Evaluated 70 individuals
  Min 0.0005394749840993885
  Max 0.0007763762441783462
  Avg 0.0007645940859914197
  Std 4.10029378586481e-05
-- End of (successful) evolution --
Best individual: [2, 1, 3, 4, 5]
Fitness: 0.0007763762441783462
  Vehicle 1's route: 0 - 2 - 1 - 3 - 4 - 5 - 0
Total cost: 1288.0352889446265
Write to file: E:\WorkSpace\FURP-2026-Ziru-Huang-EVRP-TW\py-ga-VRPTW\results\r104C5_uC8.0_iC100.0_wC1.0_dC1.5_iS5_pS80_cP0.85_mP0.02_nG50.csv
Path: E:\WorkSpace\FURP-2026-Ziru-Huang-EVRP-TW\py-ga-VRPTW\results\r104C5_uC8.0_iC100.0_wC1.0_dC1.5_iS5_pS80_cP0.85_mP0.02_nG50.csv does not exist.
