File: E:\WorkSpace\FURP-2026-Ziru-Huang-EVRP-TW\py-ga-VRPTW\data\json_customize\rc102C10.json exists.
Start of evolution
  Evaluated 80 individuals
-- Generation 0 --
  Evaluated 68 individuals
  Min 0.00016667551269044096
  Max 0.00023654490140738322
  Avg 0.00018996349979018588
  Std 1.3864103625322229e-05
-- Generation 1 --
  Evaluated 72 individuals
  Min 0.00016667551269044096
  Max 0.00023654490140738322
  Avg 0.00018974512700900076
  Std 1.2840576433657365e-05
-- Generation 2 --
  Evaluated 76 individuals
  Min 0.00016667551269044096
  Max 0.00023654490140738322
  Avg 0.0001911478216552526
  Std 1.2944925962160885e-05
-- Generation 3 --
  Evaluated 61 individuals
  Min 0.00016667551269044096
  Max 0.00023654490140738322
  Avg 0.00019140226439193347
  Std 1.2499739496888162e-05
-- Generation 4 --
  Evaluated 69 individuals
  Min 0.0001717320976259977
  Max 0.00021538648328425815
  Avg 0.00019269415264541932
  Std 1.1274614556868513e-05
-- Generation 5 --
  Evaluated 65 individuals
  Min 0.0001717320976259977
  Max 0.00021538648328425815
  Avg 0.00019322054615010867
  Std 1.0295522504091926e-05
-- Generation 6 --
  Evaluated 66 individuals
  Min 0.0001717320976259977
  Max 0.00021139863562133325
  Avg 0.00019374005843595415
  Std 1.048613405281263e-05
-- Generation 7 --
  Evaluated 70 individuals
  Min 0.0001717320976259977
  Max 0.00021139863562133325
  Avg 0.0001951182958076181
  Std 9.260466048683274e-06
-- Generation 8 --
  Evaluated 65 individuals
  Min 0.00018080651883192422
  Max 0.00021139863562133325
  Avg 0.00019592642681154574
  Std 8.10921221601749e-06
-- Generation 9 --
  Evaluated 68 individuals
  Min 0.00018132006476514692
  Max 0.00021139863562133325
  Avg 0.0001963806949147365
  Std 7.4818838945446715e-06
-- Generation 10 --
  Evaluated 67 individuals
  Min 0.0001807769153676378
  Max 0.00021139863562133325
  Avg 0.00019608201733535688
  Std 7.4000165718452054e-06
-- Generation 11 --
  Evaluated 60 individuals
  Min 0.0001807769153676378
  Max 0.0002092629731828741
  Avg 0.0001964603482530538
  Std 6.731123416405784e-06
-- Generation 12 --
  Evaluated 64 individuals
  Min 0.00017018853665427833
  Max 0.0002092629731828741
  Avg 0.00019704735040592254
  Std 7.333379888318742e-06
-- Generation 13 --
  Evaluated 62 individuals
  Min 0.00017018853665427833
  Max 0.0002092629731828741
  Avg 0.000197582614574667
  Std 8.15872295144415e-06
-- Generation 14 --
  Evaluated 54 individuals
  Min 0.00017018853665427833
  Max 0.0002092629731828741
  Avg 0.000196952357845179
  Std 7.888447472119716e-06
-- Generation 15 --
  Evaluated 72 individuals
  Min 0.00017018853665427833
  Max 0.0002092629731828741
  Avg 0.00019647843302663003
  Std 8.69971525246803e-06
-- Generation 16 --
  Evaluated 62 individuals
  Min 0.00017018853665427833
  Max 0.0002092629731828741
  Avg 0.00019667250568060576
  Std 7.593712628033688e-06
-- Generation 17 --
  Evaluated 76 individuals
  Min 0.0001827914558128854
  Max 0.0002092629731828741
  Avg 0.00019736799702464763
  Std 6.970429186011721e-06
-- Generation 18 --
  Evaluated 72 individuals
  Min 0.0001827914558128854
  Max 0.0002092629731828741
  Avg 0.000198415684918544
  Std 7.012029380863774e-06
-- Generation 19 --
  Evaluated 76 individuals
  Min 0.00017547461761314922
  Max 0.0002092629731828741
  Avg 0.00019856230628922128
  Std 6.946275866371252e-06
-- Generation 20 --
  Evaluated 71 individuals
  Min 0.00017547461761314922
  Max 0.0002092629731828741
  Avg 0.00019855905791415948
  Std 6.710690304176337e-06
-- Generation 21 --
  Evaluated 70 individuals
  Min 0.00018922055910517368
  Max 0.0002092629731828741
  Avg 0.00019975626989402945
  Std 6.374072100233738e-06
-- Generation 22 --
  Evaluated 66 individuals
  Min 0.00018922055910517368
  Max 0.0002092629731828741
  Avg 0.00020022688112260285
  Std 6.32497294396935e-06
-- Generation 23 --
  Evaluated 58 individuals
  Min 0.00018771079202939734
  Max 0.0002092629731828741
  Avg 0.000200465107937286
  Std 6.821271625282924e-06
-- Generation 24 --
  Evaluated 76 individuals
  Min 0.00018275626626342373
  Max 0.0002092629731828741
  Avg 0.00019979480587076605
  Std 7.62374536783805e-06
-- Generation 25 --
  Evaluated 73 individuals
  Min 0.00018692418537400043
  Max 0.0002092629731828741
  Avg 0.00019921081837048112
  Std 7.379970706231143e-06
-- Generation 26 --
  Evaluated 68 individuals
  Min 0.00018692418537400043
  Max 0.0002092629731828741
  Avg 0.00019898801513178137
  Std 7.247748905345201e-06
-- Generation 27 --
  Evaluated 70 individuals
  Min 0.00017615936658450863
  Max 0.0002092629731828741
  Avg 0.00020018945091628766
  Std 7.47098390326911e-06
-- Generation 28 --
  Evaluated 67 individuals
  Min 0.00017615936658450863
  Max 0.0002092629731828741
  Avg 0.0002005835483865346
  Std 7.239352474411441e-06
-- Generation 29 --
  Evaluated 78 individuals
  Min 0.00017615936658450863
  Max 0.0002092629731828741
  Avg 0.0002004016313839789
  Std 7.317087804732168e-06
-- Generation 30 --
  Evaluated 72 individuals
  Min 0.00017615936658450863
  Max 0.0002092629731828741
  Avg 0.00019914863697510798
  Std 7.318989000521342e-06
-- Generation 31 --
  Evaluated 72 individuals
  Min 0.00018511932554490869
  Max 0.0002092629731828741
  Avg 0.00019919652752382774
  Std 6.778058237674417e-06
-- Generation 32 --
  Evaluated 67 individuals
  Min 0.00018039491340151052
  Max 0.0002092629731828741
  Avg 0.00019939116784495944
  Std 7.497811100831252e-06
-- Generation 33 --
  Evaluated 70 individuals
  Min 0.00018039491340151052
  Max 0.0002092629731828741
  Avg 0.00020012417606282088
  Std 7.2932207109772175e-06
-- Generation 34 --
  Evaluated 66 individuals
  Min 0.00018039491340151052
  Max 0.0002092629731828741
  Avg 0.00019956331658453172
  Std 7.849890673266774e-06
-- Generation 35 --
  Evaluated 76 individuals
  Min 0.00018016734660301144
  Max 0.00021425987557614336
  Avg 0.000199599672039844
  Std 8.565998079828193e-06
-- Generation 36 --
  Evaluated 72 individuals
  Min 0.00017615936658450863
  Max 0.00021425987557614336
  Avg 0.00020043676195356423
  Std 8.209658856722647e-06
-- Generation 37 --
  Evaluated 70 individuals
  Min 0.00017472523043532312
  Max 0.00021425987557614336
  Avg 0.0001988863823131532
  Std 9.861274150347483e-06
-- Generation 38 --
  Evaluated 70 individuals
  Min 0.00017472523043532312
  Max 0.00021425987557614336
  Avg 0.0001983013257365922
  Std 1.0574779177741766e-05
-- Generation 39 --
  Evaluated 70 individuals
  Min 0.00017472523043532312
  Max 0.00021425987557614336
  Avg 0.00019807439166339035
  Std 9.872953070844848e-06
-- Generation 40 --
  Evaluated 72 individuals
  Min 0.00017472523043532312
  Max 0.00021425987557614336
  Avg 0.00019815879368670548
  Std 9.719860276583942e-06
-- Generation 41 --
  Evaluated 65 individuals
  Min 0.00017615936658450863
  Max 0.00021425987557614336
  Avg 0.00020040502869567031
  Std 8.304780932108722e-06
-- Generation 42 --
  Evaluated 74 individuals
  Min 0.00018039491340151052
  Max 0.00021333804061435027
  Avg 0.00019929961088456868
  Std 8.37713456663e-06
-- Generation 43 --
  Evaluated 58 individuals
  Min 0.00018039491340151052
  Max 0.00021333804061435027
  Avg 0.0002003396855184795
  Std 8.001774709538074e-06
-- Generation 44 --
  Evaluated 72 individuals
  Min 0.00018039491340151052
  Max 0.00022483864684886754
  Avg 0.00020053616227899124
  Std 9.555170063212872e-06
-- Generation 45 --
  Evaluated 76 individuals
  Min 0.00018039491340151052
  Max 0.00022483864684886754
  Avg 0.00020281031704208032
  Std 9.808356307451573e-06
-- Generation 46 --
  Evaluated 70 individuals
  Min 0.00018039491340151052
  Max 0.00022483864684886754
  Avg 0.00020282289216015824
  Std 1.1129694322073644e-05
-- Generation 47 --
  Evaluated 64 individuals
  Min 0.00018039491340151052
  Max 0.00022483864684886754
  Avg 0.00020453978033964365
  Std 1.2488568960931555e-05
-- Generation 48 --
  Evaluated 73 individuals
  Min 0.00018039491340151052
  Max 0.00022483864684886754
  Avg 0.0002059675988932975
  Std 1.2475977511346122e-05
-- Generation 49 --
  Evaluated 74 individuals
  Min 0.00018039491340151052
  Max 0.00022483864684886754
  Avg 0.0002085691951299294
  Std 1.2811395333746188e-05
-- End of (successful) evolution --
Best individual: [2, 3, 7, 5, 8, 4, 1, 9, 10, 6]
Fitness: 0.00022483864684886754
  Vehicle 1's route: 0 - 2 - 3 - 7 - 0
  Vehicle 2's route: 0 - 5 - 0
  Vehicle 3's route: 0 - 8 - 0
  Vehicle 4's route: 0 - 4 - 1 - 9 - 0
  Vehicle 5's route: 0 - 10 - 6 - 0
Total cost: 4447.633954460604
Write to file: E:\WorkSpace\FURP-2026-Ziru-Huang-EVRP-TW\py-ga-VRPTW\results\rc102C10_uC8.0_iC100.0_wC1.0_dC1.5_iS10_pS80_cP0.85_mP0.02_nG50.csv
Path: E:\WorkSpace\FURP-2026-Ziru-Huang-EVRP-TW\py-ga-VRPTW\results\rc102C10_uC8.0_iC100.0_wC1.0_dC1.5_iS10_pS80_cP0.85_mP0.02_nG50.csv does not exist.
