File: E:\WorkSpace\FURP-2026-Ziru-Huang-EVRP-TW\py-ga-VRPTW\data\json_customize\c103C15.json exists.
Start of evolution
  Evaluated 80 individuals
-- Generation 0 --
  Evaluated 70 individuals
  Min 9.190737177511909e-05
  Max 0.00013017830805410414
  Avg 0.00010703937082772812
  Std 7.476884609281119e-06
-- Generation 1 --
  Evaluated 72 individuals
  Min 9.190737177511909e-05
  Max 0.00013017830805410414
  Avg 0.00010771373536496538
  Std 6.6882615492985666e-06
-- Generation 2 --
  Evaluated 66 individuals
  Min 9.190737177511909e-05
  Max 0.00013017830805410414
  Avg 0.00010757213271393533
  Std 7.381059096420482e-06
-- Generation 3 --
  Evaluated 59 individuals
  Min 9.190737177511909e-05
  Max 0.00013017830805410414
  Avg 0.00010931638434063538
  Std 7.309860186318663e-06
-- Generation 4 --
  Evaluated 76 individuals
  Min 9.190737177511909e-05
  Max 0.00013017830805410414
  Avg 0.00011106526493099501
  Std 6.094708688490904e-06
-- Generation 5 --
  Evaluated 72 individuals
  Min 9.190737177511909e-05
  Max 0.00013017830805410414
  Avg 0.00011219672856892808
  Std 5.986656334342691e-06
-- Generation 6 --
  Evaluated 63 individuals
  Min 9.190737177511909e-05
  Max 0.0001357372884345853
  Avg 0.00011246516268815689
  Std 7.177817311340729e-06
-- Generation 7 --
  Evaluated 72 individuals
  Min 9.190737177511909e-05
  Max 0.00013017830805410414
  Avg 0.0001124912648684059
  Std 7.517671743793285e-06
-- Generation 8 --
  Evaluated 69 individuals
  Min 9.190737177511909e-05
  Max 0.00013017830805410414
  Avg 0.00011243583241533216
  Std 8.386135728089398e-06
-- Generation 9 --
  Evaluated 78 individuals
  Min 0.00010316364926761236
  Max 0.00013017830805410414
  Avg 0.00011246620109920725
  Std 8.470166253267086e-06
-- Generation 10 --
  Evaluated 59 individuals
  Min 9.791170182400892e-05
  Max 0.00013017830805410414
  Avg 0.00011266251200666691
  Std 8.942302482903252e-06
-- Generation 11 --
  Evaluated 68 individuals
  Min 9.791170182400892e-05
  Max 0.00013017830805410414
  Avg 0.00011312117566485596
  Std 8.854662924769509e-06
-- Generation 12 --
  Evaluated 60 individuals
  Min 9.985405318341456e-05
  Max 0.00013017830805410414
  Avg 0.00011457615038968957
  Std 9.373864228112649e-06
-- Generation 13 --
  Evaluated 68 individuals
  Min 9.985405318341456e-05
  Max 0.00013017830805410414
  Avg 0.0001135942433659423
  Std 9.342627487415175e-06
-- Generation 14 --
  Evaluated 68 individuals
  Min 9.648392190321436e-05
  Max 0.00013017830805410414
  Avg 0.00011313331857619917
  Std 8.980869210890561e-06
-- Generation 15 --
  Evaluated 66 individuals
  Min 9.648392190321436e-05
  Max 0.00013017830805410414
  Avg 0.00011244884709532264
  Std 8.307251640213892e-06
-- Generation 16 --
  Evaluated 66 individuals
  Min 9.648392190321436e-05
  Max 0.00013017830805410414
  Avg 0.00011228603437753655
  Std 8.903093597210294e-06
-- Generation 17 --
  Evaluated 60 individuals
  Min 9.648392190321436e-05
  Max 0.00013017830805410414
  Avg 0.00011363679711124276
  Std 8.948119580758688e-06
-- Generation 18 --
  Evaluated 66 individuals
  Min 9.648392190321436e-05
  Max 0.00013017830805410414
  Avg 0.00011501891347665456
  Std 9.473620834630469e-06
-- Generation 19 --
  Evaluated 69 individuals
  Min 9.648392190321436e-05
  Max 0.00013017830805410414
  Avg 0.00011495851221178595
  Std 8.803301655448298e-06
-- Generation 20 --
  Evaluated 66 individuals
  Min 9.648392190321436e-05
  Max 0.00013017830805410414
  Avg 0.00011566244955033036
  Std 8.473458837945071e-06
-- Generation 21 --
  Evaluated 72 individuals
  Min 0.00010252353594598813
  Max 0.00013017830805410414
  Avg 0.00011646351448541801
  Std 8.595072786589777e-06
-- Generation 22 --
  Evaluated 66 individuals
  Min 0.00010589463191669945
  Max 0.00013072658477663386
  Avg 0.00011705814820929621
  Std 8.620294206874736e-06
-- Generation 23 --
  Evaluated 65 individuals
  Min 0.00010589463191669945
  Max 0.00013072658477663386
  Avg 0.00011803147861082097
  Std 8.702983352799388e-06
-- Generation 24 --
  Evaluated 68 individuals
  Min 0.00010589463191669945
  Max 0.00013017830805410414
  Avg 0.00011891378567552985
  Std 8.97816783413064e-06
-- Generation 25 --
  Evaluated 69 individuals
  Min 9.799829866771441e-05
  Max 0.00013017830805410414
  Avg 0.00011803258460144767
  Std 9.24257373891641e-06
-- Generation 26 --
  Evaluated 72 individuals
  Min 0.00010589463191669945
  Max 0.00013017830805410414
  Avg 0.00012002017854724782
  Std 9.131301055914731e-06
-- Generation 27 --
  Evaluated 64 individuals
  Min 0.00010589463191669945
  Max 0.00013017830805410414
  Avg 0.00012280627214579607
  Std 9.039420513656527e-06
-- Generation 28 --
  Evaluated 71 individuals
  Min 0.00010522486309949337
  Max 0.00013017830805410414
  Avg 0.00012216862296671513
  Std 9.295710179020663e-06
-- Generation 29 --
  Evaluated 68 individuals
  Min 0.00010522486309949337
  Max 0.00013017830805410414
  Avg 0.00012215708423675648
  Std 9.087020700611824e-06
-- Generation 30 --
  Evaluated 64 individuals
  Min 0.00010589463191669945
  Max 0.00013017830805410414
  Avg 0.00012254595986162657
  Std 8.806156582193424e-06
-- Generation 31 --
  Evaluated 74 individuals
  Min 0.00010540998983640997
  Max 0.00013017830805410414
  Avg 0.0001232363228618036
  Std 8.980190575299635e-06
-- Generation 32 --
  Evaluated 65 individuals
  Min 0.00010540998983640997
  Max 0.00013017830805410414
  Avg 0.00012316267592837665
  Std 8.795233827570614e-06
-- Generation 33 --
  Evaluated 66 individuals
  Min 0.00010589463191669945
  Max 0.00013017830805410414
  Avg 0.00012326109507772786
  Std 8.696310338836519e-06
-- Generation 34 --
  Evaluated 74 individuals
  Min 0.00010552514750110964
  Max 0.00013017830805410414
  Avg 0.00012337468669847165
  Std 9.008142082709177e-06
-- Generation 35 --
  Evaluated 68 individuals
  Min 0.00010552514750110964
  Max 0.00013017830805410414
  Avg 0.00012535238192202248
  Std 8.393823143601726e-06
-- Generation 36 --
  Evaluated 76 individuals
  Min 0.00010552514750110964
  Max 0.00013017830805410414
  Avg 0.0001242860150216498
  Std 8.983422368627081e-06
-- Generation 37 --
  Evaluated 64 individuals
  Min 0.00010552514750110964
  Max 0.00013017830805410414
  Avg 0.00012374904074285238
  Std 9.186550256227349e-06
-- Generation 38 --
  Evaluated 66 individuals
  Min 0.00010481709021260966
  Max 0.00013017830805410414
  Avg 0.00012456032491965318
  Std 8.66938624423941e-06
-- Generation 39 --
  Evaluated 74 individuals
  Min 9.932553126552546e-05
  Max 0.00013017830805410414
  Avg 0.00012517703468376405
  Std 8.518289682498162e-06
-- Generation 40 --
  Evaluated 67 individuals
  Min 9.617028425239672e-05
  Max 0.00013139686677179327
  Avg 0.00012459417543395635
  Std 9.383582475072208e-06
-- Generation 41 --
  Evaluated 68 individuals
  Min 9.932553126552546e-05
  Max 0.00013017830805410414
  Avg 0.0001263045010462451
  Std 7.843559410554393e-06
-- Generation 42 --
  Evaluated 62 individuals
  Min 9.617028425239672e-05
  Max 0.00013017830805410414
  Avg 0.0001266965017948545
  Std 7.691401379917728e-06
-- Generation 43 --
  Evaluated 67 individuals
  Min 9.617028425239672e-05
  Max 0.00013017830805410414
  Avg 0.00012625146936546565
  Std 8.429935502810275e-06
-- Generation 44 --
  Evaluated 74 individuals
  Min 0.00010552514750110964
  Max 0.00013017830805410414
  Avg 0.000127180134752665
  Std 6.5254035028506985e-06
-- Generation 45 --
  Evaluated 65 individuals
  Min 0.00011135600397837984
  Max 0.00013017830805410414
  Avg 0.00012588084271547735
  Std 7.381841953272012e-06
-- Generation 46 --
  Evaluated 67 individuals
  Min 0.00010679418184129824
  Max 0.00013017830805410414
  Avg 0.0001268716146362665
  Std 6.833198688283542e-06
-- Generation 47 --
  Evaluated 74 individuals
  Min 0.00011314687701936169
  Max 0.00013648721256018747
  Avg 0.00012850207922563388
  Std 5.1544433915090716e-06
-- Generation 48 --
  Evaluated 68 individuals
  Min 9.998034573256043e-05
  Max 0.00013648721256018747
  Avg 0.0001296621325910234
  Std 4.515766555078837e-06
-- Generation 49 --
  Evaluated 67 individuals
  Min 0.00010450488587248965
  Max 0.00013648721256018747
  Avg 0.00012942842884399467
  Std 4.969307680878013e-06
-- End of (successful) evolution --
Best individual: [5, 6, 8, 9, 10, 13, 4, 15, 2, 12, 7, 3, 1, 14, 11]
Fitness: 0.00013648721256018747
  Vehicle 1's route: 0 - 5 - 6 - 0
  Vehicle 2's route: 0 - 8 - 9 - 10 - 13 - 0
  Vehicle 3's route: 0 - 4 - 15 - 2 - 12 - 7 - 3 - 1 - 0
  Vehicle 4's route: 0 - 14 - 11 - 0
Total cost: 7326.693697103858
Write to file: E:\WorkSpace\FURP-2026-Ziru-Huang-EVRP-TW\py-ga-VRPTW\results\c103C15_uC8.0_iC100.0_wC1.0_dC1.5_iS15_pS80_cP0.85_mP0.02_nG50.csv
Path: E:\WorkSpace\FURP-2026-Ziru-Huang-EVRP-TW\py-ga-VRPTW\results\c103C15_uC8.0_iC100.0_wC1.0_dC1.5_iS15_pS80_cP0.85_mP0.02_nG50.csv does not exist.
