File: /Users/emt/Workspace/FURP-2026-Ziru-Huang-EVRP-TW/py-ga-VRPTW/data/json/C101.json exists.
Start of evolution
  Evaluated 80 individuals
-- Generation 0 --
  Evaluated 62 individuals
  Min 0.0002253752598583215
  Max 0.0002653267748406081
  Avg 0.00024118773456547468
  Std 8.038173026795589e-06
-- Generation 1 --
  Evaluated 68 individuals
  Min 0.0002253752598583215
  Max 0.0002552955914838293
  Avg 0.00024088297043516624
  Std 6.945818227634719e-06
-- Generation 2 --
  Evaluated 68 individuals
  Min 0.0002253752598583215
  Max 0.0002552955914838293
  Avg 0.0002412013127827184
  Std 7.20696161794995e-06
-- Generation 3 --
  Evaluated 61 individuals
  Min 0.0002210219326052326
  Max 0.0002552955914838293
  Avg 0.00024031150517964372
  Std 7.320855517683207e-06
-- Generation 4 --
  Evaluated 67 individuals
  Min 0.0002210219326052326
  Max 0.0002552955914838293
  Avg 0.00024124693960873153
  Std 7.734145770289256e-06
-- Generation 5 --
  Evaluated 70 individuals
  Min 0.00023048103999475004
  Max 0.0002552955914838293
  Avg 0.00024338163984252893
  Std 7.563379105170356e-06
-- Generation 6 --
  Evaluated 68 individuals
  Min 0.00023048103999475004
  Max 0.0002552955914838293
  Avg 0.00024272480834257646
  Std 7.452695883753076e-06
-- Generation 7 --
  Evaluated 68 individuals
  Min 0.00022969945524082587
  Max 0.0002552955914838293
  Avg 0.00024233124362535587
  Std 7.0087008708592415e-06
-- Generation 8 --
  Evaluated 67 individuals
  Min 0.00022969945524082587
  Max 0.00025698837811364417
  Avg 0.00024086193666175725
  Std 6.78001031134622e-06
-- Generation 9 --
  Evaluated 68 individuals
  Min 0.00023249989382069148
  Max 0.0002552955914838293
  Avg 0.0002414183990817102
  Std 6.122072480601288e-06
-- Generation 10 --
  Evaluated 63 individuals
  Min 0.00023249989382069148
  Max 0.0002552955914838293
  Avg 0.0002422171556422317
  Std 6.9642435604231215e-06
-- Generation 11 --
  Evaluated 68 individuals
  Min 0.00023249989382069148
  Max 0.0002552955914838293
  Avg 0.00024316689730193047
  Std 7.048445815175879e-06
-- Generation 12 --
  Evaluated 69 individuals
  Min 0.00023249989382069148
  Max 0.0002552955914838293
  Avg 0.00024212589263799335
  Std 7.4974146864739875e-06
-- Generation 13 --
  Evaluated 62 individuals
  Min 0.00023249989382069148
  Max 0.0002552955914838293
  Avg 0.0002443124944062231
  Std 7.955540437918678e-06
-- Generation 14 --
  Evaluated 72 individuals
  Min 0.00023249989382069148
  Max 0.0002552955914838293
  Avg 0.0002447051242366709
  Std 8.299969983166831e-06
-- Generation 15 --
  Evaluated 57 individuals
  Min 0.00022874064131982763
  Max 0.00025894211763044473
  Avg 0.000245745911605456
  Std 8.814721697265069e-06
-- Generation 16 --
  Evaluated 76 individuals
  Min 0.00023249989382069148
  Max 0.00025894211763044473
  Avg 0.0002479202138315443
  Std 8.982626691607767e-06
-- Generation 17 --
  Evaluated 66 individuals
  Min 0.00023249989382069148
  Max 0.00025894211763044473
  Avg 0.0002474015191681209
  Std 8.929831872017646e-06
-- Generation 18 --
  Evaluated 64 individuals
  Min 0.00023249989382069148
  Max 0.00025894211763044473
  Avg 0.0002488346250896983
  Std 8.81024411365037e-06
-- Generation 19 --
  Evaluated 72 individuals
  Min 0.00023249989382069148
  Max 0.00025894211763044473
  Avg 0.0002491370926827853
  Std 9.022818630278827e-06
-- Generation 20 --
  Evaluated 74 individuals
  Min 0.00023249989382069148
  Max 0.00025894211763044473
  Avg 0.00025006090468383997
  Std 8.563885376878863e-06
-- Generation 21 --
  Evaluated 66 individuals
  Min 0.00023249989382069148
  Max 0.00025894211763044473
  Avg 0.0002501546562450964
  Std 7.980251803213337e-06
-- Generation 22 --
  Evaluated 75 individuals
  Min 0.00023249989382069148
  Max 0.0002573355298307674
  Avg 0.00024982570989681593
  Std 7.842657408640469e-06
-- Generation 23 --
  Evaluated 64 individuals
  Min 0.00023249989382069148
  Max 0.0002573355298307674
  Avg 0.000251592199275181
  Std 6.881983995577328e-06
-- Generation 24 --
  Evaluated 76 individuals
  Min 0.00023249989382069148
  Max 0.0002573355298307674
  Avg 0.0002514091539561817
  Std 6.849043129359379e-06
-- Generation 25 --
  Evaluated 68 individuals
  Min 0.00023249989382069148
  Max 0.0002573355298307674
  Avg 0.00025073072664048645
  Std 7.370196905456594e-06
-- Generation 26 --
  Evaluated 69 individuals
  Min 0.00023249989382069148
  Max 0.0002573355298307674
  Avg 0.00025104444680271865
  Std 7.051502460893035e-06
-- Generation 27 --
  Evaluated 64 individuals
  Min 0.00022891030271870235
  Max 0.0002573355298307674
  Avg 0.00025033246330206666
  Std 7.76995809398352e-06
-- Generation 28 --
  Evaluated 61 individuals
  Min 0.00022891030271870235
  Max 0.00025653722662505167
  Avg 0.0002507326307767836
  Std 7.157690065601534e-06
-- Generation 29 --
  Evaluated 69 individuals
  Min 0.00022891030271870235
  Max 0.0002593834960515215
  Avg 0.00025197978064992154
  Std 6.680902452327472e-06
-- Generation 30 --
  Evaluated 68 individuals
  Min 0.00022891030271870235
  Max 0.0002593834960515215
  Avg 0.0002526991700513686
  Std 5.872268955427804e-06
-- Generation 31 --
  Evaluated 66 individuals
  Min 0.00022891030271870235
  Max 0.0002593834960515215
  Avg 0.00025212728421290375
  Std 5.7067571056316755e-06
-- Generation 32 --
  Evaluated 72 individuals
  Min 0.00022891030271870235
  Max 0.0002593834960515215
  Avg 0.0002524118271053809
  Std 5.179406275657577e-06
-- Generation 33 --
  Evaluated 72 individuals
  Min 0.00022891030271870235
  Max 0.0002593834960515215
  Avg 0.00025189696580155666
  Std 6.695158962686324e-06
-- Generation 34 --
  Evaluated 68 individuals
  Min 0.00022891030271870235
  Max 0.0002593834960515215
  Avg 0.0002519690521825557
  Std 6.712740456703535e-06
-- Generation 35 --
  Evaluated 70 individuals
  Min 0.00022891030271870235
  Max 0.0002593834960515215
  Avg 0.00025180299845131433
  Std 6.027663476030226e-06
-- Generation 36 --
  Evaluated 70 individuals
  Min 0.00022891030271870235
  Max 0.0002593834960515215
  Avg 0.0002523930375594143
  Std 5.8808358966784915e-06
-- Generation 37 --
  Evaluated 70 individuals
  Min 0.00022891030271870235
  Max 0.0002593834960515215
  Avg 0.00025347326878634826
  Std 4.816424725797235e-06
-- Generation 38 --
  Evaluated 74 individuals
  Min 0.00022891030271870235
  Max 0.0002593834960515215
  Avg 0.00025396569287898356
  Std 4.475006950840035e-06
-- Generation 39 --
  Evaluated 66 individuals
  Min 0.00022891030271870235
  Max 0.0002593834960515215
  Avg 0.0002541901635944335
  Std 5.559037000206813e-06
-- Generation 40 --
  Evaluated 67 individuals
  Min 0.00024611852695375865
  Max 0.00025938403593931157
  Avg 0.00025484967917548324
  Std 3.0875700092881863e-06
-- Generation 41 --
  Evaluated 72 individuals
  Min 0.00024611852695375865
  Max 0.00025938403593931157
  Avg 0.00025459692616293725
  Std 3.1632435065914413e-06
-- Generation 42 --
  Evaluated 62 individuals
  Min 0.00024611852695375865
  Max 0.000260027530741005
  Avg 0.0002544658680910044
  Std 2.9824082510361175e-06
-- Generation 43 --
  Evaluated 73 individuals
  Min 0.00024611852695375865
  Max 0.000260027530741005
  Avg 0.0002548832523036163
  Std 2.9043597035537674e-06
-- Generation 44 --
  Evaluated 65 individuals
  Min 0.00024611852695375865
  Max 0.0002593834960515215
  Avg 0.00025441640272947996
  Std 3.018566482910221e-06
-- Generation 45 --
  Evaluated 72 individuals
  Min 0.00024611852695375865
  Max 0.00026149104988998335
  Avg 0.0002539872618324493
  Std 3.084130089417742e-06
-- Generation 46 --
  Evaluated 70 individuals
  Min 0.00024611852695375865
  Max 0.0002575765466050085
  Avg 0.00025369795428476974
  Std 2.867702673536551e-06
-- Generation 47 --
  Evaluated 68 individuals
  Min 0.00024611852695375865
  Max 0.0002575765466050085
  Avg 0.00025386276873720154
  Std 2.7700131722756856e-06
-- Generation 48 --
  Evaluated 68 individuals
  Min 0.00024611852695375865
  Max 0.0002575765466050085
  Avg 0.00025422039422688664
  Std 2.4097999996068588e-06
-- Generation 49 --
  Evaluated 72 individuals
  Min 0.00024611852695375865
  Max 0.00025780498638386
  Avg 0.00025390450427831203
  Std 2.709909620884512e-06
-- End of (successful) evolution --
Best individual: [37, 90, 2, 47, 72, 60, 1, 91, 8, 43, 65, 12, 79, 92, 82, 81, 4, 3, 61, 53, 97, 5, 18, 52, 73, 58, 21, 85, 45, 28, 16, 80, 93, 13, 19, 41, 88, 84, 7, 66, 35, 15, 10, 76, 56, 46, 36, 44, 57, 23, 83, 71, 96, 74, 70, 24, 29, 48, 39, 63, 68, 64, 38, 6, 25, 27, 100, 49, 34, 30, 75, 86, 9, 40, 51, 69, 55, 98, 14, 42, 22, 62, 94, 31, 67, 99, 77, 78, 11, 95, 87, 54, 20, 89, 32, 17, 26, 50, 59, 33]
Fitness: 0.00025780498638386
  Vehicle 1's route: 0 - 37 - 90 - 2 - 47 - 72 - 60 - 1 - 91 - 8 - 0
  Vehicle 2's route: 0 - 43 - 65 - 12 - 79 - 92 - 82 - 81 - 4 - 3 - 0
  Vehicle 3's route: 0 - 61 - 53 - 97 - 5 - 18 - 52 - 73 - 58 - 21 - 0
  Vehicle 4's route: 0 - 85 - 45 - 28 - 16 - 80 - 93 - 13 - 19 - 41 - 0
  Vehicle 5's route: 0 - 88 - 84 - 7 - 66 - 35 - 15 - 10 - 76 - 56 - 0
  Vehicle 6's route: 0 - 46 - 36 - 44 - 57 - 23 - 83 - 71 - 96 - 74 - 0
  Vehicle 7's route: 0 - 70 - 24 - 29 - 48 - 39 - 63 - 68 - 64 - 38 - 0
  Vehicle 8's route: 0 - 6 - 25 - 27 - 100 - 49 - 34 - 30 - 75 - 86 - 9 - 0
  Vehicle 9's route: 0 - 40 - 51 - 69 - 55 - 98 - 14 - 42 - 22 - 62 - 0
  Vehicle 10's route: 0 - 94 - 31 - 67 - 99 - 77 - 78 - 11 - 95 - 87 - 0
  Vehicle 11's route: 0 - 54 - 20 - 89 - 32 - 17 - 26 - 50 - 59 - 33 - 0
Total cost: 3878.9009244027775
Write to file: /Users/emt/Workspace/FURP-2026-Ziru-Huang-EVRP-TW/py-ga-VRPTW/results/C101_uC1.0_iC0.0_wC0.0_dC0.0_iS100_pS80_cP0.85_mP0.02_nG50.csv
Path: /Users/emt/Workspace/FURP-2026-Ziru-Huang-EVRP-TW/py-ga-VRPTW/results/C101_uC1.0_iC0.0_wC0.0_dC0.0_iS100_pS80_cP0.85_mP0.02_nG50.csv does not exist.
copied_csv: src/results/week3/raw/pyga_C101_100_seed1234.csv
run_py_ga_vrptw_ok: True
