File: /Users/emt/Workspace/FURP-2026-Ziru-Huang-EVRP-TW/py-ga-VRPTW/data/json/C101.json exists.
Start of evolution
  Evaluated 80 individuals
-- Generation 0 --
  Evaluated 72 individuals
  Min 0.002060882620539914
  Max 0.004118769803063648
  Avg 0.002535854276011977
  Std 0.0003474423733231361
-- Generation 1 --
  Evaluated 74 individuals
  Min 0.00213416352591205
  Max 0.004118769803063648
  Avg 0.002618662640580689
  Std 0.00042261449940209745
-- Generation 2 --
  Evaluated 72 individuals
  Min 0.00213416352591205
  Max 0.004118769803063648
  Avg 0.0026488380395086578
  Std 0.00040007009982766993
-- Generation 3 --
  Evaluated 68 individuals
  Min 0.0022318220074299742
  Max 0.004118769803063648
  Avg 0.00268678242098806
  Std 0.0004572758433173221
-- Generation 4 --
  Evaluated 69 individuals
  Min 0.0022318220074299742
  Max 0.004118769803063648
  Avg 0.0027724749208018922
  Std 0.0005261896368937067
-- Generation 5 --
  Evaluated 52 individuals
  Min 0.0022318220074299742
  Max 0.004118769803063648
  Avg 0.0029859062332247654
  Std 0.0006853914780001758
-- Generation 6 --
  Evaluated 64 individuals
  Min 0.0022743431600972916
  Max 0.004118769803063648
  Avg 0.003167020282214869
  Std 0.0007461689158214884
-- Generation 7 --
  Evaluated 68 individuals
  Min 0.0022743431600972916
  Max 0.004118769803063648
  Avg 0.0033219040450779133
  Std 0.0007834586837519919
-- Generation 8 --
  Evaluated 66 individuals
  Min 0.0022743431600972916
  Max 0.004118769803063648
  Avg 0.0034519045022000866
  Std 0.0007615198552482261
-- Generation 9 --
  Evaluated 64 individuals
  Min 0.0022743431600972916
  Max 0.004118769803063648
  Avg 0.00351139068880072
  Std 0.0007487570046699891
-- Generation 10 --
  Evaluated 68 individuals
  Min 0.0022743431600972916
  Max 0.004118769803063648
  Avg 0.0035298375605606696
  Std 0.0007411462864192343
-- Generation 11 --
  Evaluated 72 individuals
  Min 0.0022743431600972916
  Max 0.004118769803063648
  Avg 0.003855401088301192
  Std 0.0005592710506701533
-- Generation 12 --
  Evaluated 68 individuals
  Min 0.0022743431600972916
  Max 0.004118769803063648
  Avg 0.003921257336649025
  Std 0.00047897576072375306
-- Generation 13 --
  Evaluated 68 individuals
  Min 0.002374913581460648
  Max 0.004172080708508788
  Avg 0.004040453700957652
  Std 0.0003119549580378946
-- Generation 14 --
  Evaluated 74 individuals
  Min 0.002374913581460648
  Max 0.004172080708508788
  Avg 0.0040578616195249325
  Std 0.0003013050877957167
-- Generation 15 --
  Evaluated 68 individuals
  Min 0.002374913581460648
  Max 0.004172080708508788
  Avg 0.0040453446226290735
  Std 0.00033582426153185176
-- Generation 16 --
  Evaluated 68 individuals
  Min 0.002374913581460648
  Max 0.004172080708508788
  Avg 0.004050359488168401
  Std 0.0003338821805083268
-- Generation 17 --
  Evaluated 68 individuals
  Min 0.002374913581460648
  Max 0.004257444493771087
  Avg 0.004087556092669755
  Std 0.00021139883339335168
-- Generation 18 --
  Evaluated 66 individuals
  Min 0.002374913581460648
  Max 0.004172080708508788
  Avg 0.004089607414487212
  Std 0.00020329389923258583
-- Generation 19 --
  Evaluated 74 individuals
  Min 0.002374913581460648
  Max 0.004395049931607437
  Avg 0.00408933144398265
  Std 0.00021212808710760646
-- Generation 20 --
  Evaluated 70 individuals
  Min 0.0037175805599174486
  Max 0.004172080708508788
  Avg 0.004121085187023027
  Std 4.8962550436417146e-05
-- Generation 21 --
  Evaluated 65 individuals
  Min 0.0035208681100136396
  Max 0.004231511058556694
  Avg 0.00411054837603582
  Std 0.00010361702818437051
-- Generation 22 --
  Evaluated 62 individuals
  Min 0.0033772079401647214
  Max 0.004231511058556694
  Avg 0.004104649914544355
  Std 0.0001254547936577079
-- Generation 23 --
  Evaluated 75 individuals
  Min 0.0037175805599174486
  Max 0.004231511058556694
  Avg 0.0041211018728816535
  Std 8.363722992596326e-05
-- Generation 24 --
  Evaluated 61 individuals
  Min 0.003275361109070975
  Max 0.004231511058556694
  Avg 0.0041065651194681675
  Std 0.00012435520179246914
-- Generation 25 --
  Evaluated 66 individuals
  Min 0.0037175805599174486
  Max 0.004231511058556694
  Avg 0.004112005219238286
  Std 9.268269738976564e-05
-- Generation 26 --
  Evaluated 73 individuals
  Min 0.003436281014027635
  Max 0.004231511058556694
  Avg 0.004097400804172787
  Std 0.00012482529526665193
-- Generation 27 --
  Evaluated 72 individuals
  Min 0.0036867406858190096
  Max 0.004231511058556694
  Avg 0.00411342800404504
  Std 9.656502386953194e-05
-- Generation 28 --
  Evaluated 64 individuals
  Min 0.0036623483047019886
  Max 0.004328954614121402
  Avg 0.004114587434412309
  Std 0.00011323631397914733
-- Generation 29 --
  Evaluated 64 individuals
  Min 0.0036623483047019886
  Max 0.004328954614121402
  Avg 0.004121636396341561
  Std 0.0001078038680167919
-- Generation 30 --
  Evaluated 65 individuals
  Min 0.003679697197865851
  Max 0.004284795348899018
  Avg 0.004121552199138316
  Std 9.54597979706967e-05
-- Generation 31 --
  Evaluated 64 individuals
  Min 0.0036867406858190096
  Max 0.004259730569392274
  Avg 0.004131151218792363
  Std 6.238317525810431e-05
-- Generation 32 --
  Evaluated 71 individuals
  Min 0.0036867406858190096
  Max 0.004259730569392274
  Avg 0.004116702698320159
  Std 9.051109801905322e-05
-- Generation 33 --
  Evaluated 70 individuals
  Min 0.0033862837817009266
  Max 0.004259730569392274
  Avg 0.004098874249168712
  Std 0.00014596072387041182
-- Generation 34 --
  Evaluated 74 individuals
  Min 0.0036867406858190096
  Max 0.004278205538728665
  Avg 0.004110486181366876
  Std 0.00011350930913404729
-- Generation 35 --
  Evaluated 72 individuals
  Min 0.0036867406858190096
  Max 0.004278205538728665
  Avg 0.004104589561013487
  Std 0.00011186028291936409
-- Generation 36 --
  Evaluated 64 individuals
  Min 0.0036867406858190096
  Max 0.004278205538728665
  Avg 0.004115343016587022
  Std 0.00010437274564090182
-- Generation 37 --
  Evaluated 72 individuals
  Min 0.0036867406858190096
  Max 0.004259730569392274
  Avg 0.004122604886804042
  Std 7.396757144464069e-05
-- Generation 38 --
  Evaluated 58 individuals
  Min 0.0036867406858190096
  Max 0.004259730569392274
  Avg 0.004124458886661462
  Std 7.566332419097646e-05
-- Generation 39 --
  Evaluated 71 individuals
  Min 0.0032994277430867564
  Max 0.004259730569392274
  Avg 0.004115314114673637
  Std 0.00012024296811865996
-- Generation 40 --
  Evaluated 74 individuals
  Min 0.003381510088078107
  Max 0.004259730569392274
  Avg 0.004124023603226445
  Std 0.00010485043741491413
-- Generation 41 --
  Evaluated 66 individuals
  Min 0.0036636613679781596
  Max 0.004259730569392274
  Avg 0.004131079467186676
  Std 7.721486088853695e-05
-- Generation 42 --
  Evaluated 64 individuals
  Min 0.0037649100005182714
  Max 0.004259730569392274
  Avg 0.004129612495099925
  Std 6.84125947162604e-05
-- Generation 43 --
  Evaluated 69 individuals
  Min 0.0034707016798501264
  Max 0.00429686525608064
  Avg 0.004119657852306859
  Std 0.00012893668628413714
-- Generation 44 --
  Evaluated 62 individuals
  Min 0.0037649100005182714
  Max 0.004421737465307567
  Avg 0.00411850942256907
  Std 0.00011982654174270944
-- Generation 45 --
  Evaluated 57 individuals
  Min 0.003268025696186012
  Max 0.00429686525608064
  Avg 0.004113834551215412
  Std 0.00014182399282029311
-- Generation 46 --
  Evaluated 64 individuals
  Min 0.0037649100005182714
  Max 0.00429686525608064
  Avg 0.004136210062931371
  Std 0.00010695650995011581
-- Generation 47 --
  Evaluated 63 individuals
  Min 0.0037649100005182714
  Max 0.00429686525608064
  Avg 0.004142555217961829
  Std 0.00010889672938100078
-- Generation 48 --
  Evaluated 66 individuals
  Min 0.0033004106795972428
  Max 0.00429686525608064
  Avg 0.004127453695887388
  Std 0.00015744680292261373
-- Generation 49 --
  Evaluated 64 individuals
  Min 0.0033004106795972428
  Max 0.00429686525608064
  Avg 0.004138534362969896
  Std 0.0001525523832808788
-- End of (successful) evolution --
Best individual: [20, 13, 17, 12, 15, 18, 16, 19, 14, 6, 10, 2, 7, 8, 5, 9, 1, 3, 11, 4]
Fitness: 0.00429686525608064
  Vehicle 1's route: 0 - 20 - 13 - 17 - 12 - 15 - 18 - 16 - 19 - 14 - 0
  Vehicle 2's route: 0 - 6 - 10 - 2 - 7 - 8 - 5 - 9 - 1 - 3 - 11 - 4 - 0
Total cost: 232.72780047846882
Write to file: /Users/emt/Workspace/FURP-2026-Ziru-Huang-EVRP-TW/py-ga-VRPTW/results/C101_uC1.0_iC0.0_wC0.0_dC0.0_iS20_pS80_cP0.85_mP0.02_nG50.csv
Path: /Users/emt/Workspace/FURP-2026-Ziru-Huang-EVRP-TW/py-ga-VRPTW/results/C101_uC1.0_iC0.0_wC0.0_dC0.0_iS20_pS80_cP0.85_mP0.02_nG50.csv does not exist.
copied_csv: src/results/week3/raw/pyga_C101_20_seed1234.csv
run_py_ga_vrptw_ok: True
