File: /Users/emt/Workspace/FURP-2026-Ziru-Huang-EVRP-TW/py-ga-VRPTW/data/json/C101.json exists.
Start of evolution
  Evaluated 80 individuals
-- Generation 0 --
  Evaluated 66 individuals
  Min 0.00022590820545643345
  Max 0.0002771630608845831
  Avg 0.00024179407096992854
  Std 8.998886759694961e-06
-- Generation 1 --
  Evaluated 76 individuals
  Min 0.00022590820545643345
  Max 0.0002771630608845831
  Avg 0.00024368214267209728
  Std 8.873099100609086e-06
-- Generation 2 --
  Evaluated 66 individuals
  Min 0.00022737544724194317
  Max 0.0002771630608845831
  Avg 0.00024388411531912538
  Std 1.0131198270582956e-05
-- Generation 3 --
  Evaluated 68 individuals
  Min 0.00022737544724194317
  Max 0.0002771630608845831
  Avg 0.00024413608097679447
  Std 1.0856227354554299e-05
-- Generation 4 --
  Evaluated 78 individuals
  Min 0.00022737544724194317
  Max 0.0002771630608845831
  Avg 0.00024290218908346704
  Std 9.556086943976771e-06
-- Generation 5 --
  Evaluated 68 individuals
  Min 0.00022737544724194317
  Max 0.0002771630608845831
  Avg 0.0002436049841769359
  Std 1.007809798591594e-05
-- Generation 6 --
  Evaluated 68 individuals
  Min 0.00022737544724194317
  Max 0.00026006689377691656
  Avg 0.0002419684734451623
  Std 7.448494644181479e-06
-- Generation 7 --
  Evaluated 68 individuals
  Min 0.00022737544724194317
  Max 0.00026006689377691656
  Avg 0.00024228365574762884
  Std 7.660648902833027e-06
-- Generation 8 --
  Evaluated 66 individuals
  Min 0.00022737544724194317
  Max 0.00026006689377691656
  Avg 0.0002408589863664192
  Std 7.952887442686207e-06
-- Generation 9 --
  Evaluated 65 individuals
  Min 0.00022737544724194317
  Max 0.00026006689377691656
  Avg 0.00023980610370856063
  Std 7.466399419326675e-06
-- Generation 10 --
  Evaluated 68 individuals
  Min 0.00022737544724194317
  Max 0.00026006689377691656
  Avg 0.00023925633599275733
  Std 7.767351353010646e-06
-- Generation 11 --
  Evaluated 71 individuals
  Min 0.00022737544724194317
  Max 0.00025506653727396954
  Avg 0.00024007834431455816
  Std 8.061389131366194e-06
-- Generation 12 --
  Evaluated 64 individuals
  Min 0.00022417944559624783
  Max 0.00025506653727396954
  Avg 0.0002381124446600784
  Std 7.64297499501097e-06
-- Generation 13 --
  Evaluated 67 individuals
  Min 0.00022737544724194317
  Max 0.00025506653727396954
  Avg 0.00023834062210797985
  Std 6.577403774632197e-06
-- Generation 14 --
  Evaluated 74 individuals
  Min 0.00022737544724194317
  Max 0.00025506653727396954
  Avg 0.00023752924504473602
  Std 5.871639187450934e-06
-- Generation 15 --
  Evaluated 74 individuals
  Min 0.00022737544724194317
  Max 0.00025506653727396954
  Avg 0.00023778822162206825
  Std 5.194936862508845e-06
-- Generation 16 --
  Evaluated 70 individuals
  Min 0.00022737544724194317
  Max 0.00025506653727396954
  Avg 0.0002377005951709257
  Std 4.090565169770297e-06
-- Generation 17 --
  Evaluated 71 individuals
  Min 0.00022737544724194317
  Max 0.00025506653727396954
  Avg 0.00023803672840540585
  Std 4.136146431524701e-06
-- Generation 18 --
  Evaluated 70 individuals
  Min 0.00022737544724194317
  Max 0.00025506653727396954
  Avg 0.00023763703361985586
  Std 4.302400378889995e-06
-- Generation 19 --
  Evaluated 78 individuals
  Min 0.00022737544724194317
  Max 0.00024705518966402275
  Avg 0.00023829675016704413
  Std 3.5394551154888838e-06
-- Generation 20 --
  Evaluated 68 individuals
  Min 0.00022737544724194317
  Max 0.00024705518966402275
  Avg 0.00023828772889995993
  Std 3.346108112828057e-06
-- Generation 21 --
  Evaluated 66 individuals
  Min 0.00022737544724194317
  Max 0.00024705518966402275
  Avg 0.0002384644606639533
  Std 3.1104165760380613e-06
-- Generation 22 --
  Evaluated 68 individuals
  Min 0.00022737544724194317
  Max 0.00024705518966402275
  Avg 0.0002386419401850009
  Std 2.624759128313886e-06
-- Generation 23 --
  Evaluated 72 individuals
  Min 0.00022737544724194317
  Max 0.00024301709962165125
  Avg 0.00023862521387330184
  Std 2.083238444122989e-06
-- Generation 24 --
  Evaluated 74 individuals
  Min 0.00022737544724194317
  Max 0.00024301709962165125
  Avg 0.00023870049221211875
  Std 1.8533114123733772e-06
-- Generation 25 --
  Evaluated 67 individuals
  Min 0.00022737544724194317
  Max 0.00024301709962165125
  Avg 0.00023848601496461548
  Std 2.1725055554360258e-06
-- Generation 26 --
  Evaluated 68 individuals
  Min 0.00022737544724194317
  Max 0.00024127044532564862
  Avg 0.00023862558379340675
  Std 1.7857351259099278e-06
-- Generation 27 --
  Evaluated 70 individuals
  Min 0.00023439241241189447
  Max 0.00024127044532564862
  Avg 0.00023859679718796225
  Std 1.4558058632128315e-06
-- Generation 28 --
  Evaluated 68 individuals
  Min 0.00023439241241189447
  Max 0.00024127044532564862
  Avg 0.00023889785860483048
  Std 1.3369778672641804e-06
-- Generation 29 --
  Evaluated 76 individuals
  Min 0.00023439241241189447
  Max 0.00024127044532564862
  Avg 0.00023869063315203344
  Std 1.457706059498331e-06
-- Generation 30 --
  Evaluated 72 individuals
  Min 0.00023439241241189447
  Max 0.00024127044532564862
  Avg 0.00023869365001367784
  Std 1.5528327358143466e-06
-- Generation 31 --
  Evaluated 64 individuals
  Min 0.00023439241241189447
  Max 0.00024127044532564862
  Avg 0.00023888727809103825
  Std 1.5218273561111471e-06
-- Generation 32 --
  Evaluated 68 individuals
  Min 0.00023549000763964636
  Max 0.00024227783191379366
  Avg 0.0002390695406500725
  Std 1.4559383600699388e-06
-- Generation 33 --
  Evaluated 76 individuals
  Min 0.00023549000763964636
  Max 0.00024227783191379366
  Avg 0.00023903662496582338
  Std 1.5881783377118223e-06
-- Generation 34 --
  Evaluated 60 individuals
  Min 0.00023549000763964636
  Max 0.00024127044532564862
  Avg 0.00023917112560280676
  Std 1.4608101942186817e-06
-- Generation 35 --
  Evaluated 68 individuals
  Min 0.00023549000763964636
  Max 0.00024127044532564862
  Avg 0.00023919096837885117
  Std 1.5307294167351517e-06
-- Generation 36 --
  Evaluated 62 individuals
  Min 0.00023549000763964636
  Max 0.00024127044532564862
  Avg 0.00023893363094737338
  Std 1.5412089605575375e-06
-- Generation 37 --
  Evaluated 69 individuals
  Min 0.00023549000763964636
  Max 0.00024317939420480874
  Avg 0.00023912429040652094
  Std 1.5670266243856594e-06
-- Generation 38 --
  Evaluated 68 individuals
  Min 0.00023201612207555773
  Max 0.00024317939420480874
  Avg 0.0002390360153758968
  Std 1.5965459381267865e-06
-- Generation 39 --
  Evaluated 68 individuals
  Min 0.00023549000763964636
  Max 0.00024317939420480874
  Avg 0.0002392583712871103
  Std 1.2729802303343751e-06
-- Generation 40 --
  Evaluated 64 individuals
  Min 0.00023269443822054102
  Max 0.00024317939420480874
  Avg 0.00023936649015547355
  Std 1.6532185885721248e-06
-- Generation 41 --
  Evaluated 70 individuals
  Min 0.00023549000763964636
  Max 0.00024317939420480874
  Avg 0.00023954463184960653
  Std 1.365832092127343e-06
-- Generation 42 --
  Evaluated 71 individuals
  Min 0.00023549000763964636
  Max 0.00024317939420480874
  Avg 0.00023962796925598083
  Std 1.4925382032383954e-06
-- Generation 43 --
  Evaluated 70 individuals
  Min 0.00023549000763964636
  Max 0.00024317939420480874
  Avg 0.00023990329840410294
  Std 1.563833273216164e-06
-- Generation 44 --
  Evaluated 66 individuals
  Min 0.00023549000763964636
  Max 0.00024419162187336985
  Avg 0.0002396750189487771
  Std 1.731628015843753e-06
-- Generation 45 --
  Evaluated 65 individuals
  Min 0.00023549000763964636
  Max 0.00024317939420480874
  Avg 0.00023966524710532458
  Std 1.8296563541787332e-06
-- Generation 46 --
  Evaluated 64 individuals
  Min 0.00023549000763964636
  Max 0.00024317939420480874
  Avg 0.00023986186581899757
  Std 1.9613478691720816e-06
-- Generation 47 --
  Evaluated 66 individuals
  Min 0.00023549000763964636
  Max 0.00024317939420480874
  Avg 0.0002398736584834457
  Std 1.8123196554320688e-06
-- Generation 48 --
  Evaluated 68 individuals
  Min 0.00023549000763964636
  Max 0.00024317939420480874
  Avg 0.00024023137851453386
  Std 1.8014947767464657e-06
-- Generation 49 --
  Evaluated 72 individuals
  Min 0.0002376198444108242
  Max 0.00024317939420480874
  Avg 0.00024062545966206856
  Std 1.8079749038374939e-06
-- End of (successful) evolution --
Best individual: [25, 75, 88, 47, 36, 94, 52, 15, 66, 8, 58, 93, 69, 57, 91, 68, 26, 79, 73, 37, 86, 61, 55, 33, 34, 100, 32, 54, 5, 72, 29, 70, 80, 40, 98, 60, 48, 21, 3, 43, 17, 44, 71, 35, 65, 24, 2, 83, 22, 10, 38, 95, 50, 96, 19, 64, 45, 49, 51, 39, 30, 90, 23, 92, 42, 77, 27, 28, 1, 74, 12, 62, 56, 78, 97, 63, 7, 41, 46, 89, 14, 16, 99, 76, 11, 4, 18, 31, 67, 87, 81, 9, 84, 82, 85, 6, 59, 53, 13, 20]
Fitness: 0.00024317939420480874
  Vehicle 1's route: 0 - 25 - 75 - 88 - 47 - 36 - 94 - 52 - 15 - 66 - 0
  Vehicle 2's route: 0 - 8 - 58 - 93 - 69 - 57 - 91 - 68 - 26 - 0
  Vehicle 3's route: 0 - 79 - 73 - 37 - 86 - 61 - 55 - 33 - 34 - 100 - 0
  Vehicle 4's route: 0 - 32 - 54 - 5 - 72 - 29 - 70 - 80 - 40 - 0
  Vehicle 5's route: 0 - 98 - 60 - 48 - 21 - 3 - 43 - 17 - 44 - 71 - 0
  Vehicle 6's route: 0 - 35 - 65 - 24 - 2 - 83 - 22 - 10 - 38 - 95 - 0
  Vehicle 7's route: 0 - 50 - 96 - 19 - 64 - 45 - 49 - 51 - 39 - 30 - 90 - 0
  Vehicle 8's route: 0 - 23 - 92 - 42 - 77 - 27 - 28 - 1 - 74 - 12 - 0
  Vehicle 9's route: 0 - 62 - 56 - 78 - 97 - 63 - 7 - 41 - 0
  Vehicle 10's route: 0 - 46 - 89 - 14 - 16 - 99 - 76 - 11 - 4 - 18 - 0
  Vehicle 11's route: 0 - 31 - 67 - 87 - 81 - 9 - 84 - 82 - 85 - 6 - 0
  Vehicle 12's route: 0 - 59 - 53 - 13 - 20 - 0
Total cost: 4112.190522021728
Write to file: /Users/emt/Workspace/FURP-2026-Ziru-Huang-EVRP-TW/py-ga-VRPTW/results/C101_uC1.0_iC0.0_wC0.0_dC0.0_iS100_pS80_cP0.85_mP0.02_nG50.csv
Path: /Users/emt/Workspace/FURP-2026-Ziru-Huang-EVRP-TW/py-ga-VRPTW/results/C101_uC1.0_iC0.0_wC0.0_dC0.0_iS100_pS80_cP0.85_mP0.02_nG50.csv does not exist.
copied_csv: src/results/week3/raw/pyga_C101_100_seed2026.csv
run_py_ga_vrptw_ok: True
