File: /Users/emt/Workspace/FURP-2026-Ziru-Huang-EVRP-TW/py-ga-VRPTW/data/json/C101.json exists.
Start of evolution
  Evaluated 80 individuals
-- Generation 0 --
  Evaluated 72 individuals
  Min 0.0021276539032830813
  Max 0.0030861747005455674
  Avg 0.0025904396167884783
  Std 0.00022449998074449028
-- Generation 1 --
  Evaluated 68 individuals
  Min 0.0022198835554758183
  Max 0.0030861747005455674
  Avg 0.002656797120849292
  Std 0.00022100297841621663
-- Generation 2 --
  Evaluated 68 individuals
  Min 0.0022198835554758183
  Max 0.0030861747005455674
  Avg 0.0026965929358052612
  Std 0.000247849251590342
-- Generation 3 --
  Evaluated 68 individuals
  Min 0.0022198835554758183
  Max 0.0030861747005455674
  Avg 0.0026984122553233725
  Std 0.00024353531982112265
-- Generation 4 --
  Evaluated 64 individuals
  Min 0.0022198835554758183
  Max 0.0030861747005455674
  Avg 0.002692181069153318
  Std 0.00025507213188768444
-- Generation 5 --
  Evaluated 72 individuals
  Min 0.0022198835554758183
  Max 0.0030861747005455674
  Avg 0.0027238498931201893
  Std 0.00025939638548630836
-- Generation 6 --
  Evaluated 70 individuals
  Min 0.0022198835554758183
  Max 0.0030861747005455674
  Avg 0.0027171726704462618
  Std 0.0002441244840910533
-- Generation 7 --
  Evaluated 68 individuals
  Min 0.0022198835554758183
  Max 0.003255234255845408
  Avg 0.0027070752662076694
  Std 0.000249656515696615
-- Generation 8 --
  Evaluated 70 individuals
  Min 0.0022198835554758183
  Max 0.003255234255845408
  Avg 0.0026995382370656406
  Std 0.00022524840793078892
-- Generation 9 --
  Evaluated 70 individuals
  Min 0.00244383653165571
  Max 0.003255234255845408
  Avg 0.002775474620317058
  Std 0.00024832945158775383
-- Generation 10 --
  Evaluated 65 individuals
  Min 0.00244383653165571
  Max 0.003255234255845408
  Avg 0.00282506799058553
  Std 0.0002526898723223266
-- Generation 11 --
  Evaluated 70 individuals
  Min 0.00244383653165571
  Max 0.003255234255845408
  Avg 0.0027608590718902763
  Std 0.00023284563889895484
-- Generation 12 --
  Evaluated 72 individuals
  Min 0.00244383653165571
  Max 0.003255234255845408
  Avg 0.002768386422979584
  Std 0.0002440759794507601
-- Generation 13 --
  Evaluated 68 individuals
  Min 0.00244383653165571
  Max 0.003255234255845408
  Avg 0.002838756893885329
  Std 0.0002645631991808656
-- Generation 14 --
  Evaluated 54 individuals
  Min 0.0025113258000823585
  Max 0.003255234255845408
  Avg 0.0028479277347993296
  Std 0.00024071157730913862
-- Generation 15 --
  Evaluated 78 individuals
  Min 0.0025113258000823585
  Max 0.003255234255845408
  Avg 0.0028806973459473005
  Std 0.0002395612028313975
-- Generation 16 --
  Evaluated 68 individuals
  Min 0.0025113258000823585
  Max 0.003255234255845408
  Avg 0.0028698471339016164
  Std 0.00024607645161660004
-- Generation 17 --
  Evaluated 71 individuals
  Min 0.0025071516472691883
  Max 0.003255234255845408
  Avg 0.002919779431810851
  Std 0.00023128962317323846
-- Generation 18 --
  Evaluated 70 individuals
  Min 0.0025113258000823585
  Max 0.003255234255845408
  Avg 0.0029103059610069877
  Std 0.00023536499677080265
-- Generation 19 --
  Evaluated 60 individuals
  Min 0.002473914055571004
  Max 0.003255234255845408
  Avg 0.0028764573110903247
  Std 0.00023467237817936465
-- Generation 20 --
  Evaluated 78 individuals
  Min 0.002473914055571004
  Max 0.003255234255845408
  Avg 0.0029034650658078314
  Std 0.00022429037486283612
-- Generation 21 --
  Evaluated 68 individuals
  Min 0.002473914055571004
  Max 0.003255234255845408
  Avg 0.002886024632641144
  Std 0.0002259727936315777
-- Generation 22 --
  Evaluated 64 individuals
  Min 0.0025113258000823585
  Max 0.003255234255845408
  Avg 0.0029075982533757244
  Std 0.00020485226056588457
-- Generation 23 --
  Evaluated 66 individuals
  Min 0.0025113258000823585
  Max 0.003255234255845408
  Avg 0.0029082688982157755
  Std 0.0001974131246309207
-- Generation 24 --
  Evaluated 74 individuals
  Min 0.0025332435376612993
  Max 0.003435029294797497
  Avg 0.002938764295903589
  Std 0.0002075942068006327
-- Generation 25 --
  Evaluated 64 individuals
  Min 0.0025332435376612993
  Max 0.003435029294797497
  Avg 0.002938714843470194
  Std 0.00020107009292231516
-- Generation 26 --
  Evaluated 68 individuals
  Min 0.0025332435376612993
  Max 0.003435029294797497
  Avg 0.0029673229364642825
  Std 0.00020292682038658609
-- Generation 27 --
  Evaluated 70 individuals
  Min 0.0025192753120538455
  Max 0.003435029294797497
  Avg 0.0029590997482669803
  Std 0.00023631956196967384
-- Generation 28 --
  Evaluated 70 individuals
  Min 0.0025667872845276728
  Max 0.003435029294797497
  Avg 0.0029710154009918153
  Std 0.0002205041000777126
-- Generation 29 --
  Evaluated 66 individuals
  Min 0.0025667872845276728
  Max 0.003435029294797497
  Avg 0.003026914102852228
  Std 0.00023861241527797127
-- Generation 30 --
  Evaluated 64 individuals
  Min 0.0025667872845276728
  Max 0.003435029294797497
  Avg 0.0030685550062401453
  Std 0.0002186363424946717
-- Generation 31 --
  Evaluated 66 individuals
  Min 0.0026346300424645746
  Max 0.003435029294797497
  Avg 0.0030868025301574718
  Std 0.00021975786121109124
-- Generation 32 --
  Evaluated 68 individuals
  Min 0.002676627184704587
  Max 0.003435029294797497
  Avg 0.00308654637861013
  Std 0.00022136430469694898
-- Generation 33 --
  Evaluated 74 individuals
  Min 0.0027098427448374283
  Max 0.003442566568405452
  Avg 0.00313750733918245
  Std 0.00023198566854679966
-- Generation 34 --
  Evaluated 69 individuals
  Min 0.0023623757100409764
  Max 0.003442566568405452
  Avg 0.0031265425077169687
  Std 0.00024086443113584776
-- Generation 35 --
  Evaluated 72 individuals
  Min 0.0027098427448374283
  Max 0.003442566568405452
  Avg 0.0031043366109590326
  Std 0.00023186114287582625
-- Generation 36 --
  Evaluated 69 individuals
  Min 0.0028431534443781564
  Max 0.003442566568405452
  Avg 0.003184774094032583
  Std 0.0002145529648707426
-- Generation 37 --
  Evaluated 66 individuals
  Min 0.0028431534443781564
  Max 0.003435029294797497
  Avg 0.003210362092473217
  Std 0.00021464911681183754
-- Generation 38 --
  Evaluated 66 individuals
  Min 0.0028431534443781564
  Max 0.0034396316275929137
  Avg 0.003212676525949241
  Std 0.00020904446240887914
-- Generation 39 --
  Evaluated 71 individuals
  Min 0.0028431534443781564
  Max 0.0034396316275929137
  Avg 0.0032001875790499115
  Std 0.00021228125544843555
-- Generation 40 --
  Evaluated 58 individuals
  Min 0.002815276660959205
  Max 0.0034396316275929137
  Avg 0.0032233344314217087
  Std 0.0002147998484590654
-- Generation 41 --
  Evaluated 74 individuals
  Min 0.0027642920640454285
  Max 0.0034396316275929137
  Avg 0.003235530341874574
  Std 0.00021243117837645322
-- Generation 42 --
  Evaluated 74 individuals
  Min 0.0027642920640454285
  Max 0.0034396316275929137
  Avg 0.0032557087215154554
  Std 0.000215068942139918
-- Generation 43 --
  Evaluated 70 individuals
  Min 0.002815276660959205
  Max 0.0034396316275929137
  Avg 0.003299611531642378
  Std 0.00017536911388716492
-- Generation 44 --
  Evaluated 69 individuals
  Min 0.0028141112893401445
  Max 0.003479191690315463
  Avg 0.0033134148646031003
  Std 0.00016147201471388475
-- Generation 45 --
  Evaluated 67 individuals
  Min 0.0026233670920313254
  Max 0.0034396316275929137
  Avg 0.0033103589914962434
  Std 0.00018695469985153192
-- Generation 46 --
  Evaluated 54 individuals
  Min 0.0026233670920313254
  Max 0.0034396316275929137
  Avg 0.0033359649926610916
  Std 0.00017367554309976975
-- Generation 47 --
  Evaluated 70 individuals
  Min 0.0028141112893401445
  Max 0.0034396316275929137
  Avg 0.0033402432883710732
  Std 0.0001445331277702576
-- Generation 48 --
  Evaluated 72 individuals
  Min 0.0031164361503353655
  Max 0.003435029294797497
  Avg 0.003351570084607199
  Std 0.00011319050979909093
-- Generation 49 --
  Evaluated 66 individuals
  Min 0.0031149420708056793
  Max 0.003435029294797497
  Avg 0.003316803006784804
  Std 0.00012413872929240255
-- End of (successful) evolution --
Best individual: [6, 5, 16, 17, 1, 3, 9, 11, 8, 12, 20, 7, 2, 14, 15, 19, 18, 13, 4, 10]
Fitness: 0.003435029294797497
  Vehicle 1's route: 0 - 6 - 5 - 16 - 17 - 1 - 3 - 9 - 11 - 8 - 12 - 20 - 0
  Vehicle 2's route: 0 - 7 - 2 - 14 - 15 - 19 - 18 - 13 - 4 - 10 - 0
Total cost: 291.1183323864352
Write to file: /Users/emt/Workspace/FURP-2026-Ziru-Huang-EVRP-TW/py-ga-VRPTW/results/C101_uC1.0_iC0.0_wC0.0_dC0.0_iS20_pS80_cP0.85_mP0.02_nG50.csv
Path: /Users/emt/Workspace/FURP-2026-Ziru-Huang-EVRP-TW/py-ga-VRPTW/results/C101_uC1.0_iC0.0_wC0.0_dC0.0_iS20_pS80_cP0.85_mP0.02_nG50.csv does not exist.
copied_csv: src/results/week3/raw/pyga_C101_20_seed114514.csv
run_py_ga_vrptw_ok: True
