File: /Users/emt/Workspace/FURP-2026-Ziru-Huang-EVRP-TW/py-ga-VRPTW/data/json/C101.json exists.
Start of evolution
  Evaluated 80 individuals
-- Generation 0 --
  Evaluated 70 individuals
  Min 0.00022496882939719728
  Max 0.00026351219143378927
  Avg 0.00024288530806486157
  Std 1.0331446564644184e-05
-- Generation 1 --
  Evaluated 60 individuals
  Min 0.00022496882939719728
  Max 0.00026351219143378927
  Avg 0.0002418433512343952
  Std 1.0047671368037008e-05
-- Generation 2 --
  Evaluated 70 individuals
  Min 0.00022496882939719728
  Max 0.00026351219143378927
  Avg 0.00024193677158769683
  Std 9.804711719602549e-06
-- Generation 3 --
  Evaluated 66 individuals
  Min 0.00022496882939719728
  Max 0.00026351219143378927
  Avg 0.00024148599618514102
  Std 9.90260114288703e-06
-- Generation 4 --
  Evaluated 68 individuals
  Min 0.00022496882939719728
  Max 0.00026351219143378927
  Avg 0.00024380302273875327
  Std 1.0099135417331861e-05
-- Generation 5 --
  Evaluated 66 individuals
  Min 0.00022496882939719728
  Max 0.0002658016153237651
  Avg 0.0002429837968882656
  Std 1.1786831946824525e-05
-- Generation 6 --
  Evaluated 72 individuals
  Min 0.00022496882939719728
  Max 0.00026351219143378927
  Avg 0.0002434100734645458
  Std 1.2285455409749144e-05
-- Generation 7 --
  Evaluated 70 individuals
  Min 0.00022496882939719728
  Max 0.00026351219143378927
  Avg 0.00024562223362346083
  Std 1.195123759182031e-05
-- Generation 8 --
  Evaluated 71 individuals
  Min 0.0002275841327049312
  Max 0.00026351219143378927
  Avg 0.0002463475405291176
  Std 1.2183769235224604e-05
-- Generation 9 --
  Evaluated 72 individuals
  Min 0.0002275841327049312
  Max 0.00026382196386646507
  Avg 0.000245152352278266
  Std 1.1261445204672523e-05
-- Generation 10 --
  Evaluated 66 individuals
  Min 0.0002275841327049312
  Max 0.00026351219143378927
  Avg 0.0002446881724952004
  Std 1.129634613669297e-05
-- Generation 11 --
  Evaluated 70 individuals
  Min 0.00022731832158419616
  Max 0.00026351219143378927
  Avg 0.0002450262037072547
  Std 1.1313281825883785e-05
-- Generation 12 --
  Evaluated 60 individuals
  Min 0.00022731832158419616
  Max 0.00026351219143378927
  Avg 0.0002440335997040161
  Std 1.1973614048790846e-05
-- Generation 13 --
  Evaluated 73 individuals
  Min 0.0002274593030357849
  Max 0.00026351219143378927
  Avg 0.00024399629996494238
  Std 1.2032813286872417e-05
-- Generation 14 --
  Evaluated 70 individuals
  Min 0.0002274593030357849
  Max 0.00026351219143378927
  Avg 0.00024228778261741743
  Std 1.1717419508410924e-05
-- Generation 15 --
  Evaluated 67 individuals
  Min 0.0002274593030357849
  Max 0.00026415715723595673
  Avg 0.0002442330645994665
  Std 1.1631434340458952e-05
-- Generation 16 --
  Evaluated 64 individuals
  Min 0.0002274593030357849
  Max 0.00026415715723595673
  Avg 0.00024590911395389297
  Std 1.2020701972050537e-05
-- Generation 17 --
  Evaluated 66 individuals
  Min 0.0002274593030357849
  Max 0.00026415715723595673
  Avg 0.0002481878269906723
  Std 1.1333309176131843e-05
-- Generation 18 --
  Evaluated 74 individuals
  Min 0.0002274593030357849
  Max 0.00026415715723595673
  Avg 0.0002468037490835499
  Std 1.186956822044875e-05
-- Generation 19 --
  Evaluated 72 individuals
  Min 0.0002275841327049312
  Max 0.00026415715723595673
  Avg 0.00025020918503067746
  Std 1.0521506594570738e-05
-- Generation 20 --
  Evaluated 73 individuals
  Min 0.0002275841327049312
  Max 0.00026415715723595673
  Avg 0.0002500265623639199
  Std 1.082998661132644e-05
-- Generation 21 --
  Evaluated 65 individuals
  Min 0.0002275841327049312
  Max 0.00026415715723595673
  Avg 0.0002509968864996274
  Std 1.0034091646521082e-05
-- Generation 22 --
  Evaluated 62 individuals
  Min 0.0002275841327049312
  Max 0.000266750464929911
  Avg 0.0002522616811299538
  Std 9.179549709638443e-06
-- Generation 23 --
  Evaluated 62 individuals
  Min 0.0002275841327049312
  Max 0.00026816298346647716
  Avg 0.00025175550843854945
  Std 1.0012753035939538e-05
-- Generation 24 --
  Evaluated 72 individuals
  Min 0.0002275841327049312
  Max 0.00026816298346647716
  Avg 0.0002523282868507016
  Std 9.34817730033047e-06
-- Generation 25 --
  Evaluated 71 individuals
  Min 0.00022510111984698632
  Max 0.00026816298346647716
  Avg 0.00025258572588047394
  Std 9.912652778747986e-06
-- Generation 26 --
  Evaluated 65 individuals
  Min 0.0002257272744737683
  Max 0.00026816298346647716
  Avg 0.0002523654781867627
  Std 9.401399193368057e-06
-- Generation 27 --
  Evaluated 73 individuals
  Min 0.00022809254571751948
  Max 0.00026816298346647716
  Avg 0.0002520084898337745
  Std 9.035088805745571e-06
-- Generation 28 --
  Evaluated 64 individuals
  Min 0.00022809254571751948
  Max 0.00026816298346647716
  Avg 0.00025328974324667863
  Std 8.665865039437248e-06
-- Generation 29 --
  Evaluated 58 individuals
  Min 0.00023866571450660974
  Max 0.00026816298346647716
  Avg 0.00025475276821705173
  Std 7.41246616438058e-06
-- Generation 30 --
  Evaluated 72 individuals
  Min 0.00024141340175115906
  Max 0.00026816298346647716
  Avg 0.00025556163230860447
  Std 5.73735056122384e-06
-- Generation 31 --
  Evaluated 64 individuals
  Min 0.00023644065581931826
  Max 0.00026816298346647716
  Avg 0.00025517939025885086
  Std 5.508233356891431e-06
-- Generation 32 --
  Evaluated 66 individuals
  Min 0.00024141340175115906
  Max 0.00026816298346647716
  Avg 0.00025623681950753764
  Std 5.415662519579966e-06
-- Generation 33 --
  Evaluated 62 individuals
  Min 0.00024141340175115906
  Max 0.00026816298346647716
  Avg 0.000256102639808745
  Std 5.054515315971239e-06
-- Generation 34 --
  Evaluated 68 individuals
  Min 0.00024073191307242593
  Max 0.00026816298346647716
  Avg 0.0002565032254181328
  Std 5.0807583013353284e-06
-- Generation 35 --
  Evaluated 68 individuals
  Min 0.00024073191307242593
  Max 0.00026816298346647716
  Avg 0.00025559700312037314
  Std 4.988164702554893e-06
-- Generation 36 --
  Evaluated 72 individuals
  Min 0.00024073191307242593
  Max 0.00026816298346647716
  Avg 0.000255948230241153
  Std 5.103088240882285e-06
-- Generation 37 --
  Evaluated 67 individuals
  Min 0.00024073191307242593
  Max 0.00026816298346647716
  Avg 0.00025651057609732983
  Std 4.339303705811503e-06
-- Generation 38 --
  Evaluated 62 individuals
  Min 0.00024073191307242593
  Max 0.00026816298346647716
  Avg 0.00025640950003176836
  Std 4.343223273533094e-06
-- Generation 39 --
  Evaluated 74 individuals
  Min 0.0002488525284425262
  Max 0.00026816298346647716
  Avg 0.0002565706428549311
  Std 4.144853397738035e-06
-- Generation 40 --
  Evaluated 60 individuals
  Min 0.0002488525284425262
  Max 0.00026816298346647716
  Avg 0.00025771636505673106
  Std 3.9060015476082435e-06
-- Generation 41 --
  Evaluated 70 individuals
  Min 0.0002487997967665649
  Max 0.00026816298346647716
  Avg 0.00025695138613332226
  Std 3.6789700126363355e-06
-- Generation 42 --
  Evaluated 68 individuals
  Min 0.0002487997967665649
  Max 0.00026816298346647716
  Avg 0.0002573952086426392
  Std 3.8076511216915347e-06
-- Generation 43 --
  Evaluated 61 individuals
  Min 0.0002487997967665649
  Max 0.0002714592716915954
  Avg 0.0002574089264538834
  Std 3.762220847706153e-06
-- Generation 44 --
  Evaluated 61 individuals
  Min 0.0002488525284425262
  Max 0.00026705347374272534
  Avg 0.00025753257211772937
  Std 3.4741164632947306e-06
-- Generation 45 --
  Evaluated 73 individuals
  Min 0.0002488525284425262
  Max 0.00026705347374272534
  Avg 0.00025766987387539547
  Std 3.802576095654507e-06
-- Generation 46 --
  Evaluated 66 individuals
  Min 0.0002488525284425262
  Max 0.00026705347374272534
  Avg 0.00025804491056648736
  Std 3.279494277305896e-06
-- Generation 47 --
  Evaluated 73 individuals
  Min 0.0002488525284425262
  Max 0.00026705347374272534
  Avg 0.0002580585451625025
  Std 3.3454086820502593e-06
-- Generation 48 --
  Evaluated 70 individuals
  Min 0.0002535537525331297
  Max 0.00026705347374272534
  Avg 0.00025801003527323976
  Std 3.141591745525231e-06
-- Generation 49 --
  Evaluated 62 individuals
  Min 0.0002535537525331297
  Max 0.00026705347374272534
  Avg 0.0002584066059265882
  Std 3.510613258950253e-06
-- End of (successful) evolution --
Best individual: [78, 22, 23, 50, 60, 87, 92, 100, 61, 67, 56, 55, 19, 37, 85, 63, 12, 14, 64, 40, 52, 86, 75, 1, 97, 30, 24, 77, 65, 39, 26, 6, 96, 8, 13, 28, 46, 20, 98, 68, 25, 70, 42, 33, 38, 89, 57, 76, 18, 74, 48, 3, 36, 54, 35, 84, 47, 31, 44, 5, 94, 83, 82, 90, 27, 93, 53, 15, 32, 73, 71, 81, 10, 4, 7, 21, 58, 66, 41, 88, 49, 51, 9, 95, 11, 91, 45, 62, 80, 16, 29, 72, 99, 79, 2, 17, 34, 59, 43, 69]
Fitness: 0.00026705347374272534
  Vehicle 1's route: 0 - 78 - 22 - 23 - 50 - 60 - 87 - 92 - 100 - 61 - 0
  Vehicle 2's route: 0 - 67 - 56 - 55 - 19 - 37 - 85 - 63 - 12 - 14 - 0
  Vehicle 3's route: 0 - 64 - 40 - 52 - 86 - 75 - 1 - 97 - 30 - 24 - 77 - 0
  Vehicle 4's route: 0 - 65 - 39 - 26 - 6 - 96 - 8 - 13 - 28 - 46 - 20 - 0
  Vehicle 5's route: 0 - 98 - 68 - 25 - 70 - 42 - 33 - 38 - 89 - 0
  Vehicle 6's route: 0 - 57 - 76 - 18 - 74 - 48 - 3 - 36 - 54 - 0
  Vehicle 7's route: 0 - 35 - 84 - 47 - 31 - 44 - 5 - 94 - 83 - 82 - 90 - 0
  Vehicle 8's route: 0 - 27 - 93 - 53 - 15 - 32 - 73 - 71 - 81 - 0
  Vehicle 9's route: 0 - 10 - 4 - 7 - 21 - 58 - 66 - 41 - 88 - 49 - 51 - 0
  Vehicle 10's route: 0 - 9 - 95 - 11 - 91 - 45 - 62 - 80 - 16 - 29 - 0
  Vehicle 11's route: 0 - 72 - 99 - 79 - 2 - 17 - 34 - 59 - 43 - 69 - 0
Total cost: 3744.5684041668096
Write to file: /Users/emt/Workspace/FURP-2026-Ziru-Huang-EVRP-TW/py-ga-VRPTW/results/C101_uC1.0_iC0.0_wC0.0_dC0.0_iS100_pS80_cP0.85_mP0.02_nG50.csv
Path: /Users/emt/Workspace/FURP-2026-Ziru-Huang-EVRP-TW/py-ga-VRPTW/results/C101_uC1.0_iC0.0_wC0.0_dC0.0_iS100_pS80_cP0.85_mP0.02_nG50.csv does not exist.
copied_csv: src/results/week3/raw/pyga_C101_100_seed114514.csv
run_py_ga_vrptw_ok: True
