File: /Users/emt/Workspace/FURP-2026-Ziru-Huang-EVRP-TW/py-ga-VRPTW/data/json/C101.json exists.
Start of evolution
  Evaluated 80 individuals
-- Generation 0 --
  Evaluated 62 individuals
  Min 0.0020810716426514974
  Max 0.0034243018330824015
  Avg 0.0025944259147934047
  Std 0.00027727071006957316
-- Generation 1 --
  Evaluated 78 individuals
  Min 0.002112040875345566
  Max 0.0030775476015841375
  Avg 0.0026455469905926348
  Std 0.00025977020568280297
-- Generation 2 --
  Evaluated 64 individuals
  Min 0.0022095414768850434
  Max 0.0030775476015841375
  Avg 0.00263886061368468
  Std 0.00027175444162650265
-- Generation 3 --
  Evaluated 70 individuals
  Min 0.0022095414768850434
  Max 0.0030775476015841375
  Avg 0.0026350532354286237
  Std 0.0002873899940160864
-- Generation 4 --
  Evaluated 66 individuals
  Min 0.0022509909904693767
  Max 0.003037402133083896
  Avg 0.0026570367346034694
  Std 0.00027516543723257725
-- Generation 5 --
  Evaluated 70 individuals
  Min 0.0022509909904693767
  Max 0.003037402133083896
  Avg 0.0027151797470079484
  Std 0.000269867579567353
-- Generation 6 --
  Evaluated 66 individuals
  Min 0.0022509909904693767
  Max 0.003037402133083896
  Avg 0.0027284370961864557
  Std 0.0002783563668542198
-- Generation 7 --
  Evaluated 64 individuals
  Min 0.0022509909904693767
  Max 0.003037402133083896
  Avg 0.002761202591585136
  Std 0.00026489615252683256
-- Generation 8 --
  Evaluated 62 individuals
  Min 0.0022509909904693767
  Max 0.003058185026333302
  Avg 0.002845993144452081
  Std 0.00022589566129994416
-- Generation 9 --
  Evaluated 70 individuals
  Min 0.0022509909904693767
  Max 0.003058185026333302
  Avg 0.002860595678917878
  Std 0.00019745613864773494
-- Generation 10 --
  Evaluated 78 individuals
  Min 0.0022509909904693767
  Max 0.003037402133083896
  Avg 0.0028792151583734295
  Std 0.00019119742364121927
-- Generation 11 --
  Evaluated 66 individuals
  Min 0.0022509909904693767
  Max 0.003037402133083896
  Avg 0.00292677180993438
  Std 0.00016284098758126563
-- Generation 12 --
  Evaluated 73 individuals
  Min 0.0027185604052774146
  Max 0.003037402133083896
  Avg 0.0029618052558588195
  Std 8.874954849759763e-05
-- Generation 13 --
  Evaluated 63 individuals
  Min 0.0026556616436206265
  Max 0.003037402133083896
  Avg 0.0029447294836585022
  Std 0.00010269209576596933
-- Generation 14 --
  Evaluated 60 individuals
  Min 0.0026556616436206265
  Max 0.003037402133083896
  Avg 0.002934938140017283
  Std 0.00010018376307303488
-- Generation 15 --
  Evaluated 67 individuals
  Min 0.0026365308878325165
  Max 0.003148620515764815
  Avg 0.002918470114883384
  Std 0.00010726339985140366
-- Generation 16 --
  Evaluated 68 individuals
  Min 0.0026556616436206265
  Max 0.003037402133083896
  Avg 0.0029302100686025598
  Std 0.00010432120051493124
-- Generation 17 --
  Evaluated 64 individuals
  Min 0.0026556616436206265
  Max 0.003037402133083896
  Avg 0.002926988255424915
  Std 0.00010366468989392877
-- Generation 18 --
  Evaluated 64 individuals
  Min 0.0024213357315904177
  Max 0.003037402133083896
  Avg 0.0029176766185445907
  Std 0.00011846844542214503
-- Generation 19 --
  Evaluated 72 individuals
  Min 0.0024213357315904177
  Max 0.003037402133083896
  Avg 0.002917838839914712
  Std 0.00012406741360254
-- Generation 20 --
  Evaluated 72 individuals
  Min 0.0026451462529762607
  Max 0.0031369731051782905
  Avg 0.002910722463106223
  Std 0.0001229547916323555
-- Generation 21 --
  Evaluated 74 individuals
  Min 0.0027185604052774146
  Max 0.003251026636993868
  Avg 0.002914715746030136
  Std 0.00011393985515096284
-- Generation 22 --
  Evaluated 70 individuals
  Min 0.0027185604052774146
  Max 0.003037402133083896
  Avg 0.0029220855374090153
  Std 0.00010621767767057942
-- Generation 23 --
  Evaluated 70 individuals
  Min 0.0027185604052774146
  Max 0.003037402133083896
  Avg 0.0029230532825724877
  Std 0.00010825867674145353
-- Generation 24 --
  Evaluated 74 individuals
  Min 0.0023749546710052478
  Max 0.003037402133083896
  Avg 0.0029006139414941455
  Std 0.0001286191229728949
-- Generation 25 --
  Evaluated 70 individuals
  Min 0.0026818913894928994
  Max 0.003037402133083896
  Avg 0.002916338270979671
  Std 0.00011252873777727518
-- Generation 26 --
  Evaluated 72 individuals
  Min 0.0026818913894928994
  Max 0.003037402133083896
  Avg 0.002888349189220718
  Std 0.00011757250810085993
-- Generation 27 --
  Evaluated 64 individuals
  Min 0.0026818913894928994
  Max 0.003037402133083896
  Avg 0.002895276663625229
  Std 0.00011336261622674521
-- Generation 28 --
  Evaluated 64 individuals
  Min 0.0026818913894928994
  Max 0.003037402133083896
  Avg 0.002905640064412718
  Std 0.00010880000709011275
-- Generation 29 --
  Evaluated 70 individuals
  Min 0.0026818913894928994
  Max 0.003037402133083896
  Avg 0.0028995963212838705
  Std 0.00010602781698048517
-- Generation 30 --
  Evaluated 67 individuals
  Min 0.0024811850760161707
  Max 0.003037402133083896
  Avg 0.0028784355897394057
  Std 0.00011422946496585655
-- Generation 31 --
  Evaluated 64 individuals
  Min 0.0026818913894928994
  Max 0.003037402133083896
  Avg 0.0028776416865352768
  Std 0.00010423027419469018
-- Generation 32 --
  Evaluated 68 individuals
  Min 0.002721838424104682
  Max 0.003037402133083896
  Avg 0.002889963640105691
  Std 0.00010499735801892086
-- Generation 33 --
  Evaluated 75 individuals
  Min 0.002721838424104682
  Max 0.003037402133083896
  Avg 0.0029098485378506295
  Std 0.00010676547426670845
-- Generation 34 --
  Evaluated 66 individuals
  Min 0.002721838424104682
  Max 0.003037402133083896
  Avg 0.002902284942968757
  Std 0.00010871232943949166
-- Generation 35 --
  Evaluated 60 individuals
  Min 0.0027563576235826396
  Max 0.003037402133083896
  Avg 0.0028975844957038286
  Std 0.00010722574583463794
-- Generation 36 --
  Evaluated 65 individuals
  Min 0.002802477085795765
  Max 0.0032566110750687164
  Avg 0.0029217538008097623
  Std 0.00011295717392914971
-- Generation 37 --
  Evaluated 62 individuals
  Min 0.002802477085795765
  Max 0.003037402133083896
  Avg 0.0029127043141415165
  Std 0.00010658057936996472
-- Generation 38 --
  Evaluated 72 individuals
  Min 0.002545318756133737
  Max 0.003078760634234673
  Avg 0.0029239929900833203
  Std 0.00011367938078584579
-- Generation 39 --
  Evaluated 69 individuals
  Min 0.002545318756133737
  Max 0.003078760634234673
  Avg 0.0029376597788301957
  Std 0.00012045363356028355
-- Generation 40 --
  Evaluated 70 individuals
  Min 0.00250491210501653
  Max 0.003078760634234673
  Avg 0.002942810029065112
  Std 0.00013465931843988706
-- Generation 41 --
  Evaluated 70 individuals
  Min 0.00250491210501653
  Max 0.003078760634234673
  Avg 0.002955827059647811
  Std 0.00013864461039669022
-- Generation 42 --
  Evaluated 68 individuals
  Min 0.002545318756133737
  Max 0.003078760634234673
  Avg 0.002958329770019544
  Std 0.0001375790669912187
-- Generation 43 --
  Evaluated 60 individuals
  Min 0.002545318756133737
  Max 0.003078760634234673
  Avg 0.002971133869759195
  Std 0.00011543109611058463
-- Generation 44 --
  Evaluated 66 individuals
  Min 0.0026056970896620197
  Max 0.003078760634234673
  Avg 0.002965878262929308
  Std 0.00011083721222411797
-- Generation 45 --
  Evaluated 74 individuals
  Min 0.002802477085795765
  Max 0.003260845555748784
  Avg 0.0029830005132937517
  Std 0.00010427184607702665
-- Generation 46 --
  Evaluated 75 individuals
  Min 0.0024176972130214164
  Max 0.003260845555748784
  Avg 0.0029658563637301035
  Std 0.00014809605374768744
-- Generation 47 --
  Evaluated 74 individuals
  Min 0.0024176972130214164
  Max 0.003260845555748784
  Avg 0.002978378046757849
  Std 0.00014585830505064174
-- Generation 48 --
  Evaluated 72 individuals
  Min 0.0024176972130214164
  Max 0.003260845555748784
  Avg 0.0029909913543127485
  Std 0.0001553575331734786
-- Generation 49 --
  Evaluated 66 individuals
  Min 0.002802477085795765
  Max 0.003260845555748784
  Avg 0.002987889054744518
  Std 0.00015183804693118854
-- End of (successful) evolution --
Best individual: [20, 13, 4, 12, 14, 19, 11, 8, 10, 6, 17, 7, 16, 15, 18, 3, 1, 2, 5, 9]
Fitness: 0.003260845555748784
  Vehicle 1's route: 0 - 20 - 13 - 4 - 12 - 14 - 19 - 11 - 8 - 10 - 6 - 17 - 0
  Vehicle 2's route: 0 - 7 - 16 - 15 - 18 - 3 - 1 - 2 - 5 - 9 - 0
Total cost: 306.6689246404285
Write to file: /Users/emt/Workspace/FURP-2026-Ziru-Huang-EVRP-TW/py-ga-VRPTW/results/C101_uC1.0_iC0.0_wC0.0_dC0.0_iS20_pS80_cP0.85_mP0.02_nG50.csv
Path: /Users/emt/Workspace/FURP-2026-Ziru-Huang-EVRP-TW/py-ga-VRPTW/results/C101_uC1.0_iC0.0_wC0.0_dC0.0_iS20_pS80_cP0.85_mP0.02_nG50.csv does not exist.
copied_csv: src/results/week3/raw/pyga_C101_20_seed2026.csv
run_py_ga_vrptw_ok: True
