EVRP-TW solving pipeline
  status=solved
  instance=r102C10
  source=E:\WorkSpace\FURP-2026-Ziru-Huang-EVRP-TW\src\data\evrptw_instances\r102C10.txt
  vehicles=3
  runtime=10.015s
  station_insertions=3
  split_count=0
Benchmark metrics:
  solver=EVRPTWRepairPipeline
  feasible=True
  total_distance=248
  total_duration=583
  makespan=203
  served_customers=10
  missing_customers=0
  duplicate_customers=0
  time_window_violations=0
  capacity_violations=0
  energy_violations=0
  charging_count=3
  charging_time=42
  synchronization_violations=0
  vehicle_limit_violations=0
Solution JSON: E:\WorkSpace\FURP-2026-Ziru-Huang-EVRP-TW\src\log\week5\stability-three-groups\runs\R\10\r102C10\pyvrp_repair\seed-0001\result.json


[validator]
R-r102C10-pyvrp_repair-seed-0001: validation=valid strict_feasible=True failure=success

